101.07.23 15:12 B S:\Brent\Alphav0.006\DATA\characters\poha\Xs\mk0a.bhd --> ftp.saffire.com /Builds/PC Retail/alpha/Alphav0.006/DATA/characters/poha/Xs mk0a.bhd
101.07.23 15:12 B S:\Brent\Alphav0.006\DATA\characters\poha\Xs\mk0a.x --> ftp.saffire.com /Builds/PC Retail/alpha/Alphav0.006/DATA/characters/poha/Xs mk0a.x
101.07.23 15:12 B S:\Brent\Alphav0.006\DATA\characters\poha\Xs\mk1a.bhd --> ftp.saffire.com /Builds/PC Retail/alpha/Alphav0.006/DATA/characters/poha/Xs mk1a.bhd
101.07.23 15:12 B S:\Brent\Alphav0.006\DATA\characters\poha\Xs\mk1a.x --> ftp.saffire.com /Builds/PC Retail/alpha/Alphav0.006/DATA/characters/poha/Xs mk1a.x
101.07.23 15:12 B S:\Brent\Alphav0.006\DATA\characters\poha\Xs\mk2a.bhd --> ftp.saffire.com /Builds/PC Retail/alpha/Alphav0.006/DATA/characters/poha/Xs mk2a.bhd
101.07.23 15:12 B S:\Brent\Alphav0.006\DATA\characters\poha\Xs\mk2a.x --> ftp.saffire.com /Builds/PC Retail/alpha/Alphav0.006/DATA/characters/poha/Xs mk2a.x
101.07.23 15:12 B S:\Brent\Alphav0.006\DATA\characters\poha\Xs\mk7a.bhd --> ftp.saffire.com /Builds/PC Retail/alpha/Alphav0.006/DATA/characters/poha/Xs mk7a.bhd
101.07.23 15:12 B S:\Brent\Alphav0.006\DATA\characters\poha\Xs\mk7a.x --> ftp.saffire.com /Builds/PC Retail/alpha/Alphav0.006/DATA/characters/poha/Xs mk7a.x
101.07.23 15:12 B S:\Brent\Alphav0.006\DATA\characters\poha\Xs\mk8a.bhd --> ftp.saffire.com /Builds/PC Retail/alpha/Alphav0.006/DATA/characters/poha/Xs mk8a.bhd
101.07.23 15:12 B S:\Brent\Alphav0.006\DATA\characters\poha\Xs\mk8a.x --> ftp.saffire.com /Builds/PC Retail/alpha/Alphav0.006/DATA/characters/poha/Xs mk8a.x
101.07.23 15:12 B S:\Brent\Alphav0.006\DATA\characters\poha\Xs\mk9a.bhd --> ftp.saffire.com /Builds/PC Retail/alpha/Alphav0.006/DATA/characters/poha/Xs mk9a.bhd
101.07.23 15:12 B S:\Brent\Alphav0.006\DATA\characters\poha\Xs\mk9a.x --> ftp.saffire.com /Builds/PC Retail/alpha/Alphav0.006/DATA/characters/poha/Xs mk9a.x
101.07.23 15:12 B S:\Brent\Alphav0.006\DATA\characters\poha\Xs\mkaa.bhd --> ftp.saffire.com /Builds/PC Retail/alpha/Alphav0.006/DATA/characters/poha/Xs mkaa.bhd
101.07.23 15:12 B S:\Brent\Alphav0.006\DATA\characters\poha\Xs\mkaa.x --> ftp.saffire.com /Builds/PC Retail/alpha/Alphav0.006/DATA/characters/poha/Xs mkaa.x
101.07.23 15:12 B S:\Brent\Alphav0.006\DATA\characters\poha\Xs\msk1.bhd --> ftp.saffire.com /Builds/PC Retail/alpha/Alphav0.006/DATA/characters/poha/Xs msk1.bhd
101.07.23 15:12 B S:\Brent\Alphav0.006\DATA\characters\poha\Xs\msk1.x --> ftp.saffire.com /Builds/PC Retail/alpha/Alphav0.006/DATA/characters/poha/Xs msk1.x
101.07.23 15:12 B S:\Brent\Alphav0.006\DATA\characters\poha\Xs\msk2.x --> ftp.saffire.com /Builds/PC Retail/alpha/Alphav0.006/DATA/characters/poha/Xs msk2.x
101.07.23 15:12 B S:\Brent\Alphav0.006\DATA\characters\poha\Xs\msk3.x --> ftp.saffire.com /Builds/PC Retail/alpha/Alphav0.006/DATA/characters/poha/Xs msk3.x
101.07.23 15:12 B S:\Brent\Alphav0.006\DATA\characters\poha\Xs\pbld.x --> ftp.saffire.com /Builds/PC Retail/alpha/Alphav0.006/DATA/characters/poha/Xs pbld.x
101.07.23 15:12 B S:\Brent\Alphav0.006\DATA\characters\poha\Xs\phtu.bhd --> ftp.saffire.com /Builds/PC Retail/alpha/Alphav0.006/DATA/characters/poha/Xs phtu.bhd
101.07.23 15:12 B S:\Brent\Alphav0.006\DATA\characters\poha\Xs\phtu.x --> ftp.saffire.com /Builds/PC Retail/alpha/Alphav0.006/DATA/characters/poha/Xs phtu.x
101.07.23 15:12 B S:\Brent\Alphav0.006\DATA\characters\poha\Xs\poha.bhd --> ftp.saffire.com /Builds/PC Retail/alpha/Alphav0.006/DATA/characters/poha/Xs poha.bhd
101.07.23 15:12 B S:\Brent\Alphav0.006\DATA\characters\poha\Xs\poha.x --> ftp.saffire.com /Builds/PC Retail/alpha/Alphav0.006/DATA/characters/poha/Xs poha.x
