101.07.23 15:01 B S:\Brent\Alphav0.006\DATA\characters\1hat\Anims\1h_idle.bhd --> ftp.saffire.com /Builds/PC Retail/alpha/Alphav0.006/DATA/characters/1hat/Anims 1h_idle.bhd
101.07.23 15:01 B S:\Brent\Alphav0.006\DATA\characters\1hat\Anims\1h_idle3.bhd --> ftp.saffire.com /Builds/PC Retail/alpha/Alphav0.006/DATA/characters/1hat/Anims 1h_idle3.bhd
101.07.23 15:01 B S:\Brent\Alphav0.006\DATA\characters\1hat\Anims\1h_on_haka_button.bhd --> ftp.saffire.com /Builds/PC Retail/alpha/Alphav0.006/DATA/characters/1hat/Anims 1h_on_haka_button.bhd
101.07.23 15:01 B S:\Brent\Alphav0.006\DATA\characters\1hat\Anims\1h_on_haka_down.bhd --> ftp.saffire.com /Builds/PC Retail/alpha/Alphav0.006/DATA/characters/1hat/Anims 1h_on_haka_down.bhd
101.07.23 15:01 B S:\Brent\Alphav0.006\DATA\characters\1hat\Anims\1h_on_haka_idle.bhd --> ftp.saffire.com /Builds/PC Retail/alpha/Alphav0.006/DATA/characters/1hat/Anims 1h_on_haka_idle.bhd
101.07.23 15:01 B S:\Brent\Alphav0.006\DATA\characters\1hat\Anims\1h_on_haka_lft.bhd --> ftp.saffire.com /Builds/PC Retail/alpha/Alphav0.006/DATA/characters/1hat/Anims 1h_on_haka_lft.bhd
101.07.23 15:01 B S:\Brent\Alphav0.006\DATA\characters\1hat\Anims\1h_on_haka_rt.bhd --> ftp.saffire.com /Builds/PC Retail/alpha/Alphav0.006/DATA/characters/1hat/Anims 1h_on_haka_rt.bhd
101.07.23 15:01 B S:\Brent\Alphav0.006\DATA\characters\1hat\Anims\1h_on_haka_up.bhd --> ftp.saffire.com /Builds/PC Retail/alpha/Alphav0.006/DATA/characters/1hat/Anims 1h_on_haka_up.bhd
101.07.23 15:01 B S:\Brent\Alphav0.006\DATA\characters\1hat\Anims\1h_talk1.bhd --> ftp.saffire.com /Builds/PC Retail/alpha/Alphav0.006/DATA/characters/1hat/Anims 1h_talk1.bhd
101.07.23 15:01 B S:\Brent\Alphav0.006\DATA\characters\1hat\Anims\1h_talk2.bhd --> ftp.saffire.com /Builds/PC Retail/alpha/Alphav0.006/DATA/characters/1hat/Anims 1h_talk2.bhd
101.07.23 15:01 B S:\Brent\Alphav0.006\DATA\characters\1hat\Anims\1h_talk3.bhd --> ftp.saffire.com /Builds/PC Retail/alpha/Alphav0.006/DATA/characters/1hat/Anims 1h_talk3.bhd
101.07.23 15:01 B S:\Brent\Alphav0.006\DATA\characters\1hat\Anims\1h_talk4.bhd --> ftp.saffire.com /Builds/PC Retail/alpha/Alphav0.006/DATA/characters/1hat/Anims 1h_talk4.bhd
101.07.23 15:01 B S:\Brent\Alphav0.006\DATA\characters\1hat\Anims\1h_talk5.bhd --> ftp.saffire.com /Builds/PC Retail/alpha/Alphav0.006/DATA/characters/1hat/Anims 1h_talk5.bhd
101.07.23 15:01 B S:\Brent\Alphav0.006\DATA\characters\1hat\Anims\1h_walk.bhd --> ftp.saffire.com /Builds/PC Retail/alpha/Alphav0.006/DATA/characters/1hat/Anims 1h_walk.bhd
101.07.23 15:01 B S:\Brent\Alphav0.006\DATA\characters\1hat\Anims\1haB.bhd --> ftp.saffire.com /Builds/PC Retail/alpha/Alphav0.006/DATA/characters/1hat/Anims 1haB.bhd
101.07.23 15:01 B S:\Brent\Alphav0.006\DATA\characters\1hat\Anims\1haB.bkd --> ftp.saffire.com /Builds/PC Retail/alpha/Alphav0.006/DATA/characters/1hat/Anims 1haB.bkd
101.07.23 15:01 B S:\Brent\Alphav0.006\DATA\characters\1hat\Anims\1haD.bhd --> ftp.saffire.com /Builds/PC Retail/alpha/Alphav0.006/DATA/characters/1hat/Anims 1haD.bhd
101.07.23 15:01 B S:\Brent\Alphav0.006\DATA\characters\1hat\Anims\1haD.bkd --> ftp.saffire.com /Builds/PC Retail/alpha/Alphav0.006/DATA/characters/1hat/Anims 1haD.bkd
101.07.23 15:01 B S:\Brent\Alphav0.006\DATA\characters\1hat\Anims\1haL.bhd --> ftp.saffire.com /Builds/PC Retail/alpha/Alphav0.006/DATA/characters/1hat/Anims 1haL.bhd
101.07.23 15:01 B S:\Brent\Alphav0.006\DATA\characters\1hat\Anims\1haL.bkd --> ftp.saffire.com /Builds/PC Retail/alpha/Alphav0.006/DATA/characters/1hat/Anims 1haL.bkd
101.07.23 15:01 B S:\Brent\Alphav0.006\DATA\characters\1hat\Anims\1haR.bhd --> ftp.saffire.com /Builds/PC Retail/alpha/Alphav0.006/DATA/characters/1hat/Anims 1haR.bhd
101.07.23 15:01 B S:\Brent\Alphav0.006\DATA\characters\1hat\Anims\1haR.bkd --> ftp.saffire.com /Builds/PC Retail/alpha/Alphav0.006/DATA/characters/1hat/Anims 1haR.bkd
101.07.23 15:01 B S:\Brent\Alphav0.006\DATA\characters\1hat\Anims\1hat_IDs.list --> ftp.saffire.com /Builds/PC Retail/alpha/Alphav0.006/DATA/characters/1hat/Anims 1hat_IDs.list
101.07.23 15:01 B S:\Brent\Alphav0.006\DATA\characters\1hat\Anims\1haU.bhd --> ftp.saffire.com /Builds/PC Retail/alpha/Alphav0.006/DATA/characters/1hat/Anims 1haU.bhd
101.07.23 15:01 B S:\Brent\Alphav0.006\DATA\characters\1hat\Anims\1haU.bkd --> ftp.saffire.com /Builds/PC Retail/alpha/Alphav0.006/DATA/characters/1hat/Anims 1haU.bkd
101.07.23 15:01 B S:\Brent\Alphav0.006\DATA\characters\1hat\Anims\1haW.bhd --> ftp.saffire.com /Builds/PC Retail/alpha/Alphav0.006/DATA/characters/1hat/Anims 1haW.bhd
101.07.23 15:01 B S:\Brent\Alphav0.006\DATA\characters\1hat\Anims\1haW.bkd --> ftp.saffire.com /Builds/PC Retail/alpha/Alphav0.006/DATA/characters/1hat/Anims 1haW.bkd
101.07.23 15:01 B S:\Brent\Alphav0.006\DATA\characters\1hat\Anims\Bip01.bkd --> ftp.saffire.com /Builds/PC Retail/alpha/Alphav0.006/DATA/characters/1hat/Anims Bip01.bkd
101.07.23 15:01 B S:\Brent\Alphav0.006\DATA\characters\1hat\Anims\d000.bkd --> ftp.saffire.com /Builds/PC Retail/alpha/Alphav0.006/DATA/characters/1hat/Anims d000.bkd
101.07.23 15:01 B S:\Brent\Alphav0.006\DATA\characters\1hat\Anims\d001.bkd --> ftp.saffire.com /Builds/PC Retail/alpha/Alphav0.006/DATA/characters/1hat/Anims d001.bkd
101.07.23 15:01 B S:\Brent\Alphav0.006\DATA\characters\1hat\Anims\d007.bhd --> ftp.saffire.com /Builds/PC Retail/alpha/Alphav0.006/DATA/characters/1hat/Anims d007.bhd
101.07.23 15:01 B S:\Brent\Alphav0.006\DATA\characters\1hat\Anims\d007.bkd --> ftp.saffire.com /Builds/PC Retail/alpha/Alphav0.006/DATA/characters/1hat/Anims d007.bkd
101.07.23 15:01 B S:\Brent\Alphav0.006\DATA\characters\1hat\Anims\d008.bhd --> ftp.saffire.com /Builds/PC Retail/alpha/Alphav0.006/DATA/characters/1hat/Anims d008.bhd
101.07.23 15:01 B S:\Brent\Alphav0.006\DATA\characters\1hat\Anims\d008.bkd --> ftp.saffire.com /Builds/PC Retail/alpha/Alphav0.006/DATA/characters/1hat/Anims d008.bkd
101.07.23 15:01 B S:\Brent\Alphav0.006\DATA\characters\1hat\Anims\d009.bhd --> ftp.saffire.com /Builds/PC Retail/alpha/Alphav0.006/DATA/characters/1hat/Anims d009.bhd
101.07.23 15:01 B S:\Brent\Alphav0.006\DATA\characters\1hat\Anims\d009.bkd --> ftp.saffire.com /Builds/PC Retail/alpha/Alphav0.006/DATA/characters/1hat/Anims d009.bkd
101.07.23 15:01 B S:\Brent\Alphav0.006\DATA\characters\1hat\Anims\d010.bhd --> ftp.saffire.com /Builds/PC Retail/alpha/Alphav0.006/DATA/characters/1hat/Anims d010.bhd
101.07.23 15:01 B S:\Brent\Alphav0.006\DATA\characters\1hat\Anims\d010.bkd --> ftp.saffire.com /Builds/PC Retail/alpha/Alphav0.006/DATA/characters/1hat/Anims d010.bkd
101.07.23 15:01 B S:\Brent\Alphav0.006\DATA\characters\1hat\Anims\d011.bhd --> ftp.saffire.com /Builds/PC Retail/alpha/Alphav0.006/DATA/characters/1hat/Anims d011.bhd
101.07.23 15:01 B S:\Brent\Alphav0.006\DATA\characters\1hat\Anims\d011.bkd --> ftp.saffire.com /Builds/PC Retail/alpha/Alphav0.006/DATA/characters/1hat/Anims d011.bkd
