101.07.23 15:59 B S:\Brent\Alphav0.006\DATA\LEVELS\LEV1\L1A7\XS\CLA0.X --> ftp.saffire.com /Builds/PC Retail/alpha/Alphav0.006/DATA/LEVELS/LEV1/L1A7/XS CLA0.X
101.07.23 15:59 B S:\Brent\Alphav0.006\DATA\LEVELS\LEV1\L1A7\XS\CLA1.X --> ftp.saffire.com /Builds/PC Retail/alpha/Alphav0.006/DATA/LEVELS/LEV1/L1A7/XS CLA1.X
101.07.23 15:59 B S:\Brent\Alphav0.006\DATA\LEVELS\LEV1\L1A7\XS\CLA2.X --> ftp.saffire.com /Builds/PC Retail/alpha/Alphav0.006/DATA/LEVELS/LEV1/L1A7/XS CLA2.X
101.07.23 15:59 B S:\Brent\Alphav0.006\DATA\LEVELS\LEV1\L1A7\XS\CLA3.X --> ftp.saffire.com /Builds/PC Retail/alpha/Alphav0.006/DATA/LEVELS/LEV1/L1A7/XS CLA3.X
101.07.23 15:59 B S:\Brent\Alphav0.006\DATA\LEVELS\LEV1\L1A7\XS\CLA4.X --> ftp.saffire.com /Builds/PC Retail/alpha/Alphav0.006/DATA/LEVELS/LEV1/L1A7/XS CLA4.X
101.07.23 15:59 B S:\Brent\Alphav0.006\DATA\LEVELS\LEV1\L1A7\XS\CLA5.X --> ftp.saffire.com /Builds/PC Retail/alpha/Alphav0.006/DATA/LEVELS/LEV1/L1A7/XS CLA5.X
101.07.23 15:59 B S:\Brent\Alphav0.006\DATA\LEVELS\LEV1\L1A7\XS\CLA6.X --> ftp.saffire.com /Builds/PC Retail/alpha/Alphav0.006/DATA/LEVELS/LEV1/L1A7/XS CLA6.X
101.07.23 15:59 B S:\Brent\Alphav0.006\DATA\LEVELS\LEV1\L1A7\XS\CLA7.X --> ftp.saffire.com /Builds/PC Retail/alpha/Alphav0.006/DATA/LEVELS/LEV1/L1A7/XS CLA7.X
101.07.23 15:59 B S:\Brent\Alphav0.006\DATA\LEVELS\LEV1\L1A7\XS\CLA8.X --> ftp.saffire.com /Builds/PC Retail/alpha/Alphav0.006/DATA/LEVELS/LEV1/L1A7/XS CLA8.X
101.07.23 15:59 B S:\Brent\Alphav0.006\DATA\LEVELS\LEV1\L1A7\XS\CLA9.X --> ftp.saffire.com /Builds/PC Retail/alpha/Alphav0.006/DATA/LEVELS/LEV1/L1A7/XS CLA9.X
101.07.23 15:59 B S:\Brent\Alphav0.006\DATA\LEVELS\LEV1\L1A7\XS\CLAA.X --> ftp.saffire.com /Builds/PC Retail/alpha/Alphav0.006/DATA/LEVELS/LEV1/L1A7/XS CLAA.X
101.07.23 15:59 B S:\Brent\Alphav0.006\DATA\LEVELS\LEV1\L1A7\XS\CLAB.X --> ftp.saffire.com /Builds/PC Retail/alpha/Alphav0.006/DATA/LEVELS/LEV1/L1A7/XS CLAB.X
101.07.23 15:59 B S:\Brent\Alphav0.006\DATA\LEVELS\LEV1\L1A7\XS\CLB0.X --> ftp.saffire.com /Builds/PC Retail/alpha/Alphav0.006/DATA/LEVELS/LEV1/L1A7/XS CLB0.X
101.07.23 15:59 B S:\Brent\Alphav0.006\DATA\LEVELS\LEV1\L1A7\XS\CLB1.X --> ftp.saffire.com /Builds/PC Retail/alpha/Alphav0.006/DATA/LEVELS/LEV1/L1A7/XS CLB1.X
101.07.23 15:59 B S:\Brent\Alphav0.006\DATA\LEVELS\LEV1\L1A7\XS\CLB2.X --> ftp.saffire.com /Builds/PC Retail/alpha/Alphav0.006/DATA/LEVELS/LEV1/L1A7/XS CLB2.X
101.07.23 15:59 B S:\Brent\Alphav0.006\DATA\LEVELS\LEV1\L1A7\XS\CLB3.X --> ftp.saffire.com /Builds/PC Retail/alpha/Alphav0.006/DATA/LEVELS/LEV1/L1A7/XS CLB3.X
101.07.23 15:59 B S:\Brent\Alphav0.006\DATA\LEVELS\LEV1\L1A7\XS\CLB4.X --> ftp.saffire.com /Builds/PC Retail/alpha/Alphav0.006/DATA/LEVELS/LEV1/L1A7/XS CLB4.X
101.07.23 15:59 B S:\Brent\Alphav0.006\DATA\LEVELS\LEV1\L1A7\XS\CLB5.X --> ftp.saffire.com /Builds/PC Retail/alpha/Alphav0.006/DATA/LEVELS/LEV1/L1A7/XS CLB5.X
101.07.23 15:59 B S:\Brent\Alphav0.006\DATA\LEVELS\LEV1\L1A7\XS\CLB6.X --> ftp.saffire.com /Builds/PC Retail/alpha/Alphav0.006/DATA/LEVELS/LEV1/L1A7/XS CLB6.X
101.07.23 15:59 B S:\Brent\Alphav0.006\DATA\LEVELS\LEV1\L1A7\XS\CLB7.X --> ftp.saffire.com /Builds/PC Retail/alpha/Alphav0.006/DATA/LEVELS/LEV1/L1A7/XS CLB7.X
101.07.23 15:59 B S:\Brent\Alphav0.006\DATA\LEVELS\LEV1\L1A7\XS\CLB8.X --> ftp.saffire.com /Builds/PC Retail/alpha/Alphav0.006/DATA/LEVELS/LEV1/L1A7/XS CLB8.X
101.07.23 15:59 B S:\Brent\Alphav0.006\DATA\LEVELS\LEV1\L1A7\XS\CLB9.X --> ftp.saffire.com /Builds/PC Retail/alpha/Alphav0.006/DATA/LEVELS/LEV1/L1A7/XS CLB9.X
101.07.23 15:59 B S:\Brent\Alphav0.006\DATA\LEVELS\LEV1\L1A7\XS\CLBA.X --> ftp.saffire.com /Builds/PC Retail/alpha/Alphav0.006/DATA/LEVELS/LEV1/L1A7/XS CLBA.X
101.07.23 15:59 B S:\Brent\Alphav0.006\DATA\LEVELS\LEV1\L1A7\XS\CLBB.X --> ftp.saffire.com /Builds/PC Retail/alpha/Alphav0.006/DATA/LEVELS/LEV1/L1A7/XS CLBB.X
101.07.23 15:59 B S:\Brent\Alphav0.006\DATA\LEVELS\LEV1\L1A7\XS\CLC0.X --> ftp.saffire.com /Builds/PC Retail/alpha/Alphav0.006/DATA/LEVELS/LEV1/L1A7/XS CLC0.X
101.07.23 15:59 B S:\Brent\Alphav0.006\DATA\LEVELS\LEV1\L1A7\XS\CLC1.X --> ftp.saffire.com /Builds/PC Retail/alpha/Alphav0.006/DATA/LEVELS/LEV1/L1A7/XS CLC1.X
101.07.23 15:59 B S:\Brent\Alphav0.006\DATA\LEVELS\LEV1\L1A7\XS\CLC2.X --> ftp.saffire.com /Builds/PC Retail/alpha/Alphav0.006/DATA/LEVELS/LEV1/L1A7/XS CLC2.X
101.07.23 15:59 B S:\Brent\Alphav0.006\DATA\LEVELS\LEV1\L1A7\XS\CLC3.X --> ftp.saffire.com /Builds/PC Retail/alpha/Alphav0.006/DATA/LEVELS/LEV1/L1A7/XS CLC3.X
101.07.23 15:59 B S:\Brent\Alphav0.006\DATA\LEVELS\LEV1\L1A7\XS\CLC4.X --> ftp.saffire.com /Builds/PC Retail/alpha/Alphav0.006/DATA/LEVELS/LEV1/L1A7/XS CLC4.X
101.07.23 15:59 B S:\Brent\Alphav0.006\DATA\LEVELS\LEV1\L1A7\XS\CLC5.X --> ftp.saffire.com /Builds/PC Retail/alpha/Alphav0.006/DATA/LEVELS/LEV1/L1A7/XS CLC5.X
101.07.23 15:59 B S:\Brent\Alphav0.006\DATA\LEVELS\LEV1\L1A7\XS\CLC6.X --> ftp.saffire.com /Builds/PC Retail/alpha/Alphav0.006/DATA/LEVELS/LEV1/L1A7/XS CLC6.X
101.07.23 15:59 B S:\Brent\Alphav0.006\DATA\LEVELS\LEV1\L1A7\XS\CLC7.X --> ftp.saffire.com /Builds/PC Retail/alpha/Alphav0.006/DATA/LEVELS/LEV1/L1A7/XS CLC7.X
101.07.23 15:59 B S:\Brent\Alphav0.006\DATA\LEVELS\LEV1\L1A7\XS\CLC8.X --> ftp.saffire.com /Builds/PC Retail/alpha/Alphav0.006/DATA/LEVELS/LEV1/L1A7/XS CLC8.X
101.07.23 15:59 B S:\Brent\Alphav0.006\DATA\LEVELS\LEV1\L1A7\XS\CLC9.X --> ftp.saffire.com /Builds/PC Retail/alpha/Alphav0.006/DATA/LEVELS/LEV1/L1A7/XS CLC9.X
101.07.23 15:59 B S:\Brent\Alphav0.006\DATA\LEVELS\LEV1\L1A7\XS\CLCA.X --> ftp.saffire.com /Builds/PC Retail/alpha/Alphav0.006/DATA/LEVELS/LEV1/L1A7/XS CLCA.X
101.07.23 15:59 B S:\Brent\Alphav0.006\DATA\LEVELS\LEV1\L1A7\XS\CLCB.X --> ftp.saffire.com /Builds/PC Retail/alpha/Alphav0.006/DATA/LEVELS/LEV1/L1A7/XS CLCB.X
101.07.23 15:59 B S:\Brent\Alphav0.006\DATA\LEVELS\LEV1\L1A7\XS\DRP0.X --> ftp.saffire.com /Builds/PC Retail/alpha/Alphav0.006/DATA/LEVELS/LEV1/L1A7/XS DRP0.X
101.07.23 15:59 B S:\Brent\Alphav0.006\DATA\LEVELS\LEV1\L1A7\XS\GLYL.X --> ftp.saffire.com /Builds/PC Retail/alpha/Alphav0.006/DATA/LEVELS/LEV1/L1A7/XS GLYL.X
101.07.23 15:59 B S:\Brent\Alphav0.006\DATA\LEVELS\LEV1\L1A7\XS\HKT0.X --> ftp.saffire.com /Builds/PC Retail/alpha/Alphav0.006/DATA/LEVELS/LEV1/L1A7/XS HKT0.X
101.07.23 15:59 B S:\Brent\Alphav0.006\DATA\LEVELS\LEV1\L1A7\XS\HKT1.X --> ftp.saffire.com /Builds/PC Retail/alpha/Alphav0.006/DATA/LEVELS/LEV1/L1A7/XS HKT1.X
101.07.23 15:59 B S:\Brent\Alphav0.006\DATA\LEVELS\LEV1\L1A7\XS\LTP0.X --> ftp.saffire.com /Builds/PC Retail/alpha/Alphav0.006/DATA/LEVELS/LEV1/L1A7/XS LTP0.X
101.07.23 15:59 B S:\Brent\Alphav0.006\DATA\LEVELS\LEV1\L1A7\XS\LTP1.X --> ftp.saffire.com /Builds/PC Retail/alpha/Alphav0.006/DATA/LEVELS/LEV1/L1A7/XS LTP1.X
101.07.23 15:59 B S:\Brent\Alphav0.006\DATA\LEVELS\LEV1\L1A7\XS\LTP2.X --> ftp.saffire.com /Builds/PC Retail/alpha/Alphav0.006/DATA/LEVELS/LEV1/L1A7/XS LTP2.X
101.07.23 15:59 B S:\Brent\Alphav0.006\DATA\LEVELS\LEV1\L1A7\XS\LTP3.X --> ftp.saffire.com /Builds/PC Retail/alpha/Alphav0.006/DATA/LEVELS/LEV1/L1A7/XS LTP3.X
101.07.23 15:59 B S:\Brent\Alphav0.006\DATA\LEVELS\LEV1\L1A7\XS\LTP4.X --> ftp.saffire.com /Builds/PC Retail/alpha/Alphav0.006/DATA/LEVELS/LEV1/L1A7/XS LTP4.X
101.07.23 15:59 B S:\Brent\Alphav0.006\DATA\LEVELS\LEV1\L1A7\XS\LTP5.X --> ftp.saffire.com /Builds/PC Retail/alpha/Alphav0.006/DATA/LEVELS/LEV1/L1A7/XS LTP5.X
101.07.23 15:59 B S:\Brent\Alphav0.006\DATA\LEVELS\LEV1\L1A7\XS\LTP6.X --> ftp.saffire.com /Builds/PC Retail/alpha/Alphav0.006/DATA/LEVELS/LEV1/L1A7/XS LTP6.X
101.07.23 15:59 B S:\Brent\Alphav0.006\DATA\LEVELS\LEV1\L1A7\XS\LTP7.X --> ftp.saffire.com /Builds/PC Retail/alpha/Alphav0.006/DATA/LEVELS/LEV1/L1A7/XS LTP7.X
101.07.23 15:59 B S:\Brent\Alphav0.006\DATA\LEVELS\LEV1\L1A7\XS\LTP8.X --> ftp.saffire.com /Builds/PC Retail/alpha/Alphav0.006/DATA/LEVELS/LEV1/L1A7/XS LTP8.X
101.07.23 15:59 B S:\Brent\Alphav0.006\DATA\LEVELS\LEV1\L1A7\XS\LTP9.X --> ftp.saffire.com /Builds/PC Retail/alpha/Alphav0.006/DATA/LEVELS/LEV1/L1A7/XS LTP9.X
101.07.23 15:59 B S:\Brent\Alphav0.006\DATA\LEVELS\LEV1\L1A7\XS\LTPA.X --> ftp.saffire.com /Builds/PC Retail/alpha/Alphav0.006/DATA/LEVELS/LEV1/L1A7/XS LTPA.X
101.07.23 15:59 B S:\Brent\Alphav0.006\DATA\LEVELS\LEV1\L1A7\XS\LTPB.X --> ftp.saffire.com /Builds/PC Retail/alpha/Alphav0.006/DATA/LEVELS/LEV1/L1A7/XS LTPB.X
101.07.23 15:59 B S:\Brent\Alphav0.006\DATA\LEVELS\LEV1\L1A7\XS\LZRW.X --> ftp.saffire.com /Builds/PC Retail/alpha/Alphav0.006/DATA/LEVELS/LEV1/L1A7/XS LZRW.X
101.07.23 16:00 B S:\Brent\Alphav0.006\DATA\LEVELS\LEV1\L1A7\XS\MAIN.X --> ftp.saffire.com /Builds/PC Retail/alpha/Alphav0.006/DATA/LEVELS/LEV1/L1A7/XS MAIN.X
101.07.23 16:00 B S:\Brent\Alphav0.006\DATA\LEVELS\LEV1\L1A7\XS\PLNT.X --> ftp.saffire.com /Builds/PC Retail/alpha/Alphav0.006/DATA/LEVELS/LEV1/L1A7/XS PLNT.X
