101.07.23 14:55 B S:\Brent\Alphav0.006\DATA\ART\Particles\bland.tga --> ftp.saffire.com /Builds/PC Retail/alpha/Alphav0.006/DATA/ART/Particles bland.tga
101.07.23 14:55 B S:\Brent\Alphav0.006\DATA\ART\Particles\bland2.tga --> ftp.saffire.com /Builds/PC Retail/alpha/Alphav0.006/DATA/ART/Particles bland2.tga
101.07.23 14:55 B S:\Brent\Alphav0.006\DATA\ART\Particles\blueparticle.tga --> ftp.saffire.com /Builds/PC Retail/alpha/Alphav0.006/DATA/ART/Particles blueparticle.tga
101.07.23 14:55 B S:\Brent\Alphav0.006\DATA\ART\Particles\circle.TGA --> ftp.saffire.com /Builds/PC Retail/alpha/Alphav0.006/DATA/ART/Particles circle.TGA
101.07.23 14:55 B S:\Brent\Alphav0.006\DATA\ART\Particles\Copy of gunk.tga --> ftp.saffire.com /Builds/PC Retail/alpha/Alphav0.006/DATA/ART/Particles Copy of gunk.tga
101.07.23 14:55 B S:\Brent\Alphav0.006\DATA\ART\Particles\Copy of gunk0000.tga --> ftp.saffire.com /Builds/PC Retail/alpha/Alphav0.006/DATA/ART/Particles Copy of gunk0000.tga
101.07.23 14:55 B S:\Brent\Alphav0.006\DATA\ART\Particles\dccgunk.tga --> ftp.saffire.com /Builds/PC Retail/alpha/Alphav0.006/DATA/ART/Particles dccgunk.tga
101.07.23 14:55 B S:\Brent\Alphav0.006\DATA\ART\Particles\dcgunk.bmp --> ftp.saffire.com /Builds/PC Retail/alpha/Alphav0.006/DATA/ART/Particles dcgunk.bmp
101.07.23 14:55 B S:\Brent\Alphav0.006\DATA\ART\Particles\dcgunk.tga --> ftp.saffire.com /Builds/PC Retail/alpha/Alphav0.006/DATA/ART/Particles dcgunk.tga
101.07.23 14:55 B S:\Brent\Alphav0.006\DATA\ART\Particles\dcparticle.bmp --> ftp.saffire.com /Builds/PC Retail/alpha/Alphav0.006/DATA/ART/Particles dcparticle.bmp
101.07.23 14:55 B S:\Brent\Alphav0.006\DATA\ART\Particles\dumb.tga --> ftp.saffire.com /Builds/PC Retail/alpha/Alphav0.006/DATA/ART/Particles dumb.tga
101.07.23 14:55 B S:\Brent\Alphav0.006\DATA\ART\Particles\dumgunk.tga --> ftp.saffire.com /Builds/PC Retail/alpha/Alphav0.006/DATA/ART/Particles dumgunk.tga
101.07.23 14:55 B S:\Brent\Alphav0.006\DATA\ART\Particles\DUST.TGA --> ftp.saffire.com /Builds/PC Retail/alpha/Alphav0.006/DATA/ART/Particles DUST.TGA
101.07.23 14:55 B S:\Brent\Alphav0.006\DATA\ART\Particles\DUST0000.TGA --> ftp.saffire.com /Builds/PC Retail/alpha/Alphav0.006/DATA/ART/Particles DUST0000.TGA
101.07.23 14:55 B S:\Brent\Alphav0.006\DATA\ART\Particles\flare.tga --> ftp.saffire.com /Builds/PC Retail/alpha/Alphav0.006/DATA/ART/Particles flare.tga
101.07.23 14:55 B S:\Brent\Alphav0.006\DATA\ART\Particles\greenparticle.tga --> ftp.saffire.com /Builds/PC Retail/alpha/Alphav0.006/DATA/ART/Particles greenparticle.tga
101.07.23 14:55 B S:\Brent\Alphav0.006\DATA\ART\Particles\greenparticler.bmp --> ftp.saffire.com /Builds/PC Retail/alpha/Alphav0.006/DATA/ART/Particles greenparticler.bmp
101.07.23 14:55 B S:\Brent\Alphav0.006\DATA\ART\Particles\greenparticler.tga --> ftp.saffire.com /Builds/PC Retail/alpha/Alphav0.006/DATA/ART/Particles greenparticler.tga
101.07.23 14:55 B S:\Brent\Alphav0.006\DATA\ART\Particles\GreenReticle.tga --> ftp.saffire.com /Builds/PC Retail/alpha/Alphav0.006/DATA/ART/Particles GreenReticle.tga
101.07.23 14:55 B S:\Brent\Alphav0.006\DATA\ART\Particles\gunk.tga --> ftp.saffire.com /Builds/PC Retail/alpha/Alphav0.006/DATA/ART/Particles gunk.tga
101.07.23 14:55 B S:\Brent\Alphav0.006\DATA\ART\Particles\gunk0000.tga --> ftp.saffire.com /Builds/PC Retail/alpha/Alphav0.006/DATA/ART/Particles gunk0000.tga
101.07.23 14:55 B S:\Brent\Alphav0.006\DATA\ART\Particles\happyfunball.TGA --> ftp.saffire.com /Builds/PC Retail/alpha/Alphav0.006/DATA/ART/Particles happyfunball.TGA
101.07.23 14:55 B S:\Brent\Alphav0.006\DATA\ART\Particles\LeftGreenReticle.tga --> ftp.saffire.com /Builds/PC Retail/alpha/Alphav0.006/DATA/ART/Particles LeftGreenReticle.tga
101.07.23 14:55 B S:\Brent\Alphav0.006\DATA\ART\Particles\LeftReticle.TGA --> ftp.saffire.com /Builds/PC Retail/alpha/Alphav0.006/DATA/ART/Particles LeftReticle.TGA
101.07.23 14:55 B S:\Brent\Alphav0.006\DATA\ART\Particles\Lensflare01.tga --> ftp.saffire.com /Builds/PC Retail/alpha/Alphav0.006/DATA/ART/Particles Lensflare01.tga
101.07.23 14:55 B S:\Brent\Alphav0.006\DATA\ART\Particles\Lensflare02.tga --> ftp.saffire.com /Builds/PC Retail/alpha/Alphav0.006/DATA/ART/Particles Lensflare02.tga
101.07.23 14:55 B S:\Brent\Alphav0.006\DATA\ART\Particles\Lensflare03.tga --> ftp.saffire.com /Builds/PC Retail/alpha/Alphav0.006/DATA/ART/Particles Lensflare03.tga
101.07.23 14:55 B S:\Brent\Alphav0.006\DATA\ART\Particles\Lensflare04.tga --> ftp.saffire.com /Builds/PC Retail/alpha/Alphav0.006/DATA/ART/Particles Lensflare04.tga
101.07.23 14:55 B S:\Brent\Alphav0.006\DATA\ART\Particles\Lensflare05.tga --> ftp.saffire.com /Builds/PC Retail/alpha/Alphav0.006/DATA/ART/Particles Lensflare05.tga
101.07.23 14:55 B S:\Brent\Alphav0.006\DATA\ART\Particles\Lensflare06.tga --> ftp.saffire.com /Builds/PC Retail/alpha/Alphav0.006/DATA/ART/Particles Lensflare06.tga
101.07.23 14:55 B S:\Brent\Alphav0.006\DATA\ART\Particles\Lensflare07.tga --> ftp.saffire.com /Builds/PC Retail/alpha/Alphav0.006/DATA/ART/Particles Lensflare07.tga
101.07.23 14:55 B S:\Brent\Alphav0.006\DATA\ART\Particles\Lensflare08.tga --> ftp.saffire.com /Builds/PC Retail/alpha/Alphav0.006/DATA/ART/Particles Lensflare08.tga
101.07.23 14:55 B S:\Brent\Alphav0.006\DATA\ART\Particles\Lensflare09.tga --> ftp.saffire.com /Builds/PC Retail/alpha/Alphav0.006/DATA/ART/Particles Lensflare09.tga
101.07.23 14:55 B S:\Brent\Alphav0.006\DATA\ART\Particles\Lensflare10.tga --> ftp.saffire.com /Builds/PC Retail/alpha/Alphav0.006/DATA/ART/Particles Lensflare10.tga
101.07.23 14:55 B S:\Brent\Alphav0.006\DATA\ART\Particles\Lensflare11.tga --> ftp.saffire.com /Builds/PC Retail/alpha/Alphav0.006/DATA/ART/Particles Lensflare11.tga
101.07.23 14:55 B S:\Brent\Alphav0.006\DATA\ART\Particles\Lensflare12.tga --> ftp.saffire.com /Builds/PC Retail/alpha/Alphav0.006/DATA/ART/Particles Lensflare12.tga
101.07.23 14:55 B S:\Brent\Alphav0.006\DATA\ART\Particles\mud.tga --> ftp.saffire.com /Builds/PC Retail/alpha/Alphav0.006/DATA/ART/Particles mud.tga
101.07.23 14:55 B S:\Brent\Alphav0.006\DATA\ART\Particles\mud0000.tga --> ftp.saffire.com /Builds/PC Retail/alpha/Alphav0.006/DATA/ART/Particles mud0000.tga
101.07.23 14:55 B S:\Brent\Alphav0.006\DATA\ART\Particles\mud10000.TGA --> ftp.saffire.com /Builds/PC Retail/alpha/Alphav0.006/DATA/ART/Particles mud10000.TGA
101.07.23 14:55 B S:\Brent\Alphav0.006\DATA\ART\Particles\noreticle.tga --> ftp.saffire.com /Builds/PC Retail/alpha/Alphav0.006/DATA/ART/Particles noreticle.tga
101.07.23 14:55 B S:\Brent\Alphav0.006\DATA\ART\Particles\particle.bmp --> ftp.saffire.com /Builds/PC Retail/alpha/Alphav0.006/DATA/ART/Particles particle.bmp
101.07.23 14:55 B S:\Brent\Alphav0.006\DATA\ART\Particles\particle.tga --> ftp.saffire.com /Builds/PC Retail/alpha/Alphav0.006/DATA/ART/Particles particle.tga
101.07.23 14:55 B S:\Brent\Alphav0.006\DATA\ART\Particles\rain.TGA --> ftp.saffire.com /Builds/PC Retail/alpha/Alphav0.006/DATA/ART/Particles rain.TGA
101.07.23 14:55 B S:\Brent\Alphav0.006\DATA\ART\Particles\redpar.bmp --> ftp.saffire.com /Builds/PC Retail/alpha/Alphav0.006/DATA/ART/Particles redpar.bmp
101.07.23 14:55 B S:\Brent\Alphav0.006\DATA\ART\Particles\redpar.tga --> ftp.saffire.com /Builds/PC Retail/alpha/Alphav0.006/DATA/ART/Particles redpar.tga
101.07.23 14:55 B S:\Brent\Alphav0.006\DATA\ART\Particles\reticle.tga --> ftp.saffire.com /Builds/PC Retail/alpha/Alphav0.006/DATA/ART/Particles reticle.tga
101.07.23 14:55 B S:\Brent\Alphav0.006\DATA\ART\Particles\RightGreenReticle.TGA --> ftp.saffire.com /Builds/PC Retail/alpha/Alphav0.006/DATA/ART/Particles RightGreenReticle.TGA
101.07.23 14:55 B S:\Brent\Alphav0.006\DATA\ART\Particles\RightReticle.tga --> ftp.saffire.com /Builds/PC Retail/alpha/Alphav0.006/DATA/ART/Particles RightReticle.tga
101.07.23 14:55 B S:\Brent\Alphav0.006\DATA\ART\Particles\ripple.bmp --> ftp.saffire.com /Builds/PC Retail/alpha/Alphav0.006/DATA/ART/Particles ripple.bmp
101.07.23 14:55 B S:\Brent\Alphav0.006\DATA\ART\Particles\snow.bmp --> ftp.saffire.com /Builds/PC Retail/alpha/Alphav0.006/DATA/ART/Particles snow.bmp
101.07.23 14:55 B S:\Brent\Alphav0.006\DATA\ART\Particles\star.tga --> ftp.saffire.com /Builds/PC Retail/alpha/Alphav0.006/DATA/ART/Particles star.tga
101.07.23 14:55 B S:\Brent\Alphav0.006\DATA\ART\Particles\water.TGA --> ftp.saffire.com /Builds/PC Retail/alpha/Alphav0.006/DATA/ART/Particles water.TGA
101.07.23 14:55 B S:\Brent\Alphav0.006\DATA\ART\Particles\waterpar.bmp --> ftp.saffire.com /Builds/PC Retail/alpha/Alphav0.006/DATA/ART/Particles waterpar.bmp
101.07.23 14:55 B S:\Brent\Alphav0.006\DATA\ART\Particles\waterpar.tga --> ftp.saffire.com /Builds/PC Retail/alpha/Alphav0.006/DATA/ART/Particles waterpar.tga
101.07.23 14:55 B S:\Brent\Alphav0.006\DATA\ART\Particles\waterpar2.tga --> ftp.saffire.com /Builds/PC Retail/alpha/Alphav0.006/DATA/ART/Particles waterpar2.tga
101.07.23 14:55 B S:\Brent\Alphav0.006\DATA\ART\Particles\yellowparticle.tga --> ftp.saffire.com /Builds/PC Retail/alpha/Alphav0.006/DATA/ART/Particles yellowparticle.tga
