101.07.23 16:01 B S:\Brent\Alphav0.006\DATA\LEVELS\LEV1\TEXTURES\bchclifs_grs.dds --> ftp.saffire.com /Builds/PC Retail/alpha/Alphav0.006/DATA/LEVELS/LEV1/TEXTURES bchclifs_grs.dds
101.07.23 16:01 B S:\Brent\Alphav0.006\DATA\LEVELS\LEV1\TEXTURES\Caveceiling.dds --> ftp.saffire.com /Builds/PC Retail/alpha/Alphav0.006/DATA/LEVELS/LEV1/TEXTURES Caveceiling.dds
101.07.23 16:01 B S:\Brent\Alphav0.006\DATA\LEVELS\LEV1\TEXTURES\CAVEWALL.DDS --> ftp.saffire.com /Builds/PC Retail/alpha/Alphav0.006/DATA/LEVELS/LEV1/TEXTURES CAVEWALL.DDS
101.07.23 16:01 B S:\Brent\Alphav0.006\DATA\LEVELS\LEV1\TEXTURES\Cavewall2.dds --> ftp.saffire.com /Builds/PC Retail/alpha/Alphav0.006/DATA/LEVELS/LEV1/TEXTURES Cavewall2.dds
101.07.23 16:01 B S:\Brent\Alphav0.006\DATA\LEVELS\LEV1\TEXTURES\cliff_wall6.dds --> ftp.saffire.com /Builds/PC Retail/alpha/Alphav0.006/DATA/LEVELS/LEV1/TEXTURES cliff_wall6.dds
101.07.23 16:01 B S:\Brent\Alphav0.006\DATA\LEVELS\LEV1\TEXTURES\Cvwllclng_trans.dds --> ftp.saffire.com /Builds/PC Retail/alpha/Alphav0.006/DATA/LEVELS/LEV1/TEXTURES Cvwllclng_trans.dds
101.07.23 16:01 B S:\Brent\Alphav0.006\DATA\LEVELS\LEV1\TEXTURES\dcon_obj_31xx_spider_web_1.dds --> ftp.saffire.com /Builds/PC Retail/alpha/Alphav0.006/DATA/LEVELS/LEV1/TEXTURES dcon_obj_31xx_spider_web_1.dds
101.07.23 16:01 B S:\Brent\Alphav0.006\DATA\LEVELS\LEV1\TEXTURES\GALI.DDS --> ftp.saffire.com /Builds/PC Retail/alpha/Alphav0.006/DATA/LEVELS/LEV1/TEXTURES GALI.DDS
101.07.23 16:01 B S:\Brent\Alphav0.006\DATA\LEVELS\LEV1\TEXTURES\GROUND01.DDS --> ftp.saffire.com /Builds/PC Retail/alpha/Alphav0.006/DATA/LEVELS/LEV1/TEXTURES GROUND01.DDS
101.07.23 16:01 B S:\Brent\Alphav0.006\DATA\LEVELS\LEV1\TEXTURES\KOPAKA.DDS --> ftp.saffire.com /Builds/PC Retail/alpha/Alphav0.006/DATA/LEVELS/LEV1/TEXTURES KOPAKA.DDS
101.07.23 16:01 B S:\Brent\Alphav0.006\DATA\LEVELS\LEV1\TEXTURES\LEWA.DDS --> ftp.saffire.com /Builds/PC Retail/alpha/Alphav0.006/DATA/LEVELS/LEV1/TEXTURES LEWA.DDS
101.07.23 16:01 B S:\Brent\Alphav0.006\DATA\LEVELS\LEV1\TEXTURES\ns_cha_10xx_hammer.dds --> ftp.saffire.com /Builds/PC Retail/alpha/Alphav0.006/DATA/LEVELS/LEV1/TEXTURES ns_cha_10xx_hammer.dds
101.07.23 16:01 B S:\Brent\Alphav0.006\DATA\LEVELS\LEV1\TEXTURES\ns_cha_10xx_pick.dds --> ftp.saffire.com /Builds/PC Retail/alpha/Alphav0.006/DATA/LEVELS/LEV1/TEXTURES ns_cha_10xx_pick.dds
101.07.23 16:01 B S:\Brent\Alphav0.006\DATA\LEVELS\LEV1\TEXTURES\ns_cha_31xx_bug.dds --> ftp.saffire.com /Builds/PC Retail/alpha/Alphav0.006/DATA/LEVELS/LEV1/TEXTURES ns_cha_31xx_bug.dds
101.07.23 16:01 B S:\Brent\Alphav0.006\DATA\LEVELS\LEV1\TEXTURES\ns_cha_31xx_eyes.dds --> ftp.saffire.com /Builds/PC Retail/alpha/Alphav0.006/DATA/LEVELS/LEV1/TEXTURES ns_cha_31xx_eyes.dds
101.07.23 16:01 B S:\Brent\Alphav0.006\DATA\LEVELS\LEV1\TEXTURES\oldon_lev_21xx_water_4.dds --> ftp.saffire.com /Builds/PC Retail/alpha/Alphav0.006/DATA/LEVELS/LEV1/TEXTURES oldon_lev_21xx_water_4.dds
101.07.23 16:01 B S:\Brent\Alphav0.006\DATA\LEVELS\LEV1\TEXTURES\on_lev_10xx_altr_1.dds --> ftp.saffire.com /Builds/PC Retail/alpha/Alphav0.006/DATA/LEVELS/LEV1/TEXTURES on_lev_10xx_altr_1.dds
101.07.23 16:01 B S:\Brent\Alphav0.006\DATA\LEVELS\LEV1\TEXTURES\on_lev_10xx_altr_2.dds --> ftp.saffire.com /Builds/PC Retail/alpha/Alphav0.006/DATA/LEVELS/LEV1/TEXTURES on_lev_10xx_altr_2.dds
101.07.23 16:01 B S:\Brent\Alphav0.006\DATA\LEVELS\LEV1\TEXTURES\on_lev_10xx_altr_3.dds --> ftp.saffire.com /Builds/PC Retail/alpha/Alphav0.006/DATA/LEVELS/LEV1/TEXTURES on_lev_10xx_altr_3.dds
101.07.23 16:01 B S:\Brent\Alphav0.006\DATA\LEVELS\LEV1\TEXTURES\on_lev_10xx_glass.dds --> ftp.saffire.com /Builds/PC Retail/alpha/Alphav0.006/DATA/LEVELS/LEV1/TEXTURES on_lev_10xx_glass.dds
101.07.23 16:01 B S:\Brent\Alphav0.006\DATA\LEVELS\LEV1\TEXTURES\on_lev_10xx_grey.dds --> ftp.saffire.com /Builds/PC Retail/alpha/Alphav0.006/DATA/LEVELS/LEV1/TEXTURES on_lev_10xx_grey.dds
101.07.23 16:01 B S:\Brent\Alphav0.006\DATA\LEVELS\LEV1\TEXTURES\on_lev_10xx_red.dds --> ftp.saffire.com /Builds/PC Retail/alpha/Alphav0.006/DATA/LEVELS/LEV1/TEXTURES on_lev_10xx_red.dds
101.07.23 16:01 B S:\Brent\Alphav0.006\DATA\LEVELS\LEV1\TEXTURES\on_lev_10xx_sky_sun.dds --> ftp.saffire.com /Builds/PC Retail/alpha/Alphav0.006/DATA/LEVELS/LEV1/TEXTURES on_lev_10xx_sky_sun.dds
101.07.23 16:01 B S:\Brent\Alphav0.006\DATA\LEVELS\LEV1\TEXTURES\on_lev_10xx_whitehammer.dds --> ftp.saffire.com /Builds/PC Retail/alpha/Alphav0.006/DATA/LEVELS/LEV1/TEXTURES on_lev_10xx_whitehammer.dds
101.07.23 16:01 B S:\Brent\Alphav0.006\DATA\LEVELS\LEV1\TEXTURES\on_lev_20xx_atr_flr_brwn.dds --> ftp.saffire.com /Builds/PC Retail/alpha/Alphav0.006/DATA/LEVELS/LEV1/TEXTURES on_lev_20xx_atr_flr_brwn.dds
101.07.23 16:01 B S:\Brent\Alphav0.006\DATA\LEVELS\LEV1\TEXTURES\on_lev_20xx_atr_flr_brwn1.dds --> ftp.saffire.com /Builds/PC Retail/alpha/Alphav0.006/DATA/LEVELS/LEV1/TEXTURES on_lev_20xx_atr_flr_brwn1.dds
101.07.23 16:01 B S:\Brent\Alphav0.006\DATA\LEVELS\LEV1\TEXTURES\on_lev_20xx_atr_flr_rvr_trns.dds --> ftp.saffire.com /Builds/PC Retail/alpha/Alphav0.006/DATA/LEVELS/LEV1/TEXTURES on_lev_20xx_atr_flr_rvr_trns.dds
101.07.23 16:01 B S:\Brent\Alphav0.006\DATA\LEVELS\LEV1\TEXTURES\on_lev_20xx_atr_rd.dds --> ftp.saffire.com /Builds/PC Retail/alpha/Alphav0.006/DATA/LEVELS/LEV1/TEXTURES on_lev_20xx_atr_rd.dds
101.07.23 16:01 B S:\Brent\Alphav0.006\DATA\LEVELS\LEV1\TEXTURES\on_lev_20xx_atr_sky.dds --> ftp.saffire.com /Builds/PC Retail/alpha/Alphav0.006/DATA/LEVELS/LEV1/TEXTURES on_lev_20xx_atr_sky.dds
101.07.23 16:01 B S:\Brent\Alphav0.006\DATA\LEVELS\LEV1\TEXTURES\on_lev_20xx_atr_wall.dds --> ftp.saffire.com /Builds/PC Retail/alpha/Alphav0.006/DATA/LEVELS/LEV1/TEXTURES on_lev_20xx_atr_wall.dds
101.07.23 16:01 B S:\Brent\Alphav0.006\DATA\LEVELS\LEV1\TEXTURES\on_lev_20xx_atr_wall_2.dds --> ftp.saffire.com /Builds/PC Retail/alpha/Alphav0.006/DATA/LEVELS/LEV1/TEXTURES on_lev_20xx_atr_wall_2.dds
101.07.23 16:01 B S:\Brent\Alphav0.006\DATA\LEVELS\LEV1\TEXTURES\on_lev_20xx_bchclfs.dds --> ftp.saffire.com /Builds/PC Retail/alpha/Alphav0.006/DATA/LEVELS/LEV1/TEXTURES on_lev_20xx_bchclfs.dds
101.07.23 16:01 B S:\Brent\Alphav0.006\DATA\LEVELS\LEV1\TEXTURES\on_lev_20xx_bchclifs_grs.dds --> ftp.saffire.com /Builds/PC Retail/alpha/Alphav0.006/DATA/LEVELS/LEV1/TEXTURES on_lev_20xx_bchclifs_grs.dds
101.07.23 16:01 B S:\Brent\Alphav0.006\DATA\LEVELS\LEV1\TEXTURES\on_lev_20xx_bldr_01.dds --> ftp.saffire.com /Builds/PC Retail/alpha/Alphav0.006/DATA/LEVELS/LEV1/TEXTURES on_lev_20xx_bldr_01.dds
101.07.23 16:01 B S:\Brent\Alphav0.006\DATA\LEVELS\LEV1\TEXTURES\on_lev_20xx_bouldertex_2.dds --> ftp.saffire.com /Builds/PC Retail/alpha/Alphav0.006/DATA/LEVELS/LEV1/TEXTURES on_lev_20xx_bouldertex_2.dds
101.07.23 16:01 B S:\Brent\Alphav0.006\DATA\LEVELS\LEV1\TEXTURES\on_lev_20xx_bricks_2.dds --> ftp.saffire.com /Builds/PC Retail/alpha/Alphav0.006/DATA/LEVELS/LEV1/TEXTURES on_lev_20xx_bricks_2.dds
101.07.23 16:01 B S:\Brent\Alphav0.006\DATA\LEVELS\LEV1\TEXTURES\on_lev_20xx_bricks_3.dds --> ftp.saffire.com /Builds/PC Retail/alpha/Alphav0.006/DATA/LEVELS/LEV1/TEXTURES on_lev_20xx_bricks_3.dds
101.07.23 16:01 B S:\Brent\Alphav0.006\DATA\LEVELS\LEV1\TEXTURES\on_lev_20xx_Canisterbody.dds --> ftp.saffire.com /Builds/PC Retail/alpha/Alphav0.006/DATA/LEVELS/LEV1/TEXTURES on_lev_20xx_Canisterbody.dds
101.07.23 16:01 B S:\Brent\Alphav0.006\DATA\LEVELS\LEV1\TEXTURES\on_lev_20xx_Canistertop.dds --> ftp.saffire.com /Builds/PC Retail/alpha/Alphav0.006/DATA/LEVELS/LEV1/TEXTURES on_lev_20xx_Canistertop.dds
101.07.23 16:01 B S:\Brent\Alphav0.006\DATA\LEVELS\LEV1\TEXTURES\on_lev_20xx_cavedirt.dds --> ftp.saffire.com /Builds/PC Retail/alpha/Alphav0.006/DATA/LEVELS/LEV1/TEXTURES on_lev_20xx_cavedirt.dds
101.07.23 16:01 B S:\Brent\Alphav0.006\DATA\LEVELS\LEV1\TEXTURES\on_lev_20xx_cavetex_1a.dds --> ftp.saffire.com /Builds/PC Retail/alpha/Alphav0.006/DATA/LEVELS/LEV1/TEXTURES on_lev_20xx_cavetex_1a.dds
101.07.23 16:01 B S:\Brent\Alphav0.006\DATA\LEVELS\LEV1\TEXTURES\on_lev_20xx_cavetex_1b.dds --> ftp.saffire.com /Builds/PC Retail/alpha/Alphav0.006/DATA/LEVELS/LEV1/TEXTURES on_lev_20xx_cavetex_1b.dds
101.07.23 16:01 B S:\Brent\Alphav0.006\DATA\LEVELS\LEV1\TEXTURES\on_lev_20xx_cavetex_1c.dds --> ftp.saffire.com /Builds/PC Retail/alpha/Alphav0.006/DATA/LEVELS/LEV1/TEXTURES on_lev_20xx_cavetex_1c.dds
101.07.23 16:01 B S:\Brent\Alphav0.006\DATA\LEVELS\LEV1\TEXTURES\on_lev_20xx_chrome_1.dds --> ftp.saffire.com /Builds/PC Retail/alpha/Alphav0.006/DATA/LEVELS/LEV1/TEXTURES on_lev_20xx_chrome_1.dds
101.07.23 16:01 B S:\Brent\Alphav0.006\DATA\LEVELS\LEV1\TEXTURES\on_lev_20xx_crumbling_pillar_1.dds --> ftp.saffire.com /Builds/PC Retail/alpha/Alphav0.006/DATA/LEVELS/LEV1/TEXTURES on_lev_20xx_crumbling_pillar_1.dds
101.07.23 16:01 B S:\Brent\Alphav0.006\DATA\LEVELS\LEV1\TEXTURES\on_lev_20xx_disc_1.dds --> ftp.saffire.com /Builds/PC Retail/alpha/Alphav0.006/DATA/LEVELS/LEV1/TEXTURES on_lev_20xx_disc_1.dds
101.07.23 16:01 B S:\Brent\Alphav0.006\DATA\LEVELS\LEV1\TEXTURES\on_lev_20xx_earthqk.dds --> ftp.saffire.com /Builds/PC Retail/alpha/Alphav0.006/DATA/LEVELS/LEV1/TEXTURES on_lev_20xx_earthqk.dds
101.07.23 16:01 B S:\Brent\Alphav0.006\DATA\LEVELS\LEV1\TEXTURES\on_lev_20xx_earthquake_glyph_1.dds --> ftp.saffire.com /Builds/PC Retail/alpha/Alphav0.006/DATA/LEVELS/LEV1/TEXTURES on_lev_20xx_earthquake_glyph_1.dds
101.07.23 16:01 B S:\Brent\Alphav0.006\DATA\LEVELS\LEV1\TEXTURES\on_lev_20xx_glyph_base_1.dds --> ftp.saffire.com /Builds/PC Retail/alpha/Alphav0.006/DATA/LEVELS/LEV1/TEXTURES on_lev_20xx_glyph_base_1.dds
101.07.23 16:01 B S:\Brent\Alphav0.006\DATA\LEVELS\LEV1\TEXTURES\on_lev_20xx_grass_1a.dds --> ftp.saffire.com /Builds/PC Retail/alpha/Alphav0.006/DATA/LEVELS/LEV1/TEXTURES on_lev_20xx_grass_1a.dds
101.07.23 16:01 B S:\Brent\Alphav0.006\DATA\LEVELS\LEV1\TEXTURES\on_lev_20xx_grg_dirt_snd_tran.dds --> ftp.saffire.com /Builds/PC Retail/alpha/Alphav0.006/DATA/LEVELS/LEV1/TEXTURES on_lev_20xx_grg_dirt_snd_tran.dds
101.07.23 16:01 B S:\Brent\Alphav0.006\DATA\LEVELS\LEV1\TEXTURES\on_lev_20xx_grg_tld.dds --> ftp.saffire.com /Builds/PC Retail/alpha/Alphav0.006/DATA/LEVELS/LEV1/TEXTURES on_lev_20xx_grg_tld.dds
101.07.23 16:01 B S:\Brent\Alphav0.006\DATA\LEVELS\LEV1\TEXTURES\on_lev_20xx_grg_wl_bh_trs.dds --> ftp.saffire.com /Builds/PC Retail/alpha/Alphav0.006/DATA/LEVELS/LEV1/TEXTURES on_lev_20xx_grg_wl_bh_trs.dds
101.07.23 16:01 B S:\Brent\Alphav0.006\DATA\LEVELS\LEV1\TEXTURES\on_lev_20xx_ground.dds --> ftp.saffire.com /Builds/PC Retail/alpha/Alphav0.006/DATA/LEVELS/LEV1/TEXTURES on_lev_20xx_ground.dds
101.07.23 16:01 B S:\Brent\Alphav0.006\DATA\LEVELS\LEV1\TEXTURES\on_lev_20xx_groundtrns.dds --> ftp.saffire.com /Builds/PC Retail/alpha/Alphav0.006/DATA/LEVELS/LEV1/TEXTURES on_lev_20xx_groundtrns.dds
101.07.23 16:01 B S:\Brent\Alphav0.006\DATA\LEVELS\LEV1\TEXTURES\on_lev_20xx_Hppyball.dds --> ftp.saffire.com /Builds/PC Retail/alpha/Alphav0.006/DATA/LEVELS/LEV1/TEXTURES on_lev_20xx_Hppyball.dds
101.07.23 16:01 B S:\Brent\Alphav0.006\DATA\LEVELS\LEV1\TEXTURES\on_lev_20xx_mmdoor0000.dds --> ftp.saffire.com /Builds/PC Retail/alpha/Alphav0.006/DATA/LEVELS/LEV1/TEXTURES on_lev_20xx_mmdoor0000.dds
101.07.23 16:01 B S:\Brent\Alphav0.006\DATA\LEVELS\LEV1\TEXTURES\on_lev_20xx_mmdoor0001.dds --> ftp.saffire.com /Builds/PC Retail/alpha/Alphav0.006/DATA/LEVELS/LEV1/TEXTURES on_lev_20xx_mmdoor0001.dds
101.07.23 16:01 B S:\Brent\Alphav0.006\DATA\LEVELS\LEV1\TEXTURES\on_lev_20xx_mmdoor0002.dds --> ftp.saffire.com /Builds/PC Retail/alpha/Alphav0.006/DATA/LEVELS/LEV1/TEXTURES on_lev_20xx_mmdoor0002.dds
101.07.23 16:01 B S:\Brent\Alphav0.006\DATA\LEVELS\LEV1\TEXTURES\on_lev_20xx_mmdoor0003.dds --> ftp.saffire.com /Builds/PC Retail/alpha/Alphav0.006/DATA/LEVELS/LEV1/TEXTURES on_lev_20xx_mmdoor0003.dds
101.07.23 16:01 B S:\Brent\Alphav0.006\DATA\LEVELS\LEV1\TEXTURES\on_lev_20xx_mmdoor0004.dds --> ftp.saffire.com /Builds/PC Retail/alpha/Alphav0.006/DATA/LEVELS/LEV1/TEXTURES on_lev_20xx_mmdoor0004.dds
101.07.23 16:01 B S:\Brent\Alphav0.006\DATA\LEVELS\LEV1\TEXTURES\on_lev_20xx_mmdoor0005.dds --> ftp.saffire.com /Builds/PC Retail/alpha/Alphav0.006/DATA/LEVELS/LEV1/TEXTURES on_lev_20xx_mmdoor0005.dds
101.07.23 16:01 B S:\Brent\Alphav0.006\DATA\LEVELS\LEV1\TEXTURES\on_lev_20xx_mmdoor0006.dds --> ftp.saffire.com /Builds/PC Retail/alpha/Alphav0.006/DATA/LEVELS/LEV1/TEXTURES on_lev_20xx_mmdoor0006.dds
101.07.23 16:01 B S:\Brent\Alphav0.006\DATA\LEVELS\LEV1\TEXTURES\on_lev_20xx_mmdoor0007.dds --> ftp.saffire.com /Builds/PC Retail/alpha/Alphav0.006/DATA/LEVELS/LEV1/TEXTURES on_lev_20xx_mmdoor0007.dds
101.07.23 16:01 B S:\Brent\Alphav0.006\DATA\LEVELS\LEV1\TEXTURES\on_lev_20xx_mmdoor0008.dds --> ftp.saffire.com /Builds/PC Retail/alpha/Alphav0.006/DATA/LEVELS/LEV1/TEXTURES on_lev_20xx_mmdoor0008.dds
101.07.23 16:01 B S:\Brent\Alphav0.006\DATA\LEVELS\LEV1\TEXTURES\on_lev_20xx_mmdoor0009.dds --> ftp.saffire.com /Builds/PC Retail/alpha/Alphav0.006/DATA/LEVELS/LEV1/TEXTURES on_lev_20xx_mmdoor0009.dds
101.07.23 16:01 B S:\Brent\Alphav0.006\DATA\LEVELS\LEV1\TEXTURES\on_lev_20xx_mmdoor0010.dds --> ftp.saffire.com /Builds/PC Retail/alpha/Alphav0.006/DATA/LEVELS/LEV1/TEXTURES on_lev_20xx_mmdoor0010.dds
101.07.23 16:01 B S:\Brent\Alphav0.006\DATA\LEVELS\LEV1\TEXTURES\on_lev_20xx_mmdoor0011.dds --> ftp.saffire.com /Builds/PC Retail/alpha/Alphav0.006/DATA/LEVELS/LEV1/TEXTURES on_lev_20xx_mmdoor0011.dds
101.07.23 16:01 B S:\Brent\Alphav0.006\DATA\LEVELS\LEV1\TEXTURES\on_lev_20xx_mmdoor0012.dds --> ftp.saffire.com /Builds/PC Retail/alpha/Alphav0.006/DATA/LEVELS/LEV1/TEXTURES on_lev_20xx_mmdoor0012.dds
101.07.23 16:01 B S:\Brent\Alphav0.006\DATA\LEVELS\LEV1\TEXTURES\on_lev_20xx_mmdoor0013.dds --> ftp.saffire.com /Builds/PC Retail/alpha/Alphav0.006/DATA/LEVELS/LEV1/TEXTURES on_lev_20xx_mmdoor0013.dds
101.07.23 16:01 B S:\Brent\Alphav0.006\DATA\LEVELS\LEV1\TEXTURES\on_lev_20xx_mmdoor0014.dds --> ftp.saffire.com /Builds/PC Retail/alpha/Alphav0.006/DATA/LEVELS/LEV1/TEXTURES on_lev_20xx_mmdoor0014.dds
101.07.23 16:01 B S:\Brent\Alphav0.006\DATA\LEVELS\LEV1\TEXTURES\on_lev_20xx_mmdoor0015.dds --> ftp.saffire.com /Builds/PC Retail/alpha/Alphav0.006/DATA/LEVELS/LEV1/TEXTURES on_lev_20xx_mmdoor0015.dds
101.07.23 16:01 B S:\Brent\Alphav0.006\DATA\LEVELS\LEV1\TEXTURES\on_lev_20xx_mmdoor0016.dds --> ftp.saffire.com /Builds/PC Retail/alpha/Alphav0.006/DATA/LEVELS/LEV1/TEXTURES on_lev_20xx_mmdoor0016.dds
101.07.23 16:01 B S:\Brent\Alphav0.006\DATA\LEVELS\LEV1\TEXTURES\on_lev_20xx_mmdoor0017.dds --> ftp.saffire.com /Builds/PC Retail/alpha/Alphav0.006/DATA/LEVELS/LEV1/TEXTURES on_lev_20xx_mmdoor0017.dds
101.07.23 16:01 B S:\Brent\Alphav0.006\DATA\LEVELS\LEV1\TEXTURES\on_lev_20xx_mmdoor0018.dds --> ftp.saffire.com /Builds/PC Retail/alpha/Alphav0.006/DATA/LEVELS/LEV1/TEXTURES on_lev_20xx_mmdoor0018.dds
101.07.23 16:01 B S:\Brent\Alphav0.006\DATA\LEVELS\LEV1\TEXTURES\on_lev_20xx_mmdoor0019.dds --> ftp.saffire.com /Builds/PC Retail/alpha/Alphav0.006/DATA/LEVELS/LEV1/TEXTURES on_lev_20xx_mmdoor0019.dds
101.07.23 16:01 B S:\Brent\Alphav0.006\DATA\LEVELS\LEV1\TEXTURES\on_lev_20xx_mmdoor0020.dds --> ftp.saffire.com /Builds/PC Retail/alpha/Alphav0.006/DATA/LEVELS/LEV1/TEXTURES on_lev_20xx_mmdoor0020.dds
101.07.23 16:01 B S:\Brent\Alphav0.006\DATA\LEVELS\LEV1\TEXTURES\on_lev_20xx_mmdoor0021.dds --> ftp.saffire.com /Builds/PC Retail/alpha/Alphav0.006/DATA/LEVELS/LEV1/TEXTURES on_lev_20xx_mmdoor0021.dds
101.07.23 16:01 B S:\Brent\Alphav0.006\DATA\LEVELS\LEV1\TEXTURES\on_lev_20xx_mmdoor0022.dds --> ftp.saffire.com /Builds/PC Retail/alpha/Alphav0.006/DATA/LEVELS/LEV1/TEXTURES on_lev_20xx_mmdoor0022.dds
101.07.23 16:01 B S:\Brent\Alphav0.006\DATA\LEVELS\LEV1\TEXTURES\on_lev_20xx_mmdoor0023.dds --> ftp.saffire.com /Builds/PC Retail/alpha/Alphav0.006/DATA/LEVELS/LEV1/TEXTURES on_lev_20xx_mmdoor0023.dds
101.07.23 16:01 B S:\Brent\Alphav0.006\DATA\LEVELS\LEV1\TEXTURES\on_lev_20xx_mntntrl.dds --> ftp.saffire.com /Builds/PC Retail/alpha/Alphav0.006/DATA/LEVELS/LEV1/TEXTURES on_lev_20xx_mntntrl.dds
101.07.23 16:01 B S:\Brent\Alphav0.006\DATA\LEVELS\LEV1\TEXTURES\on_lev_20xx_montatriumbld.dds --> ftp.saffire.com /Builds/PC Retail/alpha/Alphav0.006/DATA/LEVELS/LEV1/TEXTURES on_lev_20xx_montatriumbld.dds
101.07.23 16:01 B S:\Brent\Alphav0.006\DATA\LEVELS\LEV1\TEXTURES\on_lev_20xx_moss_3.dds --> ftp.saffire.com /Builds/PC Retail/alpha/Alphav0.006/DATA/LEVELS/LEV1/TEXTURES on_lev_20xx_moss_3.dds
101.07.23 16:01 B S:\Brent\Alphav0.006\DATA\LEVELS\LEV1\TEXTURES\on_lev_20xx_mountain_tile.dds --> ftp.saffire.com /Builds/PC Retail/alpha/Alphav0.006/DATA/LEVELS/LEV1/TEXTURES on_lev_20xx_mountain_tile.dds
101.07.23 16:01 B S:\Brent\Alphav0.006\DATA\LEVELS\LEV1\TEXTURES\on_lev_20xx_mountain_tile_2.dds --> ftp.saffire.com /Builds/PC Retail/alpha/Alphav0.006/DATA/LEVELS/LEV1/TEXTURES on_lev_20xx_mountain_tile_2.dds
101.07.23 16:01 B S:\Brent\Alphav0.006\DATA\LEVELS\LEV1\TEXTURES\on_lev_20xx_mountaindirt_tile.dds --> ftp.saffire.com /Builds/PC Retail/alpha/Alphav0.006/DATA/LEVELS/LEV1/TEXTURES on_lev_20xx_mountaindirt_tile.dds
101.07.23 16:01 B S:\Brent\Alphav0.006\DATA\LEVELS\LEV1\TEXTURES\on_lev_20xx_podtop.dds --> ftp.saffire.com /Builds/PC Retail/alpha/Alphav0.006/DATA/LEVELS/LEV1/TEXTURES on_lev_20xx_podtop.dds
101.07.23 16:01 B S:\Brent\Alphav0.006\DATA\LEVELS\LEV1\TEXTURES\on_lev_20xx_Pwrsphere.dds --> ftp.saffire.com /Builds/PC Retail/alpha/Alphav0.006/DATA/LEVELS/LEV1/TEXTURES on_lev_20xx_Pwrsphere.dds
101.07.23 16:01 B S:\Brent\Alphav0.006\DATA\LEVELS\LEV1\TEXTURES\on_lev_20xx_rock.dds --> ftp.saffire.com /Builds/PC Retail/alpha/Alphav0.006/DATA/LEVELS/LEV1/TEXTURES on_lev_20xx_rock.dds
101.07.23 16:01 B S:\Brent\Alphav0.006\DATA\LEVELS\LEV1\TEXTURES\on_lev_20xx_root_1.dds --> ftp.saffire.com /Builds/PC Retail/alpha/Alphav0.006/DATA/LEVELS/LEV1/TEXTURES on_lev_20xx_root_1.dds
101.07.23 16:01 B S:\Brent\Alphav0.006\DATA\LEVELS\LEV1\TEXTURES\on_lev_20xx_rootrns.dds --> ftp.saffire.com /Builds/PC Retail/alpha/Alphav0.006/DATA/LEVELS/LEV1/TEXTURES on_lev_20xx_rootrns.dds
101.07.23 16:01 B S:\Brent\Alphav0.006\DATA\LEVELS\LEV1\TEXTURES\on_lev_20xx_sand_1.dds --> ftp.saffire.com /Builds/PC Retail/alpha/Alphav0.006/DATA/LEVELS/LEV1/TEXTURES on_lev_20xx_sand_1.dds
101.07.23 16:01 B S:\Brent\Alphav0.006\DATA\LEVELS\LEV1\TEXTURES\on_lev_20xx_sand_2.dds --> ftp.saffire.com /Builds/PC Retail/alpha/Alphav0.006/DATA/LEVELS/LEV1/TEXTURES on_lev_20xx_sand_2.dds
101.07.23 16:01 B S:\Brent\Alphav0.006\DATA\LEVELS\LEV1\TEXTURES\on_lev_20xx_sandt.dds --> ftp.saffire.com /Builds/PC Retail/alpha/Alphav0.006/DATA/LEVELS/LEV1/TEXTURES on_lev_20xx_sandt.dds
101.07.23 16:01 B S:\Brent\Alphav0.006\DATA\LEVELS\LEV1\TEXTURES\on_lev_20xx_scaveflr.dds --> ftp.saffire.com /Builds/PC Retail/alpha/Alphav0.006/DATA/LEVELS/LEV1/TEXTURES on_lev_20xx_scaveflr.dds
101.07.23 16:01 B S:\Brent\Alphav0.006\DATA\LEVELS\LEV1\TEXTURES\on_lev_20xx_scaveflr_trans.dds --> ftp.saffire.com /Builds/PC Retail/alpha/Alphav0.006/DATA/LEVELS/LEV1/TEXTURES on_lev_20xx_scaveflr_trans.dds
101.07.23 16:01 B S:\Brent\Alphav0.006\DATA\LEVELS\LEV1\TEXTURES\on_lev_20xx_shrine_top.dds --> ftp.saffire.com /Builds/PC Retail/alpha/Alphav0.006/DATA/LEVELS/LEV1/TEXTURES on_lev_20xx_shrine_top.dds
101.07.23 16:01 B S:\Brent\Alphav0.006\DATA\LEVELS\LEV1\TEXTURES\on_lev_20xx_shrinepattern_3.dds --> ftp.saffire.com /Builds/PC Retail/alpha/Alphav0.006/DATA/LEVELS/LEV1/TEXTURES on_lev_20xx_shrinepattern_3.dds
101.07.23 16:01 B S:\Brent\Alphav0.006\DATA\LEVELS\LEV1\TEXTURES\on_lev_20xx_shrinetop_2.dds --> ftp.saffire.com /Builds/PC Retail/alpha/Alphav0.006/DATA/LEVELS/LEV1/TEXTURES on_lev_20xx_shrinetop_2.dds
101.07.23 16:01 B S:\Brent\Alphav0.006\DATA\LEVELS\LEV1\TEXTURES\on_lev_20xx_sign_1.dds --> ftp.saffire.com /Builds/PC Retail/alpha/Alphav0.006/DATA/LEVELS/LEV1/TEXTURES on_lev_20xx_sign_1.dds
101.07.23 16:01 B S:\Brent\Alphav0.006\DATA\LEVELS\LEV1\TEXTURES\on_lev_20xx_sign_2.dds --> ftp.saffire.com /Builds/PC Retail/alpha/Alphav0.006/DATA/LEVELS/LEV1/TEXTURES on_lev_20xx_sign_2.dds
101.07.23 16:01 B S:\Brent\Alphav0.006\DATA\LEVELS\LEV1\TEXTURES\on_lev_20xx_spidercave_wall.dds --> ftp.saffire.com /Builds/PC Retail/alpha/Alphav0.006/DATA/LEVELS/LEV1/TEXTURES on_lev_20xx_spidercave_wall.dds
101.07.23 16:01 B S:\Brent\Alphav0.006\DATA\LEVELS\LEV1\TEXTURES\on_lev_20xx_stairs.dds --> ftp.saffire.com /Builds/PC Retail/alpha/Alphav0.006/DATA/LEVELS/LEV1/TEXTURES on_lev_20xx_stairs.dds
101.07.23 16:01 B S:\Brent\Alphav0.006\DATA\LEVELS\LEV1\TEXTURES\on_lev_20xx_stairs_2.dds --> ftp.saffire.com /Builds/PC Retail/alpha/Alphav0.006/DATA/LEVELS/LEV1/TEXTURES on_lev_20xx_stairs_2.dds
101.07.23 16:01 B S:\Brent\Alphav0.006\DATA\LEVELS\LEV1\TEXTURES\on_lev_20xx_tat_bottom.dds --> ftp.saffire.com /Builds/PC Retail/alpha/Alphav0.006/DATA/LEVELS/LEV1/TEXTURES on_lev_20xx_tat_bottom.dds
101.07.23 16:01 B S:\Brent\Alphav0.006\DATA\LEVELS\LEV1\TEXTURES\on_lev_20xx_tat_grnd.dds --> ftp.saffire.com /Builds/PC Retail/alpha/Alphav0.006/DATA/LEVELS/LEV1/TEXTURES on_lev_20xx_tat_grnd.dds
101.07.23 16:01 B S:\Brent\Alphav0.006\DATA\LEVELS\LEV1\TEXTURES\on_lev_20xx_tat_grnd_2.dds --> ftp.saffire.com /Builds/PC Retail/alpha/Alphav0.006/DATA/LEVELS/LEV1/TEXTURES on_lev_20xx_tat_grnd_2.dds
101.07.23 16:01 B S:\Brent\Alphav0.006\DATA\LEVELS\LEV1\TEXTURES\on_lev_20xx_tat_grnd_trans.dds --> ftp.saffire.com /Builds/PC Retail/alpha/Alphav0.006/DATA/LEVELS/LEV1/TEXTURES on_lev_20xx_tat_grnd_trans.dds
101.07.23 16:01 B S:\Brent\Alphav0.006\DATA\LEVELS\LEV1\TEXTURES\on_lev_20xx_tat_path.dds --> ftp.saffire.com /Builds/PC Retail/alpha/Alphav0.006/DATA/LEVELS/LEV1/TEXTURES on_lev_20xx_tat_path.dds
101.07.23 16:01 B S:\Brent\Alphav0.006\DATA\LEVELS\LEV1\TEXTURES\on_lev_20xx_totem_1.dds --> ftp.saffire.com /Builds/PC Retail/alpha/Alphav0.006/DATA/LEVELS/LEV1/TEXTURES on_lev_20xx_totem_1.dds
101.07.23 16:01 B S:\Brent\Alphav0.006\DATA\LEVELS\LEV1\TEXTURES\on_lev_20xx_treebark.dds --> ftp.saffire.com /Builds/PC Retail/alpha/Alphav0.006/DATA/LEVELS/LEV1/TEXTURES on_lev_20xx_treebark.dds
101.07.23 16:01 B S:\Brent\Alphav0.006\DATA\LEVELS\LEV1\TEXTURES\on_lev_20xx_treebark_2.dds --> ftp.saffire.com /Builds/PC Retail/alpha/Alphav0.006/DATA/LEVELS/LEV1/TEXTURES on_lev_20xx_treebark_2.dds
101.07.23 16:01 B S:\Brent\Alphav0.006\DATA\LEVELS\LEV1\TEXTURES\on_lev_20xx_treetop_1.dds --> ftp.saffire.com /Builds/PC Retail/alpha/Alphav0.006/DATA/LEVELS/LEV1/TEXTURES on_lev_20xx_treetop_1.dds
101.07.23 16:01 B S:\Brent\Alphav0.006\DATA\LEVELS\LEV1\TEXTURES\on_lev_20xx_treetrunk_1.dds --> ftp.saffire.com /Builds/PC Retail/alpha/Alphav0.006/DATA/LEVELS/LEV1/TEXTURES on_lev_20xx_treetrunk_1.dds
101.07.23 16:01 B S:\Brent\Alphav0.006\DATA\LEVELS\LEV1\TEXTURES\on_lev_20xx_treetrunk_2.dds --> ftp.saffire.com /Builds/PC Retail/alpha/Alphav0.006/DATA/LEVELS/LEV1/TEXTURES on_lev_20xx_treetrunk_2.dds
101.07.23 16:01 B S:\Brent\Alphav0.006\DATA\LEVELS\LEV1\TEXTURES\on_lev_20xx_vil_wal.dds --> ftp.saffire.com /Builds/PC Retail/alpha/Alphav0.006/DATA/LEVELS/LEV1/TEXTURES on_lev_20xx_vil_wal.dds
101.07.23 16:01 B S:\Brent\Alphav0.006\DATA\LEVELS\LEV1\TEXTURES\on_lev_20xx_vil_wal2.dds --> ftp.saffire.com /Builds/PC Retail/alpha/Alphav0.006/DATA/LEVELS/LEV1/TEXTURES on_lev_20xx_vil_wal2.dds
101.07.23 16:01 B S:\Brent\Alphav0.006\DATA\LEVELS\LEV1\TEXTURES\on_lev_20xx_vill_floor.dds --> ftp.saffire.com /Builds/PC Retail/alpha/Alphav0.006/DATA/LEVELS/LEV1/TEXTURES on_lev_20xx_vill_floor.dds
101.07.23 16:01 B S:\Brent\Alphav0.006\DATA\LEVELS\LEV1\TEXTURES\on_lev_20xx_vill_floor_grd_tran.dds --> ftp.saffire.com /Builds/PC Retail/alpha/Alphav0.006/DATA/LEVELS/LEV1/TEXTURES on_lev_20xx_vill_floor_grd_tran.dds
101.07.23 16:01 B S:\Brent\Alphav0.006\DATA\LEVELS\LEV1\TEXTURES\on_lev_20xx_vill_floor_tile_var.dds --> ftp.saffire.com /Builds/PC Retail/alpha/Alphav0.006/DATA/LEVELS/LEV1/TEXTURES on_lev_20xx_vill_floor_tile_var.dds
101.07.23 16:01 B S:\Brent\Alphav0.006\DATA\LEVELS\LEV1\TEXTURES\on_lev_20xx_vill_flr_brn.dds --> ftp.saffire.com /Builds/PC Retail/alpha/Alphav0.006/DATA/LEVELS/LEV1/TEXTURES on_lev_20xx_vill_flr_brn.dds
101.07.23 16:02 B S:\Brent\Alphav0.006\DATA\LEVELS\LEV1\TEXTURES\on_lev_20xx_villcave5.dds --> ftp.saffire.com /Builds/PC Retail/alpha/Alphav0.006/DATA/LEVELS/LEV1/TEXTURES on_lev_20xx_villcave5.dds
101.07.23 16:02 B S:\Brent\Alphav0.006\DATA\LEVELS\LEV1\TEXTURES\on_lev_20xx_villhoustex.dds --> ftp.saffire.com /Builds/PC Retail/alpha/Alphav0.006/DATA/LEVELS/LEV1/TEXTURES on_lev_20xx_villhoustex.dds
101.07.23 16:02 B S:\Brent\Alphav0.006\DATA\LEVELS\LEV1\TEXTURES\on_lev_20xx_villhoustex_big.dds --> ftp.saffire.com /Builds/PC Retail/alpha/Alphav0.006/DATA/LEVELS/LEV1/TEXTURES on_lev_20xx_villhoustex_big.dds
101.07.23 16:02 B S:\Brent\Alphav0.006\DATA\LEVELS\LEV1\TEXTURES\on_lev_20xx_vine_glyph_1.dds --> ftp.saffire.com /Builds/PC Retail/alpha/Alphav0.006/DATA/LEVELS/LEV1/TEXTURES on_lev_20xx_vine_glyph_1.dds
101.07.23 16:02 B S:\Brent\Alphav0.006\DATA\LEVELS\LEV1\TEXTURES\on_lev_20xx_walkway_1.dds --> ftp.saffire.com /Builds/PC Retail/alpha/Alphav0.006/DATA/LEVELS/LEV1/TEXTURES on_lev_20xx_walkway_1.dds
101.07.23 16:02 B S:\Brent\Alphav0.006\DATA\LEVELS\LEV1\TEXTURES\on_lev_20xx_walkway_base_1.dds --> ftp.saffire.com /Builds/PC Retail/alpha/Alphav0.006/DATA/LEVELS/LEV1/TEXTURES on_lev_20xx_walkway_base_1.dds
101.07.23 16:02 B S:\Brent\Alphav0.006\DATA\LEVELS\LEV1\TEXTURES\on_lev_20xx_window_3.dds --> ftp.saffire.com /Builds/PC Retail/alpha/Alphav0.006/DATA/LEVELS/LEV1/TEXTURES on_lev_20xx_window_3.dds
101.07.23 16:02 B S:\Brent\Alphav0.006\DATA\LEVELS\LEV1\TEXTURES\on_lev_21xx_ocean_wtr.dds --> ftp.saffire.com /Builds/PC Retail/alpha/Alphav0.006/DATA/LEVELS/LEV1/TEXTURES on_lev_21xx_ocean_wtr.dds
101.07.23 16:02 B S:\Brent\Alphav0.006\DATA\LEVELS\LEV1\TEXTURES\on_lev_21xx_river_1.dds --> ftp.saffire.com /Builds/PC Retail/alpha/Alphav0.006/DATA/LEVELS/LEV1/TEXTURES on_lev_21xx_river_1.dds
101.07.23 16:02 B S:\Brent\Alphav0.006\DATA\LEVELS\LEV1\TEXTURES\on_lev_21xx_river_bottom_1.dds --> ftp.saffire.com /Builds/PC Retail/alpha/Alphav0.006/DATA/LEVELS/LEV1/TEXTURES on_lev_21xx_river_bottom_1.dds
101.07.23 16:02 B S:\Brent\Alphav0.006\DATA\LEVELS\LEV1\TEXTURES\on_lev_21xx_river_lft.dds --> ftp.saffire.com /Builds/PC Retail/alpha/Alphav0.006/DATA/LEVELS/LEV1/TEXTURES on_lev_21xx_river_lft.dds
101.07.23 16:02 B S:\Brent\Alphav0.006\DATA\LEVELS\LEV1\TEXTURES\on_lev_21xx_river_rt.dds --> ftp.saffire.com /Builds/PC Retail/alpha/Alphav0.006/DATA/LEVELS/LEV1/TEXTURES on_lev_21xx_river_rt.dds
101.07.23 16:02 B S:\Brent\Alphav0.006\DATA\LEVELS\LEV1\TEXTURES\on_lev_21xx_river_waterfall_trans_1.dds --> ftp.saffire.com /Builds/PC Retail/alpha/Alphav0.006/DATA/LEVELS/LEV1/TEXTURES on_lev_21xx_river_waterfall_trans_1.dds
101.07.23 16:02 B S:\Brent\Alphav0.006\DATA\LEVELS\LEV1\TEXTURES\on_lev_21xx_river_waterfall_trans_2.dds --> ftp.saffire.com /Builds/PC Retail/alpha/Alphav0.006/DATA/LEVELS/LEV1/TEXTURES on_lev_21xx_river_waterfall_trans_2.dds
101.07.23 16:02 B S:\Brent\Alphav0.006\DATA\LEVELS\LEV1\TEXTURES\on_lev_21xx_rvr_wtr.dds --> ftp.saffire.com /Builds/PC Retail/alpha/Alphav0.006/DATA/LEVELS/LEV1/TEXTURES on_lev_21xx_rvr_wtr.dds
101.07.23 16:02 B S:\Brent\Alphav0.006\DATA\LEVELS\LEV1\TEXTURES\on_lev_21xx_rvr_wtr_trans.dds --> ftp.saffire.com /Builds/PC Retail/alpha/Alphav0.006/DATA/LEVELS/LEV1/TEXTURES on_lev_21xx_rvr_wtr_trans.dds
101.07.23 16:02 B S:\Brent\Alphav0.006\DATA\LEVELS\LEV1\TEXTURES\on_lev_21xx_water1.dds --> ftp.saffire.com /Builds/PC Retail/alpha/Alphav0.006/DATA/LEVELS/LEV1/TEXTURES on_lev_21xx_water1.dds
101.07.23 16:02 B S:\Brent\Alphav0.006\DATA\LEVELS\LEV1\TEXTURES\on_lev_21xx_water_4.dds --> ftp.saffire.com /Builds/PC Retail/alpha/Alphav0.006/DATA/LEVELS/LEV1/TEXTURES on_lev_21xx_water_4.dds
101.07.23 16:02 B S:\Brent\Alphav0.006\DATA\LEVELS\LEV1\TEXTURES\on_lev_21xx_water_400.dds --> ftp.saffire.com /Builds/PC Retail/alpha/Alphav0.006/DATA/LEVELS/LEV1/TEXTURES on_lev_21xx_water_400.dds
101.07.23 16:02 B S:\Brent\Alphav0.006\DATA\LEVELS\LEV1\TEXTURES\on_lev_21xx_water_401.dds --> ftp.saffire.com /Builds/PC Retail/alpha/Alphav0.006/DATA/LEVELS/LEV1/TEXTURES on_lev_21xx_water_401.dds
101.07.23 16:02 B S:\Brent\Alphav0.006\DATA\LEVELS\LEV1\TEXTURES\on_lev_21xx_water_402.dds --> ftp.saffire.com /Builds/PC Retail/alpha/Alphav0.006/DATA/LEVELS/LEV1/TEXTURES on_lev_21xx_water_402.dds
101.07.23 16:02 B S:\Brent\Alphav0.006\DATA\LEVELS\LEV1\TEXTURES\on_lev_21xx_water_403.dds --> ftp.saffire.com /Builds/PC Retail/alpha/Alphav0.006/DATA/LEVELS/LEV1/TEXTURES on_lev_21xx_water_403.dds
101.07.23 16:02 B S:\Brent\Alphav0.006\DATA\LEVELS\LEV1\TEXTURES\on_lev_21xx_water_404.dds --> ftp.saffire.com /Builds/PC Retail/alpha/Alphav0.006/DATA/LEVELS/LEV1/TEXTURES on_lev_21xx_water_404.dds
101.07.23 16:02 B S:\Brent\Alphav0.006\DATA\LEVELS\LEV1\TEXTURES\on_lev_21xx_water_405.dds --> ftp.saffire.com /Builds/PC Retail/alpha/Alphav0.006/DATA/LEVELS/LEV1/TEXTURES on_lev_21xx_water_405.dds
101.07.23 16:02 B S:\Brent\Alphav0.006\DATA\LEVELS\LEV1\TEXTURES\on_lev_21xx_water_406.dds --> ftp.saffire.com /Builds/PC Retail/alpha/Alphav0.006/DATA/LEVELS/LEV1/TEXTURES on_lev_21xx_water_406.dds
101.07.23 16:02 B S:\Brent\Alphav0.006\DATA\LEVELS\LEV1\TEXTURES\on_lev_21xx_water_407.dds --> ftp.saffire.com /Builds/PC Retail/alpha/Alphav0.006/DATA/LEVELS/LEV1/TEXTURES on_lev_21xx_water_407.dds
101.07.23 16:02 B S:\Brent\Alphav0.006\DATA\LEVELS\LEV1\TEXTURES\on_lev_21xx_water_408.dds --> ftp.saffire.com /Builds/PC Retail/alpha/Alphav0.006/DATA/LEVELS/LEV1/TEXTURES on_lev_21xx_water_408.dds
101.07.23 16:02 B S:\Brent\Alphav0.006\DATA\LEVELS\LEV1\TEXTURES\on_lev_21xx_water_409.dds --> ftp.saffire.com /Builds/PC Retail/alpha/Alphav0.006/DATA/LEVELS/LEV1/TEXTURES on_lev_21xx_water_409.dds
101.07.23 16:02 B S:\Brent\Alphav0.006\DATA\LEVELS\LEV1\TEXTURES\on_lev_21xx_water_410.dds --> ftp.saffire.com /Builds/PC Retail/alpha/Alphav0.006/DATA/LEVELS/LEV1/TEXTURES on_lev_21xx_water_410.dds
101.07.23 16:02 B S:\Brent\Alphav0.006\DATA\LEVELS\LEV1\TEXTURES\on_lev_21xx_water_411.dds --> ftp.saffire.com /Builds/PC Retail/alpha/Alphav0.006/DATA/LEVELS/LEV1/TEXTURES on_lev_21xx_water_411.dds
101.07.23 16:02 B S:\Brent\Alphav0.006\DATA\LEVELS\LEV1\TEXTURES\on_lev_21xx_water_412.dds --> ftp.saffire.com /Builds/PC Retail/alpha/Alphav0.006/DATA/LEVELS/LEV1/TEXTURES on_lev_21xx_water_412.dds
101.07.23 16:02 B S:\Brent\Alphav0.006\DATA\LEVELS\LEV1\TEXTURES\on_lev_21xx_water_413.dds --> ftp.saffire.com /Builds/PC Retail/alpha/Alphav0.006/DATA/LEVELS/LEV1/TEXTURES on_lev_21xx_water_413.dds
101.07.23 16:02 B S:\Brent\Alphav0.006\DATA\LEVELS\LEV1\TEXTURES\on_lev_21xx_water_414.dds --> ftp.saffire.com /Builds/PC Retail/alpha/Alphav0.006/DATA/LEVELS/LEV1/TEXTURES on_lev_21xx_water_414.dds
101.07.23 16:02 B S:\Brent\Alphav0.006\DATA\LEVELS\LEV1\TEXTURES\on_lev_21xx_water_415.dds --> ftp.saffire.com /Builds/PC Retail/alpha/Alphav0.006/DATA/LEVELS/LEV1/TEXTURES on_lev_21xx_water_415.dds
101.07.23 16:02 B S:\Brent\Alphav0.006\DATA\LEVELS\LEV1\TEXTURES\on_lev_21xx_water_416.dds --> ftp.saffire.com /Builds/PC Retail/alpha/Alphav0.006/DATA/LEVELS/LEV1/TEXTURES on_lev_21xx_water_416.dds
101.07.23 16:02 B S:\Brent\Alphav0.006\DATA\LEVELS\LEV1\TEXTURES\on_lev_21xx_water_417.dds --> ftp.saffire.com /Builds/PC Retail/alpha/Alphav0.006/DATA/LEVELS/LEV1/TEXTURES on_lev_21xx_water_417.dds
101.07.23 16:02 B S:\Brent\Alphav0.006\DATA\LEVELS\LEV1\TEXTURES\on_lev_21xx_water_418.dds --> ftp.saffire.com /Builds/PC Retail/alpha/Alphav0.006/DATA/LEVELS/LEV1/TEXTURES on_lev_21xx_water_418.dds
101.07.23 16:02 B S:\Brent\Alphav0.006\DATA\LEVELS\LEV1\TEXTURES\on_lev_21xx_water_419.dds --> ftp.saffire.com /Builds/PC Retail/alpha/Alphav0.006/DATA/LEVELS/LEV1/TEXTURES on_lev_21xx_water_419.dds
101.07.23 16:02 B S:\Brent\Alphav0.006\DATA\LEVELS\LEV1\TEXTURES\on_lev_21xx_water_420.dds --> ftp.saffire.com /Builds/PC Retail/alpha/Alphav0.006/DATA/LEVELS/LEV1/TEXTURES on_lev_21xx_water_420.dds
101.07.23 16:02 B S:\Brent\Alphav0.006\DATA\LEVELS\LEV1\TEXTURES\on_lev_21xx_water_421.dds --> ftp.saffire.com /Builds/PC Retail/alpha/Alphav0.006/DATA/LEVELS/LEV1/TEXTURES on_lev_21xx_water_421.dds
101.07.23 16:02 B S:\Brent\Alphav0.006\DATA\LEVELS\LEV1\TEXTURES\on_lev_21xx_water_422.dds --> ftp.saffire.com /Builds/PC Retail/alpha/Alphav0.006/DATA/LEVELS/LEV1/TEXTURES on_lev_21xx_water_422.dds
101.07.23 16:02 B S:\Brent\Alphav0.006\DATA\LEVELS\LEV1\TEXTURES\on_lev_21xx_water_423.dds --> ftp.saffire.com /Builds/PC Retail/alpha/Alphav0.006/DATA/LEVELS/LEV1/TEXTURES on_lev_21xx_water_423.dds
101.07.23 16:02 B S:\Brent\Alphav0.006\DATA\LEVELS\LEV1\TEXTURES\on_lev_21xx_water_424.dds --> ftp.saffire.com /Builds/PC Retail/alpha/Alphav0.006/DATA/LEVELS/LEV1/TEXTURES on_lev_21xx_water_424.dds
101.07.23 16:02 B S:\Brent\Alphav0.006\DATA\LEVELS\LEV1\TEXTURES\on_lev_21xx_water_425.dds --> ftp.saffire.com /Builds/PC Retail/alpha/Alphav0.006/DATA/LEVELS/LEV1/TEXTURES on_lev_21xx_water_425.dds
101.07.23 16:02 B S:\Brent\Alphav0.006\DATA\LEVELS\LEV1\TEXTURES\on_lev_21xx_water_426.dds --> ftp.saffire.com /Builds/PC Retail/alpha/Alphav0.006/DATA/LEVELS/LEV1/TEXTURES on_lev_21xx_water_426.dds
101.07.23 16:02 B S:\Brent\Alphav0.006\DATA\LEVELS\LEV1\TEXTURES\on_lev_21xx_water_427.dds --> ftp.saffire.com /Builds/PC Retail/alpha/Alphav0.006/DATA/LEVELS/LEV1/TEXTURES on_lev_21xx_water_427.dds
101.07.23 16:02 B S:\Brent\Alphav0.006\DATA\LEVELS\LEV1\TEXTURES\on_lev_21xx_water_428.dds --> ftp.saffire.com /Builds/PC Retail/alpha/Alphav0.006/DATA/LEVELS/LEV1/TEXTURES on_lev_21xx_water_428.dds
101.07.23 16:02 B S:\Brent\Alphav0.006\DATA\LEVELS\LEV1\TEXTURES\on_lev_21xx_water_429.dds --> ftp.saffire.com /Builds/PC Retail/alpha/Alphav0.006/DATA/LEVELS/LEV1/TEXTURES on_lev_21xx_water_429.dds
101.07.23 16:02 B S:\Brent\Alphav0.006\DATA\LEVELS\LEV1\TEXTURES\on_lev_21xx_water_430.dds --> ftp.saffire.com /Builds/PC Retail/alpha/Alphav0.006/DATA/LEVELS/LEV1/TEXTURES on_lev_21xx_water_430.dds
101.07.23 16:02 B S:\Brent\Alphav0.006\DATA\LEVELS\LEV1\TEXTURES\on_lev_21xx_water_431.dds --> ftp.saffire.com /Builds/PC Retail/alpha/Alphav0.006/DATA/LEVELS/LEV1/TEXTURES on_lev_21xx_water_431.dds
101.07.23 16:02 B S:\Brent\Alphav0.006\DATA\LEVELS\LEV1\TEXTURES\on_lev_21xx_waterfall_foam_trans_2.dds --> ftp.saffire.com /Builds/PC Retail/alpha/Alphav0.006/DATA/LEVELS/LEV1/TEXTURES on_lev_21xx_waterfall_foam_trans_2.dds
101.07.23 16:02 B S:\Brent\Alphav0.006\DATA\LEVELS\LEV1\TEXTURES\on_lev_21xx_waterfall_new_1.dds --> ftp.saffire.com /Builds/PC Retail/alpha/Alphav0.006/DATA/LEVELS/LEV1/TEXTURES on_lev_21xx_waterfall_new_1.dds
101.07.23 16:02 B S:\Brent\Alphav0.006\DATA\LEVELS\LEV1\TEXTURES\on_lev_34xx_lightshaft.dds --> ftp.saffire.com /Builds/PC Retail/alpha/Alphav0.006/DATA/LEVELS/LEV1/TEXTURES on_lev_34xx_lightshaft.dds
101.07.23 16:02 B S:\Brent\Alphav0.006\DATA\LEVELS\LEV1\TEXTURES\on_obj_10xx_light_1.dds --> ftp.saffire.com /Builds/PC Retail/alpha/Alphav0.006/DATA/LEVELS/LEV1/TEXTURES on_obj_10xx_light_1.dds
101.07.23 16:02 B S:\Brent\Alphav0.006\DATA\LEVELS\LEV1\TEXTURES\on_obj_10xx_marker_1.dds --> ftp.saffire.com /Builds/PC Retail/alpha/Alphav0.006/DATA/LEVELS/LEV1/TEXTURES on_obj_10xx_marker_1.dds
101.07.23 16:02 B S:\Brent\Alphav0.006\DATA\LEVELS\LEV1\TEXTURES\on_obj_20xx_blue_crystal_1.dds --> ftp.saffire.com /Builds/PC Retail/alpha/Alphav0.006/DATA/LEVELS/LEV1/TEXTURES on_obj_20xx_blue_crystal_1.dds
101.07.23 16:02 B S:\Brent\Alphav0.006\DATA\LEVELS\LEV1\TEXTURES\on_obj_20xx_green_crystal_1.dds --> ftp.saffire.com /Builds/PC Retail/alpha/Alphav0.006/DATA/LEVELS/LEV1/TEXTURES on_obj_20xx_green_crystal_1.dds
101.07.23 16:02 B S:\Brent\Alphav0.006\DATA\LEVELS\LEV1\TEXTURES\on_obj_20xx_large_leaf.dds --> ftp.saffire.com /Builds/PC Retail/alpha/Alphav0.006/DATA/LEVELS/LEV1/TEXTURES on_obj_20xx_large_leaf.dds
101.07.23 16:02 B S:\Brent\Alphav0.006\DATA\LEVELS\LEV1\TEXTURES\on_obj_20xx_mmdoor.dds --> ftp.saffire.com /Builds/PC Retail/alpha/Alphav0.006/DATA/LEVELS/LEV1/TEXTURES on_obj_20xx_mmdoor.dds
101.07.23 16:02 B S:\Brent\Alphav0.006\DATA\LEVELS\LEV1\TEXTURES\on_obj_20xx_mudball_glyph_1.dds --> ftp.saffire.com /Builds/PC Retail/alpha/Alphav0.006/DATA/LEVELS/LEV1/TEXTURES on_obj_20xx_mudball_glyph_1.dds
101.07.23 16:02 B S:\Brent\Alphav0.006\DATA\LEVELS\LEV1\TEXTURES\on_obj_20xx_mudsphere_glyph_1.dds --> ftp.saffire.com /Builds/PC Retail/alpha/Alphav0.006/DATA/LEVELS/LEV1/TEXTURES on_obj_20xx_mudsphere_glyph_1.dds
101.07.23 16:02 B S:\Brent\Alphav0.006\DATA\LEVELS\LEV1\TEXTURES\on_obj_20xx_palm_bark_1.dds --> ftp.saffire.com /Builds/PC Retail/alpha/Alphav0.006/DATA/LEVELS/LEV1/TEXTURES on_obj_20xx_palm_bark_1.dds
101.07.23 16:02 B S:\Brent\Alphav0.006\DATA\LEVELS\LEV1\TEXTURES\on_obj_20xx_palm_bark_2.dds --> ftp.saffire.com /Builds/PC Retail/alpha/Alphav0.006/DATA/LEVELS/LEV1/TEXTURES on_obj_20xx_palm_bark_2.dds
101.07.23 16:02 B S:\Brent\Alphav0.006\DATA\LEVELS\LEV1\TEXTURES\on_obj_20xx_palm_bark_3.dds --> ftp.saffire.com /Builds/PC Retail/alpha/Alphav0.006/DATA/LEVELS/LEV1/TEXTURES on_obj_20xx_palm_bark_3.dds
101.07.23 16:02 B S:\Brent\Alphav0.006\DATA\LEVELS\LEV1\TEXTURES\on_obj_20xx_palm_bark_4.dds --> ftp.saffire.com /Builds/PC Retail/alpha/Alphav0.006/DATA/LEVELS/LEV1/TEXTURES on_obj_20xx_palm_bark_4.dds
101.07.23 16:02 B S:\Brent\Alphav0.006\DATA\LEVELS\LEV1\TEXTURES\on_obj_20xx_palm_leaf.dds --> ftp.saffire.com /Builds/PC Retail/alpha/Alphav0.006/DATA/LEVELS/LEV1/TEXTURES on_obj_20xx_palm_leaf.dds
101.07.23 16:02 B S:\Brent\Alphav0.006\DATA\LEVELS\LEV1\TEXTURES\on_obj_20xx_palm_leaf_2.dds --> ftp.saffire.com /Builds/PC Retail/alpha/Alphav0.006/DATA/LEVELS/LEV1/TEXTURES on_obj_20xx_palm_leaf_2.dds
101.07.23 16:02 B S:\Brent\Alphav0.006\DATA\LEVELS\LEV1\TEXTURES\on_obj_20xx_palm_leaf_3.dds --> ftp.saffire.com /Builds/PC Retail/alpha/Alphav0.006/DATA/LEVELS/LEV1/TEXTURES on_obj_20xx_palm_leaf_3.dds
101.07.23 16:02 B S:\Brent\Alphav0.006\DATA\LEVELS\LEV1\TEXTURES\on_obj_20xx_palm_leaf_5.dds --> ftp.saffire.com /Builds/PC Retail/alpha/Alphav0.006/DATA/LEVELS/LEV1/TEXTURES on_obj_20xx_palm_leaf_5.dds
101.07.23 16:02 B S:\Brent\Alphav0.006\DATA\LEVELS\LEV1\TEXTURES\on_obj_20xx_palm_leaf_6.dds --> ftp.saffire.com /Builds/PC Retail/alpha/Alphav0.006/DATA/LEVELS/LEV1/TEXTURES on_obj_20xx_palm_leaf_6.dds
101.07.23 16:02 B S:\Brent\Alphav0.006\DATA\LEVELS\LEV1\TEXTURES\on_obj_20xx_rock_1.dds --> ftp.saffire.com /Builds/PC Retail/alpha/Alphav0.006/DATA/LEVELS/LEV1/TEXTURES on_obj_20xx_rock_1.dds
101.07.23 16:02 B S:\Brent\Alphav0.006\DATA\LEVELS\LEV1\TEXTURES\on_obj_20xx_shrine_pattern.dds --> ftp.saffire.com /Builds/PC Retail/alpha/Alphav0.006/DATA/LEVELS/LEV1/TEXTURES on_obj_20xx_shrine_pattern.dds
101.07.23 16:02 B S:\Brent\Alphav0.006\DATA\LEVELS\LEV1\TEXTURES\on_obj_20xx_shrine_pattern_2.dds --> ftp.saffire.com /Builds/PC Retail/alpha/Alphav0.006/DATA/LEVELS/LEV1/TEXTURES on_obj_20xx_shrine_pattern_2.dds
101.07.23 16:02 B S:\Brent\Alphav0.006\DATA\LEVELS\LEV1\TEXTURES\on_obj_20xx_shrine_top_3.dds --> ftp.saffire.com /Builds/PC Retail/alpha/Alphav0.006/DATA/LEVELS/LEV1/TEXTURES on_obj_20xx_shrine_top_3.dds
101.07.23 16:02 B S:\Brent\Alphav0.006\DATA\LEVELS\LEV1\TEXTURES\on_obj_20xx_stalag_wrp.dds --> ftp.saffire.com /Builds/PC Retail/alpha/Alphav0.006/DATA/LEVELS/LEV1/TEXTURES on_obj_20xx_stalag_wrp.dds
101.07.23 16:02 B S:\Brent\Alphav0.006\DATA\LEVELS\LEV1\TEXTURES\on_obj_20xx_stalagmite_1.dds --> ftp.saffire.com /Builds/PC Retail/alpha/Alphav0.006/DATA/LEVELS/LEV1/TEXTURES on_obj_20xx_stalagmite_1.dds
101.07.23 16:02 B S:\Brent\Alphav0.006\DATA\LEVELS\LEV1\TEXTURES\on_obj_20xx_stalagmite_3.dds --> ftp.saffire.com /Builds/PC Retail/alpha/Alphav0.006/DATA/LEVELS/LEV1/TEXTURES on_obj_20xx_stalagmite_3.dds
101.07.23 16:02 B S:\Brent\Alphav0.006\DATA\LEVELS\LEV1\TEXTURES\on_obj_20xx_stepon_switch_1.dds --> ftp.saffire.com /Builds/PC Retail/alpha/Alphav0.006/DATA/LEVELS/LEV1/TEXTURES on_obj_20xx_stepon_switch_1.dds
101.07.23 16:02 B S:\Brent\Alphav0.006\DATA\LEVELS\LEV1\TEXTURES\on_obj_20xx_toa_tumble_switch_1.dds --> ftp.saffire.com /Builds/PC Retail/alpha/Alphav0.006/DATA/LEVELS/LEV1/TEXTURES on_obj_20xx_toa_tumble_switch_1.dds
101.07.23 16:02 B S:\Brent\Alphav0.006\DATA\LEVELS\LEV1\TEXTURES\on_obj_20xx_treebarkbtm.dds --> ftp.saffire.com /Builds/PC Retail/alpha/Alphav0.006/DATA/LEVELS/LEV1/TEXTURES on_obj_20xx_treebarkbtm.dds
101.07.23 16:02 B S:\Brent\Alphav0.006\DATA\LEVELS\LEV1\TEXTURES\on_obj_20xx_window.dds --> ftp.saffire.com /Builds/PC Retail/alpha/Alphav0.006/DATA/LEVELS/LEV1/TEXTURES on_obj_20xx_window.dds
101.07.23 16:02 B S:\Brent\Alphav0.006\DATA\LEVELS\LEV1\TEXTURES\on_obj_20xx_yellow_crystal_1.dds --> ftp.saffire.com /Builds/PC Retail/alpha/Alphav0.006/DATA/LEVELS/LEV1/TEXTURES on_obj_20xx_yellow_crystal_1.dds
101.07.23 16:02 B S:\Brent\Alphav0.006\DATA\LEVELS\LEV1\TEXTURES\on_obj_31xx_mus_1.dds --> ftp.saffire.com /Builds/PC Retail/alpha/Alphav0.006/DATA/LEVELS/LEV1/TEXTURES on_obj_31xx_mus_1.dds
101.07.23 16:02 B S:\Brent\Alphav0.006\DATA\LEVELS\LEV1\TEXTURES\on_obj_31xx_mus_2.dds --> ftp.saffire.com /Builds/PC Retail/alpha/Alphav0.006/DATA/LEVELS/LEV1/TEXTURES on_obj_31xx_mus_2.dds
101.07.23 16:02 B S:\Brent\Alphav0.006\DATA\LEVELS\LEV1\TEXTURES\on_obj_31xx_mus_3.dds --> ftp.saffire.com /Builds/PC Retail/alpha/Alphav0.006/DATA/LEVELS/LEV1/TEXTURES on_obj_31xx_mus_3.dds
101.07.23 16:02 B S:\Brent\Alphav0.006\DATA\LEVELS\LEV1\TEXTURES\on_obj_31xx_spider_web_1.dds --> ftp.saffire.com /Builds/PC Retail/alpha/Alphav0.006/DATA/LEVELS/LEV1/TEXTURES on_obj_31xx_spider_web_1.dds
101.07.23 16:02 B S:\Brent\Alphav0.006\DATA\LEVELS\LEV1\TEXTURES\on_obj_31xx_treeshag_2.dds --> ftp.saffire.com /Builds/PC Retail/alpha/Alphav0.006/DATA/LEVELS/LEV1/TEXTURES on_obj_31xx_treeshag_2.dds
101.07.23 16:02 B S:\Brent\Alphav0.006\DATA\LEVELS\LEV1\TEXTURES\ONUA.DDS --> ftp.saffire.com /Builds/PC Retail/alpha/Alphav0.006/DATA/LEVELS/LEV1/TEXTURES ONUA.DDS
101.07.23 16:02 B S:\Brent\Alphav0.006\DATA\LEVELS\LEV1\TEXTURES\onua_claws.dds --> ftp.saffire.com /Builds/PC Retail/alpha/Alphav0.006/DATA/LEVELS/LEV1/TEXTURES onua_claws.dds
101.07.23 16:02 B S:\Brent\Alphav0.006\DATA\LEVELS\LEV1\TEXTURES\onuasky01b.dds --> ftp.saffire.com /Builds/PC Retail/alpha/Alphav0.006/DATA/LEVELS/LEV1/TEXTURES onuasky01b.dds
101.07.23 16:02 B S:\Brent\Alphav0.006\DATA\LEVELS\LEV1\TEXTURES\onuasky02.dds --> ftp.saffire.com /Builds/PC Retail/alpha/Alphav0.006/DATA/LEVELS/LEV1/TEXTURES onuasky02.dds
101.07.23 16:02 B S:\Brent\Alphav0.006\DATA\LEVELS\LEV1\TEXTURES\onuasky03.dds --> ftp.saffire.com /Builds/PC Retail/alpha/Alphav0.006/DATA/LEVELS/LEV1/TEXTURES onuasky03.dds
101.07.23 16:02 B S:\Brent\Alphav0.006\DATA\LEVELS\LEV1\TEXTURES\ONUASKY4.DDS --> ftp.saffire.com /Builds/PC Retail/alpha/Alphav0.006/DATA/LEVELS/LEV1/TEXTURES ONUASKY4.DDS
101.07.23 16:02 B S:\Brent\Alphav0.006\DATA\LEVELS\LEV1\TEXTURES\po_lev_10xx_Cavefloor.dds --> ftp.saffire.com /Builds/PC Retail/alpha/Alphav0.006/DATA/LEVELS/LEV1/TEXTURES po_lev_10xx_Cavefloor.dds
101.07.23 16:02 B S:\Brent\Alphav0.006\DATA\LEVELS\LEV1\TEXTURES\po_lev_10xx_Cavewallfloor_Trans.dds --> ftp.saffire.com /Builds/PC Retail/alpha/Alphav0.006/DATA/LEVELS/LEV1/TEXTURES po_lev_10xx_Cavewallfloor_Trans.dds
101.07.23 16:02 B S:\Brent\Alphav0.006\DATA\LEVELS\LEV1\TEXTURES\po_lev_10xx_Dirt2.dds --> ftp.saffire.com /Builds/PC Retail/alpha/Alphav0.006/DATA/LEVELS/LEV1/TEXTURES po_lev_10xx_Dirt2.dds
101.07.23 16:02 B S:\Brent\Alphav0.006\DATA\LEVELS\LEV1\TEXTURES\po_lev_10xx_Dirt2stripe.dds --> ftp.saffire.com /Builds/PC Retail/alpha/Alphav0.006/DATA/LEVELS/LEV1/TEXTURES po_lev_10xx_Dirt2stripe.dds
101.07.23 16:02 B S:\Brent\Alphav0.006\DATA\LEVELS\LEV1\TEXTURES\po_lev_10xx_rockwall03.dds --> ftp.saffire.com /Builds/PC Retail/alpha/Alphav0.006/DATA/LEVELS/LEV1/TEXTURES po_lev_10xx_rockwall03.dds
101.07.23 16:02 B S:\Brent\Alphav0.006\DATA\LEVELS\LEV1\TEXTURES\po_lev_10xx_rockwall4a.dds --> ftp.saffire.com /Builds/PC Retail/alpha/Alphav0.006/DATA/LEVELS/LEV1/TEXTURES po_lev_10xx_rockwall4a.dds
101.07.23 16:02 B S:\Brent\Alphav0.006\DATA\LEVELS\LEV1\TEXTURES\po_lev_10xx_rockwall4a_blend.dds --> ftp.saffire.com /Builds/PC Retail/alpha/Alphav0.006/DATA/LEVELS/LEV1/TEXTURES po_lev_10xx_rockwall4a_blend.dds
101.07.23 16:02 B S:\Brent\Alphav0.006\DATA\LEVELS\LEV1\TEXTURES\po_lev_10xx_rockwall4b.dds --> ftp.saffire.com /Builds/PC Retail/alpha/Alphav0.006/DATA/LEVELS/LEV1/TEXTURES po_lev_10xx_rockwall4b.dds
101.07.23 16:02 B S:\Brent\Alphav0.006\DATA\LEVELS\LEV1\TEXTURES\po_lev_10xx_rockwall4b_blend.dds --> ftp.saffire.com /Builds/PC Retail/alpha/Alphav0.006/DATA/LEVELS/LEV1/TEXTURES po_lev_10xx_rockwall4b_blend.dds
101.07.23 16:02 B S:\Brent\Alphav0.006\DATA\LEVELS\LEV1\TEXTURES\po_lev_10xx_rockwall4c.dds --> ftp.saffire.com /Builds/PC Retail/alpha/Alphav0.006/DATA/LEVELS/LEV1/TEXTURES po_lev_10xx_rockwall4c.dds
101.07.23 16:02 B S:\Brent\Alphav0.006\DATA\LEVELS\LEV1\TEXTURES\po_lev_10xx_rockwall4c_blend.dds --> ftp.saffire.com /Builds/PC Retail/alpha/Alphav0.006/DATA/LEVELS/LEV1/TEXTURES po_lev_10xx_rockwall4c_blend.dds
101.07.23 16:02 B S:\Brent\Alphav0.006\DATA\LEVELS\LEV1\TEXTURES\po_lev_10xx_rockwall4c_blend_Top.dds --> ftp.saffire.com /Builds/PC Retail/alpha/Alphav0.006/DATA/LEVELS/LEV1/TEXTURES po_lev_10xx_rockwall4c_blend_Top.dds
101.07.23 16:02 B S:\Brent\Alphav0.006\DATA\LEVELS\LEV1\TEXTURES\po_lev_10xx_rockwall4d.dds --> ftp.saffire.com /Builds/PC Retail/alpha/Alphav0.006/DATA/LEVELS/LEV1/TEXTURES po_lev_10xx_rockwall4d.dds
101.07.23 16:02 B S:\Brent\Alphav0.006\DATA\LEVELS\LEV1\TEXTURES\po_lev_10xx_rockwall4d_blend.dds --> ftp.saffire.com /Builds/PC Retail/alpha/Alphav0.006/DATA/LEVELS/LEV1/TEXTURES po_lev_10xx_rockwall4d_blend.dds
101.07.23 16:02 B S:\Brent\Alphav0.006\DATA\LEVELS\LEV1\TEXTURES\po_lev_10xx_rockwall4d_blend_Top.dds --> ftp.saffire.com /Builds/PC Retail/alpha/Alphav0.006/DATA/LEVELS/LEV1/TEXTURES po_lev_10xx_rockwall4d_blend_Top.dds
101.07.23 16:02 B S:\Brent\Alphav0.006\DATA\LEVELS\LEV1\TEXTURES\po_lev_10xx_rockwall4e.dds --> ftp.saffire.com /Builds/PC Retail/alpha/Alphav0.006/DATA/LEVELS/LEV1/TEXTURES po_lev_10xx_rockwall4e.dds
101.07.23 16:02 B S:\Brent\Alphav0.006\DATA\LEVELS\LEV1\TEXTURES\po_lev_10xx_Stonewall.dds --> ftp.saffire.com /Builds/PC Retail/alpha/Alphav0.006/DATA/LEVELS/LEV1/TEXTURES po_lev_10xx_Stonewall.dds
101.07.23 16:02 B S:\Brent\Alphav0.006\DATA\LEVELS\LEV1\TEXTURES\po_lev_10xx_Tigercave.dds --> ftp.saffire.com /Builds/PC Retail/alpha/Alphav0.006/DATA/LEVELS/LEV1/TEXTURES po_lev_10xx_Tigercave.dds
101.07.23 16:02 B S:\Brent\Alphav0.006\DATA\LEVELS\LEV1\TEXTURES\po_lev_10xx_tigercavedirt.dds --> ftp.saffire.com /Builds/PC Retail/alpha/Alphav0.006/DATA/LEVELS/LEV1/TEXTURES po_lev_10xx_tigercavedirt.dds
101.07.23 16:02 B S:\Brent\Alphav0.006\DATA\LEVELS\LEV1\TEXTURES\po_lev_10xx_tigercavedirt_trans.dds --> ftp.saffire.com /Builds/PC Retail/alpha/Alphav0.006/DATA/LEVELS/LEV1/TEXTURES po_lev_10xx_tigercavedirt_trans.dds
101.07.23 16:02 B S:\Brent\Alphav0.006\DATA\LEVELS\LEV1\TEXTURES\po_lev_10xx_villagehut.dds --> ftp.saffire.com /Builds/PC Retail/alpha/Alphav0.006/DATA/LEVELS/LEV1/TEXTURES po_lev_10xx_villagehut.dds
101.07.23 16:02 B S:\Brent\Alphav0.006\DATA\LEVELS\LEV1\TEXTURES\po_lev_10xx_villagehutdoor.dds --> ftp.saffire.com /Builds/PC Retail/alpha/Alphav0.006/DATA/LEVELS/LEV1/TEXTURES po_lev_10xx_villagehutdoor.dds
101.07.23 16:02 B S:\Brent\Alphav0.006\DATA\LEVELS\LEV1\TEXTURES\po_lev_10xx_villagehutwndw.dds --> ftp.saffire.com /Builds/PC Retail/alpha/Alphav0.006/DATA/LEVELS/LEV1/TEXTURES po_lev_10xx_villagehutwndw.dds
101.07.23 16:02 B S:\Brent\Alphav0.006\DATA\LEVELS\LEV1\TEXTURES\po_lev_10xx_waterfall.dds --> ftp.saffire.com /Builds/PC Retail/alpha/Alphav0.006/DATA/LEVELS/LEV1/TEXTURES po_lev_10xx_waterfall.dds
101.07.23 16:02 B S:\Brent\Alphav0.006\DATA\LEVELS\LEV1\TEXTURES\po_lev_10xx_waterfall_foam.dds --> ftp.saffire.com /Builds/PC Retail/alpha/Alphav0.006/DATA/LEVELS/LEV1/TEXTURES po_lev_10xx_waterfall_foam.dds
101.07.23 16:02 B S:\Brent\Alphav0.006\DATA\LEVELS\LEV1\TEXTURES\POHATU.DDS --> ftp.saffire.com /Builds/PC Retail/alpha/Alphav0.006/DATA/LEVELS/LEV1/TEXTURES POHATU.DDS
101.07.23 16:02 B S:\Brent\Alphav0.006\DATA\LEVELS\LEV1\TEXTURES\sphere_stone.dds --> ftp.saffire.com /Builds/PC Retail/alpha/Alphav0.006/DATA/LEVELS/LEV1/TEXTURES sphere_stone.dds
101.07.23 16:02 B S:\Brent\Alphav0.006\DATA\LEVELS\LEV1\TEXTURES\TAHU.DDS --> ftp.saffire.com /Builds/PC Retail/alpha/Alphav0.006/DATA/LEVELS/LEV1/TEXTURES TAHU.DDS
101.07.23 16:02 B S:\Brent\Alphav0.006\DATA\LEVELS\LEV1\TEXTURES\WATER2.DDS --> ftp.saffire.com /Builds/PC Retail/alpha/Alphav0.006/DATA/LEVELS/LEV1/TEXTURES WATER2.DDS
101.07.23 16:02 B S:\Brent\Alphav0.006\DATA\LEVELS\LEV1\TEXTURES\WAVYSAND.DDS --> ftp.saffire.com /Builds/PC Retail/alpha/Alphav0.006/DATA/LEVELS/LEV1/TEXTURES WAVYSAND.DDS
101.07.23 16:02 B S:\Brent\Alphav0.006\DATA\LEVELS\LEV1\TEXTURES\wavysand_trans.dds --> ftp.saffire.com /Builds/PC Retail/alpha/Alphav0.006/DATA/LEVELS/LEV1/TEXTURES wavysand_trans.dds
101.07.23 16:02 B S:\Brent\Alphav0.006\DATA\LEVELS\LEV1\TEXTURES\wh_cha_10xx_staff.dds --> ftp.saffire.com /Builds/PC Retail/alpha/Alphav0.006/DATA/LEVELS/LEV1/TEXTURES wh_cha_10xx_staff.dds
