101.07.23 16:00 B S:\Brent\Alphav0.006\DATA\LEVELS\LEV1\SCRP\XS\CAS0.X --> ftp.saffire.com /Builds/PC Retail/alpha/Alphav0.006/DATA/LEVELS/LEV1/SCRP/XS CAS0.X
101.07.23 16:00 B S:\Brent\Alphav0.006\DATA\LEVELS\LEV1\SCRP\XS\CAS1.X --> ftp.saffire.com /Builds/PC Retail/alpha/Alphav0.006/DATA/LEVELS/LEV1/SCRP/XS CAS1.X
101.07.23 16:00 B S:\Brent\Alphav0.006\DATA\LEVELS\LEV1\SCRP\XS\CAS2.X --> ftp.saffire.com /Builds/PC Retail/alpha/Alphav0.006/DATA/LEVELS/LEV1/SCRP/XS CAS2.X
101.07.23 16:00 B S:\Brent\Alphav0.006\DATA\LEVELS\LEV1\SCRP\XS\CAS3.X --> ftp.saffire.com /Builds/PC Retail/alpha/Alphav0.006/DATA/LEVELS/LEV1/SCRP/XS CAS3.X
101.07.23 16:00 B S:\Brent\Alphav0.006\DATA\LEVELS\LEV1\SCRP\XS\DISC.X --> ftp.saffire.com /Builds/PC Retail/alpha/Alphav0.006/DATA/LEVELS/LEV1/SCRP/XS DISC.X
101.07.23 16:00 B S:\Brent\Alphav0.006\DATA\LEVELS\LEV1\SCRP\XS\DS00.X --> ftp.saffire.com /Builds/PC Retail/alpha/Alphav0.006/DATA/LEVELS/LEV1/SCRP/XS DS00.X
101.07.23 16:00 B S:\Brent\Alphav0.006\DATA\LEVELS\LEV1\SCRP\XS\DS01.X --> ftp.saffire.com /Builds/PC Retail/alpha/Alphav0.006/DATA/LEVELS/LEV1/SCRP/XS DS01.X
101.07.23 16:01 B S:\Brent\Alphav0.006\DATA\LEVELS\LEV1\SCRP\XS\DS02.X --> ftp.saffire.com /Builds/PC Retail/alpha/Alphav0.006/DATA/LEVELS/LEV1/SCRP/XS DS02.X
101.07.23 16:01 B S:\Brent\Alphav0.006\DATA\LEVELS\LEV1\SCRP\XS\DS03.X --> ftp.saffire.com /Builds/PC Retail/alpha/Alphav0.006/DATA/LEVELS/LEV1/SCRP/XS DS03.X
101.07.23 16:01 B S:\Brent\Alphav0.006\DATA\LEVELS\LEV1\SCRP\XS\DS04.X --> ftp.saffire.com /Builds/PC Retail/alpha/Alphav0.006/DATA/LEVELS/LEV1/SCRP/XS DS04.X
101.07.23 16:01 B S:\Brent\Alphav0.006\DATA\LEVELS\LEV1\SCRP\XS\DS05.X --> ftp.saffire.com /Builds/PC Retail/alpha/Alphav0.006/DATA/LEVELS/LEV1/SCRP/XS DS05.X
101.07.23 16:01 B S:\Brent\Alphav0.006\DATA\LEVELS\LEV1\SCRP\XS\DS06.X --> ftp.saffire.com /Builds/PC Retail/alpha/Alphav0.006/DATA/LEVELS/LEV1/SCRP/XS DS06.X
101.07.23 16:01 B S:\Brent\Alphav0.006\DATA\LEVELS\LEV1\SCRP\XS\DS07.X --> ftp.saffire.com /Builds/PC Retail/alpha/Alphav0.006/DATA/LEVELS/LEV1/SCRP/XS DS07.X
101.07.23 16:01 B S:\Brent\Alphav0.006\DATA\LEVELS\LEV1\SCRP\XS\DS08.X --> ftp.saffire.com /Builds/PC Retail/alpha/Alphav0.006/DATA/LEVELS/LEV1/SCRP/XS DS08.X
101.07.23 16:01 B S:\Brent\Alphav0.006\DATA\LEVELS\LEV1\SCRP\XS\DS09.X --> ftp.saffire.com /Builds/PC Retail/alpha/Alphav0.006/DATA/LEVELS/LEV1/SCRP/XS DS09.X
101.07.23 16:01 B S:\Brent\Alphav0.006\DATA\LEVELS\LEV1\SCRP\XS\DS10.X --> ftp.saffire.com /Builds/PC Retail/alpha/Alphav0.006/DATA/LEVELS/LEV1/SCRP/XS DS10.X
101.07.23 16:01 B S:\Brent\Alphav0.006\DATA\LEVELS\LEV1\SCRP\XS\DS11.X --> ftp.saffire.com /Builds/PC Retail/alpha/Alphav0.006/DATA/LEVELS/LEV1/SCRP/XS DS11.X
101.07.23 16:01 B S:\Brent\Alphav0.006\DATA\LEVELS\LEV1\SCRP\XS\DS12.X --> ftp.saffire.com /Builds/PC Retail/alpha/Alphav0.006/DATA/LEVELS/LEV1/SCRP/XS DS12.X
101.07.23 16:01 B S:\Brent\Alphav0.006\DATA\LEVELS\LEV1\SCRP\XS\DS13.X --> ftp.saffire.com /Builds/PC Retail/alpha/Alphav0.006/DATA/LEVELS/LEV1/SCRP/XS DS13.X
101.07.23 16:01 B S:\Brent\Alphav0.006\DATA\LEVELS\LEV1\SCRP\XS\DS14.X --> ftp.saffire.com /Builds/PC Retail/alpha/Alphav0.006/DATA/LEVELS/LEV1/SCRP/XS DS14.X
101.07.23 16:01 B S:\Brent\Alphav0.006\DATA\LEVELS\LEV1\SCRP\XS\DS15.X --> ftp.saffire.com /Builds/PC Retail/alpha/Alphav0.006/DATA/LEVELS/LEV1/SCRP/XS DS15.X
101.07.23 16:01 B S:\Brent\Alphav0.006\DATA\LEVELS\LEV1\SCRP\XS\DS16.X --> ftp.saffire.com /Builds/PC Retail/alpha/Alphav0.006/DATA/LEVELS/LEV1/SCRP/XS DS16.X
101.07.23 16:01 B S:\Brent\Alphav0.006\DATA\LEVELS\LEV1\SCRP\XS\DS17.X --> ftp.saffire.com /Builds/PC Retail/alpha/Alphav0.006/DATA/LEVELS/LEV1/SCRP/XS DS17.X
101.07.23 16:01 B S:\Brent\Alphav0.006\DATA\LEVELS\LEV1\SCRP\XS\DS18.X --> ftp.saffire.com /Builds/PC Retail/alpha/Alphav0.006/DATA/LEVELS/LEV1/SCRP/XS DS18.X
101.07.23 16:01 B S:\Brent\Alphav0.006\DATA\LEVELS\LEV1\SCRP\XS\DS19.X --> ftp.saffire.com /Builds/PC Retail/alpha/Alphav0.006/DATA/LEVELS/LEV1/SCRP/XS DS19.X
101.07.23 16:01 B S:\Brent\Alphav0.006\DATA\LEVELS\LEV1\SCRP\XS\DS20.X --> ftp.saffire.com /Builds/PC Retail/alpha/Alphav0.006/DATA/LEVELS/LEV1/SCRP/XS DS20.X
101.07.23 16:01 B S:\Brent\Alphav0.006\DATA\LEVELS\LEV1\SCRP\XS\DS21.X --> ftp.saffire.com /Builds/PC Retail/alpha/Alphav0.006/DATA/LEVELS/LEV1/SCRP/XS DS21.X
101.07.23 16:01 B S:\Brent\Alphav0.006\DATA\LEVELS\LEV1\SCRP\XS\DS22.X --> ftp.saffire.com /Builds/PC Retail/alpha/Alphav0.006/DATA/LEVELS/LEV1/SCRP/XS DS22.X
101.07.23 16:01 B S:\Brent\Alphav0.006\DATA\LEVELS\LEV1\SCRP\XS\DS23.X --> ftp.saffire.com /Builds/PC Retail/alpha/Alphav0.006/DATA/LEVELS/LEV1/SCRP/XS DS23.X
101.07.23 16:01 B S:\Brent\Alphav0.006\DATA\LEVELS\LEV1\SCRP\XS\DS24.X --> ftp.saffire.com /Builds/PC Retail/alpha/Alphav0.006/DATA/LEVELS/LEV1/SCRP/XS DS24.X
101.07.23 16:01 B S:\Brent\Alphav0.006\DATA\LEVELS\LEV1\SCRP\XS\DS25.X --> ftp.saffire.com /Builds/PC Retail/alpha/Alphav0.006/DATA/LEVELS/LEV1/SCRP/XS DS25.X
101.07.23 16:01 B S:\Brent\Alphav0.006\DATA\LEVELS\LEV1\SCRP\XS\DS26.X --> ftp.saffire.com /Builds/PC Retail/alpha/Alphav0.006/DATA/LEVELS/LEV1/SCRP/XS DS26.X
101.07.23 16:01 B S:\Brent\Alphav0.006\DATA\LEVELS\LEV1\SCRP\XS\DS27.X --> ftp.saffire.com /Builds/PC Retail/alpha/Alphav0.006/DATA/LEVELS/LEV1/SCRP/XS DS27.X
101.07.23 16:01 B S:\Brent\Alphav0.006\DATA\LEVELS\LEV1\SCRP\XS\DS28.X --> ftp.saffire.com /Builds/PC Retail/alpha/Alphav0.006/DATA/LEVELS/LEV1/SCRP/XS DS28.X
101.07.23 16:01 B S:\Brent\Alphav0.006\DATA\LEVELS\LEV1\SCRP\XS\DS29.X --> ftp.saffire.com /Builds/PC Retail/alpha/Alphav0.006/DATA/LEVELS/LEV1/SCRP/XS DS29.X
101.07.23 16:01 B S:\Brent\Alphav0.006\DATA\LEVELS\LEV1\SCRP\XS\DS30.X --> ftp.saffire.com /Builds/PC Retail/alpha/Alphav0.006/DATA/LEVELS/LEV1/SCRP/XS DS30.X
101.07.23 16:01 B S:\Brent\Alphav0.006\DATA\LEVELS\LEV1\SCRP\XS\DS31.X --> ftp.saffire.com /Builds/PC Retail/alpha/Alphav0.006/DATA/LEVELS/LEV1/SCRP/XS DS31.X
101.07.23 16:01 B S:\Brent\Alphav0.006\DATA\LEVELS\LEV1\SCRP\XS\DS32.X --> ftp.saffire.com /Builds/PC Retail/alpha/Alphav0.006/DATA/LEVELS/LEV1/SCRP/XS DS32.X
101.07.23 16:01 B S:\Brent\Alphav0.006\DATA\LEVELS\LEV1\SCRP\XS\DS33.X --> ftp.saffire.com /Builds/PC Retail/alpha/Alphav0.006/DATA/LEVELS/LEV1/SCRP/XS DS33.X
101.07.23 16:01 B S:\Brent\Alphav0.006\DATA\LEVELS\LEV1\SCRP\XS\DS34.X --> ftp.saffire.com /Builds/PC Retail/alpha/Alphav0.006/DATA/LEVELS/LEV1/SCRP/XS DS34.X
101.07.23 16:01 B S:\Brent\Alphav0.006\DATA\LEVELS\LEV1\SCRP\XS\DS35.X --> ftp.saffire.com /Builds/PC Retail/alpha/Alphav0.006/DATA/LEVELS/LEV1/SCRP/XS DS35.X
101.07.23 16:01 B S:\Brent\Alphav0.006\DATA\LEVELS\LEV1\SCRP\XS\DS36.X --> ftp.saffire.com /Builds/PC Retail/alpha/Alphav0.006/DATA/LEVELS/LEV1/SCRP/XS DS36.X
101.07.23 16:01 B S:\Brent\Alphav0.006\DATA\LEVELS\LEV1\SCRP\XS\DS37.X --> ftp.saffire.com /Builds/PC Retail/alpha/Alphav0.006/DATA/LEVELS/LEV1/SCRP/XS DS37.X
101.07.23 16:01 B S:\Brent\Alphav0.006\DATA\LEVELS\LEV1\SCRP\XS\DS38.X --> ftp.saffire.com /Builds/PC Retail/alpha/Alphav0.006/DATA/LEVELS/LEV1/SCRP/XS DS38.X
101.07.23 16:01 B S:\Brent\Alphav0.006\DATA\LEVELS\LEV1\SCRP\XS\DS39.X --> ftp.saffire.com /Builds/PC Retail/alpha/Alphav0.006/DATA/LEVELS/LEV1/SCRP/XS DS39.X
101.07.23 16:01 B S:\Brent\Alphav0.006\DATA\LEVELS\LEV1\SCRP\XS\MAIN.X --> ftp.saffire.com /Builds/PC Retail/alpha/Alphav0.006/DATA/LEVELS/LEV1/SCRP/XS MAIN.X
101.07.23 16:01 B S:\Brent\Alphav0.006\DATA\LEVELS\LEV1\SCRP\XS\PLNT.X --> ftp.saffire.com /Builds/PC Retail/alpha/Alphav0.006/DATA/LEVELS/LEV1/SCRP/XS PLNT.X
