101.07.23 15:02 B S:\Brent\Alphav0.006\DATA\characters\bull\Anims\b000.bkd --> ftp.saffire.com /Builds/PC Retail/alpha/Alphav0.006/DATA/characters/bull/Anims b000.bkd
101.07.23 15:02 B S:\Brent\Alphav0.006\DATA\characters\bull\Anims\b001.bkd --> ftp.saffire.com /Builds/PC Retail/alpha/Alphav0.006/DATA/characters/bull/Anims b001.bkd
101.07.23 15:02 B S:\Brent\Alphav0.006\DATA\characters\bull\Anims\b003.bkd --> ftp.saffire.com /Builds/PC Retail/alpha/Alphav0.006/DATA/characters/bull/Anims b003.bkd
101.07.23 15:02 B S:\Brent\Alphav0.006\DATA\characters\bull\Anims\bl00.bhd --> ftp.saffire.com /Builds/PC Retail/alpha/Alphav0.006/DATA/characters/bull/Anims bl00.bhd
101.07.23 15:02 B S:\Brent\Alphav0.006\DATA\characters\bull\Anims\bl00.bkd --> ftp.saffire.com /Builds/PC Retail/alpha/Alphav0.006/DATA/characters/bull/Anims bl00.bkd
101.07.23 15:02 B S:\Brent\Alphav0.006\DATA\characters\bull\Anims\bl01.bhd --> ftp.saffire.com /Builds/PC Retail/alpha/Alphav0.006/DATA/characters/bull/Anims bl01.bhd
101.07.23 15:02 B S:\Brent\Alphav0.006\DATA\characters\bull\Anims\bl01.bkd --> ftp.saffire.com /Builds/PC Retail/alpha/Alphav0.006/DATA/characters/bull/Anims bl01.bkd
101.07.23 15:02 B S:\Brent\Alphav0.006\DATA\characters\bull\Anims\bl02.bhd --> ftp.saffire.com /Builds/PC Retail/alpha/Alphav0.006/DATA/characters/bull/Anims bl02.bhd
101.07.23 15:02 B S:\Brent\Alphav0.006\DATA\characters\bull\Anims\bl02.bkd --> ftp.saffire.com /Builds/PC Retail/alpha/Alphav0.006/DATA/characters/bull/Anims bl02.bkd
101.07.23 15:02 B S:\Brent\Alphav0.006\DATA\characters\bull\Anims\bl03.bhd --> ftp.saffire.com /Builds/PC Retail/alpha/Alphav0.006/DATA/characters/bull/Anims bl03.bhd
101.07.23 15:02 B S:\Brent\Alphav0.006\DATA\characters\bull\Anims\bl03.bkd --> ftp.saffire.com /Builds/PC Retail/alpha/Alphav0.006/DATA/characters/bull/Anims bl03.bkd
101.07.23 15:02 B S:\Brent\Alphav0.006\DATA\characters\bull\Anims\bl04.bhd --> ftp.saffire.com /Builds/PC Retail/alpha/Alphav0.006/DATA/characters/bull/Anims bl04.bhd
101.07.23 15:02 B S:\Brent\Alphav0.006\DATA\characters\bull\Anims\bl04.bkd --> ftp.saffire.com /Builds/PC Retail/alpha/Alphav0.006/DATA/characters/bull/Anims bl04.bkd
101.07.23 15:02 B S:\Brent\Alphav0.006\DATA\characters\bull\Anims\bl05.bhd --> ftp.saffire.com /Builds/PC Retail/alpha/Alphav0.006/DATA/characters/bull/Anims bl05.bhd
101.07.23 15:02 B S:\Brent\Alphav0.006\DATA\characters\bull\Anims\bl05.bkd --> ftp.saffire.com /Builds/PC Retail/alpha/Alphav0.006/DATA/characters/bull/Anims bl05.bkd
101.07.23 15:02 B S:\Brent\Alphav0.006\DATA\characters\bull\Anims\bl06.bhd --> ftp.saffire.com /Builds/PC Retail/alpha/Alphav0.006/DATA/characters/bull/Anims bl06.bhd
101.07.23 15:02 B S:\Brent\Alphav0.006\DATA\characters\bull\Anims\bl06.bkd --> ftp.saffire.com /Builds/PC Retail/alpha/Alphav0.006/DATA/characters/bull/Anims bl06.bkd
101.07.23 15:02 B S:\Brent\Alphav0.006\DATA\characters\bull\Anims\bl07.bhd --> ftp.saffire.com /Builds/PC Retail/alpha/Alphav0.006/DATA/characters/bull/Anims bl07.bhd
101.07.23 15:02 B S:\Brent\Alphav0.006\DATA\characters\bull\Anims\bl07.bkd --> ftp.saffire.com /Builds/PC Retail/alpha/Alphav0.006/DATA/characters/bull/Anims bl07.bkd
101.07.23 15:02 B S:\Brent\Alphav0.006\DATA\characters\bull\Anims\bl08.bhd --> ftp.saffire.com /Builds/PC Retail/alpha/Alphav0.006/DATA/characters/bull/Anims bl08.bhd
101.07.23 15:02 B S:\Brent\Alphav0.006\DATA\characters\bull\Anims\bl08.bkd --> ftp.saffire.com /Builds/PC Retail/alpha/Alphav0.006/DATA/characters/bull/Anims bl08.bkd
101.07.23 15:02 B S:\Brent\Alphav0.006\DATA\characters\bull\Anims\bl09.bhd --> ftp.saffire.com /Builds/PC Retail/alpha/Alphav0.006/DATA/characters/bull/Anims bl09.bhd
101.07.23 15:02 B S:\Brent\Alphav0.006\DATA\characters\bull\Anims\bl09.bkd --> ftp.saffire.com /Builds/PC Retail/alpha/Alphav0.006/DATA/characters/bull/Anims bl09.bkd
101.07.23 15:02 B S:\Brent\Alphav0.006\DATA\characters\bull\Anims\bl10.bhd --> ftp.saffire.com /Builds/PC Retail/alpha/Alphav0.006/DATA/characters/bull/Anims bl10.bhd
101.07.23 15:02 B S:\Brent\Alphav0.006\DATA\characters\bull\Anims\bl10.bkd --> ftp.saffire.com /Builds/PC Retail/alpha/Alphav0.006/DATA/characters/bull/Anims bl10.bkd
101.07.23 15:02 B S:\Brent\Alphav0.006\DATA\characters\bull\Anims\bl11.bhd --> ftp.saffire.com /Builds/PC Retail/alpha/Alphav0.006/DATA/characters/bull/Anims bl11.bhd
101.07.23 15:02 B S:\Brent\Alphav0.006\DATA\characters\bull\Anims\bl11.bkd --> ftp.saffire.com /Builds/PC Retail/alpha/Alphav0.006/DATA/characters/bull/Anims bl11.bkd
101.07.23 15:02 B S:\Brent\Alphav0.006\DATA\characters\bull\Anims\bl12.bkd --> ftp.saffire.com /Builds/PC Retail/alpha/Alphav0.006/DATA/characters/bull/Anims bl12.bkd
101.07.23 15:02 B S:\Brent\Alphav0.006\DATA\characters\bull\Anims\bl13.bkd --> ftp.saffire.com /Builds/PC Retail/alpha/Alphav0.006/DATA/characters/bull/Anims bl13.bkd
101.07.23 15:02 B S:\Brent\Alphav0.006\DATA\characters\bull\Anims\bl14.bkd --> ftp.saffire.com /Builds/PC Retail/alpha/Alphav0.006/DATA/characters/bull/Anims bl14.bkd
101.07.23 15:02 B S:\Brent\Alphav0.006\DATA\characters\bull\Anims\bl15.bkd --> ftp.saffire.com /Builds/PC Retail/alpha/Alphav0.006/DATA/characters/bull/Anims bl15.bkd
101.07.23 15:02 B S:\Brent\Alphav0.006\DATA\characters\bull\Anims\bl_idle.bhd --> ftp.saffire.com /Builds/PC Retail/alpha/Alphav0.006/DATA/characters/bull/Anims bl_idle.bhd
101.07.23 15:02 B S:\Brent\Alphav0.006\DATA\characters\bull\Anims\bl_idle_2.bhd --> ftp.saffire.com /Builds/PC Retail/alpha/Alphav0.006/DATA/characters/bull/Anims bl_idle_2.bhd
101.07.23 15:02 B S:\Brent\Alphav0.006\DATA\characters\bull\Anims\bl_jump_land.bhd --> ftp.saffire.com /Builds/PC Retail/alpha/Alphav0.006/DATA/characters/bull/Anims bl_jump_land.bhd
101.07.23 15:02 B S:\Brent\Alphav0.006\DATA\characters\bull\Anims\bl_jump_stall.bhd --> ftp.saffire.com /Builds/PC Retail/alpha/Alphav0.006/DATA/characters/bull/Anims bl_jump_stall.bhd
101.07.23 15:02 B S:\Brent\Alphav0.006\DATA\characters\bull\Anims\bl_jump_takeoff.bhd --> ftp.saffire.com /Builds/PC Retail/alpha/Alphav0.006/DATA/characters/bull/Anims bl_jump_takeoff.bhd
101.07.23 15:02 B S:\Brent\Alphav0.006\DATA\characters\bull\Anims\bl_rear_up.bhd --> ftp.saffire.com /Builds/PC Retail/alpha/Alphav0.006/DATA/characters/bull/Anims bl_rear_up.bhd
101.07.23 15:02 B S:\Brent\Alphav0.006\DATA\characters\bull\Anims\bl_run.bhd --> ftp.saffire.com /Builds/PC Retail/alpha/Alphav0.006/DATA/characters/bull/Anims bl_run.bhd
101.07.23 15:02 B S:\Brent\Alphav0.006\DATA\characters\bull\Anims\bl_walk.bhd --> ftp.saffire.com /Builds/PC Retail/alpha/Alphav0.006/DATA/characters/bull/Anims bl_walk.bhd
101.07.23 15:02 B S:\Brent\Alphav0.006\DATA\characters\bull\Anims\bu_run.bhd --> ftp.saffire.com /Builds/PC Retail/alpha/Alphav0.006/DATA/characters/bull/Anims bu_run.bhd
101.07.23 15:02 B S:\Brent\Alphav0.006\DATA\characters\bull\Anims\bu_walk.bhd --> ftp.saffire.com /Builds/PC Retail/alpha/Alphav0.006/DATA/characters/bull/Anims bu_walk.bhd
101.07.23 15:02 B S:\Brent\Alphav0.006\DATA\characters\bull\Anims\bull_IDs.list --> ftp.saffire.com /Builds/PC Retail/alpha/Alphav0.006/DATA/characters/bull/Anims bull_IDs.list
101.07.23 15:02 B S:\Brent\Alphav0.006\DATA\characters\bull\Anims\c302.bhd --> ftp.saffire.com /Builds/PC Retail/alpha/Alphav0.006/DATA/characters/bull/Anims c302.bhd
101.07.23 15:02 B S:\Brent\Alphav0.006\DATA\characters\bull\Anims\c302.bkd --> ftp.saffire.com /Builds/PC Retail/alpha/Alphav0.006/DATA/characters/bull/Anims c302.bkd
101.07.23 15:02 B S:\Brent\Alphav0.006\DATA\characters\bull\Anims\c303.bhd --> ftp.saffire.com /Builds/PC Retail/alpha/Alphav0.006/DATA/characters/bull/Anims c303.bhd
101.07.23 15:02 B S:\Brent\Alphav0.006\DATA\characters\bull\Anims\c303.bkd --> ftp.saffire.com /Builds/PC Retail/alpha/Alphav0.006/DATA/characters/bull/Anims c303.bkd
101.07.23 15:02 B S:\Brent\Alphav0.006\DATA\characters\bull\Anims\c304.bhd --> ftp.saffire.com /Builds/PC Retail/alpha/Alphav0.006/DATA/characters/bull/Anims c304.bhd
101.07.23 15:02 B S:\Brent\Alphav0.006\DATA\characters\bull\Anims\c304.bkd --> ftp.saffire.com /Builds/PC Retail/alpha/Alphav0.006/DATA/characters/bull/Anims c304.bkd
101.07.23 15:02 B S:\Brent\Alphav0.006\DATA\characters\bull\Anims\root.bkd --> ftp.saffire.com /Builds/PC Retail/alpha/Alphav0.006/DATA/characters/bull/Anims root.bkd
