101.07.23 14:57 B S:\Brent\Alphav0.006\DATA\ART\PrinterPics\fg.bin --> ftp.saffire.com /Builds/PC Retail/alpha/Alphav0.006/DATA/ART/PrinterPics fg.bin
101.07.23 14:57 B S:\Brent\Alphav0.006\DATA\ART\PrinterPics\fgs.dds --> ftp.saffire.com /Builds/PC Retail/alpha/Alphav0.006/DATA/ART/PrinterPics fgs.dds
101.07.23 14:57 B S:\Brent\Alphav0.006\DATA\ART\PrinterPics\fgs.jpg --> ftp.saffire.com /Builds/PC Retail/alpha/Alphav0.006/DATA/ART/PrinterPics fgs.jpg
101.07.23 14:57 B S:\Brent\Alphav0.006\DATA\ART\PrinterPics\fi.bin --> ftp.saffire.com /Builds/PC Retail/alpha/Alphav0.006/DATA/ART/PrinterPics fi.bin
101.07.23 14:57 B S:\Brent\Alphav0.006\DATA\ART\PrinterPics\Final1.bmp --> ftp.saffire.com /Builds/PC Retail/alpha/Alphav0.006/DATA/ART/PrinterPics Final1.bmp
101.07.23 14:57 B S:\Brent\Alphav0.006\DATA\ART\PrinterPics\Final1s.tga --> ftp.saffire.com /Builds/PC Retail/alpha/Alphav0.006/DATA/ART/PrinterPics Final1s.tga
101.07.23 14:58 B S:\Brent\Alphav0.006\DATA\ART\PrinterPics\Final2.bmp --> ftp.saffire.com /Builds/PC Retail/alpha/Alphav0.006/DATA/ART/PrinterPics Final2.bmp
101.07.23 14:58 B S:\Brent\Alphav0.006\DATA\ART\PrinterPics\Final2s.tga --> ftp.saffire.com /Builds/PC Retail/alpha/Alphav0.006/DATA/ART/PrinterPics Final2s.tga
101.07.23 14:58 B S:\Brent\Alphav0.006\DATA\ART\PrinterPics\fis.dds --> ftp.saffire.com /Builds/PC Retail/alpha/Alphav0.006/DATA/ART/PrinterPics fis.dds
101.07.23 14:58 B S:\Brent\Alphav0.006\DATA\ART\PrinterPics\fis.jpg --> ftp.saffire.com /Builds/PC Retail/alpha/Alphav0.006/DATA/ART/PrinterPics fis.jpg
101.07.23 14:58 B S:\Brent\Alphav0.006\DATA\ART\PrinterPics\ga.bin --> ftp.saffire.com /Builds/PC Retail/alpha/Alphav0.006/DATA/ART/PrinterPics ga.bin
101.07.23 14:58 B S:\Brent\Alphav0.006\DATA\ART\PrinterPics\gas.dds --> ftp.saffire.com /Builds/PC Retail/alpha/Alphav0.006/DATA/ART/PrinterPics gas.dds
101.07.23 14:58 B S:\Brent\Alphav0.006\DATA\ART\PrinterPics\gas.jpg --> ftp.saffire.com /Builds/PC Retail/alpha/Alphav0.006/DATA/ART/PrinterPics gas.jpg
101.07.23 14:58 B S:\Brent\Alphav0.006\DATA\ART\PrinterPics\gc.bin --> ftp.saffire.com /Builds/PC Retail/alpha/Alphav0.006/DATA/ART/PrinterPics gc.bin
101.07.23 14:58 B S:\Brent\Alphav0.006\DATA\ART\PrinterPics\gcs.dds --> ftp.saffire.com /Builds/PC Retail/alpha/Alphav0.006/DATA/ART/PrinterPics gcs.dds
101.07.23 14:58 B S:\Brent\Alphav0.006\DATA\ART\PrinterPics\gcs.jpg --> ftp.saffire.com /Builds/PC Retail/alpha/Alphav0.006/DATA/ART/PrinterPics gcs.jpg
101.07.23 14:58 B S:\Brent\Alphav0.006\DATA\ART\PrinterPics\gm.bin --> ftp.saffire.com /Builds/PC Retail/alpha/Alphav0.006/DATA/ART/PrinterPics gm.bin
101.07.23 14:58 B S:\Brent\Alphav0.006\DATA\ART\PrinterPics\gms.dds --> ftp.saffire.com /Builds/PC Retail/alpha/Alphav0.006/DATA/ART/PrinterPics gms.dds
101.07.23 14:58 B S:\Brent\Alphav0.006\DATA\ART\PrinterPics\gms.jpg --> ftp.saffire.com /Builds/PC Retail/alpha/Alphav0.006/DATA/ART/PrinterPics gms.jpg
101.07.23 14:58 B S:\Brent\Alphav0.006\DATA\ART\PrinterPics\gp.bin --> ftp.saffire.com /Builds/PC Retail/alpha/Alphav0.006/DATA/ART/PrinterPics gp.bin
101.07.23 14:58 B S:\Brent\Alphav0.006\DATA\ART\PrinterPics\gps.dds --> ftp.saffire.com /Builds/PC Retail/alpha/Alphav0.006/DATA/ART/PrinterPics gps.dds
101.07.23 14:58 B S:\Brent\Alphav0.006\DATA\ART\PrinterPics\gps.jpg --> ftp.saffire.com /Builds/PC Retail/alpha/Alphav0.006/DATA/ART/PrinterPics gps.jpg
101.07.23 14:58 B S:\Brent\Alphav0.006\DATA\ART\PrinterPics\ka.bin --> ftp.saffire.com /Builds/PC Retail/alpha/Alphav0.006/DATA/ART/PrinterPics ka.bin
101.07.23 14:58 B S:\Brent\Alphav0.006\DATA\ART\PrinterPics\kas.dds --> ftp.saffire.com /Builds/PC Retail/alpha/Alphav0.006/DATA/ART/PrinterPics kas.dds
101.07.23 14:58 B S:\Brent\Alphav0.006\DATA\ART\PrinterPics\kas.jpg --> ftp.saffire.com /Builds/PC Retail/alpha/Alphav0.006/DATA/ART/PrinterPics kas.jpg
101.07.23 14:58 B S:\Brent\Alphav0.006\DATA\ART\PrinterPics\kc.bin --> ftp.saffire.com /Builds/PC Retail/alpha/Alphav0.006/DATA/ART/PrinterPics kc.bin
101.07.23 14:58 B S:\Brent\Alphav0.006\DATA\ART\PrinterPics\kcs.dds --> ftp.saffire.com /Builds/PC Retail/alpha/Alphav0.006/DATA/ART/PrinterPics kcs.dds
101.07.23 14:58 B S:\Brent\Alphav0.006\DATA\ART\PrinterPics\kcs.jpg --> ftp.saffire.com /Builds/PC Retail/alpha/Alphav0.006/DATA/ART/PrinterPics kcs.jpg
101.07.23 14:58 B S:\Brent\Alphav0.006\DATA\ART\PrinterPics\km.bin --> ftp.saffire.com /Builds/PC Retail/alpha/Alphav0.006/DATA/ART/PrinterPics km.bin
101.07.23 14:58 B S:\Brent\Alphav0.006\DATA\ART\PrinterPics\kms.dds --> ftp.saffire.com /Builds/PC Retail/alpha/Alphav0.006/DATA/ART/PrinterPics kms.dds
101.07.23 14:58 B S:\Brent\Alphav0.006\DATA\ART\PrinterPics\kms.jpg --> ftp.saffire.com /Builds/PC Retail/alpha/Alphav0.006/DATA/ART/PrinterPics kms.jpg
101.07.23 14:58 B S:\Brent\Alphav0.006\DATA\ART\PrinterPics\kp.bin --> ftp.saffire.com /Builds/PC Retail/alpha/Alphav0.006/DATA/ART/PrinterPics kp.bin
101.07.23 14:58 B S:\Brent\Alphav0.006\DATA\ART\PrinterPics\kps.dds --> ftp.saffire.com /Builds/PC Retail/alpha/Alphav0.006/DATA/ART/PrinterPics kps.dds
101.07.23 14:58 B S:\Brent\Alphav0.006\DATA\ART\PrinterPics\kps.jpg --> ftp.saffire.com /Builds/PC Retail/alpha/Alphav0.006/DATA/ART/PrinterPics kps.jpg
101.07.23 14:58 B S:\Brent\Alphav0.006\DATA\ART\PrinterPics\la.bin --> ftp.saffire.com /Builds/PC Retail/alpha/Alphav0.006/DATA/ART/PrinterPics la.bin
101.07.23 14:58 B S:\Brent\Alphav0.006\DATA\ART\PrinterPics\las.dds --> ftp.saffire.com /Builds/PC Retail/alpha/Alphav0.006/DATA/ART/PrinterPics las.dds
101.07.23 14:58 B S:\Brent\Alphav0.006\DATA\ART\PrinterPics\las.jpg --> ftp.saffire.com /Builds/PC Retail/alpha/Alphav0.006/DATA/ART/PrinterPics las.jpg
101.07.23 14:58 B S:\Brent\Alphav0.006\DATA\ART\PrinterPics\lc.bin --> ftp.saffire.com /Builds/PC Retail/alpha/Alphav0.006/DATA/ART/PrinterPics lc.bin
101.07.23 14:58 B S:\Brent\Alphav0.006\DATA\ART\PrinterPics\lcs.dds --> ftp.saffire.com /Builds/PC Retail/alpha/Alphav0.006/DATA/ART/PrinterPics lcs.dds
101.07.23 14:58 B S:\Brent\Alphav0.006\DATA\ART\PrinterPics\lcs.jpg --> ftp.saffire.com /Builds/PC Retail/alpha/Alphav0.006/DATA/ART/PrinterPics lcs.jpg
101.07.23 14:58 B S:\Brent\Alphav0.006\DATA\ART\PrinterPics\lm.bin --> ftp.saffire.com /Builds/PC Retail/alpha/Alphav0.006/DATA/ART/PrinterPics lm.bin
101.07.23 14:58 B S:\Brent\Alphav0.006\DATA\ART\PrinterPics\lms.dds --> ftp.saffire.com /Builds/PC Retail/alpha/Alphav0.006/DATA/ART/PrinterPics lms.dds
101.07.23 14:58 B S:\Brent\Alphav0.006\DATA\ART\PrinterPics\lms.jpg --> ftp.saffire.com /Builds/PC Retail/alpha/Alphav0.006/DATA/ART/PrinterPics lms.jpg
101.07.23 14:58 B S:\Brent\Alphav0.006\DATA\ART\PrinterPics\Logograys.tga --> ftp.saffire.com /Builds/PC Retail/alpha/Alphav0.006/DATA/ART/PrinterPics Logograys.tga
101.07.23 14:58 B S:\Brent\Alphav0.006\DATA\ART\PrinterPics\lp.bin --> ftp.saffire.com /Builds/PC Retail/alpha/Alphav0.006/DATA/ART/PrinterPics lp.bin
101.07.23 14:58 B S:\Brent\Alphav0.006\DATA\ART\PrinterPics\lps.dds --> ftp.saffire.com /Builds/PC Retail/alpha/Alphav0.006/DATA/ART/PrinterPics lps.dds
101.07.23 14:58 B S:\Brent\Alphav0.006\DATA\ART\PrinterPics\lps.jpg --> ftp.saffire.com /Builds/PC Retail/alpha/Alphav0.006/DATA/ART/PrinterPics lps.jpg
101.07.23 14:58 B S:\Brent\Alphav0.006\DATA\ART\PrinterPics\oa.bin --> ftp.saffire.com /Builds/PC Retail/alpha/Alphav0.006/DATA/ART/PrinterPics oa.bin
101.07.23 14:58 B S:\Brent\Alphav0.006\DATA\ART\PrinterPics\oas.dds --> ftp.saffire.com /Builds/PC Retail/alpha/Alphav0.006/DATA/ART/PrinterPics oas.dds
101.07.23 14:58 B S:\Brent\Alphav0.006\DATA\ART\PrinterPics\oas.jpg --> ftp.saffire.com /Builds/PC Retail/alpha/Alphav0.006/DATA/ART/PrinterPics oas.jpg
101.07.23 14:58 B S:\Brent\Alphav0.006\DATA\ART\PrinterPics\oc.bin --> ftp.saffire.com /Builds/PC Retail/alpha/Alphav0.006/DATA/ART/PrinterPics oc.bin
101.07.23 14:58 B S:\Brent\Alphav0.006\DATA\ART\PrinterPics\ocs.dds --> ftp.saffire.com /Builds/PC Retail/alpha/Alphav0.006/DATA/ART/PrinterPics ocs.dds
101.07.23 14:58 B S:\Brent\Alphav0.006\DATA\ART\PrinterPics\ocs.jpg --> ftp.saffire.com /Builds/PC Retail/alpha/Alphav0.006/DATA/ART/PrinterPics ocs.jpg
101.07.23 14:58 B S:\Brent\Alphav0.006\DATA\ART\PrinterPics\om.bin --> ftp.saffire.com /Builds/PC Retail/alpha/Alphav0.006/DATA/ART/PrinterPics om.bin
101.07.23 14:58 B S:\Brent\Alphav0.006\DATA\ART\PrinterPics\oms.dds --> ftp.saffire.com /Builds/PC Retail/alpha/Alphav0.006/DATA/ART/PrinterPics oms.dds
101.07.23 14:58 B S:\Brent\Alphav0.006\DATA\ART\PrinterPics\oms.jpg --> ftp.saffire.com /Builds/PC Retail/alpha/Alphav0.006/DATA/ART/PrinterPics oms.jpg
101.07.23 14:59 B S:\Brent\Alphav0.006\DATA\ART\PrinterPics\Onua1.bmp --> ftp.saffire.com /Builds/PC Retail/alpha/Alphav0.006/DATA/ART/PrinterPics Onua1.bmp
101.07.23 14:59 B S:\Brent\Alphav0.006\DATA\ART\PrinterPics\Onua1s.tga --> ftp.saffire.com /Builds/PC Retail/alpha/Alphav0.006/DATA/ART/PrinterPics Onua1s.tga
101.07.23 14:59 B S:\Brent\Alphav0.006\DATA\ART\PrinterPics\Onua2.bmp --> ftp.saffire.com /Builds/PC Retail/alpha/Alphav0.006/DATA/ART/PrinterPics Onua2.bmp
101.07.23 14:59 B S:\Brent\Alphav0.006\DATA\ART\PrinterPics\Onua2s.tga --> ftp.saffire.com /Builds/PC Retail/alpha/Alphav0.006/DATA/ART/PrinterPics Onua2s.tga
101.07.23 14:59 B S:\Brent\Alphav0.006\DATA\ART\PrinterPics\Onua3.bmp --> ftp.saffire.com /Builds/PC Retail/alpha/Alphav0.006/DATA/ART/PrinterPics Onua3.bmp
101.07.23 14:59 B S:\Brent\Alphav0.006\DATA\ART\PrinterPics\Onua3s.tga --> ftp.saffire.com /Builds/PC Retail/alpha/Alphav0.006/DATA/ART/PrinterPics Onua3s.tga
101.07.23 14:59 B S:\Brent\Alphav0.006\DATA\ART\PrinterPics\Onua4.bmp --> ftp.saffire.com /Builds/PC Retail/alpha/Alphav0.006/DATA/ART/PrinterPics Onua4.bmp
101.07.23 14:59 B S:\Brent\Alphav0.006\DATA\ART\PrinterPics\Onua4s.tga --> ftp.saffire.com /Builds/PC Retail/alpha/Alphav0.006/DATA/ART/PrinterPics Onua4s.tga
101.07.23 14:59 B S:\Brent\Alphav0.006\DATA\ART\PrinterPics\op.bin --> ftp.saffire.com /Builds/PC Retail/alpha/Alphav0.006/DATA/ART/PrinterPics op.bin
101.07.23 14:59 B S:\Brent\Alphav0.006\DATA\ART\PrinterPics\ops.dds --> ftp.saffire.com /Builds/PC Retail/alpha/Alphav0.006/DATA/ART/PrinterPics ops.dds
101.07.23 14:59 B S:\Brent\Alphav0.006\DATA\ART\PrinterPics\ops.jpg --> ftp.saffire.com /Builds/PC Retail/alpha/Alphav0.006/DATA/ART/PrinterPics ops.jpg
101.07.23 14:59 B S:\Brent\Alphav0.006\DATA\ART\PrinterPics\pa.bin --> ftp.saffire.com /Builds/PC Retail/alpha/Alphav0.006/DATA/ART/PrinterPics pa.bin
101.07.23 14:59 B S:\Brent\Alphav0.006\DATA\ART\PrinterPics\pas.dds --> ftp.saffire.com /Builds/PC Retail/alpha/Alphav0.006/DATA/ART/PrinterPics pas.dds
101.07.23 14:59 B S:\Brent\Alphav0.006\DATA\ART\PrinterPics\pas.jpg --> ftp.saffire.com /Builds/PC Retail/alpha/Alphav0.006/DATA/ART/PrinterPics pas.jpg
101.07.23 14:59 B S:\Brent\Alphav0.006\DATA\ART\PrinterPics\pc.bin --> ftp.saffire.com /Builds/PC Retail/alpha/Alphav0.006/DATA/ART/PrinterPics pc.bin
101.07.23 14:59 B S:\Brent\Alphav0.006\DATA\ART\PrinterPics\pcs.dds --> ftp.saffire.com /Builds/PC Retail/alpha/Alphav0.006/DATA/ART/PrinterPics pcs.dds
101.07.23 14:59 B S:\Brent\Alphav0.006\DATA\ART\PrinterPics\pcs.jpg --> ftp.saffire.com /Builds/PC Retail/alpha/Alphav0.006/DATA/ART/PrinterPics pcs.jpg
101.07.23 14:59 B S:\Brent\Alphav0.006\DATA\ART\PrinterPics\pm.bin --> ftp.saffire.com /Builds/PC Retail/alpha/Alphav0.006/DATA/ART/PrinterPics pm.bin
101.07.23 14:59 B S:\Brent\Alphav0.006\DATA\ART\PrinterPics\pms.dds --> ftp.saffire.com /Builds/PC Retail/alpha/Alphav0.006/DATA/ART/PrinterPics pms.dds
101.07.23 14:59 B S:\Brent\Alphav0.006\DATA\ART\PrinterPics\pms.jpg --> ftp.saffire.com /Builds/PC Retail/alpha/Alphav0.006/DATA/ART/PrinterPics pms.jpg
101.07.23 14:59 B S:\Brent\Alphav0.006\DATA\ART\PrinterPics\pp.bin --> ftp.saffire.com /Builds/PC Retail/alpha/Alphav0.006/DATA/ART/PrinterPics pp.bin
101.07.23 14:59 B S:\Brent\Alphav0.006\DATA\ART\PrinterPics\pps.dds --> ftp.saffire.com /Builds/PC Retail/alpha/Alphav0.006/DATA/ART/PrinterPics pps.dds
101.07.23 14:59 B S:\Brent\Alphav0.006\DATA\ART\PrinterPics\pps.jpg --> ftp.saffire.com /Builds/PC Retail/alpha/Alphav0.006/DATA/ART/PrinterPics pps.jpg
101.07.23 14:59 B S:\Brent\Alphav0.006\DATA\ART\PrinterPics\ta.bin --> ftp.saffire.com /Builds/PC Retail/alpha/Alphav0.006/DATA/ART/PrinterPics ta.bin
101.07.23 14:59 B S:\Brent\Alphav0.006\DATA\ART\PrinterPics\tas.dds --> ftp.saffire.com /Builds/PC Retail/alpha/Alphav0.006/DATA/ART/PrinterPics tas.dds
101.07.23 14:59 B S:\Brent\Alphav0.006\DATA\ART\PrinterPics\tas.jpg --> ftp.saffire.com /Builds/PC Retail/alpha/Alphav0.006/DATA/ART/PrinterPics tas.jpg
101.07.23 14:59 B S:\Brent\Alphav0.006\DATA\ART\PrinterPics\tc.bin --> ftp.saffire.com /Builds/PC Retail/alpha/Alphav0.006/DATA/ART/PrinterPics tc.bin
101.07.23 14:59 B S:\Brent\Alphav0.006\DATA\ART\PrinterPics\tcs.dds --> ftp.saffire.com /Builds/PC Retail/alpha/Alphav0.006/DATA/ART/PrinterPics tcs.dds
101.07.23 14:59 B S:\Brent\Alphav0.006\DATA\ART\PrinterPics\tcs.jpg --> ftp.saffire.com /Builds/PC Retail/alpha/Alphav0.006/DATA/ART/PrinterPics tcs.jpg
101.07.23 14:59 B S:\Brent\Alphav0.006\DATA\ART\PrinterPics\tm.bin --> ftp.saffire.com /Builds/PC Retail/alpha/Alphav0.006/DATA/ART/PrinterPics tm.bin
101.07.23 14:59 B S:\Brent\Alphav0.006\DATA\ART\PrinterPics\tms.dds --> ftp.saffire.com /Builds/PC Retail/alpha/Alphav0.006/DATA/ART/PrinterPics tms.dds
101.07.23 14:59 B S:\Brent\Alphav0.006\DATA\ART\PrinterPics\tms.jpg --> ftp.saffire.com /Builds/PC Retail/alpha/Alphav0.006/DATA/ART/PrinterPics tms.jpg
101.07.23 15:00 B S:\Brent\Alphav0.006\DATA\ART\PrinterPics\tp.bin --> ftp.saffire.com /Builds/PC Retail/alpha/Alphav0.006/DATA/ART/PrinterPics tp.bin
101.07.23 15:00 B S:\Brent\Alphav0.006\DATA\ART\PrinterPics\tps.dds --> ftp.saffire.com /Builds/PC Retail/alpha/Alphav0.006/DATA/ART/PrinterPics tps.dds
101.07.23 15:00 B S:\Brent\Alphav0.006\DATA\ART\PrinterPics\tps.jpg --> ftp.saffire.com /Builds/PC Retail/alpha/Alphav0.006/DATA/ART/PrinterPics tps.jpg
