101.07.23 15:58 B S:\Brent\Alphav0.006\DATA\LEVELS\LEV1\HK01\XS\COL0.X --> ftp.saffire.com /Builds/PC Retail/alpha/Alphav0.006/DATA/LEVELS/LEV1/HK01/XS COL0.X
101.07.23 15:58 B S:\Brent\Alphav0.006\DATA\LEVELS\LEV1\HK01\XS\COL1.X --> ftp.saffire.com /Builds/PC Retail/alpha/Alphav0.006/DATA/LEVELS/LEV1/HK01/XS COL1.X
101.07.23 15:58 B S:\Brent\Alphav0.006\DATA\LEVELS\LEV1\HK01\XS\COL2.X --> ftp.saffire.com /Builds/PC Retail/alpha/Alphav0.006/DATA/LEVELS/LEV1/HK01/XS COL2.X
101.07.23 15:58 B S:\Brent\Alphav0.006\DATA\LEVELS\LEV1\HK01\XS\COL3.X --> ftp.saffire.com /Builds/PC Retail/alpha/Alphav0.006/DATA/LEVELS/LEV1/HK01/XS COL3.X
101.07.23 15:58 B S:\Brent\Alphav0.006\DATA\LEVELS\LEV1\HK01\XS\COL4.X --> ftp.saffire.com /Builds/PC Retail/alpha/Alphav0.006/DATA/LEVELS/LEV1/HK01/XS COL4.X
101.07.23 15:58 B S:\Brent\Alphav0.006\DATA\LEVELS\LEV1\HK01\XS\DR02.X --> ftp.saffire.com /Builds/PC Retail/alpha/Alphav0.006/DATA/LEVELS/LEV1/HK01/XS DR02.X
101.07.23 15:58 B S:\Brent\Alphav0.006\DATA\LEVELS\LEV1\HK01\XS\GLYL.X --> ftp.saffire.com /Builds/PC Retail/alpha/Alphav0.006/DATA/LEVELS/LEV1/HK01/XS GLYL.X
101.07.23 15:58 B S:\Brent\Alphav0.006\DATA\LEVELS\LEV1\HK01\XS\HLD0.X --> ftp.saffire.com /Builds/PC Retail/alpha/Alphav0.006/DATA/LEVELS/LEV1/HK01/XS HLD0.X
101.07.23 15:58 B S:\Brent\Alphav0.006\DATA\LEVELS\LEV1\HK01\XS\HLD1.X --> ftp.saffire.com /Builds/PC Retail/alpha/Alphav0.006/DATA/LEVELS/LEV1/HK01/XS HLD1.X
101.07.23 15:58 B S:\Brent\Alphav0.006\DATA\LEVELS\LEV1\HK01\XS\HLD2.X --> ftp.saffire.com /Builds/PC Retail/alpha/Alphav0.006/DATA/LEVELS/LEV1/HK01/XS HLD2.X
101.07.23 15:58 B S:\Brent\Alphav0.006\DATA\LEVELS\LEV1\HK01\XS\HLD3.X --> ftp.saffire.com /Builds/PC Retail/alpha/Alphav0.006/DATA/LEVELS/LEV1/HK01/XS HLD3.X
101.07.23 15:58 B S:\Brent\Alphav0.006\DATA\LEVELS\LEV1\HK01\XS\HLD4.X --> ftp.saffire.com /Builds/PC Retail/alpha/Alphav0.006/DATA/LEVELS/LEV1/HK01/XS HLD4.X
101.07.23 15:58 B S:\Brent\Alphav0.006\DATA\LEVELS\LEV1\HK01\XS\HLD5.X --> ftp.saffire.com /Builds/PC Retail/alpha/Alphav0.006/DATA/LEVELS/LEV1/HK01/XS HLD5.X
101.07.23 15:58 B S:\Brent\Alphav0.006\DATA\LEVELS\LEV1\HK01\XS\HOOK.X --> ftp.saffire.com /Builds/PC Retail/alpha/Alphav0.006/DATA/LEVELS/LEV1/HK01/XS HOOK.X
101.07.23 15:58 B S:\Brent\Alphav0.006\DATA\LEVELS\LEV1\HK01\XS\HOT0.X --> ftp.saffire.com /Builds/PC Retail/alpha/Alphav0.006/DATA/LEVELS/LEV1/HK01/XS HOT0.X
101.07.23 15:58 B S:\Brent\Alphav0.006\DATA\LEVELS\LEV1\HK01\XS\HOT3.X --> ftp.saffire.com /Builds/PC Retail/alpha/Alphav0.006/DATA/LEVELS/LEV1/HK01/XS HOT3.X
101.07.23 15:58 B S:\Brent\Alphav0.006\DATA\LEVELS\LEV1\HK01\XS\HOT4.X --> ftp.saffire.com /Builds/PC Retail/alpha/Alphav0.006/DATA/LEVELS/LEV1/HK01/XS HOT4.X
101.07.23 15:58 B S:\Brent\Alphav0.006\DATA\LEVELS\LEV1\HK01\XS\HOT5.X --> ftp.saffire.com /Builds/PC Retail/alpha/Alphav0.006/DATA/LEVELS/LEV1/HK01/XS HOT5.X
101.07.23 15:58 B S:\Brent\Alphav0.006\DATA\LEVELS\LEV1\HK01\XS\HOT6.X --> ftp.saffire.com /Builds/PC Retail/alpha/Alphav0.006/DATA/LEVELS/LEV1/HK01/XS HOT6.X
101.07.23 15:58 B S:\Brent\Alphav0.006\DATA\LEVELS\LEV1\HK01\XS\HOT7.X --> ftp.saffire.com /Builds/PC Retail/alpha/Alphav0.006/DATA/LEVELS/LEV1/HK01/XS HOT7.X
101.07.23 15:58 B S:\Brent\Alphav0.006\DATA\LEVELS\LEV1\HK01\XS\HOT8.X --> ftp.saffire.com /Builds/PC Retail/alpha/Alphav0.006/DATA/LEVELS/LEV1/HK01/XS HOT8.X
101.07.23 15:58 B S:\Brent\Alphav0.006\DATA\LEVELS\LEV1\HK01\XS\HOT9.X --> ftp.saffire.com /Builds/PC Retail/alpha/Alphav0.006/DATA/LEVELS/LEV1/HK01/XS HOT9.X
101.07.23 15:58 B S:\Brent\Alphav0.006\DATA\LEVELS\LEV1\HK01\XS\HOTA.X --> ftp.saffire.com /Builds/PC Retail/alpha/Alphav0.006/DATA/LEVELS/LEV1/HK01/XS HOTA.X
101.07.23 15:58 B S:\Brent\Alphav0.006\DATA\LEVELS\LEV1\HK01\XS\HOTB.X --> ftp.saffire.com /Builds/PC Retail/alpha/Alphav0.006/DATA/LEVELS/LEV1/HK01/XS HOTB.X
101.07.23 15:58 B S:\Brent\Alphav0.006\DATA\LEVELS\LEV1\HK01\XS\HOTC.X --> ftp.saffire.com /Builds/PC Retail/alpha/Alphav0.006/DATA/LEVELS/LEV1/HK01/XS HOTC.X
101.07.23 15:58 B S:\Brent\Alphav0.006\DATA\LEVELS\LEV1\HK01\XS\MAIN.X --> ftp.saffire.com /Builds/PC Retail/alpha/Alphav0.006/DATA/LEVELS/LEV1/HK01/XS MAIN.X
101.07.23 15:58 B S:\Brent\Alphav0.006\DATA\LEVELS\LEV1\HK01\XS\PLNT.X --> ftp.saffire.com /Builds/PC Retail/alpha/Alphav0.006/DATA/LEVELS/LEV1/HK01/XS PLNT.X
