101.07.23 15:04 B S:\Brent\Alphav0.006\DATA\characters\kopa\Xs\kopa.bhd --> ftp.saffire.com /Builds/PC Retail/alpha/Alphav0.006/DATA/characters/kopa/Xs kopa.bhd
101.07.23 15:04 B S:\Brent\Alphav0.006\DATA\characters\kopa\Xs\kopa.x --> ftp.saffire.com /Builds/PC Retail/alpha/Alphav0.006/DATA/characters/kopa/Xs kopa.x
101.07.23 15:04 B S:\Brent\Alphav0.006\DATA\characters\kopa\Xs\mask.x --> ftp.saffire.com /Builds/PC Retail/alpha/Alphav0.006/DATA/characters/kopa/Xs mask.x
101.07.23 15:04 B S:\Brent\Alphav0.006\DATA\characters\kopa\Xs\mk0a.bhd --> ftp.saffire.com /Builds/PC Retail/alpha/Alphav0.006/DATA/characters/kopa/Xs mk0a.bhd
101.07.23 15:04 B S:\Brent\Alphav0.006\DATA\characters\kopa\Xs\mk0a.x --> ftp.saffire.com /Builds/PC Retail/alpha/Alphav0.006/DATA/characters/kopa/Xs mk0a.x
101.07.23 15:04 B S:\Brent\Alphav0.006\DATA\characters\kopa\Xs\mk1a.bhd --> ftp.saffire.com /Builds/PC Retail/alpha/Alphav0.006/DATA/characters/kopa/Xs mk1a.bhd
101.07.23 15:04 B S:\Brent\Alphav0.006\DATA\characters\kopa\Xs\mk1a.x --> ftp.saffire.com /Builds/PC Retail/alpha/Alphav0.006/DATA/characters/kopa/Xs mk1a.x
101.07.23 15:04 B S:\Brent\Alphav0.006\DATA\characters\kopa\Xs\mk2a.bhd --> ftp.saffire.com /Builds/PC Retail/alpha/Alphav0.006/DATA/characters/kopa/Xs mk2a.bhd
101.07.23 15:04 B S:\Brent\Alphav0.006\DATA\characters\kopa\Xs\mk2a.x --> ftp.saffire.com /Builds/PC Retail/alpha/Alphav0.006/DATA/characters/kopa/Xs mk2a.x
101.07.23 15:04 B S:\Brent\Alphav0.006\DATA\characters\kopa\Xs\mk3a.bhd --> ftp.saffire.com /Builds/PC Retail/alpha/Alphav0.006/DATA/characters/kopa/Xs mk3a.bhd
101.07.23 15:04 B S:\Brent\Alphav0.006\DATA\characters\kopa\Xs\mk3a.x --> ftp.saffire.com /Builds/PC Retail/alpha/Alphav0.006/DATA/characters/kopa/Xs mk3a.x
101.07.23 15:04 B S:\Brent\Alphav0.006\DATA\characters\kopa\Xs\mk7a.bhd --> ftp.saffire.com /Builds/PC Retail/alpha/Alphav0.006/DATA/characters/kopa/Xs mk7a.bhd
101.07.23 15:04 B S:\Brent\Alphav0.006\DATA\characters\kopa\Xs\mk7a.x --> ftp.saffire.com /Builds/PC Retail/alpha/Alphav0.006/DATA/characters/kopa/Xs mk7a.x
101.07.23 15:04 B S:\Brent\Alphav0.006\DATA\characters\kopa\Xs\mk8a.bhd --> ftp.saffire.com /Builds/PC Retail/alpha/Alphav0.006/DATA/characters/kopa/Xs mk8a.bhd
101.07.23 15:04 B S:\Brent\Alphav0.006\DATA\characters\kopa\Xs\mk8a.x --> ftp.saffire.com /Builds/PC Retail/alpha/Alphav0.006/DATA/characters/kopa/Xs mk8a.x
101.07.23 15:04 B S:\Brent\Alphav0.006\DATA\characters\kopa\Xs\mk9a.bhd --> ftp.saffire.com /Builds/PC Retail/alpha/Alphav0.006/DATA/characters/kopa/Xs mk9a.bhd
101.07.23 15:04 B S:\Brent\Alphav0.006\DATA\characters\kopa\Xs\mk9a.x --> ftp.saffire.com /Builds/PC Retail/alpha/Alphav0.006/DATA/characters/kopa/Xs mk9a.x
101.07.23 15:04 B S:\Brent\Alphav0.006\DATA\characters\kopa\Xs\mkaa.bhd --> ftp.saffire.com /Builds/PC Retail/alpha/Alphav0.006/DATA/characters/kopa/Xs mkaa.bhd
101.07.23 15:04 B S:\Brent\Alphav0.006\DATA\characters\kopa\Xs\mkaa.x --> ftp.saffire.com /Builds/PC Retail/alpha/Alphav0.006/DATA/characters/kopa/Xs mkaa.x
101.07.23 15:04 B S:\Brent\Alphav0.006\DATA\characters\kopa\Xs\mkba.bhd --> ftp.saffire.com /Builds/PC Retail/alpha/Alphav0.006/DATA/characters/kopa/Xs mkba.bhd
101.07.23 15:04 B S:\Brent\Alphav0.006\DATA\characters\kopa\Xs\mkba.x --> ftp.saffire.com /Builds/PC Retail/alpha/Alphav0.006/DATA/characters/kopa/Xs mkba.x
101.07.23 15:04 B S:\Brent\Alphav0.006\DATA\characters\kopa\Xs\msk1.bhd --> ftp.saffire.com /Builds/PC Retail/alpha/Alphav0.006/DATA/characters/kopa/Xs msk1.bhd
101.07.23 15:04 B S:\Brent\Alphav0.006\DATA\characters\kopa\Xs\msk1.x --> ftp.saffire.com /Builds/PC Retail/alpha/Alphav0.006/DATA/characters/kopa/Xs msk1.x
101.07.23 15:04 B S:\Brent\Alphav0.006\DATA\characters\kopa\Xs\shld.bhd --> ftp.saffire.com /Builds/PC Retail/alpha/Alphav0.006/DATA/characters/kopa/Xs shld.bhd
101.07.23 15:04 B S:\Brent\Alphav0.006\DATA\characters\kopa\Xs\shld.x --> ftp.saffire.com /Builds/PC Retail/alpha/Alphav0.006/DATA/characters/kopa/Xs shld.x
101.07.23 15:04 B S:\Brent\Alphav0.006\DATA\characters\kopa\Xs\swrd.bhd --> ftp.saffire.com /Builds/PC Retail/alpha/Alphav0.006/DATA/characters/kopa/Xs swrd.bhd
101.07.23 15:04 B S:\Brent\Alphav0.006\DATA\characters\kopa\Xs\swrd.x --> ftp.saffire.com /Builds/PC Retail/alpha/Alphav0.006/DATA/characters/kopa/Xs swrd.x
