101.07.23 15:02 B S:\Brent\Alphav0.006\DATA\characters\bsrp\Anims\a000.bhd --> ftp.saffire.com /Builds/PC Retail/alpha/Alphav0.006/DATA/characters/bsrp/Anims a000.bhd
101.07.23 15:02 B S:\Brent\Alphav0.006\DATA\characters\bsrp\Anims\a000.bkd --> ftp.saffire.com /Builds/PC Retail/alpha/Alphav0.006/DATA/characters/bsrp/Anims a000.bkd
101.07.23 15:02 B S:\Brent\Alphav0.006\DATA\characters\bsrp\Anims\a001.bhd --> ftp.saffire.com /Builds/PC Retail/alpha/Alphav0.006/DATA/characters/bsrp/Anims a001.bhd
101.07.23 15:02 B S:\Brent\Alphav0.006\DATA\characters\bsrp\Anims\a001.bkd --> ftp.saffire.com /Builds/PC Retail/alpha/Alphav0.006/DATA/characters/bsrp/Anims a001.bkd
101.07.23 15:02 B S:\Brent\Alphav0.006\DATA\characters\bsrp\Anims\a002.bhd --> ftp.saffire.com /Builds/PC Retail/alpha/Alphav0.006/DATA/characters/bsrp/Anims a002.bhd
101.07.23 15:02 B S:\Brent\Alphav0.006\DATA\characters\bsrp\Anims\a002.bkd --> ftp.saffire.com /Builds/PC Retail/alpha/Alphav0.006/DATA/characters/bsrp/Anims a002.bkd
101.07.23 15:02 B S:\Brent\Alphav0.006\DATA\characters\bsrp\Anims\a003.bhd --> ftp.saffire.com /Builds/PC Retail/alpha/Alphav0.006/DATA/characters/bsrp/Anims a003.bhd
101.07.23 15:02 B S:\Brent\Alphav0.006\DATA\characters\bsrp\Anims\a003.bkd --> ftp.saffire.com /Builds/PC Retail/alpha/Alphav0.006/DATA/characters/bsrp/Anims a003.bkd
101.07.23 15:02 B S:\Brent\Alphav0.006\DATA\characters\bsrp\Anims\a004.bhd --> ftp.saffire.com /Builds/PC Retail/alpha/Alphav0.006/DATA/characters/bsrp/Anims a004.bhd
101.07.23 15:02 B S:\Brent\Alphav0.006\DATA\characters\bsrp\Anims\a004.bkd --> ftp.saffire.com /Builds/PC Retail/alpha/Alphav0.006/DATA/characters/bsrp/Anims a004.bkd
101.07.23 15:02 B S:\Brent\Alphav0.006\DATA\characters\bsrp\Anims\a005.bhd --> ftp.saffire.com /Builds/PC Retail/alpha/Alphav0.006/DATA/characters/bsrp/Anims a005.bhd
101.07.23 15:02 B S:\Brent\Alphav0.006\DATA\characters\bsrp\Anims\a005.bkd --> ftp.saffire.com /Builds/PC Retail/alpha/Alphav0.006/DATA/characters/bsrp/Anims a005.bkd
101.07.23 15:02 B S:\Brent\Alphav0.006\DATA\characters\bsrp\Anims\a006.bhd --> ftp.saffire.com /Builds/PC Retail/alpha/Alphav0.006/DATA/characters/bsrp/Anims a006.bhd
101.07.23 15:02 B S:\Brent\Alphav0.006\DATA\characters\bsrp\Anims\a006.bkd --> ftp.saffire.com /Builds/PC Retail/alpha/Alphav0.006/DATA/characters/bsrp/Anims a006.bkd
101.07.23 15:02 B S:\Brent\Alphav0.006\DATA\characters\bsrp\Anims\a007.bhd --> ftp.saffire.com /Builds/PC Retail/alpha/Alphav0.006/DATA/characters/bsrp/Anims a007.bhd
101.07.23 15:02 B S:\Brent\Alphav0.006\DATA\characters\bsrp\Anims\a007.bkd --> ftp.saffire.com /Builds/PC Retail/alpha/Alphav0.006/DATA/characters/bsrp/Anims a007.bkd
101.07.23 15:02 B S:\Brent\Alphav0.006\DATA\characters\bsrp\Anims\bsrp_IDs.list --> ftp.saffire.com /Builds/PC Retail/alpha/Alphav0.006/DATA/characters/bsrp/Anims bsrp_IDs.list
101.07.23 15:02 B S:\Brent\Alphav0.006\DATA\characters\bsrp\Anims\root.bkd --> ftp.saffire.com /Builds/PC Retail/alpha/Alphav0.006/DATA/characters/bsrp/Anims root.bkd
101.07.23 15:02 B S:\Brent\Alphav0.006\DATA\characters\bsrp\Anims\s001.bhd --> ftp.saffire.com /Builds/PC Retail/alpha/Alphav0.006/DATA/characters/bsrp/Anims s001.bhd
101.07.23 15:02 B S:\Brent\Alphav0.006\DATA\characters\bsrp\Anims\s005.bhd --> ftp.saffire.com /Builds/PC Retail/alpha/Alphav0.006/DATA/characters/bsrp/Anims s005.bhd
101.07.23 15:02 B S:\Brent\Alphav0.006\DATA\characters\bsrp\Anims\s005.bkd --> ftp.saffire.com /Builds/PC Retail/alpha/Alphav0.006/DATA/characters/bsrp/Anims s005.bkd
