101.07.23 14:48 B S:\Brent\Alphav0.006\DATA\ART\FRONTEND\Background.Col --> ftp.saffire.com /Builds/PC Retail/alpha/Alphav0.006/DATA/ART/FRONTEND Background.Col
101.07.23 14:48 B S:\Brent\Alphav0.006\DATA\ART\FRONTEND\Background.Col.db --> ftp.saffire.com /Builds/PC Retail/alpha/Alphav0.006/DATA/ART/FRONTEND Background.Col.db
101.07.23 14:48 B S:\Brent\Alphav0.006\DATA\ART\FRONTEND\Background.Col.t --> ftp.saffire.com /Builds/PC Retail/alpha/Alphav0.006/DATA/ART/FRONTEND Background.Col.t
101.07.23 14:48 B S:\Brent\Alphav0.006\DATA\ART\FRONTEND\Background.tga --> ftp.saffire.com /Builds/PC Retail/alpha/Alphav0.006/DATA/ART/FRONTEND Background.tga
101.07.23 14:48 B S:\Brent\Alphav0.006\DATA\ART\FRONTEND\BOX.COL --> ftp.saffire.com /Builds/PC Retail/alpha/Alphav0.006/DATA/ART/FRONTEND BOX.COL
101.07.23 14:48 B S:\Brent\Alphav0.006\DATA\ART\FRONTEND\Box.Col.db --> ftp.saffire.com /Builds/PC Retail/alpha/Alphav0.006/DATA/ART/FRONTEND Box.Col.db
101.07.23 14:48 B S:\Brent\Alphav0.006\DATA\ART\FRONTEND\Box.Col.t --> ftp.saffire.com /Builds/PC Retail/alpha/Alphav0.006/DATA/ART/FRONTEND Box.Col.t
101.07.23 14:48 B S:\Brent\Alphav0.006\DATA\ART\FRONTEND\BOX.TGA --> ftp.saffire.com /Builds/PC Retail/alpha/Alphav0.006/DATA/ART/FRONTEND BOX.TGA
101.07.23 14:48 B S:\Brent\Alphav0.006\DATA\ART\FRONTEND\dcSN_MUSIC_BUTTON.tga --> ftp.saffire.com /Builds/PC Retail/alpha/Alphav0.006/DATA/ART/FRONTEND dcSN_MUSIC_BUTTON.tga
101.07.23 14:48 B S:\Brent\Alphav0.006\DATA\ART\FRONTEND\dcSN_SOUNDEFFECTS_BUTTON.tga --> ftp.saffire.com /Builds/PC Retail/alpha/Alphav0.006/DATA/ART/FRONTEND dcSN_SOUNDEFFECTS_BUTTON.tga
101.07.23 14:48 B S:\Brent\Alphav0.006\DATA\ART\FRONTEND\EffectLine.Col --> ftp.saffire.com /Builds/PC Retail/alpha/Alphav0.006/DATA/ART/FRONTEND EffectLine.Col
101.07.23 14:48 B S:\Brent\Alphav0.006\DATA\ART\FRONTEND\EffectLine.Col.db --> ftp.saffire.com /Builds/PC Retail/alpha/Alphav0.006/DATA/ART/FRONTEND EffectLine.Col.db
101.07.23 14:48 B S:\Brent\Alphav0.006\DATA\ART\FRONTEND\EffectLine.Col.t --> ftp.saffire.com /Builds/PC Retail/alpha/Alphav0.006/DATA/ART/FRONTEND EffectLine.Col.t
101.07.23 14:48 B S:\Brent\Alphav0.006\DATA\ART\FRONTEND\EffectLine.tga --> ftp.saffire.com /Builds/PC Retail/alpha/Alphav0.006/DATA/ART/FRONTEND EffectLine.tga
101.07.23 14:48 B S:\Brent\Alphav0.006\DATA\ART\FRONTEND\EffectsBox.Col --> ftp.saffire.com /Builds/PC Retail/alpha/Alphav0.006/DATA/ART/FRONTEND EffectsBox.Col
101.07.23 14:48 B S:\Brent\Alphav0.006\DATA\ART\FRONTEND\EffectsBox.Col.db --> ftp.saffire.com /Builds/PC Retail/alpha/Alphav0.006/DATA/ART/FRONTEND EffectsBox.Col.db
101.07.23 14:48 B S:\Brent\Alphav0.006\DATA\ART\FRONTEND\EffectsBox.Col.t --> ftp.saffire.com /Builds/PC Retail/alpha/Alphav0.006/DATA/ART/FRONTEND EffectsBox.Col.t
101.07.23 14:48 B S:\Brent\Alphav0.006\DATA\ART\FRONTEND\EffectsBox.tga --> ftp.saffire.com /Builds/PC Retail/alpha/Alphav0.006/DATA/ART/FRONTEND EffectsBox.tga
101.07.23 14:48 B S:\Brent\Alphav0.006\DATA\ART\FRONTEND\EffectsButton.tga --> ftp.saffire.com /Builds/PC Retail/alpha/Alphav0.006/DATA/ART/FRONTEND EffectsButton.tga
101.07.23 14:48 B S:\Brent\Alphav0.006\DATA\ART\FRONTEND\MUSICBOX.COL --> ftp.saffire.com /Builds/PC Retail/alpha/Alphav0.006/DATA/ART/FRONTEND MUSICBOX.COL
101.07.23 14:48 B S:\Brent\Alphav0.006\DATA\ART\FRONTEND\MusicBox.Col.db --> ftp.saffire.com /Builds/PC Retail/alpha/Alphav0.006/DATA/ART/FRONTEND MusicBox.Col.db
101.07.23 14:48 B S:\Brent\Alphav0.006\DATA\ART\FRONTEND\MusicBox.Col.t --> ftp.saffire.com /Builds/PC Retail/alpha/Alphav0.006/DATA/ART/FRONTEND MusicBox.Col.t
101.07.23 14:48 B S:\Brent\Alphav0.006\DATA\ART\FRONTEND\MUSICBOX.TGA --> ftp.saffire.com /Builds/PC Retail/alpha/Alphav0.006/DATA/ART/FRONTEND MUSICBOX.TGA
101.07.23 14:48 B S:\Brent\Alphav0.006\DATA\ART\FRONTEND\MusicButton.tga --> ftp.saffire.com /Builds/PC Retail/alpha/Alphav0.006/DATA/ART/FRONTEND MusicButton.tga
101.07.23 14:48 B S:\Brent\Alphav0.006\DATA\ART\FRONTEND\MusicLine.Col --> ftp.saffire.com /Builds/PC Retail/alpha/Alphav0.006/DATA/ART/FRONTEND MusicLine.Col
101.07.23 14:48 B S:\Brent\Alphav0.006\DATA\ART\FRONTEND\MusicLine.Col.db --> ftp.saffire.com /Builds/PC Retail/alpha/Alphav0.006/DATA/ART/FRONTEND MusicLine.Col.db
101.07.23 14:48 B S:\Brent\Alphav0.006\DATA\ART\FRONTEND\MusicLine.Col.t --> ftp.saffire.com /Builds/PC Retail/alpha/Alphav0.006/DATA/ART/FRONTEND MusicLine.Col.t
101.07.23 14:48 B S:\Brent\Alphav0.006\DATA\ART\FRONTEND\MusicLine.tga --> ftp.saffire.com /Builds/PC Retail/alpha/Alphav0.006/DATA/ART/FRONTEND MusicLine.tga
101.07.23 14:48 B S:\Brent\Alphav0.006\DATA\ART\FRONTEND\SN_MUSIC_BUTTON.tga --> ftp.saffire.com /Builds/PC Retail/alpha/Alphav0.006/DATA/ART/FRONTEND SN_MUSIC_BUTTON.tga
101.07.23 14:48 B S:\Brent\Alphav0.006\DATA\ART\FRONTEND\SN_SOUNDEFFECTS_BUTTON.tga --> ftp.saffire.com /Builds/PC Retail/alpha/Alphav0.006/DATA/ART/FRONTEND SN_SOUNDEFFECTS_BUTTON.tga
101.07.23 14:48 B S:\Brent\Alphav0.006\DATA\ART\FRONTEND\SoundButton.tga --> ftp.saffire.com /Builds/PC Retail/alpha/Alphav0.006/DATA/ART/FRONTEND SoundButton.tga
101.07.23 14:48 B S:\Brent\Alphav0.006\DATA\ART\FRONTEND\SoundLine.Col --> ftp.saffire.com /Builds/PC Retail/alpha/Alphav0.006/DATA/ART/FRONTEND SoundLine.Col
101.07.23 14:48 B S:\Brent\Alphav0.006\DATA\ART\FRONTEND\SoundLine.Col.db --> ftp.saffire.com /Builds/PC Retail/alpha/Alphav0.006/DATA/ART/FRONTEND SoundLine.Col.db
101.07.23 14:48 B S:\Brent\Alphav0.006\DATA\ART\FRONTEND\SoundLine.Col.t --> ftp.saffire.com /Builds/PC Retail/alpha/Alphav0.006/DATA/ART/FRONTEND SoundLine.Col.t
101.07.23 14:48 B S:\Brent\Alphav0.006\DATA\ART\FRONTEND\SoundLine.tga --> ftp.saffire.com /Builds/PC Retail/alpha/Alphav0.006/DATA/ART/FRONTEND SoundLine.tga
101.07.23 14:48 B S:\Brent\Alphav0.006\DATA\ART\FRONTEND\test_Active.tga --> ftp.saffire.com /Builds/PC Retail/alpha/Alphav0.006/DATA/ART/FRONTEND test_Active.tga
101.07.23 14:48 B S:\Brent\Alphav0.006\DATA\ART\FRONTEND\test_Button.tga --> ftp.saffire.com /Builds/PC Retail/alpha/Alphav0.006/DATA/ART/FRONTEND test_Button.tga
101.07.23 14:49 B S:\Brent\Alphav0.006\DATA\ART\FRONTEND\test_Selected.tga --> ftp.saffire.com /Builds/PC Retail/alpha/Alphav0.006/DATA/ART/FRONTEND test_Selected.tga
