101.07.23 15:04 B S:\Brent\Alphav0.006\DATA\characters\lewa\Anims\c501.bhd --> ftp.saffire.com /Builds/PC Retail/alpha/Alphav0.006/DATA/characters/lewa/Anims c501.bhd
101.07.23 15:05 B S:\Brent\Alphav0.006\DATA\characters\lewa\Anims\c501.bkd --> ftp.saffire.com /Builds/PC Retail/alpha/Alphav0.006/DATA/characters/lewa/Anims c501.bkd
101.07.23 15:05 B S:\Brent\Alphav0.006\DATA\characters\lewa\Anims\c502.bhd --> ftp.saffire.com /Builds/PC Retail/alpha/Alphav0.006/DATA/characters/lewa/Anims c502.bhd
101.07.23 15:05 B S:\Brent\Alphav0.006\DATA\characters\lewa\Anims\c502.bkd --> ftp.saffire.com /Builds/PC Retail/alpha/Alphav0.006/DATA/characters/lewa/Anims c502.bkd
101.07.23 15:05 B S:\Brent\Alphav0.006\DATA\characters\lewa\Anims\c503.bhd --> ftp.saffire.com /Builds/PC Retail/alpha/Alphav0.006/DATA/characters/lewa/Anims c503.bhd
101.07.23 15:05 B S:\Brent\Alphav0.006\DATA\characters\lewa\Anims\c503.bkd --> ftp.saffire.com /Builds/PC Retail/alpha/Alphav0.006/DATA/characters/lewa/Anims c503.bkd
101.07.23 15:05 B S:\Brent\Alphav0.006\DATA\characters\lewa\Anims\l000.bhd --> ftp.saffire.com /Builds/PC Retail/alpha/Alphav0.006/DATA/characters/lewa/Anims l000.bhd
101.07.23 15:05 B S:\Brent\Alphav0.006\DATA\characters\lewa\Anims\l000.bkd --> ftp.saffire.com /Builds/PC Retail/alpha/Alphav0.006/DATA/characters/lewa/Anims l000.bkd
101.07.23 15:05 B S:\Brent\Alphav0.006\DATA\characters\lewa\Anims\l001.bhd --> ftp.saffire.com /Builds/PC Retail/alpha/Alphav0.006/DATA/characters/lewa/Anims l001.bhd
101.07.23 15:05 B S:\Brent\Alphav0.006\DATA\characters\lewa\Anims\l001.bkd --> ftp.saffire.com /Builds/PC Retail/alpha/Alphav0.006/DATA/characters/lewa/Anims l001.bkd
101.07.23 15:05 B S:\Brent\Alphav0.006\DATA\characters\lewa\Anims\l002.bhd --> ftp.saffire.com /Builds/PC Retail/alpha/Alphav0.006/DATA/characters/lewa/Anims l002.bhd
101.07.23 15:05 B S:\Brent\Alphav0.006\DATA\characters\lewa\Anims\l002.bkd --> ftp.saffire.com /Builds/PC Retail/alpha/Alphav0.006/DATA/characters/lewa/Anims l002.bkd
101.07.23 15:05 B S:\Brent\Alphav0.006\DATA\characters\lewa\Anims\l003.bhd --> ftp.saffire.com /Builds/PC Retail/alpha/Alphav0.006/DATA/characters/lewa/Anims l003.bhd
101.07.23 15:05 B S:\Brent\Alphav0.006\DATA\characters\lewa\Anims\l003.bkd --> ftp.saffire.com /Builds/PC Retail/alpha/Alphav0.006/DATA/characters/lewa/Anims l003.bkd
101.07.23 15:05 B S:\Brent\Alphav0.006\DATA\characters\lewa\Anims\l004.bhd --> ftp.saffire.com /Builds/PC Retail/alpha/Alphav0.006/DATA/characters/lewa/Anims l004.bhd
101.07.23 15:05 B S:\Brent\Alphav0.006\DATA\characters\lewa\Anims\l004.bkd --> ftp.saffire.com /Builds/PC Retail/alpha/Alphav0.006/DATA/characters/lewa/Anims l004.bkd
101.07.23 15:05 B S:\Brent\Alphav0.006\DATA\characters\lewa\Anims\l016.bhd --> ftp.saffire.com /Builds/PC Retail/alpha/Alphav0.006/DATA/characters/lewa/Anims l016.bhd
101.07.23 15:05 B S:\Brent\Alphav0.006\DATA\characters\lewa\Anims\l016.bkd --> ftp.saffire.com /Builds/PC Retail/alpha/Alphav0.006/DATA/characters/lewa/Anims l016.bkd
101.07.23 15:05 B S:\Brent\Alphav0.006\DATA\characters\lewa\Anims\l020.bhd --> ftp.saffire.com /Builds/PC Retail/alpha/Alphav0.006/DATA/characters/lewa/Anims l020.bhd
101.07.23 15:05 B S:\Brent\Alphav0.006\DATA\characters\lewa\Anims\l020.bkd --> ftp.saffire.com /Builds/PC Retail/alpha/Alphav0.006/DATA/characters/lewa/Anims l020.bkd
101.07.23 15:05 B S:\Brent\Alphav0.006\DATA\characters\lewa\Anims\l021.bhd --> ftp.saffire.com /Builds/PC Retail/alpha/Alphav0.006/DATA/characters/lewa/Anims l021.bhd
101.07.23 15:05 B S:\Brent\Alphav0.006\DATA\characters\lewa\Anims\l021.bkd --> ftp.saffire.com /Builds/PC Retail/alpha/Alphav0.006/DATA/characters/lewa/Anims l021.bkd
101.07.23 15:05 B S:\Brent\Alphav0.006\DATA\characters\lewa\Anims\l022.bhd --> ftp.saffire.com /Builds/PC Retail/alpha/Alphav0.006/DATA/characters/lewa/Anims l022.bhd
101.07.23 15:05 B S:\Brent\Alphav0.006\DATA\characters\lewa\Anims\l022.bkd --> ftp.saffire.com /Builds/PC Retail/alpha/Alphav0.006/DATA/characters/lewa/Anims l022.bkd
101.07.23 15:05 B S:\Brent\Alphav0.006\DATA\characters\lewa\Anims\l026.bhd --> ftp.saffire.com /Builds/PC Retail/alpha/Alphav0.006/DATA/characters/lewa/Anims l026.bhd
101.07.23 15:05 B S:\Brent\Alphav0.006\DATA\characters\lewa\Anims\l026.bkd --> ftp.saffire.com /Builds/PC Retail/alpha/Alphav0.006/DATA/characters/lewa/Anims l026.bkd
101.07.23 15:05 B S:\Brent\Alphav0.006\DATA\characters\lewa\Anims\l027.bhd --> ftp.saffire.com /Builds/PC Retail/alpha/Alphav0.006/DATA/characters/lewa/Anims l027.bhd
101.07.23 15:05 B S:\Brent\Alphav0.006\DATA\characters\lewa\Anims\l027.bkd --> ftp.saffire.com /Builds/PC Retail/alpha/Alphav0.006/DATA/characters/lewa/Anims l027.bkd
101.07.23 15:05 B S:\Brent\Alphav0.006\DATA\characters\lewa\Anims\l028.bhd --> ftp.saffire.com /Builds/PC Retail/alpha/Alphav0.006/DATA/characters/lewa/Anims l028.bhd
101.07.23 15:05 B S:\Brent\Alphav0.006\DATA\characters\lewa\Anims\l028.bkd --> ftp.saffire.com /Builds/PC Retail/alpha/Alphav0.006/DATA/characters/lewa/Anims l028.bkd
101.07.23 15:05 B S:\Brent\Alphav0.006\DATA\characters\lewa\Anims\l029.bhd --> ftp.saffire.com /Builds/PC Retail/alpha/Alphav0.006/DATA/characters/lewa/Anims l029.bhd
101.07.23 15:05 B S:\Brent\Alphav0.006\DATA\characters\lewa\Anims\l029.bkd --> ftp.saffire.com /Builds/PC Retail/alpha/Alphav0.006/DATA/characters/lewa/Anims l029.bkd
101.07.23 15:05 B S:\Brent\Alphav0.006\DATA\characters\lewa\Anims\l032.bhd --> ftp.saffire.com /Builds/PC Retail/alpha/Alphav0.006/DATA/characters/lewa/Anims l032.bhd
101.07.23 15:05 B S:\Brent\Alphav0.006\DATA\characters\lewa\Anims\l032.bkd --> ftp.saffire.com /Builds/PC Retail/alpha/Alphav0.006/DATA/characters/lewa/Anims l032.bkd
101.07.23 15:05 B S:\Brent\Alphav0.006\DATA\characters\lewa\Anims\l033.bhd --> ftp.saffire.com /Builds/PC Retail/alpha/Alphav0.006/DATA/characters/lewa/Anims l033.bhd
101.07.23 15:05 B S:\Brent\Alphav0.006\DATA\characters\lewa\Anims\l033.bkd --> ftp.saffire.com /Builds/PC Retail/alpha/Alphav0.006/DATA/characters/lewa/Anims l033.bkd
101.07.23 15:05 B S:\Brent\Alphav0.006\DATA\characters\lewa\Anims\l034.bhd --> ftp.saffire.com /Builds/PC Retail/alpha/Alphav0.006/DATA/characters/lewa/Anims l034.bhd
101.07.23 15:05 B S:\Brent\Alphav0.006\DATA\characters\lewa\Anims\l034.bkd --> ftp.saffire.com /Builds/PC Retail/alpha/Alphav0.006/DATA/characters/lewa/Anims l034.bkd
101.07.23 15:05 B S:\Brent\Alphav0.006\DATA\characters\lewa\Anims\l035.bhd --> ftp.saffire.com /Builds/PC Retail/alpha/Alphav0.006/DATA/characters/lewa/Anims l035.bhd
101.07.23 15:05 B S:\Brent\Alphav0.006\DATA\characters\lewa\Anims\l035.bkd --> ftp.saffire.com /Builds/PC Retail/alpha/Alphav0.006/DATA/characters/lewa/Anims l035.bkd
101.07.23 15:05 B S:\Brent\Alphav0.006\DATA\characters\lewa\Anims\l036.bhd --> ftp.saffire.com /Builds/PC Retail/alpha/Alphav0.006/DATA/characters/lewa/Anims l036.bhd
101.07.23 15:05 B S:\Brent\Alphav0.006\DATA\characters\lewa\Anims\l036.bkd --> ftp.saffire.com /Builds/PC Retail/alpha/Alphav0.006/DATA/characters/lewa/Anims l036.bkd
101.07.23 15:05 B S:\Brent\Alphav0.006\DATA\characters\lewa\Anims\l037.bhd --> ftp.saffire.com /Builds/PC Retail/alpha/Alphav0.006/DATA/characters/lewa/Anims l037.bhd
101.07.23 15:05 B S:\Brent\Alphav0.006\DATA\characters\lewa\Anims\l037.bkd --> ftp.saffire.com /Builds/PC Retail/alpha/Alphav0.006/DATA/characters/lewa/Anims l037.bkd
101.07.23 15:05 B S:\Brent\Alphav0.006\DATA\characters\lewa\Anims\l038.bhd --> ftp.saffire.com /Builds/PC Retail/alpha/Alphav0.006/DATA/characters/lewa/Anims l038.bhd
101.07.23 15:05 B S:\Brent\Alphav0.006\DATA\characters\lewa\Anims\l038.bkd --> ftp.saffire.com /Builds/PC Retail/alpha/Alphav0.006/DATA/characters/lewa/Anims l038.bkd
101.07.23 15:05 B S:\Brent\Alphav0.006\DATA\characters\lewa\Anims\l039.bhd --> ftp.saffire.com /Builds/PC Retail/alpha/Alphav0.006/DATA/characters/lewa/Anims l039.bhd
101.07.23 15:05 B S:\Brent\Alphav0.006\DATA\characters\lewa\Anims\l039.bkd --> ftp.saffire.com /Builds/PC Retail/alpha/Alphav0.006/DATA/characters/lewa/Anims l039.bkd
101.07.23 15:05 B S:\Brent\Alphav0.006\DATA\characters\lewa\Anims\l040.bhd --> ftp.saffire.com /Builds/PC Retail/alpha/Alphav0.006/DATA/characters/lewa/Anims l040.bhd
101.07.23 15:05 B S:\Brent\Alphav0.006\DATA\characters\lewa\Anims\l040.bkd --> ftp.saffire.com /Builds/PC Retail/alpha/Alphav0.006/DATA/characters/lewa/Anims l040.bkd
101.07.23 15:05 B S:\Brent\Alphav0.006\DATA\characters\lewa\Anims\l041.bhd --> ftp.saffire.com /Builds/PC Retail/alpha/Alphav0.006/DATA/characters/lewa/Anims l041.bhd
101.07.23 15:05 B S:\Brent\Alphav0.006\DATA\characters\lewa\Anims\l041.bkd --> ftp.saffire.com /Builds/PC Retail/alpha/Alphav0.006/DATA/characters/lewa/Anims l041.bkd
101.07.23 15:05 B S:\Brent\Alphav0.006\DATA\characters\lewa\Anims\l042.bhd --> ftp.saffire.com /Builds/PC Retail/alpha/Alphav0.006/DATA/characters/lewa/Anims l042.bhd
101.07.23 15:05 B S:\Brent\Alphav0.006\DATA\characters\lewa\Anims\l042.bkd --> ftp.saffire.com /Builds/PC Retail/alpha/Alphav0.006/DATA/characters/lewa/Anims l042.bkd
101.07.23 15:05 B S:\Brent\Alphav0.006\DATA\characters\lewa\Anims\l043.bhd --> ftp.saffire.com /Builds/PC Retail/alpha/Alphav0.006/DATA/characters/lewa/Anims l043.bhd
101.07.23 15:05 B S:\Brent\Alphav0.006\DATA\characters\lewa\Anims\l043.bkd --> ftp.saffire.com /Builds/PC Retail/alpha/Alphav0.006/DATA/characters/lewa/Anims l043.bkd
101.07.23 15:05 B S:\Brent\Alphav0.006\DATA\characters\lewa\Anims\l044.bhd --> ftp.saffire.com /Builds/PC Retail/alpha/Alphav0.006/DATA/characters/lewa/Anims l044.bhd
101.07.23 15:05 B S:\Brent\Alphav0.006\DATA\characters\lewa\Anims\l044.bkd --> ftp.saffire.com /Builds/PC Retail/alpha/Alphav0.006/DATA/characters/lewa/Anims l044.bkd
101.07.23 15:05 B S:\Brent\Alphav0.006\DATA\characters\lewa\Anims\l045.bhd --> ftp.saffire.com /Builds/PC Retail/alpha/Alphav0.006/DATA/characters/lewa/Anims l045.bhd
101.07.23 15:05 B S:\Brent\Alphav0.006\DATA\characters\lewa\Anims\l045.bkd --> ftp.saffire.com /Builds/PC Retail/alpha/Alphav0.006/DATA/characters/lewa/Anims l045.bkd
101.07.23 15:05 B S:\Brent\Alphav0.006\DATA\characters\lewa\Anims\l046.bhd --> ftp.saffire.com /Builds/PC Retail/alpha/Alphav0.006/DATA/characters/lewa/Anims l046.bhd
101.07.23 15:05 B S:\Brent\Alphav0.006\DATA\characters\lewa\Anims\l046.bkd --> ftp.saffire.com /Builds/PC Retail/alpha/Alphav0.006/DATA/characters/lewa/Anims l046.bkd
101.07.23 15:05 B S:\Brent\Alphav0.006\DATA\characters\lewa\Anims\l047.bhd --> ftp.saffire.com /Builds/PC Retail/alpha/Alphav0.006/DATA/characters/lewa/Anims l047.bhd
101.07.23 15:05 B S:\Brent\Alphav0.006\DATA\characters\lewa\Anims\l047.bkd --> ftp.saffire.com /Builds/PC Retail/alpha/Alphav0.006/DATA/characters/lewa/Anims l047.bkd
101.07.23 15:05 B S:\Brent\Alphav0.006\DATA\characters\lewa\Anims\l048.bhd --> ftp.saffire.com /Builds/PC Retail/alpha/Alphav0.006/DATA/characters/lewa/Anims l048.bhd
101.07.23 15:05 B S:\Brent\Alphav0.006\DATA\characters\lewa\Anims\l048.bkd --> ftp.saffire.com /Builds/PC Retail/alpha/Alphav0.006/DATA/characters/lewa/Anims l048.bkd
101.07.23 15:05 B S:\Brent\Alphav0.006\DATA\characters\lewa\Anims\lewa_IDs.list --> ftp.saffire.com /Builds/PC Retail/alpha/Alphav0.006/DATA/characters/lewa/Anims lewa_IDs.list
