101.07.23 16:13 B S:\Brent\Alphav0.006\DATA\LEVELS\LEV3\BLR4\XS\FOGG.X --> ftp.saffire.com /Builds/PC Retail/alpha/Alphav0.006/DATA/LEVELS/LEV3/BLR4/XS FOGG.X
101.07.23 16:13 B S:\Brent\Alphav0.006\DATA\LEVELS\LEV3\BLR4\XS\MAIN.X --> ftp.saffire.com /Builds/PC Retail/alpha/Alphav0.006/DATA/LEVELS/LEV3/BLR4/XS MAIN.X
101.07.23 16:13 B S:\Brent\Alphav0.006\DATA\LEVELS\LEV3\BLR4\XS\PI01.X --> ftp.saffire.com /Builds/PC Retail/alpha/Alphav0.006/DATA/LEVELS/LEV3/BLR4/XS PI01.X
101.07.23 16:13 B S:\Brent\Alphav0.006\DATA\LEVELS\LEV3\BLR4\XS\PI02.X --> ftp.saffire.com /Builds/PC Retail/alpha/Alphav0.006/DATA/LEVELS/LEV3/BLR4/XS PI02.X
101.07.23 16:13 B S:\Brent\Alphav0.006\DATA\LEVELS\LEV3\BLR4\XS\PI03.X --> ftp.saffire.com /Builds/PC Retail/alpha/Alphav0.006/DATA/LEVELS/LEV3/BLR4/XS PI03.X
101.07.23 16:13 B S:\Brent\Alphav0.006\DATA\LEVELS\LEV3\BLR4\XS\PI04.X --> ftp.saffire.com /Builds/PC Retail/alpha/Alphav0.006/DATA/LEVELS/LEV3/BLR4/XS PI04.X
101.07.23 16:13 B S:\Brent\Alphav0.006\DATA\LEVELS\LEV3\BLR4\XS\PI05.X --> ftp.saffire.com /Builds/PC Retail/alpha/Alphav0.006/DATA/LEVELS/LEV3/BLR4/XS PI05.X
101.07.23 16:13 B S:\Brent\Alphav0.006\DATA\LEVELS\LEV3\BLR4\XS\PI06.X --> ftp.saffire.com /Builds/PC Retail/alpha/Alphav0.006/DATA/LEVELS/LEV3/BLR4/XS PI06.X
101.07.23 16:13 B S:\Brent\Alphav0.006\DATA\LEVELS\LEV3\BLR4\XS\PI07.X --> ftp.saffire.com /Builds/PC Retail/alpha/Alphav0.006/DATA/LEVELS/LEV3/BLR4/XS PI07.X
101.07.23 16:13 B S:\Brent\Alphav0.006\DATA\LEVELS\LEV3\BLR4\XS\PI08.X --> ftp.saffire.com /Builds/PC Retail/alpha/Alphav0.006/DATA/LEVELS/LEV3/BLR4/XS PI08.X
101.07.23 16:13 B S:\Brent\Alphav0.006\DATA\LEVELS\LEV3\BLR4\XS\PI09.X --> ftp.saffire.com /Builds/PC Retail/alpha/Alphav0.006/DATA/LEVELS/LEV3/BLR4/XS PI09.X
101.07.23 16:13 B S:\Brent\Alphav0.006\DATA\LEVELS\LEV3\BLR4\XS\PI10.X --> ftp.saffire.com /Builds/PC Retail/alpha/Alphav0.006/DATA/LEVELS/LEV3/BLR4/XS PI10.X
101.07.23 16:13 B S:\Brent\Alphav0.006\DATA\LEVELS\LEV3\BLR4\XS\PI11.X --> ftp.saffire.com /Builds/PC Retail/alpha/Alphav0.006/DATA/LEVELS/LEV3/BLR4/XS PI11.X
101.07.23 16:13 B S:\Brent\Alphav0.006\DATA\LEVELS\LEV3\BLR4\XS\PI12.X --> ftp.saffire.com /Builds/PC Retail/alpha/Alphav0.006/DATA/LEVELS/LEV3/BLR4/XS PI12.X
101.07.23 16:13 B S:\Brent\Alphav0.006\DATA\LEVELS\LEV3\BLR4\XS\PI13.X --> ftp.saffire.com /Builds/PC Retail/alpha/Alphav0.006/DATA/LEVELS/LEV3/BLR4/XS PI13.X
101.07.23 16:13 B S:\Brent\Alphav0.006\DATA\LEVELS\LEV3\BLR4\XS\PI14.X --> ftp.saffire.com /Builds/PC Retail/alpha/Alphav0.006/DATA/LEVELS/LEV3/BLR4/XS PI14.X
101.07.23 16:13 B S:\Brent\Alphav0.006\DATA\LEVELS\LEV3\BLR4\XS\PI15.X --> ftp.saffire.com /Builds/PC Retail/alpha/Alphav0.006/DATA/LEVELS/LEV3/BLR4/XS PI15.X
101.07.23 16:13 B S:\Brent\Alphav0.006\DATA\LEVELS\LEV3\BLR4\XS\PI16.X --> ftp.saffire.com /Builds/PC Retail/alpha/Alphav0.006/DATA/LEVELS/LEV3/BLR4/XS PI16.X
101.07.23 16:13 B S:\Brent\Alphav0.006\DATA\LEVELS\LEV3\BLR4\XS\PI17.X --> ftp.saffire.com /Builds/PC Retail/alpha/Alphav0.006/DATA/LEVELS/LEV3/BLR4/XS PI17.X
101.07.23 16:13 B S:\Brent\Alphav0.006\DATA\LEVELS\LEV3\BLR4\XS\PI18.X --> ftp.saffire.com /Builds/PC Retail/alpha/Alphav0.006/DATA/LEVELS/LEV3/BLR4/XS PI18.X
101.07.23 16:13 B S:\Brent\Alphav0.006\DATA\LEVELS\LEV3\BLR4\XS\PI19.X --> ftp.saffire.com /Builds/PC Retail/alpha/Alphav0.006/DATA/LEVELS/LEV3/BLR4/XS PI19.X
101.07.23 16:13 B S:\Brent\Alphav0.006\DATA\LEVELS\LEV3\BLR4\XS\PI20.X --> ftp.saffire.com /Builds/PC Retail/alpha/Alphav0.006/DATA/LEVELS/LEV3/BLR4/XS PI20.X
101.07.23 16:13 B S:\Brent\Alphav0.006\DATA\LEVELS\LEV3\BLR4\XS\PI21.X --> ftp.saffire.com /Builds/PC Retail/alpha/Alphav0.006/DATA/LEVELS/LEV3/BLR4/XS PI21.X
101.07.23 16:13 B S:\Brent\Alphav0.006\DATA\LEVELS\LEV3\BLR4\XS\PI22.X --> ftp.saffire.com /Builds/PC Retail/alpha/Alphav0.006/DATA/LEVELS/LEV3/BLR4/XS PI22.X
101.07.23 16:13 B S:\Brent\Alphav0.006\DATA\LEVELS\LEV3\BLR4\XS\PI23.X --> ftp.saffire.com /Builds/PC Retail/alpha/Alphav0.006/DATA/LEVELS/LEV3/BLR4/XS PI23.X
101.07.23 16:13 B S:\Brent\Alphav0.006\DATA\LEVELS\LEV3\BLR4\XS\PI24.X --> ftp.saffire.com /Builds/PC Retail/alpha/Alphav0.006/DATA/LEVELS/LEV3/BLR4/XS PI24.X
101.07.23 16:13 B S:\Brent\Alphav0.006\DATA\LEVELS\LEV3\BLR4\XS\PI25.X --> ftp.saffire.com /Builds/PC Retail/alpha/Alphav0.006/DATA/LEVELS/LEV3/BLR4/XS PI25.X
101.07.23 16:13 B S:\Brent\Alphav0.006\DATA\LEVELS\LEV3\BLR4\XS\PIL1.X --> ftp.saffire.com /Builds/PC Retail/alpha/Alphav0.006/DATA/LEVELS/LEV3/BLR4/XS PIL1.X
101.07.23 16:13 B S:\Brent\Alphav0.006\DATA\LEVELS\LEV3\BLR4\XS\PIL2.X --> ftp.saffire.com /Builds/PC Retail/alpha/Alphav0.006/DATA/LEVELS/LEV3/BLR4/XS PIL2.X
101.07.23 16:13 B S:\Brent\Alphav0.006\DATA\LEVELS\LEV3\BLR4\XS\PIL3.X --> ftp.saffire.com /Builds/PC Retail/alpha/Alphav0.006/DATA/LEVELS/LEV3/BLR4/XS PIL3.X
101.07.23 16:13 B S:\Brent\Alphav0.006\DATA\LEVELS\LEV3\BLR4\XS\PIL4.X --> ftp.saffire.com /Builds/PC Retail/alpha/Alphav0.006/DATA/LEVELS/LEV3/BLR4/XS PIL4.X
101.07.23 16:13 B S:\Brent\Alphav0.006\DATA\LEVELS\LEV3\BLR4\XS\RUBL.X --> ftp.saffire.com /Builds/PC Retail/alpha/Alphav0.006/DATA/LEVELS/LEV3/BLR4/XS RUBL.X
101.07.23 16:13 B S:\Brent\Alphav0.006\DATA\LEVELS\LEV3\BLR4\XS\SKY1.X --> ftp.saffire.com /Builds/PC Retail/alpha/Alphav0.006/DATA/LEVELS/LEV3/BLR4/XS SKY1.X
101.07.23 16:13 B S:\Brent\Alphav0.006\DATA\LEVELS\LEV3\BLR4\XS\SKY3.X --> ftp.saffire.com /Builds/PC Retail/alpha/Alphav0.006/DATA/LEVELS/LEV3/BLR4/XS SKY3.X
101.07.23 16:13 B S:\Brent\Alphav0.006\DATA\LEVELS\LEV3\BLR4\XS\WATR.X --> ftp.saffire.com /Builds/PC Retail/alpha/Alphav0.006/DATA/LEVELS/LEV3/BLR4/XS WATR.X
