101.07.23 16:04 B S:\Brent\Alphav0.006\DATA\LEVELS\LEV2\HYDR\XS\BLD04.X --> ftp.saffire.com /Builds/PC Retail/alpha/Alphav0.006/DATA/LEVELS/LEV2/HYDR/XS BLD04.X
101.07.23 16:04 B S:\Brent\Alphav0.006\DATA\LEVELS\LEV2\HYDR\XS\BLD1.X --> ftp.saffire.com /Builds/PC Retail/alpha/Alphav0.006/DATA/LEVELS/LEV2/HYDR/XS BLD1.X
101.07.23 16:04 B S:\Brent\Alphav0.006\DATA\LEVELS\LEV2\HYDR\XS\BLD2.X --> ftp.saffire.com /Builds/PC Retail/alpha/Alphav0.006/DATA/LEVELS/LEV2/HYDR/XS BLD2.X
101.07.23 16:04 B S:\Brent\Alphav0.006\DATA\LEVELS\LEV2\HYDR\XS\BLD3.X --> ftp.saffire.com /Builds/PC Retail/alpha/Alphav0.006/DATA/LEVELS/LEV2/HYDR/XS BLD3.X
101.07.23 16:04 B S:\Brent\Alphav0.006\DATA\LEVELS\LEV2\HYDR\XS\BLD4.X --> ftp.saffire.com /Builds/PC Retail/alpha/Alphav0.006/DATA/LEVELS/LEV2/HYDR/XS BLD4.X
101.07.23 16:04 B S:\Brent\Alphav0.006\DATA\LEVELS\LEV2\HYDR\XS\FAL1.X --> ftp.saffire.com /Builds/PC Retail/alpha/Alphav0.006/DATA/LEVELS/LEV2/HYDR/XS FAL1.X
101.07.23 16:04 B S:\Brent\Alphav0.006\DATA\LEVELS\LEV2\HYDR\XS\FAL2.X --> ftp.saffire.com /Builds/PC Retail/alpha/Alphav0.006/DATA/LEVELS/LEV2/HYDR/XS FAL2.X
101.07.23 16:04 B S:\Brent\Alphav0.006\DATA\LEVELS\LEV2\HYDR\XS\FAL3.X --> ftp.saffire.com /Builds/PC Retail/alpha/Alphav0.006/DATA/LEVELS/LEV2/HYDR/XS FAL3.X
101.07.23 16:04 B S:\Brent\Alphav0.006\DATA\LEVELS\LEV2\HYDR\XS\FAL4.X --> ftp.saffire.com /Builds/PC Retail/alpha/Alphav0.006/DATA/LEVELS/LEV2/HYDR/XS FAL4.X
101.07.23 16:04 B S:\Brent\Alphav0.006\DATA\LEVELS\LEV2\HYDR\XS\HYDW.X --> ftp.saffire.com /Builds/PC Retail/alpha/Alphav0.006/DATA/LEVELS/LEV2/HYDR/XS HYDW.X
101.07.23 16:04 B S:\Brent\Alphav0.006\DATA\LEVELS\LEV2\HYDR\XS\MAIN.X --> ftp.saffire.com /Builds/PC Retail/alpha/Alphav0.006/DATA/LEVELS/LEV2/HYDR/XS MAIN.X
101.07.23 16:04 B S:\Brent\Alphav0.006\DATA\LEVELS\LEV2\HYDR\XS\PALM.X --> ftp.saffire.com /Builds/PC Retail/alpha/Alphav0.006/DATA/LEVELS/LEV2/HYDR/XS PALM.X
101.07.23 16:04 B S:\Brent\Alphav0.006\DATA\LEVELS\LEV2\HYDR\XS\PC01.X --> ftp.saffire.com /Builds/PC Retail/alpha/Alphav0.006/DATA/LEVELS/LEV2/HYDR/XS PC01.X
101.07.23 16:04 B S:\Brent\Alphav0.006\DATA\LEVELS\LEV2\HYDR\XS\PC02.X --> ftp.saffire.com /Builds/PC Retail/alpha/Alphav0.006/DATA/LEVELS/LEV2/HYDR/XS PC02.X
101.07.23 16:04 B S:\Brent\Alphav0.006\DATA\LEVELS\LEV2\HYDR\XS\PC03.X --> ftp.saffire.com /Builds/PC Retail/alpha/Alphav0.006/DATA/LEVELS/LEV2/HYDR/XS PC03.X
101.07.23 16:04 B S:\Brent\Alphav0.006\DATA\LEVELS\LEV2\HYDR\XS\PC04.X --> ftp.saffire.com /Builds/PC Retail/alpha/Alphav0.006/DATA/LEVELS/LEV2/HYDR/XS PC04.X
101.07.23 16:04 B S:\Brent\Alphav0.006\DATA\LEVELS\LEV2\HYDR\XS\PC05.X --> ftp.saffire.com /Builds/PC Retail/alpha/Alphav0.006/DATA/LEVELS/LEV2/HYDR/XS PC05.X
101.07.23 16:04 B S:\Brent\Alphav0.006\DATA\LEVELS\LEV2\HYDR\XS\PC06.X --> ftp.saffire.com /Builds/PC Retail/alpha/Alphav0.006/DATA/LEVELS/LEV2/HYDR/XS PC06.X
101.07.23 16:04 B S:\Brent\Alphav0.006\DATA\LEVELS\LEV2\HYDR\XS\PC07.X --> ftp.saffire.com /Builds/PC Retail/alpha/Alphav0.006/DATA/LEVELS/LEV2/HYDR/XS PC07.X
101.07.23 16:04 B S:\Brent\Alphav0.006\DATA\LEVELS\LEV2\HYDR\XS\PC08.X --> ftp.saffire.com /Builds/PC Retail/alpha/Alphav0.006/DATA/LEVELS/LEV2/HYDR/XS PC08.X
101.07.23 16:04 B S:\Brent\Alphav0.006\DATA\LEVELS\LEV2\HYDR\XS\PC09.X --> ftp.saffire.com /Builds/PC Retail/alpha/Alphav0.006/DATA/LEVELS/LEV2/HYDR/XS PC09.X
101.07.23 16:04 B S:\Brent\Alphav0.006\DATA\LEVELS\LEV2\HYDR\XS\PC10.X --> ftp.saffire.com /Builds/PC Retail/alpha/Alphav0.006/DATA/LEVELS/LEV2/HYDR/XS PC10.X
101.07.23 16:04 B S:\Brent\Alphav0.006\DATA\LEVELS\LEV2\HYDR\XS\PC11.X --> ftp.saffire.com /Builds/PC Retail/alpha/Alphav0.006/DATA/LEVELS/LEV2/HYDR/XS PC11.X
101.07.23 16:04 B S:\Brent\Alphav0.006\DATA\LEVELS\LEV2\HYDR\XS\PC12.X --> ftp.saffire.com /Builds/PC Retail/alpha/Alphav0.006/DATA/LEVELS/LEV2/HYDR/XS PC12.X
101.07.23 16:04 B S:\Brent\Alphav0.006\DATA\LEVELS\LEV2\HYDR\XS\PC13.X --> ftp.saffire.com /Builds/PC Retail/alpha/Alphav0.006/DATA/LEVELS/LEV2/HYDR/XS PC13.X
101.07.23 16:04 B S:\Brent\Alphav0.006\DATA\LEVELS\LEV2\HYDR\XS\PC14.X --> ftp.saffire.com /Builds/PC Retail/alpha/Alphav0.006/DATA/LEVELS/LEV2/HYDR/XS PC14.X
101.07.23 16:04 B S:\Brent\Alphav0.006\DATA\LEVELS\LEV2\HYDR\XS\PC15.X --> ftp.saffire.com /Builds/PC Retail/alpha/Alphav0.006/DATA/LEVELS/LEV2/HYDR/XS PC15.X
101.07.23 16:04 B S:\Brent\Alphav0.006\DATA\LEVELS\LEV2\HYDR\XS\PC16.X --> ftp.saffire.com /Builds/PC Retail/alpha/Alphav0.006/DATA/LEVELS/LEV2/HYDR/XS PC16.X
101.07.23 16:04 B S:\Brent\Alphav0.006\DATA\LEVELS\LEV2\HYDR\XS\PC17.X --> ftp.saffire.com /Builds/PC Retail/alpha/Alphav0.006/DATA/LEVELS/LEV2/HYDR/XS PC17.X
101.07.23 16:04 B S:\Brent\Alphav0.006\DATA\LEVELS\LEV2\HYDR\XS\PC18.X --> ftp.saffire.com /Builds/PC Retail/alpha/Alphav0.006/DATA/LEVELS/LEV2/HYDR/XS PC18.X
101.07.23 16:04 B S:\Brent\Alphav0.006\DATA\LEVELS\LEV2\HYDR\XS\PC19.X --> ftp.saffire.com /Builds/PC Retail/alpha/Alphav0.006/DATA/LEVELS/LEV2/HYDR/XS PC19.X
101.07.23 16:04 B S:\Brent\Alphav0.006\DATA\LEVELS\LEV2\HYDR\XS\PC20.X --> ftp.saffire.com /Builds/PC Retail/alpha/Alphav0.006/DATA/LEVELS/LEV2/HYDR/XS PC20.X
101.07.23 16:04 B S:\Brent\Alphav0.006\DATA\LEVELS\LEV2\HYDR\XS\PC21.X --> ftp.saffire.com /Builds/PC Retail/alpha/Alphav0.006/DATA/LEVELS/LEV2/HYDR/XS PC21.X
101.07.23 16:04 B S:\Brent\Alphav0.006\DATA\LEVELS\LEV2\HYDR\XS\PC22.X --> ftp.saffire.com /Builds/PC Retail/alpha/Alphav0.006/DATA/LEVELS/LEV2/HYDR/XS PC22.X
101.07.23 16:04 B S:\Brent\Alphav0.006\DATA\LEVELS\LEV2\HYDR\XS\PC23.X --> ftp.saffire.com /Builds/PC Retail/alpha/Alphav0.006/DATA/LEVELS/LEV2/HYDR/XS PC23.X
101.07.23 16:04 B S:\Brent\Alphav0.006\DATA\LEVELS\LEV2\HYDR\XS\SKY1.X --> ftp.saffire.com /Builds/PC Retail/alpha/Alphav0.006/DATA/LEVELS/LEV2/HYDR/XS SKY1.X
101.07.23 16:04 B S:\Brent\Alphav0.006\DATA\LEVELS\LEV2\HYDR\XS\STON.X --> ftp.saffire.com /Builds/PC Retail/alpha/Alphav0.006/DATA/LEVELS/LEV2/HYDR/XS STON.X
101.07.23 16:04 B S:\Brent\Alphav0.006\DATA\LEVELS\LEV2\HYDR\XS\SWED.X --> ftp.saffire.com /Builds/PC Retail/alpha/Alphav0.006/DATA/LEVELS/LEV2/HYDR/XS SWED.X
101.07.23 16:04 B S:\Brent\Alphav0.006\DATA\LEVELS\LEV2\HYDR\XS\TRE1.X --> ftp.saffire.com /Builds/PC Retail/alpha/Alphav0.006/DATA/LEVELS/LEV2/HYDR/XS TRE1.X
101.07.23 16:04 B S:\Brent\Alphav0.006\DATA\LEVELS\LEV2\HYDR\XS\WAL0.X --> ftp.saffire.com /Builds/PC Retail/alpha/Alphav0.006/DATA/LEVELS/LEV2/HYDR/XS WAL0.X
101.07.23 16:04 B S:\Brent\Alphav0.006\DATA\LEVELS\LEV2\HYDR\XS\WAL1.X --> ftp.saffire.com /Builds/PC Retail/alpha/Alphav0.006/DATA/LEVELS/LEV2/HYDR/XS WAL1.X
101.07.23 16:04 B S:\Brent\Alphav0.006\DATA\LEVELS\LEV2\HYDR\XS\WAL2.X --> ftp.saffire.com /Builds/PC Retail/alpha/Alphav0.006/DATA/LEVELS/LEV2/HYDR/XS WAL2.X
101.07.23 16:04 B S:\Brent\Alphav0.006\DATA\LEVELS\LEV2\HYDR\XS\WAL3.X --> ftp.saffire.com /Builds/PC Retail/alpha/Alphav0.006/DATA/LEVELS/LEV2/HYDR/XS WAL3.X
101.07.23 16:04 B S:\Brent\Alphav0.006\DATA\LEVELS\LEV2\HYDR\XS\WAL4.X --> ftp.saffire.com /Builds/PC Retail/alpha/Alphav0.006/DATA/LEVELS/LEV2/HYDR/XS WAL4.X
101.07.23 16:04 B S:\Brent\Alphav0.006\DATA\LEVELS\LEV2\HYDR\XS\WAL5.X --> ftp.saffire.com /Builds/PC Retail/alpha/Alphav0.006/DATA/LEVELS/LEV2/HYDR/XS WAL5.X
101.07.23 16:04 B S:\Brent\Alphav0.006\DATA\LEVELS\LEV2\HYDR\XS\WAL6.X --> ftp.saffire.com /Builds/PC Retail/alpha/Alphav0.006/DATA/LEVELS/LEV2/HYDR/XS WAL6.X
101.07.23 16:04 B S:\Brent\Alphav0.006\DATA\LEVELS\LEV2\HYDR\XS\WAL7.X --> ftp.saffire.com /Builds/PC Retail/alpha/Alphav0.006/DATA/LEVELS/LEV2/HYDR/XS WAL7.X
101.07.23 16:04 B S:\Brent\Alphav0.006\DATA\LEVELS\LEV2\HYDR\XS\WAL8.X --> ftp.saffire.com /Builds/PC Retail/alpha/Alphav0.006/DATA/LEVELS/LEV2/HYDR/XS WAL8.X
101.07.23 16:04 B S:\Brent\Alphav0.006\DATA\LEVELS\LEV2\HYDR\XS\WAL9.X --> ftp.saffire.com /Builds/PC Retail/alpha/Alphav0.006/DATA/LEVELS/LEV2/HYDR/XS WAL9.X
101.07.23 16:04 B S:\Brent\Alphav0.006\DATA\LEVELS\LEV2\HYDR\XS\WALA.X --> ftp.saffire.com /Builds/PC Retail/alpha/Alphav0.006/DATA/LEVELS/LEV2/HYDR/XS WALA.X
101.07.23 16:04 B S:\Brent\Alphav0.006\DATA\LEVELS\LEV2\HYDR\XS\WALB.X --> ftp.saffire.com /Builds/PC Retail/alpha/Alphav0.006/DATA/LEVELS/LEV2/HYDR/XS WALB.X
101.07.23 16:04 B S:\Brent\Alphav0.006\DATA\LEVELS\LEV2\HYDR\XS\WALC.X --> ftp.saffire.com /Builds/PC Retail/alpha/Alphav0.006/DATA/LEVELS/LEV2/HYDR/XS WALC.X
101.07.23 16:04 B S:\Brent\Alphav0.006\DATA\LEVELS\LEV2\HYDR\XS\WALD.X --> ftp.saffire.com /Builds/PC Retail/alpha/Alphav0.006/DATA/LEVELS/LEV2/HYDR/XS WALD.X
101.07.23 16:04 B S:\Brent\Alphav0.006\DATA\LEVELS\LEV2\HYDR\XS\WALE.X --> ftp.saffire.com /Builds/PC Retail/alpha/Alphav0.006/DATA/LEVELS/LEV2/HYDR/XS WALE.X
101.07.23 16:04 B S:\Brent\Alphav0.006\DATA\LEVELS\LEV2\HYDR\XS\WALF.X --> ftp.saffire.com /Builds/PC Retail/alpha/Alphav0.006/DATA/LEVELS/LEV2/HYDR/XS WALF.X
101.07.23 16:04 B S:\Brent\Alphav0.006\DATA\LEVELS\LEV2\HYDR\XS\WALG.X --> ftp.saffire.com /Builds/PC Retail/alpha/Alphav0.006/DATA/LEVELS/LEV2/HYDR/XS WALG.X
101.07.23 16:04 B S:\Brent\Alphav0.006\DATA\LEVELS\LEV2\HYDR\XS\WALL.X --> ftp.saffire.com /Builds/PC Retail/alpha/Alphav0.006/DATA/LEVELS/LEV2/HYDR/XS WALL.X
101.07.23 16:04 B S:\Brent\Alphav0.006\DATA\LEVELS\LEV2\HYDR\XS\WATR.X --> ftp.saffire.com /Builds/PC Retail/alpha/Alphav0.006/DATA/LEVELS/LEV2/HYDR/XS WATR.X
