101.07.23 16:08 B S:\Brent\Alphav0.006\DATA\LEVELS\LEV2\TEXTURES\B.DDS --> ftp.saffire.com /Builds/PC Retail/alpha/Alphav0.006/DATA/LEVELS/LEV2/TEXTURES B.DDS
101.07.23 16:08 B S:\Brent\Alphav0.006\DATA\LEVELS\LEV2\TEXTURES\bchclifs_grs.dds --> ftp.saffire.com /Builds/PC Retail/alpha/Alphav0.006/DATA/LEVELS/LEV2/TEXTURES bchclifs_grs.dds
101.07.23 16:08 B S:\Brent\Alphav0.006\DATA\LEVELS\LEV2\TEXTURES\BLUE.DDS --> ftp.saffire.com /Builds/PC Retail/alpha/Alphav0.006/DATA/LEVELS/LEV2/TEXTURES BLUE.DDS
101.07.23 16:08 B S:\Brent\Alphav0.006\DATA\LEVELS\LEV2\TEXTURES\ga_cha_10xx_arm_1.dds --> ftp.saffire.com /Builds/PC Retail/alpha/Alphav0.006/DATA/LEVELS/LEV2/TEXTURES ga_cha_10xx_arm_1.dds
101.07.23 16:08 B S:\Brent\Alphav0.006\DATA\LEVELS\LEV2\TEXTURES\ga_cha_10xx_arm_2.dds --> ftp.saffire.com /Builds/PC Retail/alpha/Alphav0.006/DATA/LEVELS/LEV2/TEXTURES ga_cha_10xx_arm_2.dds
101.07.23 16:08 B S:\Brent\Alphav0.006\DATA\LEVELS\LEV2\TEXTURES\ga_cha_10xx_arm_bump.dds --> ftp.saffire.com /Builds/PC Retail/alpha/Alphav0.006/DATA/LEVELS/LEV2/TEXTURES ga_cha_10xx_arm_bump.dds
101.07.23 16:08 B S:\Brent\Alphav0.006\DATA\LEVELS\LEV2\TEXTURES\ga_cha_10xx_black_1.dds --> ftp.saffire.com /Builds/PC Retail/alpha/Alphav0.006/DATA/LEVELS/LEV2/TEXTURES ga_cha_10xx_black_1.dds
101.07.23 16:08 B S:\Brent\Alphav0.006\DATA\LEVELS\LEV2\TEXTURES\ga_cha_10xx_black_2.dds --> ftp.saffire.com /Builds/PC Retail/alpha/Alphav0.006/DATA/LEVELS/LEV2/TEXTURES ga_cha_10xx_black_2.dds
101.07.23 16:08 B S:\Brent\Alphav0.006\DATA\LEVELS\LEV2\TEXTURES\ga_cha_10xx_black_bump.dds --> ftp.saffire.com /Builds/PC Retail/alpha/Alphav0.006/DATA/LEVELS/LEV2/TEXTURES ga_cha_10xx_black_bump.dds
101.07.23 16:08 B S:\Brent\Alphav0.006\DATA\LEVELS\LEV2\TEXTURES\ga_cha_10xx_eyes.dds --> ftp.saffire.com /Builds/PC Retail/alpha/Alphav0.006/DATA/LEVELS/LEV2/TEXTURES ga_cha_10xx_eyes.dds
101.07.23 16:08 B S:\Brent\Alphav0.006\DATA\LEVELS\LEV2\TEXTURES\ga_cha_10xx_face.dds --> ftp.saffire.com /Builds/PC Retail/alpha/Alphav0.006/DATA/LEVELS/LEV2/TEXTURES ga_cha_10xx_face.dds
101.07.23 16:08 B S:\Brent\Alphav0.006\DATA\LEVELS\LEV2\TEXTURES\ga_cha_10xx_face_bump.dds --> ftp.saffire.com /Builds/PC Retail/alpha/Alphav0.006/DATA/LEVELS/LEV2/TEXTURES ga_cha_10xx_face_bump.dds
101.07.23 16:08 B S:\Brent\Alphav0.006\DATA\LEVELS\LEV2\TEXTURES\ga_cha_10xx_head.dds --> ftp.saffire.com /Builds/PC Retail/alpha/Alphav0.006/DATA/LEVELS/LEV2/TEXTURES ga_cha_10xx_head.dds
101.07.23 16:08 B S:\Brent\Alphav0.006\DATA\LEVELS\LEV2\TEXTURES\ga_cha_10xx_head_bump.dds --> ftp.saffire.com /Builds/PC Retail/alpha/Alphav0.006/DATA/LEVELS/LEV2/TEXTURES ga_cha_10xx_head_bump.dds
101.07.23 16:08 B S:\Brent\Alphav0.006\DATA\LEVELS\LEV2\TEXTURES\ga_cha_10xx_hook.dds --> ftp.saffire.com /Builds/PC Retail/alpha/Alphav0.006/DATA/LEVELS/LEV2/TEXTURES ga_cha_10xx_hook.dds
101.07.23 16:08 B S:\Brent\Alphav0.006\DATA\LEVELS\LEV2\TEXTURES\ga_cha_10xx_hook_bump.dds --> ftp.saffire.com /Builds/PC Retail/alpha/Alphav0.006/DATA/LEVELS/LEV2/TEXTURES ga_cha_10xx_hook_bump.dds
101.07.23 16:08 B S:\Brent\Alphav0.006\DATA\LEVELS\LEV2\TEXTURES\ga_cha_10xx_leg_1.dds --> ftp.saffire.com /Builds/PC Retail/alpha/Alphav0.006/DATA/LEVELS/LEV2/TEXTURES ga_cha_10xx_leg_1.dds
101.07.23 16:08 B S:\Brent\Alphav0.006\DATA\LEVELS\LEV2\TEXTURES\ga_cha_10xx_leg_bump.dds --> ftp.saffire.com /Builds/PC Retail/alpha/Alphav0.006/DATA/LEVELS/LEV2/TEXTURES ga_cha_10xx_leg_bump.dds
101.07.23 16:08 B S:\Brent\Alphav0.006\DATA\LEVELS\LEV2\TEXTURES\ga_cha_10xx_toa_arm.dds --> ftp.saffire.com /Builds/PC Retail/alpha/Alphav0.006/DATA/LEVELS/LEV2/TEXTURES ga_cha_10xx_toa_arm.dds
101.07.23 16:08 B S:\Brent\Alphav0.006\DATA\LEVELS\LEV2\TEXTURES\ga_cha_10xx_toa_face.dds --> ftp.saffire.com /Builds/PC Retail/alpha/Alphav0.006/DATA/LEVELS/LEV2/TEXTURES ga_cha_10xx_toa_face.dds
101.07.23 16:08 B S:\Brent\Alphav0.006\DATA\LEVELS\LEV2\TEXTURES\ga_cha_10xx_toa_foot.dds --> ftp.saffire.com /Builds/PC Retail/alpha/Alphav0.006/DATA/LEVELS/LEV2/TEXTURES ga_cha_10xx_toa_foot.dds
101.07.23 16:08 B S:\Brent\Alphav0.006\DATA\LEVELS\LEV2\TEXTURES\ga_cha_10xx_toa_head.dds --> ftp.saffire.com /Builds/PC Retail/alpha/Alphav0.006/DATA/LEVELS/LEV2/TEXTURES ga_cha_10xx_toa_head.dds
101.07.23 16:08 B S:\Brent\Alphav0.006\DATA\LEVELS\LEV2\TEXTURES\ga_cha_10xx_toa_hook.dds --> ftp.saffire.com /Builds/PC Retail/alpha/Alphav0.006/DATA/LEVELS/LEV2/TEXTURES ga_cha_10xx_toa_hook.dds
101.07.23 16:08 B S:\Brent\Alphav0.006\DATA\LEVELS\LEV2\TEXTURES\ga_cha_10xx_toa_leg.dds --> ftp.saffire.com /Builds/PC Retail/alpha/Alphav0.006/DATA/LEVELS/LEV2/TEXTURES ga_cha_10xx_toa_leg.dds
101.07.23 16:08 B S:\Brent\Alphav0.006\DATA\LEVELS\LEV2\TEXTURES\ga_cha_10xx_toa_misc.dds --> ftp.saffire.com /Builds/PC Retail/alpha/Alphav0.006/DATA/LEVELS/LEV2/TEXTURES ga_cha_10xx_toa_misc.dds
101.07.23 16:08 B S:\Brent\Alphav0.006\DATA\LEVELS\LEV2\TEXTURES\ga_cha_10xx_toa_torso.dds --> ftp.saffire.com /Builds/PC Retail/alpha/Alphav0.006/DATA/LEVELS/LEV2/TEXTURES ga_cha_10xx_toa_torso.dds
101.07.23 16:08 B S:\Brent\Alphav0.006\DATA\LEVELS\LEV2\TEXTURES\ga_cha_10xx_torso.dds --> ftp.saffire.com /Builds/PC Retail/alpha/Alphav0.006/DATA/LEVELS/LEV2/TEXTURES ga_cha_10xx_torso.dds
101.07.23 16:08 B S:\Brent\Alphav0.006\DATA\LEVELS\LEV2\TEXTURES\ga_cha_10xx_torso_bump.dds --> ftp.saffire.com /Builds/PC Retail/alpha/Alphav0.006/DATA/LEVELS/LEV2/TEXTURES ga_cha_10xx_torso_bump.dds
101.07.23 16:08 B S:\Brent\Alphav0.006\DATA\LEVELS\LEV2\TEXTURES\ga_cha_10xx_translation.dds --> ftp.saffire.com /Builds/PC Retail/alpha/Alphav0.006/DATA/LEVELS/LEV2/TEXTURES ga_cha_10xx_translation.dds
101.07.23 16:08 B S:\Brent\Alphav0.006\DATA\LEVELS\LEV2\TEXTURES\ga_cha_10xx_translation_bump.dds --> ftp.saffire.com /Builds/PC Retail/alpha/Alphav0.006/DATA/LEVELS/LEV2/TEXTURES ga_cha_10xx_translation_bump.dds
101.07.23 16:08 B S:\Brent\Alphav0.006\DATA\LEVELS\LEV2\TEXTURES\ga_cha_10xx_waterbreathing.dds --> ftp.saffire.com /Builds/PC Retail/alpha/Alphav0.006/DATA/LEVELS/LEV2/TEXTURES ga_cha_10xx_waterbreathing.dds
101.07.23 16:08 B S:\Brent\Alphav0.006\DATA\LEVELS\LEV2\TEXTURES\ga_cha_10xx_waterbreathing_bump.dds --> ftp.saffire.com /Builds/PC Retail/alpha/Alphav0.006/DATA/LEVELS/LEV2/TEXTURES ga_cha_10xx_waterbreathing_bump.dds
101.07.23 16:08 B S:\Brent\Alphav0.006\DATA\LEVELS\LEV2\TEXTURES\ga_cha_34xx_visor.dds --> ftp.saffire.com /Builds/PC Retail/alpha/Alphav0.006/DATA/LEVELS/LEV2/TEXTURES ga_cha_34xx_visor.dds
101.07.23 16:08 B S:\Brent\Alphav0.006\DATA\LEVELS\LEV2\TEXTURES\ga_lev_10xx_altr_1.dds --> ftp.saffire.com /Builds/PC Retail/alpha/Alphav0.006/DATA/LEVELS/LEV2/TEXTURES ga_lev_10xx_altr_1.dds
101.07.23 16:08 B S:\Brent\Alphav0.006\DATA\LEVELS\LEV2\TEXTURES\ga_lev_10xx_altr_2.dds --> ftp.saffire.com /Builds/PC Retail/alpha/Alphav0.006/DATA/LEVELS/LEV2/TEXTURES ga_lev_10xx_altr_2.dds
101.07.23 16:08 B S:\Brent\Alphav0.006\DATA\LEVELS\LEV2\TEXTURES\ga_lev_10xx_altr_3.dds --> ftp.saffire.com /Builds/PC Retail/alpha/Alphav0.006/DATA/LEVELS/LEV2/TEXTURES ga_lev_10xx_altr_3.dds
101.07.23 16:08 B S:\Brent\Alphav0.006\DATA\LEVELS\LEV2\TEXTURES\ga_lev_10xx_background1.dds --> ftp.saffire.com /Builds/PC Retail/alpha/Alphav0.006/DATA/LEVELS/LEV2/TEXTURES ga_lev_10xx_background1.dds
101.07.23 16:08 B S:\Brent\Alphav0.006\DATA\LEVELS\LEV2\TEXTURES\ga_lev_10xx_background2.dds --> ftp.saffire.com /Builds/PC Retail/alpha/Alphav0.006/DATA/LEVELS/LEV2/TEXTURES ga_lev_10xx_background2.dds
101.07.23 16:08 B S:\Brent\Alphav0.006\DATA\LEVELS\LEV2\TEXTURES\ga_lev_10xx_background3.dds --> ftp.saffire.com /Builds/PC Retail/alpha/Alphav0.006/DATA/LEVELS/LEV2/TEXTURES ga_lev_10xx_background3.dds
101.07.23 16:08 B S:\Brent\Alphav0.006\DATA\LEVELS\LEV2\TEXTURES\ga_lev_10xx_background4.dds --> ftp.saffire.com /Builds/PC Retail/alpha/Alphav0.006/DATA/LEVELS/LEV2/TEXTURES ga_lev_10xx_background4.dds
101.07.23 16:08 B S:\Brent\Alphav0.006\DATA\LEVELS\LEV2\TEXTURES\GA_LEV_10xx_bark.dds --> ftp.saffire.com /Builds/PC Retail/alpha/Alphav0.006/DATA/LEVELS/LEV2/TEXTURES GA_LEV_10xx_bark.dds
101.07.23 16:08 B S:\Brent\Alphav0.006\DATA\LEVELS\LEV2\TEXTURES\ga_lev_10xx_basket.dds --> ftp.saffire.com /Builds/PC Retail/alpha/Alphav0.006/DATA/LEVELS/LEV2/TEXTURES ga_lev_10xx_basket.dds
101.07.23 16:08 B S:\Brent\Alphav0.006\DATA\LEVELS\LEV2\TEXTURES\GA_LEV_10xx_bldr01.dds --> ftp.saffire.com /Builds/PC Retail/alpha/Alphav0.006/DATA/LEVELS/LEV2/TEXTURES GA_LEV_10xx_bldr01.dds
101.07.23 16:08 B S:\Brent\Alphav0.006\DATA\LEVELS\LEV2\TEXTURES\ga_lev_10xx_bldr_1.dds --> ftp.saffire.com /Builds/PC Retail/alpha/Alphav0.006/DATA/LEVELS/LEV2/TEXTURES ga_lev_10xx_bldr_1.dds
101.07.23 16:08 B S:\Brent\Alphav0.006\DATA\LEVELS\LEV2\TEXTURES\ga_lev_10xx_boat_1.dds --> ftp.saffire.com /Builds/PC Retail/alpha/Alphav0.006/DATA/LEVELS/LEV2/TEXTURES ga_lev_10xx_boat_1.dds
101.07.23 16:08 B S:\Brent\Alphav0.006\DATA\LEVELS\LEV2\TEXTURES\ga_lev_10xx_Braincoral.dds --> ftp.saffire.com /Builds/PC Retail/alpha/Alphav0.006/DATA/LEVELS/LEV2/TEXTURES ga_lev_10xx_Braincoral.dds
101.07.23 16:08 B S:\Brent\Alphav0.006\DATA\LEVELS\LEV2\TEXTURES\ga_lev_10xx_cbbl_1.dds --> ftp.saffire.com /Builds/PC Retail/alpha/Alphav0.006/DATA/LEVELS/LEV2/TEXTURES ga_lev_10xx_cbbl_1.dds
101.07.23 16:08 B S:\Brent\Alphav0.006\DATA\LEVELS\LEV2\TEXTURES\ga_lev_10xx_center_1.dds --> ftp.saffire.com /Builds/PC Retail/alpha/Alphav0.006/DATA/LEVELS/LEV2/TEXTURES ga_lev_10xx_center_1.dds
101.07.23 16:08 B S:\Brent\Alphav0.006\DATA\LEVELS\LEV2\TEXTURES\ga_lev_10xx_cheek_1.dds --> ftp.saffire.com /Builds/PC Retail/alpha/Alphav0.006/DATA/LEVELS/LEV2/TEXTURES ga_lev_10xx_cheek_1.dds
101.07.23 16:08 B S:\Brent\Alphav0.006\DATA\LEVELS\LEV2\TEXTURES\ga_lev_10xx_clfcrvd_1.dds --> ftp.saffire.com /Builds/PC Retail/alpha/Alphav0.006/DATA/LEVELS/LEV2/TEXTURES ga_lev_10xx_clfcrvd_1.dds
101.07.23 16:08 B S:\Brent\Alphav0.006\DATA\LEVELS\LEV2\TEXTURES\ga_lev_10xx_clff_1.dds --> ftp.saffire.com /Builds/PC Retail/alpha/Alphav0.006/DATA/LEVELS/LEV2/TEXTURES ga_lev_10xx_clff_1.dds
101.07.23 16:08 B S:\Brent\Alphav0.006\DATA\LEVELS\LEV2\TEXTURES\ga_lev_10xx_clftosnd_1.dds --> ftp.saffire.com /Builds/PC Retail/alpha/Alphav0.006/DATA/LEVELS/LEV2/TEXTURES ga_lev_10xx_clftosnd_1.dds
101.07.23 16:08 B S:\Brent\Alphav0.006\DATA\LEVELS\LEV2\TEXTURES\ga_lev_10xx_clm_1.dds --> ftp.saffire.com /Builds/PC Retail/alpha/Alphav0.006/DATA/LEVELS/LEV2/TEXTURES ga_lev_10xx_clm_1.dds
101.07.23 16:08 B S:\Brent\Alphav0.006\DATA\LEVELS\LEV2\TEXTURES\ga_lev_10xx_clm_2.dds --> ftp.saffire.com /Builds/PC Retail/alpha/Alphav0.006/DATA/LEVELS/LEV2/TEXTURES ga_lev_10xx_clm_2.dds
101.07.23 16:08 B S:\Brent\Alphav0.006\DATA\LEVELS\LEV2\TEXTURES\ga_lev_10xx_comndmt_1.dds --> ftp.saffire.com /Builds/PC Retail/alpha/Alphav0.006/DATA/LEVELS/LEV2/TEXTURES ga_lev_10xx_comndmt_1.dds
101.07.23 16:08 B S:\Brent\Alphav0.006\DATA\LEVELS\LEV2\TEXTURES\ga_lev_10xx_comndmt_2.dds --> ftp.saffire.com /Builds/PC Retail/alpha/Alphav0.006/DATA/LEVELS/LEV2/TEXTURES ga_lev_10xx_comndmt_2.dds
101.07.23 16:08 B S:\Brent\Alphav0.006\DATA\LEVELS\LEV2\TEXTURES\ga_lev_10xx_corlwalltorck_1.dds --> ftp.saffire.com /Builds/PC Retail/alpha/Alphav0.006/DATA/LEVELS/LEV2/TEXTURES ga_lev_10xx_corlwalltorck_1.dds
101.07.23 16:08 B S:\Brent\Alphav0.006\DATA\LEVELS\LEV2\TEXTURES\ga_lev_10xx_crckdmbl_1.dds --> ftp.saffire.com /Builds/PC Retail/alpha/Alphav0.006/DATA/LEVELS/LEV2/TEXTURES ga_lev_10xx_crckdmbl_1.dds
101.07.23 16:08 B S:\Brent\Alphav0.006\DATA\LEVELS\LEV2\TEXTURES\ga_lev_10xx_cst_1.dds --> ftp.saffire.com /Builds/PC Retail/alpha/Alphav0.006/DATA/LEVELS/LEV2/TEXTURES ga_lev_10xx_cst_1.dds
101.07.23 16:08 B S:\Brent\Alphav0.006\DATA\LEVELS\LEV2\TEXTURES\ga_lev_10xx_ctos_1.dds --> ftp.saffire.com /Builds/PC Retail/alpha/Alphav0.006/DATA/LEVELS/LEV2/TEXTURES ga_lev_10xx_ctos_1.dds
101.07.23 16:08 B S:\Brent\Alphav0.006\DATA\LEVELS\LEV2\TEXTURES\ga_lev_10xx_ctos_2.dds --> ftp.saffire.com /Builds/PC Retail/alpha/Alphav0.006/DATA/LEVELS/LEV2/TEXTURES ga_lev_10xx_ctos_2.dds
101.07.23 16:08 B S:\Brent\Alphav0.006\DATA\LEVELS\LEV2\TEXTURES\ga_lev_10xx_cwm_1.dds --> ftp.saffire.com /Builds/PC Retail/alpha/Alphav0.006/DATA/LEVELS/LEV2/TEXTURES ga_lev_10xx_cwm_1.dds
101.07.23 16:08 B S:\Brent\Alphav0.006\DATA\LEVELS\LEV2\TEXTURES\ga_lev_10xx_cwr_1.dds --> ftp.saffire.com /Builds/PC Retail/alpha/Alphav0.006/DATA/LEVELS/LEV2/TEXTURES ga_lev_10xx_cwr_1.dds
101.07.23 16:08 B S:\Brent\Alphav0.006\DATA\LEVELS\LEV2\TEXTURES\ga_lev_10xx_cwr_1tosurf.dds --> ftp.saffire.com /Builds/PC Retail/alpha/Alphav0.006/DATA/LEVELS/LEV2/TEXTURES ga_lev_10xx_cwr_1tosurf.dds
101.07.23 16:08 B S:\Brent\Alphav0.006\DATA\LEVELS\LEV2\TEXTURES\ga_lev_10xx_cwrtorockpath_1.dds --> ftp.saffire.com /Builds/PC Retail/alpha/Alphav0.006/DATA/LEVELS/LEV2/TEXTURES ga_lev_10xx_cwrtorockpath_1.dds
101.07.23 16:08 B S:\Brent\Alphav0.006\DATA\LEVELS\LEV2\TEXTURES\ga_lev_10xx_cws_1.dds --> ftp.saffire.com /Builds/PC Retail/alpha/Alphav0.006/DATA/LEVELS/LEV2/TEXTURES ga_lev_10xx_cws_1.dds
101.07.23 16:08 B S:\Brent\Alphav0.006\DATA\LEVELS\LEV2\TEXTURES\ga_lev_10xx_cwswet_1.dds --> ftp.saffire.com /Builds/PC Retail/alpha/Alphav0.006/DATA/LEVELS/LEV2/TEXTURES ga_lev_10xx_cwswet_1.dds
101.07.23 16:08 B S:\Brent\Alphav0.006\DATA\LEVELS\LEV2\TEXTURES\ga_lev_10xx_dkmbl_1.dds --> ftp.saffire.com /Builds/PC Retail/alpha/Alphav0.006/DATA/LEVELS/LEV2/TEXTURES ga_lev_10xx_dkmbl_1.dds
101.07.23 16:08 B S:\Brent\Alphav0.006\DATA\LEVELS\LEV2\TEXTURES\ga_lev_10xx_dome_1.dds --> ftp.saffire.com /Builds/PC Retail/alpha/Alphav0.006/DATA/LEVELS/LEV2/TEXTURES ga_lev_10xx_dome_1.dds
101.07.23 16:08 B S:\Brent\Alphav0.006\DATA\LEVELS\LEV2\TEXTURES\ga_lev_10xx_dpocean_1.dds --> ftp.saffire.com /Builds/PC Retail/alpha/Alphav0.006/DATA/LEVELS/LEV2/TEXTURES ga_lev_10xx_dpocean_1.dds
101.07.23 16:08 B S:\Brent\Alphav0.006\DATA\LEVELS\LEV2\TEXTURES\ga_lev_10xx_drtygrs_1.dds --> ftp.saffire.com /Builds/PC Retail/alpha/Alphav0.006/DATA/LEVELS/LEV2/TEXTURES ga_lev_10xx_drtygrs_1.dds
101.07.23 16:08 B S:\Brent\Alphav0.006\DATA\LEVELS\LEV2\TEXTURES\ga_lev_10xx_dsc_1.dds --> ftp.saffire.com /Builds/PC Retail/alpha/Alphav0.006/DATA/LEVELS/LEV2/TEXTURES ga_lev_10xx_dsc_1.dds
101.07.23 16:08 B S:\Brent\Alphav0.006\DATA\LEVELS\LEV2\TEXTURES\GA_LEV_10xx_egg.dds --> ftp.saffire.com /Builds/PC Retail/alpha/Alphav0.006/DATA/LEVELS/LEV2/TEXTURES GA_LEV_10xx_egg.dds
101.07.23 16:08 B S:\Brent\Alphav0.006\DATA\LEVELS\LEV2\TEXTURES\ga_lev_10xx_fall_1.dds --> ftp.saffire.com /Builds/PC Retail/alpha/Alphav0.006/DATA/LEVELS/LEV2/TEXTURES ga_lev_10xx_fall_1.dds
101.07.23 16:08 B S:\Brent\Alphav0.006\DATA\LEVELS\LEV2\TEXTURES\ga_lev_10xx_forehead_1.dds --> ftp.saffire.com /Builds/PC Retail/alpha/Alphav0.006/DATA/LEVELS/LEV2/TEXTURES ga_lev_10xx_forehead_1.dds
101.07.23 16:08 B S:\Brent\Alphav0.006\DATA\LEVELS\LEV2\TEXTURES\ga_lev_10xx_gear.dds --> ftp.saffire.com /Builds/PC Retail/alpha/Alphav0.006/DATA/LEVELS/LEV2/TEXTURES ga_lev_10xx_gear.dds
101.07.23 16:08 B S:\Brent\Alphav0.006\DATA\LEVELS\LEV2\TEXTURES\ga_lev_10xx_glass_1.dds --> ftp.saffire.com /Builds/PC Retail/alpha/Alphav0.006/DATA/LEVELS/LEV2/TEXTURES ga_lev_10xx_glass_1.dds
101.07.23 16:08 B S:\Brent\Alphav0.006\DATA\LEVELS\LEV2\TEXTURES\ga_lev_10xx_glphbase_1.dds --> ftp.saffire.com /Builds/PC Retail/alpha/Alphav0.006/DATA/LEVELS/LEV2/TEXTURES ga_lev_10xx_glphbase_1.dds
101.07.23 16:08 B S:\Brent\Alphav0.006\DATA\LEVELS\LEV2\TEXTURES\ga_lev_10xx_grasstosoil.dds --> ftp.saffire.com /Builds/PC Retail/alpha/Alphav0.006/DATA/LEVELS/LEV2/TEXTURES ga_lev_10xx_grasstosoil.dds
101.07.23 16:08 B S:\Brent\Alphav0.006\DATA\LEVELS\LEV2\TEXTURES\ga_lev_10xx_gtree01.dds --> ftp.saffire.com /Builds/PC Retail/alpha/Alphav0.006/DATA/LEVELS/LEV2/TEXTURES ga_lev_10xx_gtree01.dds
101.07.23 16:08 B S:\Brent\Alphav0.006\DATA\LEVELS\LEV2\TEXTURES\ga_lev_10xx_gtree02.dds --> ftp.saffire.com /Builds/PC Retail/alpha/Alphav0.006/DATA/LEVELS/LEV2/TEXTURES ga_lev_10xx_gtree02.dds
101.07.23 16:08 B S:\Brent\Alphav0.006\DATA\LEVELS\LEV2\TEXTURES\ga_lev_10xx_gtree02b.dds --> ftp.saffire.com /Builds/PC Retail/alpha/Alphav0.006/DATA/LEVELS/LEV2/TEXTURES ga_lev_10xx_gtree02b.dds
101.07.23 16:08 B S:\Brent\Alphav0.006\DATA\LEVELS\LEV2\TEXTURES\ga_lev_10xx_gzertop_0000.dds --> ftp.saffire.com /Builds/PC Retail/alpha/Alphav0.006/DATA/LEVELS/LEV2/TEXTURES ga_lev_10xx_gzertop_0000.dds
101.07.23 16:08 B S:\Brent\Alphav0.006\DATA\LEVELS\LEV2\TEXTURES\ga_lev_10xx_gzertop_0001.dds --> ftp.saffire.com /Builds/PC Retail/alpha/Alphav0.006/DATA/LEVELS/LEV2/TEXTURES ga_lev_10xx_gzertop_0001.dds
101.07.23 16:08 B S:\Brent\Alphav0.006\DATA\LEVELS\LEV2\TEXTURES\ga_lev_10xx_gzertop_0002.dds --> ftp.saffire.com /Builds/PC Retail/alpha/Alphav0.006/DATA/LEVELS/LEV2/TEXTURES ga_lev_10xx_gzertop_0002.dds
101.07.23 16:08 B S:\Brent\Alphav0.006\DATA\LEVELS\LEV2\TEXTURES\ga_lev_10xx_gzertop_0003.dds --> ftp.saffire.com /Builds/PC Retail/alpha/Alphav0.006/DATA/LEVELS/LEV2/TEXTURES ga_lev_10xx_gzertop_0003.dds
101.07.23 16:08 B S:\Brent\Alphav0.006\DATA\LEVELS\LEV2\TEXTURES\ga_lev_10xx_gzertop_0004.dds --> ftp.saffire.com /Builds/PC Retail/alpha/Alphav0.006/DATA/LEVELS/LEV2/TEXTURES ga_lev_10xx_gzertop_0004.dds
101.07.23 16:08 B S:\Brent\Alphav0.006\DATA\LEVELS\LEV2\TEXTURES\ga_lev_10xx_gzertop_0005.dds --> ftp.saffire.com /Builds/PC Retail/alpha/Alphav0.006/DATA/LEVELS/LEV2/TEXTURES ga_lev_10xx_gzertop_0005.dds
101.07.23 16:08 B S:\Brent\Alphav0.006\DATA\LEVELS\LEV2\TEXTURES\ga_lev_10xx_gzertop_0006.dds --> ftp.saffire.com /Builds/PC Retail/alpha/Alphav0.006/DATA/LEVELS/LEV2/TEXTURES ga_lev_10xx_gzertop_0006.dds
101.07.23 16:08 B S:\Brent\Alphav0.006\DATA\LEVELS\LEV2\TEXTURES\ga_lev_10xx_gzertop_0007.dds --> ftp.saffire.com /Builds/PC Retail/alpha/Alphav0.006/DATA/LEVELS/LEV2/TEXTURES ga_lev_10xx_gzertop_0007.dds
101.07.23 16:08 B S:\Brent\Alphav0.006\DATA\LEVELS\LEV2\TEXTURES\ga_lev_10xx_gzertop_0008.dds --> ftp.saffire.com /Builds/PC Retail/alpha/Alphav0.006/DATA/LEVELS/LEV2/TEXTURES ga_lev_10xx_gzertop_0008.dds
101.07.23 16:08 B S:\Brent\Alphav0.006\DATA\LEVELS\LEV2\TEXTURES\ga_lev_10xx_gzertop_0009.dds --> ftp.saffire.com /Builds/PC Retail/alpha/Alphav0.006/DATA/LEVELS/LEV2/TEXTURES ga_lev_10xx_gzertop_0009.dds
101.07.23 16:08 B S:\Brent\Alphav0.006\DATA\LEVELS\LEV2\TEXTURES\ga_lev_10xx_horns_1.dds --> ftp.saffire.com /Builds/PC Retail/alpha/Alphav0.006/DATA/LEVELS/LEV2/TEXTURES ga_lev_10xx_horns_1.dds
101.07.23 16:08 B S:\Brent\Alphav0.006\DATA\LEVELS\LEV2\TEXTURES\ga_lev_10xx_horns_2.dds --> ftp.saffire.com /Builds/PC Retail/alpha/Alphav0.006/DATA/LEVELS/LEV2/TEXTURES ga_lev_10xx_horns_2.dds
101.07.23 16:08 B S:\Brent\Alphav0.006\DATA\LEVELS\LEV2\TEXTURES\ga_lev_10xx_jaw_1.dds --> ftp.saffire.com /Builds/PC Retail/alpha/Alphav0.006/DATA/LEVELS/LEV2/TEXTURES ga_lev_10xx_jaw_1.dds
101.07.23 16:08 B S:\Brent\Alphav0.006\DATA\LEVELS\LEV2\TEXTURES\ga_lev_10xx_lgoggle_1.dds --> ftp.saffire.com /Builds/PC Retail/alpha/Alphav0.006/DATA/LEVELS/LEV2/TEXTURES ga_lev_10xx_lgoggle_1.dds
101.07.23 16:08 B S:\Brent\Alphav0.006\DATA\LEVELS\LEV2\TEXTURES\ga_lev_10xx_lilybl_1.dds --> ftp.saffire.com /Builds/PC Retail/alpha/Alphav0.006/DATA/LEVELS/LEV2/TEXTURES ga_lev_10xx_lilybl_1.dds
101.07.23 16:08 B S:\Brent\Alphav0.006\DATA\LEVELS\LEV2\TEXTURES\ga_lev_10xx_lilyBM_1.dds --> ftp.saffire.com /Builds/PC Retail/alpha/Alphav0.006/DATA/LEVELS/LEV2/TEXTURES ga_lev_10xx_lilyBM_1.dds
101.07.23 16:08 B S:\Brent\Alphav0.006\DATA\LEVELS\LEV2\TEXTURES\ga_lev_10xx_lilyBR_1.dds --> ftp.saffire.com /Builds/PC Retail/alpha/Alphav0.006/DATA/LEVELS/LEV2/TEXTURES ga_lev_10xx_lilyBR_1.dds
101.07.23 16:08 B S:\Brent\Alphav0.006\DATA\LEVELS\LEV2\TEXTURES\ga_lev_10xx_lilydoor_1.dds --> ftp.saffire.com /Builds/PC Retail/alpha/Alphav0.006/DATA/LEVELS/LEV2/TEXTURES ga_lev_10xx_lilydoor_1.dds
101.07.23 16:08 B S:\Brent\Alphav0.006\DATA\LEVELS\LEV2\TEXTURES\ga_lev_10xx_lilyhut_1.dds --> ftp.saffire.com /Builds/PC Retail/alpha/Alphav0.006/DATA/LEVELS/LEV2/TEXTURES ga_lev_10xx_lilyhut_1.dds
101.07.23 16:09 B S:\Brent\Alphav0.006\DATA\LEVELS\LEV2\TEXTURES\ga_lev_10xx_lilyML_1.dds --> ftp.saffire.com /Builds/PC Retail/alpha/Alphav0.006/DATA/LEVELS/LEV2/TEXTURES ga_lev_10xx_lilyML_1.dds
101.07.23 16:09 B S:\Brent\Alphav0.006\DATA\LEVELS\LEV2\TEXTURES\ga_lev_10xx_lilyMM_1.dds --> ftp.saffire.com /Builds/PC Retail/alpha/Alphav0.006/DATA/LEVELS/LEV2/TEXTURES ga_lev_10xx_lilyMM_1.dds
101.07.23 16:09 B S:\Brent\Alphav0.006\DATA\LEVELS\LEV2\TEXTURES\ga_lev_10xx_lilyMR_1.dds --> ftp.saffire.com /Builds/PC Retail/alpha/Alphav0.006/DATA/LEVELS/LEV2/TEXTURES ga_lev_10xx_lilyMR_1.dds
101.07.23 16:09 B S:\Brent\Alphav0.006\DATA\LEVELS\LEV2\TEXTURES\GA_LEV_10xx_lilypad.dds --> ftp.saffire.com /Builds/PC Retail/alpha/Alphav0.006/DATA/LEVELS/LEV2/TEXTURES GA_LEV_10xx_lilypad.dds
101.07.23 16:09 B S:\Brent\Alphav0.006\DATA\LEVELS\LEV2\TEXTURES\ga_lev_10xx_lilypad_1.dds --> ftp.saffire.com /Builds/PC Retail/alpha/Alphav0.006/DATA/LEVELS/LEV2/TEXTURES ga_lev_10xx_lilypad_1.dds
101.07.23 16:09 B S:\Brent\Alphav0.006\DATA\LEVELS\LEV2\TEXTURES\ga_lev_10xx_lilystem_1.dds --> ftp.saffire.com /Builds/PC Retail/alpha/Alphav0.006/DATA/LEVELS/LEV2/TEXTURES ga_lev_10xx_lilystem_1.dds
101.07.23 16:09 B S:\Brent\Alphav0.006\DATA\LEVELS\LEV2\TEXTURES\ga_lev_10xx_lilyTL_1.dds --> ftp.saffire.com /Builds/PC Retail/alpha/Alphav0.006/DATA/LEVELS/LEV2/TEXTURES ga_lev_10xx_lilyTL_1.dds
101.07.23 16:09 B S:\Brent\Alphav0.006\DATA\LEVELS\LEV2\TEXTURES\ga_lev_10xx_lilyTM_1.dds --> ftp.saffire.com /Builds/PC Retail/alpha/Alphav0.006/DATA/LEVELS/LEV2/TEXTURES ga_lev_10xx_lilyTM_1.dds
101.07.23 16:09 B S:\Brent\Alphav0.006\DATA\LEVELS\LEV2\TEXTURES\ga_lev_10xx_lilyTR_1.dds --> ftp.saffire.com /Builds/PC Retail/alpha/Alphav0.006/DATA/LEVELS/LEV2/TEXTURES ga_lev_10xx_lilyTR_1.dds
101.07.23 16:09 B S:\Brent\Alphav0.006\DATA\LEVELS\LEV2\TEXTURES\ga_lev_10xx_limestone_3.dds --> ftp.saffire.com /Builds/PC Retail/alpha/Alphav0.006/DATA/LEVELS/LEV2/TEXTURES ga_lev_10xx_limestone_3.dds
101.07.23 16:09 B S:\Brent\Alphav0.006\DATA\LEVELS\LEV2\TEXTURES\ga_lev_10xx_lrgleaf_1.dds --> ftp.saffire.com /Builds/PC Retail/alpha/Alphav0.006/DATA/LEVELS/LEV2/TEXTURES ga_lev_10xx_lrgleaf_1.dds
101.07.23 16:09 B S:\Brent\Alphav0.006\DATA\LEVELS\LEV2\TEXTURES\ga_lev_10xx_marble_1.dds --> ftp.saffire.com /Builds/PC Retail/alpha/Alphav0.006/DATA/LEVELS/LEV2/TEXTURES ga_lev_10xx_marble_1.dds
101.07.23 16:09 B S:\Brent\Alphav0.006\DATA\LEVELS\LEV2\TEXTURES\ga_lev_10xx_mouth_1.dds --> ftp.saffire.com /Builds/PC Retail/alpha/Alphav0.006/DATA/LEVELS/LEV2/TEXTURES ga_lev_10xx_mouth_1.dds
101.07.23 16:09 B S:\Brent\Alphav0.006\DATA\LEVELS\LEV2\TEXTURES\ga_lev_10xx_mrbldk_1.dds --> ftp.saffire.com /Builds/PC Retail/alpha/Alphav0.006/DATA/LEVELS/LEV2/TEXTURES ga_lev_10xx_mrbldk_1.dds
101.07.23 16:09 B S:\Brent\Alphav0.006\DATA\LEVELS\LEV2\TEXTURES\ga_lev_10xx_mrbldm_1.dds --> ftp.saffire.com /Builds/PC Retail/alpha/Alphav0.006/DATA/LEVELS/LEV2/TEXTURES ga_lev_10xx_mrbldm_1.dds
101.07.23 16:09 B S:\Brent\Alphav0.006\DATA\LEVELS\LEV2\TEXTURES\ga_lev_10xx_mrblrn_1.dds --> ftp.saffire.com /Builds/PC Retail/alpha/Alphav0.006/DATA/LEVELS/LEV2/TEXTURES ga_lev_10xx_mrblrn_1.dds
101.07.23 16:09 B S:\Brent\Alphav0.006\DATA\LEVELS\LEV2\TEXTURES\ga_lev_10xx_mrblsea_1.dds --> ftp.saffire.com /Builds/PC Retail/alpha/Alphav0.006/DATA/LEVELS/LEV2/TEXTURES ga_lev_10xx_mrblsea_1.dds
101.07.23 16:09 B S:\Brent\Alphav0.006\DATA\LEVELS\LEV2\TEXTURES\ga_lev_10xx_mrbltrim_1.dds --> ftp.saffire.com /Builds/PC Retail/alpha/Alphav0.006/DATA/LEVELS/LEV2/TEXTURES ga_lev_10xx_mrbltrim_1.dds
101.07.23 16:09 B S:\Brent\Alphav0.006\DATA\LEVELS\LEV2\TEXTURES\ga_lev_10xx_mrblwirlp_1.dds --> ftp.saffire.com /Builds/PC Retail/alpha/Alphav0.006/DATA/LEVELS/LEV2/TEXTURES ga_lev_10xx_mrblwirlp_1.dds
101.07.23 16:09 B S:\Brent\Alphav0.006\DATA\LEVELS\LEV2\TEXTURES\ga_lev_10xx_mrblwv_1.dds --> ftp.saffire.com /Builds/PC Retail/alpha/Alphav0.006/DATA/LEVELS/LEV2/TEXTURES ga_lev_10xx_mrblwv_1.dds
101.07.23 16:09 B S:\Brent\Alphav0.006\DATA\LEVELS\LEV2\TEXTURES\ga_lev_10xx_mt2grss_1.dds --> ftp.saffire.com /Builds/PC Retail/alpha/Alphav0.006/DATA/LEVELS/LEV2/TEXTURES ga_lev_10xx_mt2grss_1.dds
101.07.23 16:09 B S:\Brent\Alphav0.006\DATA\LEVELS\LEV2\TEXTURES\ga_lev_10xx_mt2grss_2.dds --> ftp.saffire.com /Builds/PC Retail/alpha/Alphav0.006/DATA/LEVELS/LEV2/TEXTURES ga_lev_10xx_mt2grss_2.dds
101.07.23 16:09 B S:\Brent\Alphav0.006\DATA\LEVELS\LEV2\TEXTURES\ga_lev_10xx_mtldrs_1.dds --> ftp.saffire.com /Builds/PC Retail/alpha/Alphav0.006/DATA/LEVELS/LEV2/TEXTURES ga_lev_10xx_mtldrs_1.dds
101.07.23 16:09 B S:\Brent\Alphav0.006\DATA\LEVELS\LEV2\TEXTURES\ga_lev_10xx_mtngrnd-grass_1.dds --> ftp.saffire.com /Builds/PC Retail/alpha/Alphav0.006/DATA/LEVELS/LEV2/TEXTURES ga_lev_10xx_mtngrnd-grass_1.dds
101.07.23 16:09 B S:\Brent\Alphav0.006\DATA\LEVELS\LEV2\TEXTURES\ga_lev_10xx_mtngrnd_1.dds --> ftp.saffire.com /Builds/PC Retail/alpha/Alphav0.006/DATA/LEVELS/LEV2/TEXTURES ga_lev_10xx_mtngrnd_1.dds
101.07.23 16:09 B S:\Brent\Alphav0.006\DATA\LEVELS\LEV2\TEXTURES\ga_lev_10xx_mtngrnd_2.dds --> ftp.saffire.com /Builds/PC Retail/alpha/Alphav0.006/DATA/LEVELS/LEV2/TEXTURES ga_lev_10xx_mtngrnd_2.dds
101.07.23 16:09 B S:\Brent\Alphav0.006\DATA\LEVELS\LEV2\TEXTURES\ga_lev_10xx_mtngrnd_grass_1.dds --> ftp.saffire.com /Builds/PC Retail/alpha/Alphav0.006/DATA/LEVELS/LEV2/TEXTURES ga_lev_10xx_mtngrnd_grass_1.dds
101.07.23 16:09 B S:\Brent\Alphav0.006\DATA\LEVELS\LEV2\TEXTURES\ga_lev_10xx_mtngrstr_1.dds --> ftp.saffire.com /Builds/PC Retail/alpha/Alphav0.006/DATA/LEVELS/LEV2/TEXTURES ga_lev_10xx_mtngrstr_1.dds
101.07.23 16:09 B S:\Brent\Alphav0.006\DATA\LEVELS\LEV2\TEXTURES\ga_lev_10xx_net_1.dds --> ftp.saffire.com /Builds/PC Retail/alpha/Alphav0.006/DATA/LEVELS/LEV2/TEXTURES ga_lev_10xx_net_1.dds
101.07.23 16:09 B S:\Brent\Alphav0.006\DATA\LEVELS\LEV2\TEXTURES\GA_LEV_10xx_night_1.dds --> ftp.saffire.com /Builds/PC Retail/alpha/Alphav0.006/DATA/LEVELS/LEV2/TEXTURES GA_LEV_10xx_night_1.dds
101.07.23 16:09 B S:\Brent\Alphav0.006\DATA\LEVELS\LEV2\TEXTURES\ga_lev_10xx_oceanwall_1.dds --> ftp.saffire.com /Builds/PC Retail/alpha/Alphav0.006/DATA/LEVELS/LEV2/TEXTURES ga_lev_10xx_oceanwall_1.dds
101.07.23 16:09 B S:\Brent\Alphav0.006\DATA\LEVELS\LEV2\TEXTURES\ga_lev_10xx_Palmbase.dds --> ftp.saffire.com /Builds/PC Retail/alpha/Alphav0.006/DATA/LEVELS/LEV2/TEXTURES ga_lev_10xx_Palmbase.dds
101.07.23 16:09 B S:\Brent\Alphav0.006\DATA\LEVELS\LEV2\TEXTURES\ga_lev_10xx_pot_1.dds --> ftp.saffire.com /Builds/PC Retail/alpha/Alphav0.006/DATA/LEVELS/LEV2/TEXTURES ga_lev_10xx_pot_1.dds
101.07.23 16:09 B S:\Brent\Alphav0.006\DATA\LEVELS\LEV2\TEXTURES\ga_lev_10xx_pot_2.dds --> ftp.saffire.com /Builds/PC Retail/alpha/Alphav0.006/DATA/LEVELS/LEV2/TEXTURES ga_lev_10xx_pot_2.dds
101.07.23 16:09 B S:\Brent\Alphav0.006\DATA\LEVELS\LEV2\TEXTURES\ga_lev_10xx_pot_3.dds --> ftp.saffire.com /Builds/PC Retail/alpha/Alphav0.006/DATA/LEVELS/LEV2/TEXTURES ga_lev_10xx_pot_3.dds
101.07.23 16:09 B S:\Brent\Alphav0.006\DATA\LEVELS\LEV2\TEXTURES\ga_lev_10xx_pot_4.dds --> ftp.saffire.com /Builds/PC Retail/alpha/Alphav0.006/DATA/LEVELS/LEV2/TEXTURES ga_lev_10xx_pot_4.dds
101.07.23 16:09 B S:\Brent\Alphav0.006\DATA\LEVELS\LEV2\TEXTURES\ga_lev_10xx_rcksrfc_1.dds --> ftp.saffire.com /Builds/PC Retail/alpha/Alphav0.006/DATA/LEVELS/LEV2/TEXTURES ga_lev_10xx_rcksrfc_1.dds
101.07.23 16:09 B S:\Brent\Alphav0.006\DATA\LEVELS\LEV2\TEXTURES\ga_lev_10xx_rcyclf_1.dds --> ftp.saffire.com /Builds/PC Retail/alpha/Alphav0.006/DATA/LEVELS/LEV2/TEXTURES ga_lev_10xx_rcyclf_1.dds
101.07.23 16:09 B S:\Brent\Alphav0.006\DATA\LEVELS\LEV2\TEXTURES\ga_lev_10xx_reefwall_1.dds --> ftp.saffire.com /Builds/PC Retail/alpha/Alphav0.006/DATA/LEVELS/LEV2/TEXTURES ga_lev_10xx_reefwall_1.dds
101.07.23 16:09 B S:\Brent\Alphav0.006\DATA\LEVELS\LEV2\TEXTURES\ga_lev_10xx_rest_1.dds --> ftp.saffire.com /Builds/PC Retail/alpha/Alphav0.006/DATA/LEVELS/LEV2/TEXTURES ga_lev_10xx_rest_1.dds
101.07.23 16:09 B S:\Brent\Alphav0.006\DATA\LEVELS\LEV2\TEXTURES\ga_lev_10xx_rfwalltrck_1.dds --> ftp.saffire.com /Builds/PC Retail/alpha/Alphav0.006/DATA/LEVELS/LEV2/TEXTURES ga_lev_10xx_rfwalltrck_1.dds
101.07.23 16:09 B S:\Brent\Alphav0.006\DATA\LEVELS\LEV2\TEXTURES\ga_lev_10xx_rghtcws_1.dds --> ftp.saffire.com /Builds/PC Retail/alpha/Alphav0.006/DATA/LEVELS/LEV2/TEXTURES ga_lev_10xx_rghtcws_1.dds
101.07.23 16:09 B S:\Brent\Alphav0.006\DATA\LEVELS\LEV2\TEXTURES\ga_lev_10xx_rghtcwundrwtr_1.dds --> ftp.saffire.com /Builds/PC Retail/alpha/Alphav0.006/DATA/LEVELS/LEV2/TEXTURES ga_lev_10xx_rghtcwundrwtr_1.dds
101.07.23 16:09 B S:\Brent\Alphav0.006\DATA\LEVELS\LEV2\TEXTURES\ga_lev_10xx_rghtsndyflr_1.dds --> ftp.saffire.com /Builds/PC Retail/alpha/Alphav0.006/DATA/LEVELS/LEV2/TEXTURES ga_lev_10xx_rghtsndyflr_1.dds
101.07.23 16:09 B S:\Brent\Alphav0.006\DATA\LEVELS\LEV2\TEXTURES\ga_lev_10xx_rghtsrf_1.dds --> ftp.saffire.com /Builds/PC Retail/alpha/Alphav0.006/DATA/LEVELS/LEV2/TEXTURES ga_lev_10xx_rghtsrf_1.dds
101.07.23 16:09 B S:\Brent\Alphav0.006\DATA\LEVELS\LEV2\TEXTURES\ga_lev_10xx_rghtsrf_2.dds --> ftp.saffire.com /Builds/PC Retail/alpha/Alphav0.006/DATA/LEVELS/LEV2/TEXTURES ga_lev_10xx_rghtsrf_2.dds
101.07.23 16:09 B S:\Brent\Alphav0.006\DATA\LEVELS\LEV2\TEXTURES\ga_lev_10xx_rghtsrf_3.dds --> ftp.saffire.com /Builds/PC Retail/alpha/Alphav0.006/DATA/LEVELS/LEV2/TEXTURES ga_lev_10xx_rghtsrf_3.dds
101.07.23 16:09 B S:\Brent\Alphav0.006\DATA\LEVELS\LEV2\TEXTURES\ga_lev_10xx_rgoggle_1.dds --> ftp.saffire.com /Builds/PC Retail/alpha/Alphav0.006/DATA/LEVELS/LEV2/TEXTURES ga_lev_10xx_rgoggle_1.dds
101.07.23 16:09 B S:\Brent\Alphav0.006\DATA\LEVELS\LEV2\TEXTURES\GA_LEV_10xx_rock01.dds --> ftp.saffire.com /Builds/PC Retail/alpha/Alphav0.006/DATA/LEVELS/LEV2/TEXTURES GA_LEV_10xx_rock01.dds
101.07.23 16:09 B S:\Brent\Alphav0.006\DATA\LEVELS\LEV2\TEXTURES\ga_lev_10xx_rock2rock2snd_1.dds --> ftp.saffire.com /Builds/PC Retail/alpha/Alphav0.006/DATA/LEVELS/LEV2/TEXTURES ga_lev_10xx_rock2rock2snd_1.dds
101.07.23 16:09 B S:\Brent\Alphav0.006\DATA\LEVELS\LEV2\TEXTURES\ga_lev_10xx_rock2rock2surf2_1.dds --> ftp.saffire.com /Builds/PC Retail/alpha/Alphav0.006/DATA/LEVELS/LEV2/TEXTURES ga_lev_10xx_rock2rock2surf2_1.dds
101.07.23 16:09 B S:\Brent\Alphav0.006\DATA\LEVELS\LEV2\TEXTURES\ga_lev_10xx_rock2surf2.dds --> ftp.saffire.com /Builds/PC Retail/alpha/Alphav0.006/DATA/LEVELS/LEV2/TEXTURES ga_lev_10xx_rock2surf2.dds
101.07.23 16:09 B S:\Brent\Alphav0.006\DATA\LEVELS\LEV2\TEXTURES\ga_lev_10xx_rockgrnd_1.dds --> ftp.saffire.com /Builds/PC Retail/alpha/Alphav0.006/DATA/LEVELS/LEV2/TEXTURES ga_lev_10xx_rockgrnd_1.dds
101.07.23 16:09 B S:\Brent\Alphav0.006\DATA\LEVELS\LEV2\TEXTURES\ga_lev_10xx_rockgrnd_2.dds --> ftp.saffire.com /Builds/PC Retail/alpha/Alphav0.006/DATA/LEVELS/LEV2/TEXTURES ga_lev_10xx_rockgrnd_2.dds
101.07.23 16:09 B S:\Brent\Alphav0.006\DATA\LEVELS\LEV2\TEXTURES\ga_lev_10xx_rockgrnd_slckclff_1.dds --> ftp.saffire.com /Builds/PC Retail/alpha/Alphav0.006/DATA/LEVELS/LEV2/TEXTURES ga_lev_10xx_rockgrnd_slckclff_1.dds
101.07.23 16:09 B S:\Brent\Alphav0.006\DATA\LEVELS\LEV2\TEXTURES\ga_lev_10xx_rockgrnd_slckclff_2.dds --> ftp.saffire.com /Builds/PC Retail/alpha/Alphav0.006/DATA/LEVELS/LEV2/TEXTURES ga_lev_10xx_rockgrnd_slckclff_2.dds
101.07.23 16:09 B S:\Brent\Alphav0.006\DATA\LEVELS\LEV2\TEXTURES\ga_lev_10xx_rockgrnd_slckclff_3.dds --> ftp.saffire.com /Builds/PC Retail/alpha/Alphav0.006/DATA/LEVELS/LEV2/TEXTURES ga_lev_10xx_rockgrnd_slckclff_3.dds
101.07.23 16:09 B S:\Brent\Alphav0.006\DATA\LEVELS\LEV2\TEXTURES\ga_lev_10xx_rockgrnd_slckclff_4.dds --> ftp.saffire.com /Builds/PC Retail/alpha/Alphav0.006/DATA/LEVELS/LEV2/TEXTURES ga_lev_10xx_rockgrnd_slckclff_4.dds
101.07.23 16:09 B S:\Brent\Alphav0.006\DATA\LEVELS\LEV2\TEXTURES\GA_LEV_10xx_root01.dds --> ftp.saffire.com /Builds/PC Retail/alpha/Alphav0.006/DATA/LEVELS/LEV2/TEXTURES GA_LEV_10xx_root01.dds
101.07.23 16:09 B S:\Brent\Alphav0.006\DATA\LEVELS\LEV2\TEXTURES\GA_LEV_10xx_ropt.dds --> ftp.saffire.com /Builds/PC Retail/alpha/Alphav0.006/DATA/LEVELS/LEV2/TEXTURES GA_LEV_10xx_ropt.dds
101.07.23 16:09 B S:\Brent\Alphav0.006\DATA\LEVELS\LEV2\TEXTURES\ga_lev_10xx_sand2torgh_1.dds --> ftp.saffire.com /Builds/PC Retail/alpha/Alphav0.006/DATA/LEVELS/LEV2/TEXTURES ga_lev_10xx_sand2torgh_1.dds
101.07.23 16:09 B S:\Brent\Alphav0.006\DATA\LEVELS\LEV2\TEXTURES\ga_lev_10xx_sand3trgh_1.dds --> ftp.saffire.com /Builds/PC Retail/alpha/Alphav0.006/DATA/LEVELS/LEV2/TEXTURES ga_lev_10xx_sand3trgh_1.dds
101.07.23 16:09 B S:\Brent\Alphav0.006\DATA\LEVELS\LEV2\TEXTURES\ga_lev_10xx_sand_1.dds --> ftp.saffire.com /Builds/PC Retail/alpha/Alphav0.006/DATA/LEVELS/LEV2/TEXTURES ga_lev_10xx_sand_1.dds
101.07.23 16:09 B S:\Brent\Alphav0.006\DATA\LEVELS\LEV2\TEXTURES\ga_lev_10xx_sand_3.dds --> ftp.saffire.com /Builds/PC Retail/alpha/Alphav0.006/DATA/LEVELS/LEV2/TEXTURES ga_lev_10xx_sand_3.dds
101.07.23 16:09 B S:\Brent\Alphav0.006\DATA\LEVELS\LEV2\TEXTURES\ga_lev_10xx_scale_1.dds --> ftp.saffire.com /Builds/PC Retail/alpha/Alphav0.006/DATA/LEVELS/LEV2/TEXTURES ga_lev_10xx_scale_1.dds
101.07.23 16:09 B S:\Brent\Alphav0.006\DATA\LEVELS\LEV2\TEXTURES\ga_lev_10xx_scaleclmn_1.dds --> ftp.saffire.com /Builds/PC Retail/alpha/Alphav0.006/DATA/LEVELS/LEV2/TEXTURES ga_lev_10xx_scaleclmn_1.dds
101.07.23 16:09 B S:\Brent\Alphav0.006\DATA\LEVELS\LEV2\TEXTURES\ga_lev_10xx_scaleclmn_2.dds --> ftp.saffire.com /Builds/PC Retail/alpha/Alphav0.006/DATA/LEVELS/LEV2/TEXTURES ga_lev_10xx_scaleclmn_2.dds
101.07.23 16:09 B S:\Brent\Alphav0.006\DATA\LEVELS\LEV2\TEXTURES\ga_lev_10xx_seaflr_1.dds --> ftp.saffire.com /Builds/PC Retail/alpha/Alphav0.006/DATA/LEVELS/LEV2/TEXTURES ga_lev_10xx_seaflr_1.dds
101.07.23 16:09 B S:\Brent\Alphav0.006\DATA\LEVELS\LEV2\TEXTURES\GA_LEV_10xx_seweedleaf.dds --> ftp.saffire.com /Builds/PC Retail/alpha/Alphav0.006/DATA/LEVELS/LEV2/TEXTURES GA_LEV_10xx_seweedleaf.dds
101.07.23 16:09 B S:\Brent\Alphav0.006\DATA\LEVELS\LEV2\TEXTURES\GA_LEV_10xx_seweedPod.dds --> ftp.saffire.com /Builds/PC Retail/alpha/Alphav0.006/DATA/LEVELS/LEV2/TEXTURES GA_LEV_10xx_seweedPod.dds
101.07.23 16:09 B S:\Brent\Alphav0.006\DATA\LEVELS\LEV2\TEXTURES\GA_LEV_10xx_seweedStem.dds --> ftp.saffire.com /Builds/PC Retail/alpha/Alphav0.006/DATA/LEVELS/LEV2/TEXTURES GA_LEV_10xx_seweedStem.dds
101.07.23 16:09 B S:\Brent\Alphav0.006\DATA\LEVELS\LEV2\TEXTURES\ga_lev_10xx_sign_1.dds --> ftp.saffire.com /Builds/PC Retail/alpha/Alphav0.006/DATA/LEVELS/LEV2/TEXTURES ga_lev_10xx_sign_1.dds
101.07.23 16:09 B S:\Brent\Alphav0.006\DATA\LEVELS\LEV2\TEXTURES\ga_lev_10xx_sign_2.dds --> ftp.saffire.com /Builds/PC Retail/alpha/Alphav0.006/DATA/LEVELS/LEV2/TEXTURES ga_lev_10xx_sign_2.dds
101.07.23 16:09 B S:\Brent\Alphav0.006\DATA\LEVELS\LEV2\TEXTURES\ga_lev_10xx_sign_3.dds --> ftp.saffire.com /Builds/PC Retail/alpha/Alphav0.006/DATA/LEVELS/LEV2/TEXTURES ga_lev_10xx_sign_3.dds
101.07.23 16:09 B S:\Brent\Alphav0.006\DATA\LEVELS\LEV2\TEXTURES\ga_lev_10xx_sky01.dds --> ftp.saffire.com /Builds/PC Retail/alpha/Alphav0.006/DATA/LEVELS/LEV2/TEXTURES ga_lev_10xx_sky01.dds
101.07.23 16:09 B S:\Brent\Alphav0.006\DATA\LEVELS\LEV2\TEXTURES\ga_lev_10xx_sky02.dds --> ftp.saffire.com /Builds/PC Retail/alpha/Alphav0.006/DATA/LEVELS/LEV2/TEXTURES ga_lev_10xx_sky02.dds
101.07.23 16:09 B S:\Brent\Alphav0.006\DATA\LEVELS\LEV2\TEXTURES\ga_lev_10xx_slckclff_1.dds --> ftp.saffire.com /Builds/PC Retail/alpha/Alphav0.006/DATA/LEVELS/LEV2/TEXTURES ga_lev_10xx_slckclff_1.dds
101.07.23 16:09 B S:\Brent\Alphav0.006\DATA\LEVELS\LEV2\TEXTURES\ga_lev_10xx_slckclff_2.dds --> ftp.saffire.com /Builds/PC Retail/alpha/Alphav0.006/DATA/LEVELS/LEV2/TEXTURES ga_lev_10xx_slckclff_2.dds
101.07.23 16:09 B S:\Brent\Alphav0.006\DATA\LEVELS\LEV2\TEXTURES\ga_lev_10xx_slckclff_3.dds --> ftp.saffire.com /Builds/PC Retail/alpha/Alphav0.006/DATA/LEVELS/LEV2/TEXTURES ga_lev_10xx_slckclff_3.dds
101.07.23 16:09 B S:\Brent\Alphav0.006\DATA\LEVELS\LEV2\TEXTURES\ga_lev_10xx_slckclfftp_2.dds --> ftp.saffire.com /Builds/PC Retail/alpha/Alphav0.006/DATA/LEVELS/LEV2/TEXTURES ga_lev_10xx_slckclfftp_2.dds
101.07.23 16:09 B S:\Brent\Alphav0.006\DATA\LEVELS\LEV2\TEXTURES\ga_lev_10xx_slckclfftp_3.dds --> ftp.saffire.com /Builds/PC Retail/alpha/Alphav0.006/DATA/LEVELS/LEV2/TEXTURES ga_lev_10xx_slckclfftp_3.dds
101.07.23 16:09 B S:\Brent\Alphav0.006\DATA\LEVELS\LEV2\TEXTURES\ga_lev_10xx_slckgrn_3.dds --> ftp.saffire.com /Builds/PC Retail/alpha/Alphav0.006/DATA/LEVELS/LEV2/TEXTURES ga_lev_10xx_slckgrn_3.dds
101.07.23 16:09 B S:\Brent\Alphav0.006\DATA\LEVELS\LEV2\TEXTURES\ga_lev_10xx_slckgrntp_3.dds --> ftp.saffire.com /Builds/PC Retail/alpha/Alphav0.006/DATA/LEVELS/LEV2/TEXTURES ga_lev_10xx_slckgrntp_3.dds
101.07.23 16:09 B S:\Brent\Alphav0.006\DATA\LEVELS\LEV2\TEXTURES\ga_lev_10xx_slcktosndyflr_1.dds --> ftp.saffire.com /Builds/PC Retail/alpha/Alphav0.006/DATA/LEVELS/LEV2/TEXTURES ga_lev_10xx_slcktosndyflr_1.dds
101.07.23 16:09 B S:\Brent\Alphav0.006\DATA\LEVELS\LEV2\TEXTURES\ga_lev_10xx_slcktosurf2_1.dds --> ftp.saffire.com /Builds/PC Retail/alpha/Alphav0.006/DATA/LEVELS/LEV2/TEXTURES ga_lev_10xx_slcktosurf2_1.dds
101.07.23 16:09 B S:\Brent\Alphav0.006\DATA\LEVELS\LEV2\TEXTURES\ga_lev_10xx_sndflrrppls_1.dds --> ftp.saffire.com /Builds/PC Retail/alpha/Alphav0.006/DATA/LEVELS/LEV2/TEXTURES ga_lev_10xx_sndflrrppls_1.dds
101.07.23 16:09 B S:\Brent\Alphav0.006\DATA\LEVELS\LEV2\TEXTURES\ga_lev_10xx_sndgrs_1.dds --> ftp.saffire.com /Builds/PC Retail/alpha/Alphav0.006/DATA/LEVELS/LEV2/TEXTURES ga_lev_10xx_sndgrs_1.dds
101.07.23 16:09 B S:\Brent\Alphav0.006\DATA\LEVELS\LEV2\TEXTURES\ga_lev_10xx_sndrppltrnsp_1.dds --> ftp.saffire.com /Builds/PC Retail/alpha/Alphav0.006/DATA/LEVELS/LEV2/TEXTURES ga_lev_10xx_sndrppltrnsp_1.dds
101.07.23 16:09 B S:\Brent\Alphav0.006\DATA\LEVELS\LEV2\TEXTURES\ga_lev_10xx_sndtoflr_1.dds --> ftp.saffire.com /Builds/PC Retail/alpha/Alphav0.006/DATA/LEVELS/LEV2/TEXTURES ga_lev_10xx_sndtoflr_1.dds
101.07.23 16:09 B S:\Brent\Alphav0.006\DATA\LEVELS\LEV2\TEXTURES\ga_lev_10xx_sndtoflr_2_1.dds --> ftp.saffire.com /Builds/PC Retail/alpha/Alphav0.006/DATA/LEVELS/LEV2/TEXTURES ga_lev_10xx_sndtoflr_2_1.dds
101.07.23 16:09 B S:\Brent\Alphav0.006\DATA\LEVELS\LEV2\TEXTURES\ga_lev_10xx_sndtowall_1.dds --> ftp.saffire.com /Builds/PC Retail/alpha/Alphav0.006/DATA/LEVELS/LEV2/TEXTURES ga_lev_10xx_sndtowall_1.dds
101.07.23 16:09 B S:\Brent\Alphav0.006\DATA\LEVELS\LEV2\TEXTURES\ga_lev_10xx_sndtowall_2.dds --> ftp.saffire.com /Builds/PC Retail/alpha/Alphav0.006/DATA/LEVELS/LEV2/TEXTURES ga_lev_10xx_sndtowall_2.dds
101.07.23 16:09 B S:\Brent\Alphav0.006\DATA\LEVELS\LEV2\TEXTURES\ga_lev_10xx_sndyflr2grass_1.dds --> ftp.saffire.com /Builds/PC Retail/alpha/Alphav0.006/DATA/LEVELS/LEV2/TEXTURES ga_lev_10xx_sndyflr2grass_1.dds
101.07.23 16:09 B S:\Brent\Alphav0.006\DATA\LEVELS\LEV2\TEXTURES\ga_lev_10xx_sndyflr2soilgrss_1.dds --> ftp.saffire.com /Builds/PC Retail/alpha/Alphav0.006/DATA/LEVELS/LEV2/TEXTURES ga_lev_10xx_sndyflr2soilgrss_1.dds
101.07.23 16:09 B S:\Brent\Alphav0.006\DATA\LEVELS\LEV2\TEXTURES\ga_lev_10xx_sndyflr2soilgrss_2.dds --> ftp.saffire.com /Builds/PC Retail/alpha/Alphav0.006/DATA/LEVELS/LEV2/TEXTURES ga_lev_10xx_sndyflr2soilgrss_2.dds
101.07.23 16:09 B S:\Brent\Alphav0.006\DATA\LEVELS\LEV2\TEXTURES\ga_lev_10xx_sndyflr_1.dds --> ftp.saffire.com /Builds/PC Retail/alpha/Alphav0.006/DATA/LEVELS/LEV2/TEXTURES ga_lev_10xx_sndyflr_1.dds
101.07.23 16:09 B S:\Brent\Alphav0.006\DATA\LEVELS\LEV2\TEXTURES\ga_lev_10xx_sndyflr_2.dds --> ftp.saffire.com /Builds/PC Retail/alpha/Alphav0.006/DATA/LEVELS/LEV2/TEXTURES ga_lev_10xx_sndyflr_2.dds
101.07.23 16:09 B S:\Brent\Alphav0.006\DATA\LEVELS\LEV2\TEXTURES\ga_lev_10xx_sndyflrrghtrans_1.dds --> ftp.saffire.com /Builds/PC Retail/alpha/Alphav0.006/DATA/LEVELS/LEV2/TEXTURES ga_lev_10xx_sndyflrrghtrans_1.dds
101.07.23 16:09 B S:\Brent\Alphav0.006\DATA\LEVELS\LEV2\TEXTURES\GA_LEV_10xx_soil.dds --> ftp.saffire.com /Builds/PC Retail/alpha/Alphav0.006/DATA/LEVELS/LEV2/TEXTURES GA_LEV_10xx_soil.dds
101.07.23 16:09 B S:\Brent\Alphav0.006\DATA\LEVELS\LEV2\TEXTURES\GA_LEV_10xx_soil2sndyflr.dds --> ftp.saffire.com /Builds/PC Retail/alpha/Alphav0.006/DATA/LEVELS/LEV2/TEXTURES GA_LEV_10xx_soil2sndyflr.dds
101.07.23 16:09 B S:\Brent\Alphav0.006\DATA\LEVELS\LEV2\TEXTURES\ga_lev_10xx_spoinge_1.dds --> ftp.saffire.com /Builds/PC Retail/alpha/Alphav0.006/DATA/LEVELS/LEV2/TEXTURES ga_lev_10xx_spoinge_1.dds
101.07.23 16:09 B S:\Brent\Alphav0.006\DATA\LEVELS\LEV2\TEXTURES\ga_lev_10xx_sponge2.dds --> ftp.saffire.com /Builds/PC Retail/alpha/Alphav0.006/DATA/LEVELS/LEV2/TEXTURES ga_lev_10xx_sponge2.dds
101.07.23 16:09 B S:\Brent\Alphav0.006\DATA\LEVELS\LEV2\TEXTURES\ga_lev_10xx_sponge3.dds --> ftp.saffire.com /Builds/PC Retail/alpha/Alphav0.006/DATA/LEVELS/LEV2/TEXTURES ga_lev_10xx_sponge3.dds
101.07.23 16:09 B S:\Brent\Alphav0.006\DATA\LEVELS\LEV2\TEXTURES\ga_lev_10xx_squrlily_1.dds --> ftp.saffire.com /Builds/PC Retail/alpha/Alphav0.006/DATA/LEVELS/LEV2/TEXTURES ga_lev_10xx_squrlily_1.dds
101.07.23 16:09 B S:\Brent\Alphav0.006\DATA\LEVELS\LEV2\TEXTURES\ga_lev_10xx_srftocwslck_1.dds --> ftp.saffire.com /Builds/PC Retail/alpha/Alphav0.006/DATA/LEVELS/LEV2/TEXTURES ga_lev_10xx_srftocwslck_1.dds
101.07.23 16:09 B S:\Brent\Alphav0.006\DATA\LEVELS\LEV2\TEXTURES\ga_lev_10xx_surf1toripp_1.dds --> ftp.saffire.com /Builds/PC Retail/alpha/Alphav0.006/DATA/LEVELS/LEV2/TEXTURES ga_lev_10xx_surf1toripp_1.dds
101.07.23 16:09 B S:\Brent\Alphav0.006\DATA\LEVELS\LEV2\TEXTURES\ga_lev_10xx_surf1tosand.dds --> ftp.saffire.com /Builds/PC Retail/alpha/Alphav0.006/DATA/LEVELS/LEV2/TEXTURES ga_lev_10xx_surf1tosand.dds
101.07.23 16:09 B S:\Brent\Alphav0.006\DATA\LEVELS\LEV2\TEXTURES\ga_lev_10xx_surf1tosurf2_1.dds --> ftp.saffire.com /Builds/PC Retail/alpha/Alphav0.006/DATA/LEVELS/LEV2/TEXTURES ga_lev_10xx_surf1tosurf2_1.dds
101.07.23 16:09 B S:\Brent\Alphav0.006\DATA\LEVELS\LEV2\TEXTURES\ga_lev_10xx_surf2tosnd_1.dds --> ftp.saffire.com /Builds/PC Retail/alpha/Alphav0.006/DATA/LEVELS/LEV2/TEXTURES ga_lev_10xx_surf2tosnd_1.dds
101.07.23 16:09 B S:\Brent\Alphav0.006\DATA\LEVELS\LEV2\TEXTURES\ga_lev_10xx_surftocwrgh_1.dds --> ftp.saffire.com /Builds/PC Retail/alpha/Alphav0.006/DATA/LEVELS/LEV2/TEXTURES ga_lev_10xx_surftocwrgh_1.dds
101.07.23 16:09 B S:\Brent\Alphav0.006\DATA\LEVELS\LEV2\TEXTURES\ga_lev_10xx_surftocwundrwtr_1.dds --> ftp.saffire.com /Builds/PC Retail/alpha/Alphav0.006/DATA/LEVELS/LEV2/TEXTURES ga_lev_10xx_surftocwundrwtr_1.dds
101.07.23 16:09 B S:\Brent\Alphav0.006\DATA\LEVELS\LEV2\TEXTURES\ga_lev_10xx_surftosnd_1.dds --> ftp.saffire.com /Builds/PC Retail/alpha/Alphav0.006/DATA/LEVELS/LEV2/TEXTURES ga_lev_10xx_surftosnd_1.dds
101.07.23 16:09 B S:\Brent\Alphav0.006\DATA\LEVELS\LEV2\TEXTURES\GA_LEV_10xx_table.dds --> ftp.saffire.com /Builds/PC Retail/alpha/Alphav0.006/DATA/LEVELS/LEV2/TEXTURES GA_LEV_10xx_table.dds
101.07.23 16:09 B S:\Brent\Alphav0.006\DATA\LEVELS\LEV2\TEXTURES\ga_lev_10xx_thickseweed.dds --> ftp.saffire.com /Builds/PC Retail/alpha/Alphav0.006/DATA/LEVELS/LEV2/TEXTURES ga_lev_10xx_thickseweed.dds
101.07.23 16:09 B S:\Brent\Alphav0.006\DATA\LEVELS\LEV2\TEXTURES\ga_lev_10xx_tpsurf_1.dds --> ftp.saffire.com /Builds/PC Retail/alpha/Alphav0.006/DATA/LEVELS/LEV2/TEXTURES ga_lev_10xx_tpsurf_1.dds
101.07.23 16:09 B S:\Brent\Alphav0.006\DATA\LEVELS\LEV2\TEXTURES\ga_lev_10xx_tpsurf_2.dds --> ftp.saffire.com /Builds/PC Retail/alpha/Alphav0.006/DATA/LEVELS/LEV2/TEXTURES ga_lev_10xx_tpsurf_2.dds
101.07.23 16:09 B S:\Brent\Alphav0.006\DATA\LEVELS\LEV2\TEXTURES\ga_lev_10xx_tpsurf_to_reef_b.dds --> ftp.saffire.com /Builds/PC Retail/alpha/Alphav0.006/DATA/LEVELS/LEV2/TEXTURES ga_lev_10xx_tpsurf_to_reef_b.dds
101.07.23 16:09 B S:\Brent\Alphav0.006\DATA\LEVELS\LEV2\TEXTURES\ga_lev_10xx_tpsurf_to_reef_l.dds --> ftp.saffire.com /Builds/PC Retail/alpha/Alphav0.006/DATA/LEVELS/LEV2/TEXTURES ga_lev_10xx_tpsurf_to_reef_l.dds
101.07.23 16:09 B S:\Brent\Alphav0.006\DATA\LEVELS\LEV2\TEXTURES\ga_lev_10xx_tpsurf_to_reef_r.dds --> ftp.saffire.com /Builds/PC Retail/alpha/Alphav0.006/DATA/LEVELS/LEV2/TEXTURES ga_lev_10xx_tpsurf_to_reef_r.dds
101.07.23 16:09 B S:\Brent\Alphav0.006\DATA\LEVELS\LEV2\TEXTURES\ga_lev_10xx_tpsurf_to_reef_t.dds --> ftp.saffire.com /Builds/PC Retail/alpha/Alphav0.006/DATA/LEVELS/LEV2/TEXTURES ga_lev_10xx_tpsurf_to_reef_t.dds
101.07.23 16:09 B S:\Brent\Alphav0.006\DATA\LEVELS\LEV2\TEXTURES\ga_lev_10xx_tree_1.dds --> ftp.saffire.com /Builds/PC Retail/alpha/Alphav0.006/DATA/LEVELS/LEV2/TEXTURES ga_lev_10xx_tree_1.dds
101.07.23 16:09 B S:\Brent\Alphav0.006\DATA\LEVELS\LEV2\TEXTURES\GA_LEV_10xx_treebark2.dds --> ftp.saffire.com /Builds/PC Retail/alpha/Alphav0.006/DATA/LEVELS/LEV2/TEXTURES GA_LEV_10xx_treebark2.dds
101.07.23 16:09 B S:\Brent\Alphav0.006\DATA\LEVELS\LEV2\TEXTURES\GA_LEV_10xx_treebarkbtm.dds --> ftp.saffire.com /Builds/PC Retail/alpha/Alphav0.006/DATA/LEVELS/LEV2/TEXTURES GA_LEV_10xx_treebarkbtm.dds
101.07.23 16:09 B S:\Brent\Alphav0.006\DATA\LEVELS\LEV2\TEXTURES\ga_lev_10xx_treerngs_1.dds --> ftp.saffire.com /Builds/PC Retail/alpha/Alphav0.006/DATA/LEVELS/LEV2/TEXTURES ga_lev_10xx_treerngs_1.dds
101.07.23 16:09 B S:\Brent\Alphav0.006\DATA\LEVELS\LEV2\TEXTURES\GA_LEV_10xx_treetop1.dds --> ftp.saffire.com /Builds/PC Retail/alpha/Alphav0.006/DATA/LEVELS/LEV2/TEXTURES GA_LEV_10xx_treetop1.dds
101.07.23 16:09 B S:\Brent\Alphav0.006\DATA\LEVELS\LEV2\TEXTURES\GA_LEV_10xx_treetrunk1.dds --> ftp.saffire.com /Builds/PC Retail/alpha/Alphav0.006/DATA/LEVELS/LEV2/TEXTURES GA_LEV_10xx_treetrunk1.dds
101.07.23 16:09 B S:\Brent\Alphav0.006\DATA\LEVELS\LEV2\TEXTURES\ga_lev_10xx_undrw_1.dds --> ftp.saffire.com /Builds/PC Retail/alpha/Alphav0.006/DATA/LEVELS/LEV2/TEXTURES ga_lev_10xx_undrw_1.dds
101.07.23 16:09 B S:\Brent\Alphav0.006\DATA\LEVELS\LEV2\TEXTURES\ga_lev_10xx_vines_1.dds --> ftp.saffire.com /Builds/PC Retail/alpha/Alphav0.006/DATA/LEVELS/LEV2/TEXTURES ga_lev_10xx_vines_1.dds
101.07.23 16:09 B S:\Brent\Alphav0.006\DATA\LEVELS\LEV2\TEXTURES\ga_lev_10xx_wall_2.dds --> ftp.saffire.com /Builds/PC Retail/alpha/Alphav0.006/DATA/LEVELS/LEV2/TEXTURES ga_lev_10xx_wall_2.dds
101.07.23 16:09 B S:\Brent\Alphav0.006\DATA\LEVELS\LEV2\TEXTURES\ga_lev_10xx_water_4.dds --> ftp.saffire.com /Builds/PC Retail/alpha/Alphav0.006/DATA/LEVELS/LEV2/TEXTURES ga_lev_10xx_water_4.dds
101.07.23 16:09 B S:\Brent\Alphav0.006\DATA\LEVELS\LEV2\TEXTURES\ga_lev_10xx_water_5.dds --> ftp.saffire.com /Builds/PC Retail/alpha/Alphav0.006/DATA/LEVELS/LEV2/TEXTURES ga_lev_10xx_water_5.dds
101.07.23 16:09 B S:\Brent\Alphav0.006\DATA\LEVELS\LEV2\TEXTURES\ga_lev_10xx_wirlpool_2.dds --> ftp.saffire.com /Builds/PC Retail/alpha/Alphav0.006/DATA/LEVELS/LEV2/TEXTURES ga_lev_10xx_wirlpool_2.dds
101.07.23 16:09 B S:\Brent\Alphav0.006\DATA\LEVELS\LEV2\TEXTURES\ga_lev_10xx_wlkway_1.dds --> ftp.saffire.com /Builds/PC Retail/alpha/Alphav0.006/DATA/LEVELS/LEV2/TEXTURES ga_lev_10xx_wlkway_1.dds
101.07.23 16:09 B S:\Brent\Alphav0.006\DATA\LEVELS\LEV2\TEXTURES\ga_lev_10xx_wlkwaybase_1.dds --> ftp.saffire.com /Builds/PC Retail/alpha/Alphav0.006/DATA/LEVELS/LEV2/TEXTURES ga_lev_10xx_wlkwaybase_1.dds
101.07.23 16:09 B S:\Brent\Alphav0.006\DATA\LEVELS\LEV2\TEXTURES\ga_lev_10xx_wlluwtosndyflr_1.dds --> ftp.saffire.com /Builds/PC Retail/alpha/Alphav0.006/DATA/LEVELS/LEV2/TEXTURES ga_lev_10xx_wlluwtosndyflr_1.dds
101.07.23 16:09 B S:\Brent\Alphav0.006\DATA\LEVELS\LEV2\TEXTURES\ga_lev_10xx_wrnmrbl_1.dds --> ftp.saffire.com /Builds/PC Retail/alpha/Alphav0.006/DATA/LEVELS/LEV2/TEXTURES ga_lev_10xx_wrnmrbl_1.dds
101.07.23 16:09 B S:\Brent\Alphav0.006\DATA\LEVELS\LEV2\TEXTURES\ga_lev_10xx_wtrfall_2.dds --> ftp.saffire.com /Builds/PC Retail/alpha/Alphav0.006/DATA/LEVELS/LEV2/TEXTURES ga_lev_10xx_wtrfall_2.dds
101.07.23 16:09 B S:\Brent\Alphav0.006\DATA\LEVELS\LEV2\TEXTURES\ga_lev_10xx_wtrfallfm_1.dds --> ftp.saffire.com /Builds/PC Retail/alpha/Alphav0.006/DATA/LEVELS/LEV2/TEXTURES ga_lev_10xx_wtrfallfm_1.dds
101.07.23 16:09 B S:\Brent\Alphav0.006\DATA\LEVELS\LEV2\TEXTURES\ga_lev_10xx_wtrltedge_1.dds --> ftp.saffire.com /Builds/PC Retail/alpha/Alphav0.006/DATA/LEVELS/LEV2/TEXTURES ga_lev_10xx_wtrltedge_1.dds
101.07.23 16:09 B S:\Brent\Alphav0.006\DATA\LEVELS\LEV2\TEXTURES\ga_lev_10xx_wtrrtedge_1.dds --> ftp.saffire.com /Builds/PC Retail/alpha/Alphav0.006/DATA/LEVELS/LEV2/TEXTURES ga_lev_10xx_wtrrtedge_1.dds
101.07.23 16:09 B S:\Brent\Alphav0.006\DATA\LEVELS\LEV2\TEXTURES\ga_lev_11xx_brg_1.dds --> ftp.saffire.com /Builds/PC Retail/alpha/Alphav0.006/DATA/LEVELS/LEV2/TEXTURES ga_lev_11xx_brg_1.dds
101.07.23 16:09 B S:\Brent\Alphav0.006\DATA\LEVELS\LEV2\TEXTURES\ga_lev_11xx_grate_1.dds --> ftp.saffire.com /Builds/PC Retail/alpha/Alphav0.006/DATA/LEVELS/LEV2/TEXTURES ga_lev_11xx_grate_1.dds
101.07.23 16:09 B S:\Brent\Alphav0.006\DATA\LEVELS\LEV2\TEXTURES\ga_lev_11xx_light_1.dds --> ftp.saffire.com /Builds/PC Retail/alpha/Alphav0.006/DATA/LEVELS/LEV2/TEXTURES ga_lev_11xx_light_1.dds
101.07.23 16:09 B S:\Brent\Alphav0.006\DATA\LEVELS\LEV2\TEXTURES\ga_lev_11xx_lilydoor_1.dds --> ftp.saffire.com /Builds/PC Retail/alpha/Alphav0.006/DATA/LEVELS/LEV2/TEXTURES ga_lev_11xx_lilydoor_1.dds
101.07.23 16:09 B S:\Brent\Alphav0.006\DATA\LEVELS\LEV2\TEXTURES\ga_lev_11xx_vines_1.dds --> ftp.saffire.com /Builds/PC Retail/alpha/Alphav0.006/DATA/LEVELS/LEV2/TEXTURES ga_lev_11xx_vines_1.dds
101.07.23 16:09 B S:\Brent\Alphav0.006\DATA\LEVELS\LEV2\TEXTURES\ga_lev_20xx_bouldertex_2.dds --> ftp.saffire.com /Builds/PC Retail/alpha/Alphav0.006/DATA/LEVELS/LEV2/TEXTURES ga_lev_20xx_bouldertex_2.dds
101.07.23 16:09 B S:\Brent\Alphav0.006\DATA\LEVELS\LEV2\TEXTURES\ga_lev_20xx_Bricks.dds --> ftp.saffire.com /Builds/PC Retail/alpha/Alphav0.006/DATA/LEVELS/LEV2/TEXTURES ga_lev_20xx_Bricks.dds
101.07.23 16:09 B S:\Brent\Alphav0.006\DATA\LEVELS\LEV2\TEXTURES\ga_lev_20xx_Bricks2.dds --> ftp.saffire.com /Builds/PC Retail/alpha/Alphav0.006/DATA/LEVELS/LEV2/TEXTURES ga_lev_20xx_Bricks2.dds
101.07.23 16:09 B S:\Brent\Alphav0.006\DATA\LEVELS\LEV2\TEXTURES\ga_lev_20xx_hydradoor0000.dds --> ftp.saffire.com /Builds/PC Retail/alpha/Alphav0.006/DATA/LEVELS/LEV2/TEXTURES ga_lev_20xx_hydradoor0000.dds
101.07.23 16:09 B S:\Brent\Alphav0.006\DATA\LEVELS\LEV2\TEXTURES\ga_lev_20xx_hydradoor0001.dds --> ftp.saffire.com /Builds/PC Retail/alpha/Alphav0.006/DATA/LEVELS/LEV2/TEXTURES ga_lev_20xx_hydradoor0001.dds
101.07.23 16:09 B S:\Brent\Alphav0.006\DATA\LEVELS\LEV2\TEXTURES\ga_lev_20xx_hydradoor0002.dds --> ftp.saffire.com /Builds/PC Retail/alpha/Alphav0.006/DATA/LEVELS/LEV2/TEXTURES ga_lev_20xx_hydradoor0002.dds
101.07.23 16:09 B S:\Brent\Alphav0.006\DATA\LEVELS\LEV2\TEXTURES\ga_lev_20xx_hydradoor0003.dds --> ftp.saffire.com /Builds/PC Retail/alpha/Alphav0.006/DATA/LEVELS/LEV2/TEXTURES ga_lev_20xx_hydradoor0003.dds
101.07.23 16:09 B S:\Brent\Alphav0.006\DATA\LEVELS\LEV2\TEXTURES\ga_lev_20xx_hydradoor0004.dds --> ftp.saffire.com /Builds/PC Retail/alpha/Alphav0.006/DATA/LEVELS/LEV2/TEXTURES ga_lev_20xx_hydradoor0004.dds
101.07.23 16:09 B S:\Brent\Alphav0.006\DATA\LEVELS\LEV2\TEXTURES\ga_lev_20xx_hydradoor0005.dds --> ftp.saffire.com /Builds/PC Retail/alpha/Alphav0.006/DATA/LEVELS/LEV2/TEXTURES ga_lev_20xx_hydradoor0005.dds
101.07.23 16:09 B S:\Brent\Alphav0.006\DATA\LEVELS\LEV2\TEXTURES\ga_lev_20xx_hydradoor0006.dds --> ftp.saffire.com /Builds/PC Retail/alpha/Alphav0.006/DATA/LEVELS/LEV2/TEXTURES ga_lev_20xx_hydradoor0006.dds
101.07.23 16:09 B S:\Brent\Alphav0.006\DATA\LEVELS\LEV2\TEXTURES\ga_lev_20xx_hydradoor0007.dds --> ftp.saffire.com /Builds/PC Retail/alpha/Alphav0.006/DATA/LEVELS/LEV2/TEXTURES ga_lev_20xx_hydradoor0007.dds
101.07.23 16:09 B S:\Brent\Alphav0.006\DATA\LEVELS\LEV2\TEXTURES\ga_lev_20xx_hydradoor0008.dds --> ftp.saffire.com /Builds/PC Retail/alpha/Alphav0.006/DATA/LEVELS/LEV2/TEXTURES ga_lev_20xx_hydradoor0008.dds
101.07.23 16:09 B S:\Brent\Alphav0.006\DATA\LEVELS\LEV2\TEXTURES\ga_lev_20xx_hydradoor0009.dds --> ftp.saffire.com /Builds/PC Retail/alpha/Alphav0.006/DATA/LEVELS/LEV2/TEXTURES ga_lev_20xx_hydradoor0009.dds
101.07.23 16:09 B S:\Brent\Alphav0.006\DATA\LEVELS\LEV2\TEXTURES\ga_lev_20xx_hydradoor0010.dds --> ftp.saffire.com /Builds/PC Retail/alpha/Alphav0.006/DATA/LEVELS/LEV2/TEXTURES ga_lev_20xx_hydradoor0010.dds
101.07.23 16:09 B S:\Brent\Alphav0.006\DATA\LEVELS\LEV2\TEXTURES\ga_lev_20xx_hydradoor0011.dds --> ftp.saffire.com /Builds/PC Retail/alpha/Alphav0.006/DATA/LEVELS/LEV2/TEXTURES ga_lev_20xx_hydradoor0011.dds
101.07.23 16:09 B S:\Brent\Alphav0.006\DATA\LEVELS\LEV2\TEXTURES\ga_lev_20xx_hydradoor0012.dds --> ftp.saffire.com /Builds/PC Retail/alpha/Alphav0.006/DATA/LEVELS/LEV2/TEXTURES ga_lev_20xx_hydradoor0012.dds
101.07.23 16:09 B S:\Brent\Alphav0.006\DATA\LEVELS\LEV2\TEXTURES\ga_lev_20xx_hydradoor0013.dds --> ftp.saffire.com /Builds/PC Retail/alpha/Alphav0.006/DATA/LEVELS/LEV2/TEXTURES ga_lev_20xx_hydradoor0013.dds
101.07.23 16:09 B S:\Brent\Alphav0.006\DATA\LEVELS\LEV2\TEXTURES\ga_lev_20xx_hydradoor0014.dds --> ftp.saffire.com /Builds/PC Retail/alpha/Alphav0.006/DATA/LEVELS/LEV2/TEXTURES ga_lev_20xx_hydradoor0014.dds
101.07.23 16:09 B S:\Brent\Alphav0.006\DATA\LEVELS\LEV2\TEXTURES\ga_lev_20xx_hydradoor0015.dds --> ftp.saffire.com /Builds/PC Retail/alpha/Alphav0.006/DATA/LEVELS/LEV2/TEXTURES ga_lev_20xx_hydradoor0015.dds
101.07.23 16:09 B S:\Brent\Alphav0.006\DATA\LEVELS\LEV2\TEXTURES\ga_lev_20xx_hydradoor0016.dds --> ftp.saffire.com /Builds/PC Retail/alpha/Alphav0.006/DATA/LEVELS/LEV2/TEXTURES ga_lev_20xx_hydradoor0016.dds
101.07.23 16:09 B S:\Brent\Alphav0.006\DATA\LEVELS\LEV2\TEXTURES\ga_lev_20xx_hydradoor0017.dds --> ftp.saffire.com /Builds/PC Retail/alpha/Alphav0.006/DATA/LEVELS/LEV2/TEXTURES ga_lev_20xx_hydradoor0017.dds
101.07.23 16:09 B S:\Brent\Alphav0.006\DATA\LEVELS\LEV2\TEXTURES\ga_lev_20xx_hydradoor0018.dds --> ftp.saffire.com /Builds/PC Retail/alpha/Alphav0.006/DATA/LEVELS/LEV2/TEXTURES ga_lev_20xx_hydradoor0018.dds
101.07.23 16:09 B S:\Brent\Alphav0.006\DATA\LEVELS\LEV2\TEXTURES\ga_lev_20xx_hydradoor0019.dds --> ftp.saffire.com /Builds/PC Retail/alpha/Alphav0.006/DATA/LEVELS/LEV2/TEXTURES ga_lev_20xx_hydradoor0019.dds
101.07.23 16:09 B S:\Brent\Alphav0.006\DATA\LEVELS\LEV2\TEXTURES\ga_lev_20xx_hydradoor0020.dds --> ftp.saffire.com /Builds/PC Retail/alpha/Alphav0.006/DATA/LEVELS/LEV2/TEXTURES ga_lev_20xx_hydradoor0020.dds
101.07.23 16:09 B S:\Brent\Alphav0.006\DATA\LEVELS\LEV2\TEXTURES\ga_lev_20xx_hydradoor0021.dds --> ftp.saffire.com /Builds/PC Retail/alpha/Alphav0.006/DATA/LEVELS/LEV2/TEXTURES ga_lev_20xx_hydradoor0021.dds
101.07.23 16:09 B S:\Brent\Alphav0.006\DATA\LEVELS\LEV2\TEXTURES\ga_lev_20xx_hydradoor0022.dds --> ftp.saffire.com /Builds/PC Retail/alpha/Alphav0.006/DATA/LEVELS/LEV2/TEXTURES ga_lev_20xx_hydradoor0022.dds
101.07.23 16:09 B S:\Brent\Alphav0.006\DATA\LEVELS\LEV2\TEXTURES\ga_lev_20xx_hydradoor0023.dds --> ftp.saffire.com /Builds/PC Retail/alpha/Alphav0.006/DATA/LEVELS/LEV2/TEXTURES ga_lev_20xx_hydradoor0023.dds
101.07.23 16:09 B S:\Brent\Alphav0.006\DATA\LEVELS\LEV2\TEXTURES\ga_lev_20xx_mountain_tile.dds --> ftp.saffire.com /Builds/PC Retail/alpha/Alphav0.006/DATA/LEVELS/LEV2/TEXTURES ga_lev_20xx_mountain_tile.dds
101.07.23 16:09 B S:\Brent\Alphav0.006\DATA\LEVELS\LEV2\TEXTURES\ga_lev_20xx_podtop.dds --> ftp.saffire.com /Builds/PC Retail/alpha/Alphav0.006/DATA/LEVELS/LEV2/TEXTURES ga_lev_20xx_podtop.dds
101.07.23 16:09 B S:\Brent\Alphav0.006\DATA\LEVELS\LEV2\TEXTURES\ga_lev_20xx_shrinepattern.dds --> ftp.saffire.com /Builds/PC Retail/alpha/Alphav0.006/DATA/LEVELS/LEV2/TEXTURES ga_lev_20xx_shrinepattern.dds
101.07.23 16:09 B S:\Brent\Alphav0.006\DATA\LEVELS\LEV2\TEXTURES\ga_lev_20xx_stairs.dds --> ftp.saffire.com /Builds/PC Retail/alpha/Alphav0.006/DATA/LEVELS/LEV2/TEXTURES ga_lev_20xx_stairs.dds
101.07.23 16:09 B S:\Brent\Alphav0.006\DATA\LEVELS\LEV2\TEXTURES\ga_lev_20xx_window2.dds --> ftp.saffire.com /Builds/PC Retail/alpha/Alphav0.006/DATA/LEVELS/LEV2/TEXTURES ga_lev_20xx_window2.dds
101.07.23 16:09 B S:\Brent\Alphav0.006\DATA\LEVELS\LEV2\TEXTURES\GA_LEV_34xx_512.dds --> ftp.saffire.com /Builds/PC Retail/alpha/Alphav0.006/DATA/LEVELS/LEV2/TEXTURES GA_LEV_34xx_512.dds
101.07.23 16:09 B S:\Brent\Alphav0.006\DATA\LEVELS\LEV2\TEXTURES\GA_LEV_34xx_mold.dds --> ftp.saffire.com /Builds/PC Retail/alpha/Alphav0.006/DATA/LEVELS/LEV2/TEXTURES GA_LEV_34xx_mold.dds
101.07.23 16:09 B S:\Brent\Alphav0.006\DATA\LEVELS\LEV2\TEXTURES\GA_LEV_34xx_moss.dds --> ftp.saffire.com /Builds/PC Retail/alpha/Alphav0.006/DATA/LEVELS/LEV2/TEXTURES GA_LEV_34xx_moss.dds
101.07.23 16:09 B S:\Brent\Alphav0.006\DATA\LEVELS\LEV2\TEXTURES\GA_LEV_34xx_mus1TGA.dds --> ftp.saffire.com /Builds/PC Retail/alpha/Alphav0.006/DATA/LEVELS/LEV2/TEXTURES GA_LEV_34xx_mus1TGA.dds
101.07.23 16:09 B S:\Brent\Alphav0.006\DATA\LEVELS\LEV2\TEXTURES\GA_LEV_34xx_mus2.dds --> ftp.saffire.com /Builds/PC Retail/alpha/Alphav0.006/DATA/LEVELS/LEV2/TEXTURES GA_LEV_34xx_mus2.dds
101.07.23 16:09 B S:\Brent\Alphav0.006\DATA\LEVELS\LEV2\TEXTURES\GA_LEV_34xx_mus3.dds --> ftp.saffire.com /Builds/PC Retail/alpha/Alphav0.006/DATA/LEVELS/LEV2/TEXTURES GA_LEV_34xx_mus3.dds
101.07.23 16:09 B S:\Brent\Alphav0.006\DATA\LEVELS\LEV2\TEXTURES\ga_lev_34xx_palmleaf.dds --> ftp.saffire.com /Builds/PC Retail/alpha/Alphav0.006/DATA/LEVELS/LEV2/TEXTURES ga_lev_34xx_palmleaf.dds
101.07.23 16:09 B S:\Brent\Alphav0.006\DATA\LEVELS\LEV2\TEXTURES\ga_lev_34xx_Seafan2.dds --> ftp.saffire.com /Builds/PC Retail/alpha/Alphav0.006/DATA/LEVELS/LEV2/TEXTURES ga_lev_34xx_Seafan2.dds
101.07.23 16:09 B S:\Brent\Alphav0.006\DATA\LEVELS\LEV2\TEXTURES\ga_lev_34xx_Seafan2b.dds --> ftp.saffire.com /Builds/PC Retail/alpha/Alphav0.006/DATA/LEVELS/LEV2/TEXTURES ga_lev_34xx_Seafan2b.dds
101.07.23 16:09 B S:\Brent\Alphav0.006\DATA\LEVELS\LEV2\TEXTURES\ga_lev_34xx_Seaweed5.dds --> ftp.saffire.com /Builds/PC Retail/alpha/Alphav0.006/DATA/LEVELS/LEV2/TEXTURES ga_lev_34xx_Seaweed5.dds
101.07.23 16:09 B S:\Brent\Alphav0.006\DATA\LEVELS\LEV2\TEXTURES\ga_lev_34xx_Seaweed6.dds --> ftp.saffire.com /Builds/PC Retail/alpha/Alphav0.006/DATA/LEVELS/LEV2/TEXTURES ga_lev_34xx_Seaweed6.dds
101.07.23 16:09 B S:\Brent\Alphav0.006\DATA\LEVELS\LEV2\TEXTURES\GA_LEV_34xx_skinnyTree.dds --> ftp.saffire.com /Builds/PC Retail/alpha/Alphav0.006/DATA/LEVELS/LEV2/TEXTURES GA_LEV_34xx_skinnyTree.dds
101.07.23 16:09 B S:\Brent\Alphav0.006\DATA\LEVELS\LEV2\TEXTURES\GA_LEV_34xx_skinnyTree512.dds --> ftp.saffire.com /Builds/PC Retail/alpha/Alphav0.006/DATA/LEVELS/LEV2/TEXTURES GA_LEV_34xx_skinnyTree512.dds
101.07.23 16:09 B S:\Brent\Alphav0.006\DATA\LEVELS\LEV2\TEXTURES\ga_lev_34xx_sky03.dds --> ftp.saffire.com /Builds/PC Retail/alpha/Alphav0.006/DATA/LEVELS/LEV2/TEXTURES ga_lev_34xx_sky03.dds
101.07.23 16:09 B S:\Brent\Alphav0.006\DATA\LEVELS\LEV2\TEXTURES\ga_lev_34xx_sky4.dds --> ftp.saffire.com /Builds/PC Retail/alpha/Alphav0.006/DATA/LEVELS/LEV2/TEXTURES ga_lev_34xx_sky4.dds
101.07.23 16:09 B S:\Brent\Alphav0.006\DATA\LEVELS\LEV2\TEXTURES\GA_LEV_34xx_stl2.dds --> ftp.saffire.com /Builds/PC Retail/alpha/Alphav0.006/DATA/LEVELS/LEV2/TEXTURES GA_LEV_34xx_stl2.dds
101.07.23 16:09 B S:\Brent\Alphav0.006\DATA\LEVELS\LEV2\TEXTURES\ga_lev_34xx_sweed2.dds --> ftp.saffire.com /Builds/PC Retail/alpha/Alphav0.006/DATA/LEVELS/LEV2/TEXTURES ga_lev_34xx_sweed2.dds
101.07.23 16:09 B S:\Brent\Alphav0.006\DATA\LEVELS\LEV2\TEXTURES\GA_LEV_34xx_swr2.dds --> ftp.saffire.com /Builds/PC Retail/alpha/Alphav0.006/DATA/LEVELS/LEV2/TEXTURES GA_LEV_34xx_swr2.dds
101.07.23 16:09 B S:\Brent\Alphav0.006\DATA\LEVELS\LEV2\TEXTURES\GA_LEV_34xx_treeshag2.dds --> ftp.saffire.com /Builds/PC Retail/alpha/Alphav0.006/DATA/LEVELS/LEV2/TEXTURES GA_LEV_34xx_treeshag2.dds
101.07.23 16:09 B S:\Brent\Alphav0.006\DATA\LEVELS\LEV2\TEXTURES\ga_obj_20xx_palm_bark_2.dds --> ftp.saffire.com /Builds/PC Retail/alpha/Alphav0.006/DATA/LEVELS/LEV2/TEXTURES ga_obj_20xx_palm_bark_2.dds
101.07.23 16:09 B S:\Brent\Alphav0.006\DATA\LEVELS\LEV2\TEXTURES\ga_obj_20xx_palm_leaf_2.dds --> ftp.saffire.com /Builds/PC Retail/alpha/Alphav0.006/DATA/LEVELS/LEV2/TEXTURES ga_obj_20xx_palm_leaf_2.dds
101.07.23 16:09 B S:\Brent\Alphav0.006\DATA\LEVELS\LEV2\TEXTURES\ga_obj_20xx_palm_leaf_6.dds --> ftp.saffire.com /Builds/PC Retail/alpha/Alphav0.006/DATA/LEVELS/LEV2/TEXTURES ga_obj_20xx_palm_leaf_6.dds
101.07.23 16:09 B S:\Brent\Alphav0.006\DATA\LEVELS\LEV2\TEXTURES\GALI.DDS --> ftp.saffire.com /Builds/PC Retail/alpha/Alphav0.006/DATA/LEVELS/LEV2/TEXTURES GALI.DDS
101.07.23 16:09 B S:\Brent\Alphav0.006\DATA\LEVELS\LEV2\TEXTURES\GREY.DDS --> ftp.saffire.com /Builds/PC Retail/alpha/Alphav0.006/DATA/LEVELS/LEV2/TEXTURES GREY.DDS
101.07.23 16:09 B S:\Brent\Alphav0.006\DATA\LEVELS\LEV2\TEXTURES\KOPAKA.DDS --> ftp.saffire.com /Builds/PC Retail/alpha/Alphav0.006/DATA/LEVELS/LEV2/TEXTURES KOPAKA.DDS
101.07.23 16:09 B S:\Brent\Alphav0.006\DATA\LEVELS\LEV2\TEXTURES\L.DDS --> ftp.saffire.com /Builds/PC Retail/alpha/Alphav0.006/DATA/LEVELS/LEV2/TEXTURES L.DDS
101.07.23 16:09 B S:\Brent\Alphav0.006\DATA\LEVELS\LEV2\TEXTURES\LEWA.DDS --> ftp.saffire.com /Builds/PC Retail/alpha/Alphav0.006/DATA/LEVELS/LEV2/TEXTURES LEWA.DDS
101.07.23 16:09 B S:\Brent\Alphav0.006\DATA\LEVELS\LEV2\TEXTURES\ns_cha_10xx_smallfish_3.dds --> ftp.saffire.com /Builds/PC Retail/alpha/Alphav0.006/DATA/LEVELS/LEV2/TEXTURES ns_cha_10xx_smallfish_3.dds
101.07.23 16:09 B S:\Brent\Alphav0.006\DATA\LEVELS\LEV2\TEXTURES\ns_cha_10xx_smallfish_eyes.dds --> ftp.saffire.com /Builds/PC Retail/alpha/Alphav0.006/DATA/LEVELS/LEV2/TEXTURES ns_cha_10xx_smallfish_eyes.dds
101.07.23 16:09 B S:\Brent\Alphav0.006\DATA\LEVELS\LEV2\TEXTURES\ns_cha_10xx_smallfish_hook.dds --> ftp.saffire.com /Builds/PC Retail/alpha/Alphav0.006/DATA/LEVELS/LEV2/TEXTURES ns_cha_10xx_smallfish_hook.dds
101.07.23 16:09 B S:\Brent\Alphav0.006\DATA\LEVELS\LEV2\TEXTURES\on_lev_20xx_atr_flr_brwn.dds --> ftp.saffire.com /Builds/PC Retail/alpha/Alphav0.006/DATA/LEVELS/LEV2/TEXTURES on_lev_20xx_atr_flr_brwn.dds
101.07.23 16:09 B S:\Brent\Alphav0.006\DATA\LEVELS\LEV2\TEXTURES\on_lev_20xx_atr_flr_brwn1.dds --> ftp.saffire.com /Builds/PC Retail/alpha/Alphav0.006/DATA/LEVELS/LEV2/TEXTURES on_lev_20xx_atr_flr_brwn1.dds
101.07.23 16:09 B S:\Brent\Alphav0.006\DATA\LEVELS\LEV2\TEXTURES\on_lev_20xx_atr_flr_rvr_trns.dds --> ftp.saffire.com /Builds/PC Retail/alpha/Alphav0.006/DATA/LEVELS/LEV2/TEXTURES on_lev_20xx_atr_flr_rvr_trns.dds
101.07.23 16:09 B S:\Brent\Alphav0.006\DATA\LEVELS\LEV2\TEXTURES\on_lev_20xx_atr_rd.dds --> ftp.saffire.com /Builds/PC Retail/alpha/Alphav0.006/DATA/LEVELS/LEV2/TEXTURES on_lev_20xx_atr_rd.dds
101.07.23 16:09 B S:\Brent\Alphav0.006\DATA\LEVELS\LEV2\TEXTURES\on_lev_20xx_atr_wall.dds --> ftp.saffire.com /Builds/PC Retail/alpha/Alphav0.006/DATA/LEVELS/LEV2/TEXTURES on_lev_20xx_atr_wall.dds
101.07.23 16:09 B S:\Brent\Alphav0.006\DATA\LEVELS\LEV2\TEXTURES\on_lev_20xx_atr_wall_2.dds --> ftp.saffire.com /Builds/PC Retail/alpha/Alphav0.006/DATA/LEVELS/LEV2/TEXTURES on_lev_20xx_atr_wall_2.dds
101.07.23 16:09 B S:\Brent\Alphav0.006\DATA\LEVELS\LEV2\TEXTURES\on_lev_20xx_bchclfs.dds --> ftp.saffire.com /Builds/PC Retail/alpha/Alphav0.006/DATA/LEVELS/LEV2/TEXTURES on_lev_20xx_bchclfs.dds
101.07.23 16:09 B S:\Brent\Alphav0.006\DATA\LEVELS\LEV2\TEXTURES\on_lev_20xx_bchclifs_grs.dds --> ftp.saffire.com /Builds/PC Retail/alpha/Alphav0.006/DATA/LEVELS/LEV2/TEXTURES on_lev_20xx_bchclifs_grs.dds
101.07.23 16:09 B S:\Brent\Alphav0.006\DATA\LEVELS\LEV2\TEXTURES\on_lev_20xx_bldr_01.dds --> ftp.saffire.com /Builds/PC Retail/alpha/Alphav0.006/DATA/LEVELS/LEV2/TEXTURES on_lev_20xx_bldr_01.dds
101.07.23 16:09 B S:\Brent\Alphav0.006\DATA\LEVELS\LEV2\TEXTURES\on_lev_20xx_bouldertex.dds --> ftp.saffire.com /Builds/PC Retail/alpha/Alphav0.006/DATA/LEVELS/LEV2/TEXTURES on_lev_20xx_bouldertex.dds
101.07.23 16:09 B S:\Brent\Alphav0.006\DATA\LEVELS\LEV2\TEXTURES\on_lev_20xx_bouldertex_2.dds --> ftp.saffire.com /Builds/PC Retail/alpha/Alphav0.006/DATA/LEVELS/LEV2/TEXTURES on_lev_20xx_bouldertex_2.dds
101.07.23 16:09 B S:\Brent\Alphav0.006\DATA\LEVELS\LEV2\TEXTURES\on_lev_20xx_bricks_2.dds --> ftp.saffire.com /Builds/PC Retail/alpha/Alphav0.006/DATA/LEVELS/LEV2/TEXTURES on_lev_20xx_bricks_2.dds
101.07.23 16:09 B S:\Brent\Alphav0.006\DATA\LEVELS\LEV2\TEXTURES\on_lev_20xx_bricks_3.dds --> ftp.saffire.com /Builds/PC Retail/alpha/Alphav0.006/DATA/LEVELS/LEV2/TEXTURES on_lev_20xx_bricks_3.dds
101.07.23 16:09 B S:\Brent\Alphav0.006\DATA\LEVELS\LEV2\TEXTURES\on_lev_20xx_Canisterbody.dds --> ftp.saffire.com /Builds/PC Retail/alpha/Alphav0.006/DATA/LEVELS/LEV2/TEXTURES on_lev_20xx_Canisterbody.dds
101.07.23 16:09 B S:\Brent\Alphav0.006\DATA\LEVELS\LEV2\TEXTURES\on_lev_20xx_Canistertop.dds --> ftp.saffire.com /Builds/PC Retail/alpha/Alphav0.006/DATA/LEVELS/LEV2/TEXTURES on_lev_20xx_Canistertop.dds
101.07.23 16:09 B S:\Brent\Alphav0.006\DATA\LEVELS\LEV2\TEXTURES\on_lev_20xx_cavedirt.dds --> ftp.saffire.com /Builds/PC Retail/alpha/Alphav0.006/DATA/LEVELS/LEV2/TEXTURES on_lev_20xx_cavedirt.dds
101.07.23 16:09 B S:\Brent\Alphav0.006\DATA\LEVELS\LEV2\TEXTURES\on_lev_20xx_cavetex_1a.dds --> ftp.saffire.com /Builds/PC Retail/alpha/Alphav0.006/DATA/LEVELS/LEV2/TEXTURES on_lev_20xx_cavetex_1a.dds
101.07.23 16:09 B S:\Brent\Alphav0.006\DATA\LEVELS\LEV2\TEXTURES\on_lev_20xx_cavetex_1b.dds --> ftp.saffire.com /Builds/PC Retail/alpha/Alphav0.006/DATA/LEVELS/LEV2/TEXTURES on_lev_20xx_cavetex_1b.dds
101.07.23 16:09 B S:\Brent\Alphav0.006\DATA\LEVELS\LEV2\TEXTURES\on_lev_20xx_cavetex_1c.dds --> ftp.saffire.com /Builds/PC Retail/alpha/Alphav0.006/DATA/LEVELS/LEV2/TEXTURES on_lev_20xx_cavetex_1c.dds
101.07.23 16:09 B S:\Brent\Alphav0.006\DATA\LEVELS\LEV2\TEXTURES\on_lev_20xx_crumbling_pillar_1.dds --> ftp.saffire.com /Builds/PC Retail/alpha/Alphav0.006/DATA/LEVELS/LEV2/TEXTURES on_lev_20xx_crumbling_pillar_1.dds
101.07.23 16:09 B S:\Brent\Alphav0.006\DATA\LEVELS\LEV2\TEXTURES\on_lev_20xx_disc_1.dds --> ftp.saffire.com /Builds/PC Retail/alpha/Alphav0.006/DATA/LEVELS/LEV2/TEXTURES on_lev_20xx_disc_1.dds
101.07.23 16:09 B S:\Brent\Alphav0.006\DATA\LEVELS\LEV2\TEXTURES\on_lev_20xx_earthquake_glyph_1.dds --> ftp.saffire.com /Builds/PC Retail/alpha/Alphav0.006/DATA/LEVELS/LEV2/TEXTURES on_lev_20xx_earthquake_glyph_1.dds
101.07.23 16:09 B S:\Brent\Alphav0.006\DATA\LEVELS\LEV2\TEXTURES\on_lev_20xx_glyph_base_1.dds --> ftp.saffire.com /Builds/PC Retail/alpha/Alphav0.006/DATA/LEVELS/LEV2/TEXTURES on_lev_20xx_glyph_base_1.dds
101.07.23 16:09 B S:\Brent\Alphav0.006\DATA\LEVELS\LEV2\TEXTURES\on_lev_20xx_grass_1a.dds --> ftp.saffire.com /Builds/PC Retail/alpha/Alphav0.006/DATA/LEVELS/LEV2/TEXTURES on_lev_20xx_grass_1a.dds
101.07.23 16:09 B S:\Brent\Alphav0.006\DATA\LEVELS\LEV2\TEXTURES\on_lev_20xx_grg_dirt_snd_tran.dds --> ftp.saffire.com /Builds/PC Retail/alpha/Alphav0.006/DATA/LEVELS/LEV2/TEXTURES on_lev_20xx_grg_dirt_snd_tran.dds
101.07.23 16:09 B S:\Brent\Alphav0.006\DATA\LEVELS\LEV2\TEXTURES\on_lev_20xx_grg_tld.dds --> ftp.saffire.com /Builds/PC Retail/alpha/Alphav0.006/DATA/LEVELS/LEV2/TEXTURES on_lev_20xx_grg_tld.dds
101.07.23 16:09 B S:\Brent\Alphav0.006\DATA\LEVELS\LEV2\TEXTURES\on_lev_20xx_grg_wl_bh_trs.dds --> ftp.saffire.com /Builds/PC Retail/alpha/Alphav0.006/DATA/LEVELS/LEV2/TEXTURES on_lev_20xx_grg_wl_bh_trs.dds
101.07.23 16:09 B S:\Brent\Alphav0.006\DATA\LEVELS\LEV2\TEXTURES\on_lev_20xx_ground.dds --> ftp.saffire.com /Builds/PC Retail/alpha/Alphav0.006/DATA/LEVELS/LEV2/TEXTURES on_lev_20xx_ground.dds
101.07.23 16:09 B S:\Brent\Alphav0.006\DATA\LEVELS\LEV2\TEXTURES\on_lev_20xx_groundtrns.dds --> ftp.saffire.com /Builds/PC Retail/alpha/Alphav0.006/DATA/LEVELS/LEV2/TEXTURES on_lev_20xx_groundtrns.dds
101.07.23 16:09 B S:\Brent\Alphav0.006\DATA\LEVELS\LEV2\TEXTURES\on_lev_20xx_mntntrl.dds --> ftp.saffire.com /Builds/PC Retail/alpha/Alphav0.006/DATA/LEVELS/LEV2/TEXTURES on_lev_20xx_mntntrl.dds
101.07.23 16:09 B S:\Brent\Alphav0.006\DATA\LEVELS\LEV2\TEXTURES\on_lev_20xx_montatriumbld.dds --> ftp.saffire.com /Builds/PC Retail/alpha/Alphav0.006/DATA/LEVELS/LEV2/TEXTURES on_lev_20xx_montatriumbld.dds
101.07.23 16:09 B S:\Brent\Alphav0.006\DATA\LEVELS\LEV2\TEXTURES\on_lev_20xx_moss_3.dds --> ftp.saffire.com /Builds/PC Retail/alpha/Alphav0.006/DATA/LEVELS/LEV2/TEXTURES on_lev_20xx_moss_3.dds
101.07.23 16:09 B S:\Brent\Alphav0.006\DATA\LEVELS\LEV2\TEXTURES\on_lev_20xx_mountain_tile.dds --> ftp.saffire.com /Builds/PC Retail/alpha/Alphav0.006/DATA/LEVELS/LEV2/TEXTURES on_lev_20xx_mountain_tile.dds
101.07.23 16:09 B S:\Brent\Alphav0.006\DATA\LEVELS\LEV2\TEXTURES\on_lev_20xx_mountain_tile_2.dds --> ftp.saffire.com /Builds/PC Retail/alpha/Alphav0.006/DATA/LEVELS/LEV2/TEXTURES on_lev_20xx_mountain_tile_2.dds
101.07.23 16:09 B S:\Brent\Alphav0.006\DATA\LEVELS\LEV2\TEXTURES\on_lev_20xx_mountaindirt_tile.dds --> ftp.saffire.com /Builds/PC Retail/alpha/Alphav0.006/DATA/LEVELS/LEV2/TEXTURES on_lev_20xx_mountaindirt_tile.dds
101.07.23 16:09 B S:\Brent\Alphav0.006\DATA\LEVELS\LEV2\TEXTURES\on_lev_20xx_podtop.dds --> ftp.saffire.com /Builds/PC Retail/alpha/Alphav0.006/DATA/LEVELS/LEV2/TEXTURES on_lev_20xx_podtop.dds
101.07.23 16:09 B S:\Brent\Alphav0.006\DATA\LEVELS\LEV2\TEXTURES\on_lev_20xx_rock.dds --> ftp.saffire.com /Builds/PC Retail/alpha/Alphav0.006/DATA/LEVELS/LEV2/TEXTURES on_lev_20xx_rock.dds
101.07.23 16:09 B S:\Brent\Alphav0.006\DATA\LEVELS\LEV2\TEXTURES\on_lev_20xx_root_1.dds --> ftp.saffire.com /Builds/PC Retail/alpha/Alphav0.006/DATA/LEVELS/LEV2/TEXTURES on_lev_20xx_root_1.dds
101.07.23 16:09 B S:\Brent\Alphav0.006\DATA\LEVELS\LEV2\TEXTURES\on_lev_20xx_rootrns.dds --> ftp.saffire.com /Builds/PC Retail/alpha/Alphav0.006/DATA/LEVELS/LEV2/TEXTURES on_lev_20xx_rootrns.dds
101.07.23 16:09 B S:\Brent\Alphav0.006\DATA\LEVELS\LEV2\TEXTURES\on_lev_20xx_sand_1.dds --> ftp.saffire.com /Builds/PC Retail/alpha/Alphav0.006/DATA/LEVELS/LEV2/TEXTURES on_lev_20xx_sand_1.dds
101.07.23 16:09 B S:\Brent\Alphav0.006\DATA\LEVELS\LEV2\TEXTURES\on_lev_20xx_sand_2.dds --> ftp.saffire.com /Builds/PC Retail/alpha/Alphav0.006/DATA/LEVELS/LEV2/TEXTURES on_lev_20xx_sand_2.dds
101.07.23 16:09 B S:\Brent\Alphav0.006\DATA\LEVELS\LEV2\TEXTURES\on_lev_20xx_sandt.dds --> ftp.saffire.com /Builds/PC Retail/alpha/Alphav0.006/DATA/LEVELS/LEV2/TEXTURES on_lev_20xx_sandt.dds
101.07.23 16:09 B S:\Brent\Alphav0.006\DATA\LEVELS\LEV2\TEXTURES\on_lev_20xx_scaveflr.dds --> ftp.saffire.com /Builds/PC Retail/alpha/Alphav0.006/DATA/LEVELS/LEV2/TEXTURES on_lev_20xx_scaveflr.dds
101.07.23 16:09 B S:\Brent\Alphav0.006\DATA\LEVELS\LEV2\TEXTURES\on_lev_20xx_scaveflr_trans.dds --> ftp.saffire.com /Builds/PC Retail/alpha/Alphav0.006/DATA/LEVELS/LEV2/TEXTURES on_lev_20xx_scaveflr_trans.dds
101.07.23 16:09 B S:\Brent\Alphav0.006\DATA\LEVELS\LEV2\TEXTURES\on_lev_20xx_shrinepattern_3.dds --> ftp.saffire.com /Builds/PC Retail/alpha/Alphav0.006/DATA/LEVELS/LEV2/TEXTURES on_lev_20xx_shrinepattern_3.dds
101.07.23 16:09 B S:\Brent\Alphav0.006\DATA\LEVELS\LEV2\TEXTURES\on_lev_20xx_sign_1.dds --> ftp.saffire.com /Builds/PC Retail/alpha/Alphav0.006/DATA/LEVELS/LEV2/TEXTURES on_lev_20xx_sign_1.dds
101.07.23 16:09 B S:\Brent\Alphav0.006\DATA\LEVELS\LEV2\TEXTURES\on_lev_20xx_sign_2.dds --> ftp.saffire.com /Builds/PC Retail/alpha/Alphav0.006/DATA/LEVELS/LEV2/TEXTURES on_lev_20xx_sign_2.dds
101.07.23 16:09 B S:\Brent\Alphav0.006\DATA\LEVELS\LEV2\TEXTURES\on_lev_20xx_spidercave_wall.dds --> ftp.saffire.com /Builds/PC Retail/alpha/Alphav0.006/DATA/LEVELS/LEV2/TEXTURES on_lev_20xx_spidercave_wall.dds
101.07.23 16:09 B S:\Brent\Alphav0.006\DATA\LEVELS\LEV2\TEXTURES\on_lev_20xx_stairs_2.dds --> ftp.saffire.com /Builds/PC Retail/alpha/Alphav0.006/DATA/LEVELS/LEV2/TEXTURES on_lev_20xx_stairs_2.dds
101.07.23 16:09 B S:\Brent\Alphav0.006\DATA\LEVELS\LEV2\TEXTURES\on_lev_20xx_tat_bottom.dds --> ftp.saffire.com /Builds/PC Retail/alpha/Alphav0.006/DATA/LEVELS/LEV2/TEXTURES on_lev_20xx_tat_bottom.dds
101.07.23 16:09 B S:\Brent\Alphav0.006\DATA\LEVELS\LEV2\TEXTURES\on_lev_20xx_tat_grnd.dds --> ftp.saffire.com /Builds/PC Retail/alpha/Alphav0.006/DATA/LEVELS/LEV2/TEXTURES on_lev_20xx_tat_grnd.dds
101.07.23 16:09 B S:\Brent\Alphav0.006\DATA\LEVELS\LEV2\TEXTURES\on_lev_20xx_tat_grnd_2.dds --> ftp.saffire.com /Builds/PC Retail/alpha/Alphav0.006/DATA/LEVELS/LEV2/TEXTURES on_lev_20xx_tat_grnd_2.dds
101.07.23 16:10 B S:\Brent\Alphav0.006\DATA\LEVELS\LEV2\TEXTURES\on_lev_20xx_tat_grnd_trans.dds --> ftp.saffire.com /Builds/PC Retail/alpha/Alphav0.006/DATA/LEVELS/LEV2/TEXTURES on_lev_20xx_tat_grnd_trans.dds
101.07.23 16:10 B S:\Brent\Alphav0.006\DATA\LEVELS\LEV2\TEXTURES\on_lev_20xx_tat_path.dds --> ftp.saffire.com /Builds/PC Retail/alpha/Alphav0.006/DATA/LEVELS/LEV2/TEXTURES on_lev_20xx_tat_path.dds
101.07.23 16:10 B S:\Brent\Alphav0.006\DATA\LEVELS\LEV2\TEXTURES\on_lev_20xx_totem_1.dds --> ftp.saffire.com /Builds/PC Retail/alpha/Alphav0.006/DATA/LEVELS/LEV2/TEXTURES on_lev_20xx_totem_1.dds
101.07.23 16:10 B S:\Brent\Alphav0.006\DATA\LEVELS\LEV2\TEXTURES\on_lev_20xx_treebark.dds --> ftp.saffire.com /Builds/PC Retail/alpha/Alphav0.006/DATA/LEVELS/LEV2/TEXTURES on_lev_20xx_treebark.dds
101.07.23 16:10 B S:\Brent\Alphav0.006\DATA\LEVELS\LEV2\TEXTURES\on_lev_20xx_treebark_2.dds --> ftp.saffire.com /Builds/PC Retail/alpha/Alphav0.006/DATA/LEVELS/LEV2/TEXTURES on_lev_20xx_treebark_2.dds
101.07.23 16:10 B S:\Brent\Alphav0.006\DATA\LEVELS\LEV2\TEXTURES\on_lev_20xx_treetop_1.dds --> ftp.saffire.com /Builds/PC Retail/alpha/Alphav0.006/DATA/LEVELS/LEV2/TEXTURES on_lev_20xx_treetop_1.dds
101.07.23 16:10 B S:\Brent\Alphav0.006\DATA\LEVELS\LEV2\TEXTURES\on_lev_20xx_treetrunk_1.dds --> ftp.saffire.com /Builds/PC Retail/alpha/Alphav0.006/DATA/LEVELS/LEV2/TEXTURES on_lev_20xx_treetrunk_1.dds
101.07.23 16:10 B S:\Brent\Alphav0.006\DATA\LEVELS\LEV2\TEXTURES\on_lev_20xx_treetrunk_2.dds --> ftp.saffire.com /Builds/PC Retail/alpha/Alphav0.006/DATA/LEVELS/LEV2/TEXTURES on_lev_20xx_treetrunk_2.dds
101.07.23 16:10 B S:\Brent\Alphav0.006\DATA\LEVELS\LEV2\TEXTURES\on_lev_20xx_vil_wal.dds --> ftp.saffire.com /Builds/PC Retail/alpha/Alphav0.006/DATA/LEVELS/LEV2/TEXTURES on_lev_20xx_vil_wal.dds
101.07.23 16:10 B S:\Brent\Alphav0.006\DATA\LEVELS\LEV2\TEXTURES\on_lev_20xx_vil_wal2.dds --> ftp.saffire.com /Builds/PC Retail/alpha/Alphav0.006/DATA/LEVELS/LEV2/TEXTURES on_lev_20xx_vil_wal2.dds
101.07.23 16:10 B S:\Brent\Alphav0.006\DATA\LEVELS\LEV2\TEXTURES\on_lev_20xx_vill_floor.dds --> ftp.saffire.com /Builds/PC Retail/alpha/Alphav0.006/DATA/LEVELS/LEV2/TEXTURES on_lev_20xx_vill_floor.dds
101.07.23 16:10 B S:\Brent\Alphav0.006\DATA\LEVELS\LEV2\TEXTURES\on_lev_20xx_vill_floor_grd_tran.dds --> ftp.saffire.com /Builds/PC Retail/alpha/Alphav0.006/DATA/LEVELS/LEV2/TEXTURES on_lev_20xx_vill_floor_grd_tran.dds
101.07.23 16:10 B S:\Brent\Alphav0.006\DATA\LEVELS\LEV2\TEXTURES\on_lev_20xx_vill_floor_tile_var.dds --> ftp.saffire.com /Builds/PC Retail/alpha/Alphav0.006/DATA/LEVELS/LEV2/TEXTURES on_lev_20xx_vill_floor_tile_var.dds
101.07.23 16:10 B S:\Brent\Alphav0.006\DATA\LEVELS\LEV2\TEXTURES\on_lev_20xx_vill_flr_brn.dds --> ftp.saffire.com /Builds/PC Retail/alpha/Alphav0.006/DATA/LEVELS/LEV2/TEXTURES on_lev_20xx_vill_flr_brn.dds
101.07.23 16:10 B S:\Brent\Alphav0.006\DATA\LEVELS\LEV2\TEXTURES\on_lev_20xx_villcave5.dds --> ftp.saffire.com /Builds/PC Retail/alpha/Alphav0.006/DATA/LEVELS/LEV2/TEXTURES on_lev_20xx_villcave5.dds
101.07.23 16:10 B S:\Brent\Alphav0.006\DATA\LEVELS\LEV2\TEXTURES\on_lev_20xx_villhoustex.dds --> ftp.saffire.com /Builds/PC Retail/alpha/Alphav0.006/DATA/LEVELS/LEV2/TEXTURES on_lev_20xx_villhoustex.dds
101.07.23 16:10 B S:\Brent\Alphav0.006\DATA\LEVELS\LEV2\TEXTURES\on_lev_20xx_villhoustex_big.dds --> ftp.saffire.com /Builds/PC Retail/alpha/Alphav0.006/DATA/LEVELS/LEV2/TEXTURES on_lev_20xx_villhoustex_big.dds
101.07.23 16:10 B S:\Brent\Alphav0.006\DATA\LEVELS\LEV2\TEXTURES\on_lev_20xx_vine_glyph_1.dds --> ftp.saffire.com /Builds/PC Retail/alpha/Alphav0.006/DATA/LEVELS/LEV2/TEXTURES on_lev_20xx_vine_glyph_1.dds
101.07.23 16:10 B S:\Brent\Alphav0.006\DATA\LEVELS\LEV2\TEXTURES\on_lev_20xx_walkway_1.dds --> ftp.saffire.com /Builds/PC Retail/alpha/Alphav0.006/DATA/LEVELS/LEV2/TEXTURES on_lev_20xx_walkway_1.dds
101.07.23 16:10 B S:\Brent\Alphav0.006\DATA\LEVELS\LEV2\TEXTURES\on_lev_20xx_walkway_base_1.dds --> ftp.saffire.com /Builds/PC Retail/alpha/Alphav0.006/DATA/LEVELS/LEV2/TEXTURES on_lev_20xx_walkway_base_1.dds
101.07.23 16:10 B S:\Brent\Alphav0.006\DATA\LEVELS\LEV2\TEXTURES\on_lev_20xx_window_3.dds --> ftp.saffire.com /Builds/PC Retail/alpha/Alphav0.006/DATA/LEVELS/LEV2/TEXTURES on_lev_20xx_window_3.dds
101.07.23 16:10 B S:\Brent\Alphav0.006\DATA\LEVELS\LEV2\TEXTURES\on_lev_21xx_ocean_wtr.dds --> ftp.saffire.com /Builds/PC Retail/alpha/Alphav0.006/DATA/LEVELS/LEV2/TEXTURES on_lev_21xx_ocean_wtr.dds
101.07.23 16:10 B S:\Brent\Alphav0.006\DATA\LEVELS\LEV2\TEXTURES\on_lev_21xx_river_1.dds --> ftp.saffire.com /Builds/PC Retail/alpha/Alphav0.006/DATA/LEVELS/LEV2/TEXTURES on_lev_21xx_river_1.dds
101.07.23 16:10 B S:\Brent\Alphav0.006\DATA\LEVELS\LEV2\TEXTURES\on_lev_21xx_river_bottom_1.dds --> ftp.saffire.com /Builds/PC Retail/alpha/Alphav0.006/DATA/LEVELS/LEV2/TEXTURES on_lev_21xx_river_bottom_1.dds
101.07.23 16:10 B S:\Brent\Alphav0.006\DATA\LEVELS\LEV2\TEXTURES\on_lev_21xx_river_lft.dds --> ftp.saffire.com /Builds/PC Retail/alpha/Alphav0.006/DATA/LEVELS/LEV2/TEXTURES on_lev_21xx_river_lft.dds
101.07.23 16:10 B S:\Brent\Alphav0.006\DATA\LEVELS\LEV2\TEXTURES\on_lev_21xx_river_rt.dds --> ftp.saffire.com /Builds/PC Retail/alpha/Alphav0.006/DATA/LEVELS/LEV2/TEXTURES on_lev_21xx_river_rt.dds
101.07.23 16:10 B S:\Brent\Alphav0.006\DATA\LEVELS\LEV2\TEXTURES\on_lev_21xx_river_waterfall_trans_1.dds --> ftp.saffire.com /Builds/PC Retail/alpha/Alphav0.006/DATA/LEVELS/LEV2/TEXTURES on_lev_21xx_river_waterfall_trans_1.dds
101.07.23 16:10 B S:\Brent\Alphav0.006\DATA\LEVELS\LEV2\TEXTURES\on_lev_21xx_river_waterfall_trans_2.dds --> ftp.saffire.com /Builds/PC Retail/alpha/Alphav0.006/DATA/LEVELS/LEV2/TEXTURES on_lev_21xx_river_waterfall_trans_2.dds
101.07.23 16:10 B S:\Brent\Alphav0.006\DATA\LEVELS\LEV2\TEXTURES\on_lev_21xx_rvr_wtr.dds --> ftp.saffire.com /Builds/PC Retail/alpha/Alphav0.006/DATA/LEVELS/LEV2/TEXTURES on_lev_21xx_rvr_wtr.dds
101.07.23 16:10 B S:\Brent\Alphav0.006\DATA\LEVELS\LEV2\TEXTURES\on_lev_21xx_rvr_wtr_trans.dds --> ftp.saffire.com /Builds/PC Retail/alpha/Alphav0.006/DATA/LEVELS/LEV2/TEXTURES on_lev_21xx_rvr_wtr_trans.dds
101.07.23 16:10 B S:\Brent\Alphav0.006\DATA\LEVELS\LEV2\TEXTURES\on_lev_21xx_waterfall_foam_trans_2.dds --> ftp.saffire.com /Builds/PC Retail/alpha/Alphav0.006/DATA/LEVELS/LEV2/TEXTURES on_lev_21xx_waterfall_foam_trans_2.dds
101.07.23 16:10 B S:\Brent\Alphav0.006\DATA\LEVELS\LEV2\TEXTURES\on_lev_21xx_waterfall_new_1.dds --> ftp.saffire.com /Builds/PC Retail/alpha/Alphav0.006/DATA/LEVELS/LEV2/TEXTURES on_lev_21xx_waterfall_new_1.dds
101.07.23 16:10 B S:\Brent\Alphav0.006\DATA\LEVELS\LEV2\TEXTURES\on_obj_10xx_marker_1.dds --> ftp.saffire.com /Builds/PC Retail/alpha/Alphav0.006/DATA/LEVELS/LEV2/TEXTURES on_obj_10xx_marker_1.dds
101.07.23 16:10 B S:\Brent\Alphav0.006\DATA\LEVELS\LEV2\TEXTURES\on_obj_20xx_blue_crystal_1.dds --> ftp.saffire.com /Builds/PC Retail/alpha/Alphav0.006/DATA/LEVELS/LEV2/TEXTURES on_obj_20xx_blue_crystal_1.dds
101.07.23 16:10 B S:\Brent\Alphav0.006\DATA\LEVELS\LEV2\TEXTURES\on_obj_20xx_large_leaf.dds --> ftp.saffire.com /Builds/PC Retail/alpha/Alphav0.006/DATA/LEVELS/LEV2/TEXTURES on_obj_20xx_large_leaf.dds
101.07.23 16:10 B S:\Brent\Alphav0.006\DATA\LEVELS\LEV2\TEXTURES\on_obj_20xx_mmdoor.dds --> ftp.saffire.com /Builds/PC Retail/alpha/Alphav0.006/DATA/LEVELS/LEV2/TEXTURES on_obj_20xx_mmdoor.dds
101.07.23 16:10 B S:\Brent\Alphav0.006\DATA\LEVELS\LEV2\TEXTURES\on_obj_20xx_mudball_glyph_1.dds --> ftp.saffire.com /Builds/PC Retail/alpha/Alphav0.006/DATA/LEVELS/LEV2/TEXTURES on_obj_20xx_mudball_glyph_1.dds
101.07.23 16:10 B S:\Brent\Alphav0.006\DATA\LEVELS\LEV2\TEXTURES\on_obj_20xx_mudsphere_glyph_1.dds --> ftp.saffire.com /Builds/PC Retail/alpha/Alphav0.006/DATA/LEVELS/LEV2/TEXTURES on_obj_20xx_mudsphere_glyph_1.dds
101.07.23 16:10 B S:\Brent\Alphav0.006\DATA\LEVELS\LEV2\TEXTURES\on_obj_20xx_palm_bark_1.dds --> ftp.saffire.com /Builds/PC Retail/alpha/Alphav0.006/DATA/LEVELS/LEV2/TEXTURES on_obj_20xx_palm_bark_1.dds
101.07.23 16:10 B S:\Brent\Alphav0.006\DATA\LEVELS\LEV2\TEXTURES\on_obj_20xx_palm_bark_2.dds --> ftp.saffire.com /Builds/PC Retail/alpha/Alphav0.006/DATA/LEVELS/LEV2/TEXTURES on_obj_20xx_palm_bark_2.dds
101.07.23 16:10 B S:\Brent\Alphav0.006\DATA\LEVELS\LEV2\TEXTURES\on_obj_20xx_palm_bark_3.dds --> ftp.saffire.com /Builds/PC Retail/alpha/Alphav0.006/DATA/LEVELS/LEV2/TEXTURES on_obj_20xx_palm_bark_3.dds
101.07.23 16:10 B S:\Brent\Alphav0.006\DATA\LEVELS\LEV2\TEXTURES\on_obj_20xx_palm_bark_4.dds --> ftp.saffire.com /Builds/PC Retail/alpha/Alphav0.006/DATA/LEVELS/LEV2/TEXTURES on_obj_20xx_palm_bark_4.dds
101.07.23 16:10 B S:\Brent\Alphav0.006\DATA\LEVELS\LEV2\TEXTURES\on_obj_20xx_palm_leaf.dds --> ftp.saffire.com /Builds/PC Retail/alpha/Alphav0.006/DATA/LEVELS/LEV2/TEXTURES on_obj_20xx_palm_leaf.dds
101.07.23 16:10 B S:\Brent\Alphav0.006\DATA\LEVELS\LEV2\TEXTURES\on_obj_20xx_palm_leaf_2.dds --> ftp.saffire.com /Builds/PC Retail/alpha/Alphav0.006/DATA/LEVELS/LEV2/TEXTURES on_obj_20xx_palm_leaf_2.dds
101.07.23 16:10 B S:\Brent\Alphav0.006\DATA\LEVELS\LEV2\TEXTURES\on_obj_20xx_palm_leaf_3.dds --> ftp.saffire.com /Builds/PC Retail/alpha/Alphav0.006/DATA/LEVELS/LEV2/TEXTURES on_obj_20xx_palm_leaf_3.dds
101.07.23 16:10 B S:\Brent\Alphav0.006\DATA\LEVELS\LEV2\TEXTURES\on_obj_20xx_palm_leaf_5.dds --> ftp.saffire.com /Builds/PC Retail/alpha/Alphav0.006/DATA/LEVELS/LEV2/TEXTURES on_obj_20xx_palm_leaf_5.dds
101.07.23 16:10 B S:\Brent\Alphav0.006\DATA\LEVELS\LEV2\TEXTURES\on_obj_20xx_palm_leaf_6.dds --> ftp.saffire.com /Builds/PC Retail/alpha/Alphav0.006/DATA/LEVELS/LEV2/TEXTURES on_obj_20xx_palm_leaf_6.dds
101.07.23 16:10 B S:\Brent\Alphav0.006\DATA\LEVELS\LEV2\TEXTURES\on_obj_20xx_rock_1.dds --> ftp.saffire.com /Builds/PC Retail/alpha/Alphav0.006/DATA/LEVELS/LEV2/TEXTURES on_obj_20xx_rock_1.dds
101.07.23 16:10 B S:\Brent\Alphav0.006\DATA\LEVELS\LEV2\TEXTURES\on_obj_20xx_shrine_pattern_2.dds --> ftp.saffire.com /Builds/PC Retail/alpha/Alphav0.006/DATA/LEVELS/LEV2/TEXTURES on_obj_20xx_shrine_pattern_2.dds
101.07.23 16:10 B S:\Brent\Alphav0.006\DATA\LEVELS\LEV2\TEXTURES\on_obj_20xx_shrine_top_3.dds --> ftp.saffire.com /Builds/PC Retail/alpha/Alphav0.006/DATA/LEVELS/LEV2/TEXTURES on_obj_20xx_shrine_top_3.dds
101.07.23 16:10 B S:\Brent\Alphav0.006\DATA\LEVELS\LEV2\TEXTURES\on_obj_20xx_stalag_wrp.dds --> ftp.saffire.com /Builds/PC Retail/alpha/Alphav0.006/DATA/LEVELS/LEV2/TEXTURES on_obj_20xx_stalag_wrp.dds
101.07.23 16:10 B S:\Brent\Alphav0.006\DATA\LEVELS\LEV2\TEXTURES\on_obj_20xx_stalagmite_1.dds --> ftp.saffire.com /Builds/PC Retail/alpha/Alphav0.006/DATA/LEVELS/LEV2/TEXTURES on_obj_20xx_stalagmite_1.dds
101.07.23 16:10 B S:\Brent\Alphav0.006\DATA\LEVELS\LEV2\TEXTURES\on_obj_20xx_stepon_switch_1.dds --> ftp.saffire.com /Builds/PC Retail/alpha/Alphav0.006/DATA/LEVELS/LEV2/TEXTURES on_obj_20xx_stepon_switch_1.dds
101.07.23 16:10 B S:\Brent\Alphav0.006\DATA\LEVELS\LEV2\TEXTURES\on_obj_20xx_toa_tumble_switch_1.dds --> ftp.saffire.com /Builds/PC Retail/alpha/Alphav0.006/DATA/LEVELS/LEV2/TEXTURES on_obj_20xx_toa_tumble_switch_1.dds
101.07.23 16:10 B S:\Brent\Alphav0.006\DATA\LEVELS\LEV2\TEXTURES\on_obj_20xx_treebarkbtm.dds --> ftp.saffire.com /Builds/PC Retail/alpha/Alphav0.006/DATA/LEVELS/LEV2/TEXTURES on_obj_20xx_treebarkbtm.dds
101.07.23 16:10 B S:\Brent\Alphav0.006\DATA\LEVELS\LEV2\TEXTURES\on_obj_20xx_yellow_crystal_1.dds --> ftp.saffire.com /Builds/PC Retail/alpha/Alphav0.006/DATA/LEVELS/LEV2/TEXTURES on_obj_20xx_yellow_crystal_1.dds
101.07.23 16:10 B S:\Brent\Alphav0.006\DATA\LEVELS\LEV2\TEXTURES\on_obj_31xx_mus_1.dds --> ftp.saffire.com /Builds/PC Retail/alpha/Alphav0.006/DATA/LEVELS/LEV2/TEXTURES on_obj_31xx_mus_1.dds
101.07.23 16:10 B S:\Brent\Alphav0.006\DATA\LEVELS\LEV2\TEXTURES\on_obj_31xx_mus_2.dds --> ftp.saffire.com /Builds/PC Retail/alpha/Alphav0.006/DATA/LEVELS/LEV2/TEXTURES on_obj_31xx_mus_2.dds
101.07.23 16:10 B S:\Brent\Alphav0.006\DATA\LEVELS\LEV2\TEXTURES\on_obj_31xx_mus_3.dds --> ftp.saffire.com /Builds/PC Retail/alpha/Alphav0.006/DATA/LEVELS/LEV2/TEXTURES on_obj_31xx_mus_3.dds
101.07.23 16:10 B S:\Brent\Alphav0.006\DATA\LEVELS\LEV2\TEXTURES\on_obj_31xx_spider_web_1.dds --> ftp.saffire.com /Builds/PC Retail/alpha/Alphav0.006/DATA/LEVELS/LEV2/TEXTURES on_obj_31xx_spider_web_1.dds
101.07.23 16:10 B S:\Brent\Alphav0.006\DATA\LEVELS\LEV2\TEXTURES\on_obj_31xx_treeshag_2.dds --> ftp.saffire.com /Builds/PC Retail/alpha/Alphav0.006/DATA/LEVELS/LEV2/TEXTURES on_obj_31xx_treeshag_2.dds
101.07.23 16:10 B S:\Brent\Alphav0.006\DATA\LEVELS\LEV2\TEXTURES\ONUA.DDS --> ftp.saffire.com /Builds/PC Retail/alpha/Alphav0.006/DATA/LEVELS/LEV2/TEXTURES ONUA.DDS
101.07.23 16:10 B S:\Brent\Alphav0.006\DATA\LEVELS\LEV2\TEXTURES\onuasky01b.dds --> ftp.saffire.com /Builds/PC Retail/alpha/Alphav0.006/DATA/LEVELS/LEV2/TEXTURES onuasky01b.dds
101.07.23 16:10 B S:\Brent\Alphav0.006\DATA\LEVELS\LEV2\TEXTURES\onuasky02.dds --> ftp.saffire.com /Builds/PC Retail/alpha/Alphav0.006/DATA/LEVELS/LEV2/TEXTURES onuasky02.dds
101.07.23 16:10 B S:\Brent\Alphav0.006\DATA\LEVELS\LEV2\TEXTURES\onuasky03.dds --> ftp.saffire.com /Builds/PC Retail/alpha/Alphav0.006/DATA/LEVELS/LEV2/TEXTURES onuasky03.dds
101.07.23 16:10 B S:\Brent\Alphav0.006\DATA\LEVELS\LEV2\TEXTURES\ONUASKY4.DDS --> ftp.saffire.com /Builds/PC Retail/alpha/Alphav0.006/DATA/LEVELS/LEV2/TEXTURES ONUASKY4.DDS
101.07.23 16:10 B S:\Brent\Alphav0.006\DATA\LEVELS\LEV2\TEXTURES\POHATU.DDS --> ftp.saffire.com /Builds/PC Retail/alpha/Alphav0.006/DATA/LEVELS/LEV2/TEXTURES POHATU.DDS
101.07.23 16:10 B S:\Brent\Alphav0.006\DATA\LEVELS\LEV2\TEXTURES\R.DDS --> ftp.saffire.com /Builds/PC Retail/alpha/Alphav0.006/DATA/LEVELS/LEV2/TEXTURES R.DDS
101.07.23 16:10 B S:\Brent\Alphav0.006\DATA\LEVELS\LEV2\TEXTURES\rockpath_1.dds --> ftp.saffire.com /Builds/PC Retail/alpha/Alphav0.006/DATA/LEVELS/LEV2/TEXTURES rockpath_1.dds
101.07.23 16:10 B S:\Brent\Alphav0.006\DATA\LEVELS\LEV2\TEXTURES\sphere_stone.dds --> ftp.saffire.com /Builds/PC Retail/alpha/Alphav0.006/DATA/LEVELS/LEV2/TEXTURES sphere_stone.dds
101.07.23 16:10 B S:\Brent\Alphav0.006\DATA\LEVELS\LEV2\TEXTURES\T.DDS --> ftp.saffire.com /Builds/PC Retail/alpha/Alphav0.006/DATA/LEVELS/LEV2/TEXTURES T.DDS
101.07.23 16:10 B S:\Brent\Alphav0.006\DATA\LEVELS\LEV2\TEXTURES\TAHU.DDS --> ftp.saffire.com /Builds/PC Retail/alpha/Alphav0.006/DATA/LEVELS/LEV2/TEXTURES TAHU.DDS
