101.07.23 16:05 B S:\Brent\Alphav0.006\DATA\LEVELS\LEV2\MBCH\XS\BLDR.X --> ftp.saffire.com /Builds/PC Retail/alpha/Alphav0.006/DATA/LEVELS/LEV2/MBCH/XS BLDR.X
101.07.23 16:05 B S:\Brent\Alphav0.006\DATA\LEVELS\LEV2\MBCH\XS\DOR1.X --> ftp.saffire.com /Builds/PC Retail/alpha/Alphav0.006/DATA/LEVELS/LEV2/MBCH/XS DOR1.X
101.07.23 16:05 B S:\Brent\Alphav0.006\DATA\LEVELS\LEV2\MBCH\XS\DRU0.X --> ftp.saffire.com /Builds/PC Retail/alpha/Alphav0.006/DATA/LEVELS/LEV2/MBCH/XS DRU0.X
101.07.23 16:05 B S:\Brent\Alphav0.006\DATA\LEVELS\LEV2\MBCH\XS\DSC2.X --> ftp.saffire.com /Builds/PC Retail/alpha/Alphav0.006/DATA/LEVELS/LEV2/MBCH/XS DSC2.X
101.07.23 16:05 B S:\Brent\Alphav0.006\DATA\LEVELS\LEV2\MBCH\XS\LDGE.X --> ftp.saffire.com /Builds/PC Retail/alpha/Alphav0.006/DATA/LEVELS/LEV2/MBCH/XS LDGE.X
101.07.23 16:05 B S:\Brent\Alphav0.006\DATA\LEVELS\LEV2\MBCH\XS\LGHT.X --> ftp.saffire.com /Builds/PC Retail/alpha/Alphav0.006/DATA/LEVELS/LEV2/MBCH/XS LGHT.X
101.07.23 16:05 B S:\Brent\Alphav0.006\DATA\LEVELS\LEV2\MBCH\XS\MAIN.X --> ftp.saffire.com /Builds/PC Retail/alpha/Alphav0.006/DATA/LEVELS/LEV2/MBCH/XS MAIN.X
101.07.23 16:05 B S:\Brent\Alphav0.006\DATA\LEVELS\LEV2\MBCH\XS\MBBD.X --> ftp.saffire.com /Builds/PC Retail/alpha/Alphav0.006/DATA/LEVELS/LEV2/MBCH/XS MBBD.X
101.07.23 16:05 B S:\Brent\Alphav0.006\DATA\LEVELS\LEV2\MBCH\XS\MBCF.X --> ftp.saffire.com /Builds/PC Retail/alpha/Alphav0.006/DATA/LEVELS/LEV2/MBCH/XS MBCF.X
101.07.23 16:05 B S:\Brent\Alphav0.006\DATA\LEVELS\LEV2\MBCH\XS\MBCW.X --> ftp.saffire.com /Builds/PC Retail/alpha/Alphav0.006/DATA/LEVELS/LEV2/MBCH/XS MBCW.X
101.07.23 16:05 B S:\Brent\Alphav0.006\DATA\LEVELS\LEV2\MBCH\XS\MBW2.X --> ftp.saffire.com /Builds/PC Retail/alpha/Alphav0.006/DATA/LEVELS/LEV2/MBCH/XS MBW2.X
101.07.23 16:05 B S:\Brent\Alphav0.006\DATA\LEVELS\LEV2\MBCH\XS\MBW3.X --> ftp.saffire.com /Builds/PC Retail/alpha/Alphav0.006/DATA/LEVELS/LEV2/MBCH/XS MBW3.X
101.07.23 16:05 B S:\Brent\Alphav0.006\DATA\LEVELS\LEV2\MBCH\XS\MCA1.X --> ftp.saffire.com /Builds/PC Retail/alpha/Alphav0.006/DATA/LEVELS/LEV2/MBCH/XS MCA1.X
101.07.23 16:05 B S:\Brent\Alphav0.006\DATA\LEVELS\LEV2\MBCH\XS\MCA2.X --> ftp.saffire.com /Builds/PC Retail/alpha/Alphav0.006/DATA/LEVELS/LEV2/MBCH/XS MCA2.X
101.07.23 16:05 B S:\Brent\Alphav0.006\DATA\LEVELS\LEV2\MBCH\XS\MCA3.X --> ftp.saffire.com /Builds/PC Retail/alpha/Alphav0.006/DATA/LEVELS/LEV2/MBCH/XS MCA3.X
101.07.23 16:05 B S:\Brent\Alphav0.006\DATA\LEVELS\LEV2\MBCH\XS\MCA4.X --> ftp.saffire.com /Builds/PC Retail/alpha/Alphav0.006/DATA/LEVELS/LEV2/MBCH/XS MCA4.X
101.07.23 16:05 B S:\Brent\Alphav0.006\DATA\LEVELS\LEV2\MBCH\XS\MCA5.X --> ftp.saffire.com /Builds/PC Retail/alpha/Alphav0.006/DATA/LEVELS/LEV2/MBCH/XS MCA5.X
101.07.23 16:05 B S:\Brent\Alphav0.006\DATA\LEVELS\LEV2\MBCH\XS\MCA6.X --> ftp.saffire.com /Builds/PC Retail/alpha/Alphav0.006/DATA/LEVELS/LEV2/MBCH/XS MCA6.X
101.07.23 16:05 B S:\Brent\Alphav0.006\DATA\LEVELS\LEV2\MBCH\XS\MCA7.X --> ftp.saffire.com /Builds/PC Retail/alpha/Alphav0.006/DATA/LEVELS/LEV2/MBCH/XS MCA7.X
101.07.23 16:05 B S:\Brent\Alphav0.006\DATA\LEVELS\LEV2\MBCH\XS\MCA8.X --> ftp.saffire.com /Builds/PC Retail/alpha/Alphav0.006/DATA/LEVELS/LEV2/MBCH/XS MCA8.X
101.07.23 16:05 B S:\Brent\Alphav0.006\DATA\LEVELS\LEV2\MBCH\XS\MCA9.X --> ftp.saffire.com /Builds/PC Retail/alpha/Alphav0.006/DATA/LEVELS/LEV2/MBCH/XS MCA9.X
101.07.23 16:05 B S:\Brent\Alphav0.006\DATA\LEVELS\LEV2\MBCH\XS\MCB1.X --> ftp.saffire.com /Builds/PC Retail/alpha/Alphav0.006/DATA/LEVELS/LEV2/MBCH/XS MCB1.X
101.07.23 16:05 B S:\Brent\Alphav0.006\DATA\LEVELS\LEV2\MBCH\XS\MCB2.X --> ftp.saffire.com /Builds/PC Retail/alpha/Alphav0.006/DATA/LEVELS/LEV2/MBCH/XS MCB2.X
101.07.23 16:05 B S:\Brent\Alphav0.006\DATA\LEVELS\LEV2\MBCH\XS\MCB3.X --> ftp.saffire.com /Builds/PC Retail/alpha/Alphav0.006/DATA/LEVELS/LEV2/MBCH/XS MCB3.X
101.07.23 16:05 B S:\Brent\Alphav0.006\DATA\LEVELS\LEV2\MBCH\XS\MCB4.X --> ftp.saffire.com /Builds/PC Retail/alpha/Alphav0.006/DATA/LEVELS/LEV2/MBCH/XS MCB4.X
101.07.23 16:05 B S:\Brent\Alphav0.006\DATA\LEVELS\LEV2\MBCH\XS\MCB5.X --> ftp.saffire.com /Builds/PC Retail/alpha/Alphav0.006/DATA/LEVELS/LEV2/MBCH/XS MCB5.X
101.07.23 16:05 B S:\Brent\Alphav0.006\DATA\LEVELS\LEV2\MBCH\XS\MCB6.X --> ftp.saffire.com /Builds/PC Retail/alpha/Alphav0.006/DATA/LEVELS/LEV2/MBCH/XS MCB6.X
101.07.23 16:05 B S:\Brent\Alphav0.006\DATA\LEVELS\LEV2\MBCH\XS\MCB7.X --> ftp.saffire.com /Builds/PC Retail/alpha/Alphav0.006/DATA/LEVELS/LEV2/MBCH/XS MCB7.X
101.07.23 16:05 B S:\Brent\Alphav0.006\DATA\LEVELS\LEV2\MBCH\XS\MCB8.X --> ftp.saffire.com /Builds/PC Retail/alpha/Alphav0.006/DATA/LEVELS/LEV2/MBCH/XS MCB8.X
101.07.23 16:05 B S:\Brent\Alphav0.006\DATA\LEVELS\LEV2\MBCH\XS\MCB9.X --> ftp.saffire.com /Builds/PC Retail/alpha/Alphav0.006/DATA/LEVELS/LEV2/MBCH/XS MCB9.X
101.07.23 16:05 B S:\Brent\Alphav0.006\DATA\LEVELS\LEV2\MBCH\XS\MCC1.X --> ftp.saffire.com /Builds/PC Retail/alpha/Alphav0.006/DATA/LEVELS/LEV2/MBCH/XS MCC1.X
101.07.23 16:05 B S:\Brent\Alphav0.006\DATA\LEVELS\LEV2\MBCH\XS\MCC2.X --> ftp.saffire.com /Builds/PC Retail/alpha/Alphav0.006/DATA/LEVELS/LEV2/MBCH/XS MCC2.X
101.07.23 16:05 B S:\Brent\Alphav0.006\DATA\LEVELS\LEV2\MBCH\XS\MCC3.X --> ftp.saffire.com /Builds/PC Retail/alpha/Alphav0.006/DATA/LEVELS/LEV2/MBCH/XS MCC3.X
101.07.23 16:05 B S:\Brent\Alphav0.006\DATA\LEVELS\LEV2\MBCH\XS\MCC4.X --> ftp.saffire.com /Builds/PC Retail/alpha/Alphav0.006/DATA/LEVELS/LEV2/MBCH/XS MCC4.X
101.07.23 16:05 B S:\Brent\Alphav0.006\DATA\LEVELS\LEV2\MBCH\XS\MCC5.X --> ftp.saffire.com /Builds/PC Retail/alpha/Alphav0.006/DATA/LEVELS/LEV2/MBCH/XS MCC5.X
101.07.23 16:05 B S:\Brent\Alphav0.006\DATA\LEVELS\LEV2\MBCH\XS\MCC6.X --> ftp.saffire.com /Builds/PC Retail/alpha/Alphav0.006/DATA/LEVELS/LEV2/MBCH/XS MCC6.X
101.07.23 16:05 B S:\Brent\Alphav0.006\DATA\LEVELS\LEV2\MBCH\XS\MCC7.X --> ftp.saffire.com /Builds/PC Retail/alpha/Alphav0.006/DATA/LEVELS/LEV2/MBCH/XS MCC7.X
101.07.23 16:05 B S:\Brent\Alphav0.006\DATA\LEVELS\LEV2\MBCH\XS\PALM.X --> ftp.saffire.com /Builds/PC Retail/alpha/Alphav0.006/DATA/LEVELS/LEV2/MBCH/XS PALM.X
101.07.23 16:05 B S:\Brent\Alphav0.006\DATA\LEVELS\LEV2\MBCH\XS\PF01.X --> ftp.saffire.com /Builds/PC Retail/alpha/Alphav0.006/DATA/LEVELS/LEV2/MBCH/XS PF01.X
101.07.23 16:05 B S:\Brent\Alphav0.006\DATA\LEVELS\LEV2\MBCH\XS\PF02.X --> ftp.saffire.com /Builds/PC Retail/alpha/Alphav0.006/DATA/LEVELS/LEV2/MBCH/XS PF02.X
101.07.23 16:05 B S:\Brent\Alphav0.006\DATA\LEVELS\LEV2\MBCH\XS\PF03.X --> ftp.saffire.com /Builds/PC Retail/alpha/Alphav0.006/DATA/LEVELS/LEV2/MBCH/XS PF03.X
101.07.23 16:05 B S:\Brent\Alphav0.006\DATA\LEVELS\LEV2\MBCH\XS\SKY1.X --> ftp.saffire.com /Builds/PC Retail/alpha/Alphav0.006/DATA/LEVELS/LEV2/MBCH/XS SKY1.X
101.07.23 16:05 B S:\Brent\Alphav0.006\DATA\LEVELS\LEV2\MBCH\XS\TRE1.X --> ftp.saffire.com /Builds/PC Retail/alpha/Alphav0.006/DATA/LEVELS/LEV2/MBCH/XS TRE1.X
101.07.23 16:05 B S:\Brent\Alphav0.006\DATA\LEVELS\LEV2\MBCH\XS\WATR.X --> ftp.saffire.com /Builds/PC Retail/alpha/Alphav0.006/DATA/LEVELS/LEV2/MBCH/XS WATR.X
101.07.23 16:05 B S:\Brent\Alphav0.006\DATA\LEVELS\LEV2\MBCH\XS\WFL1.X --> ftp.saffire.com /Builds/PC Retail/alpha/Alphav0.006/DATA/LEVELS/LEV2/MBCH/XS WFL1.X
101.07.23 16:05 B S:\Brent\Alphav0.006\DATA\LEVELS\LEV2\MBCH\XS\WFL2.X --> ftp.saffire.com /Builds/PC Retail/alpha/Alphav0.006/DATA/LEVELS/LEV2/MBCH/XS WFL2.X
101.07.23 16:05 B S:\Brent\Alphav0.006\DATA\LEVELS\LEV2\MBCH\XS\WFL3.X --> ftp.saffire.com /Builds/PC Retail/alpha/Alphav0.006/DATA/LEVELS/LEV2/MBCH/XS WFL3.X
101.07.23 16:05 B S:\Brent\Alphav0.006\DATA\LEVELS\LEV2\MBCH\XS\WRPL.X --> ftp.saffire.com /Builds/PC Retail/alpha/Alphav0.006/DATA/LEVELS/LEV2/MBCH/XS WRPL.X
