101.07.23 16:02 B S:\Brent\Alphav0.006\DATA\LEVELS\LEV1\DSEQ.SLB --> ftp.saffire.com /Builds/PC Retail/alpha/Alphav0.006/DATA/LEVELS/LEV1 DSEQ.SLB
101.07.23 16:02 B S:\Brent\Alphav0.006\DATA\LEVELS\LEV1\Fluff_dan.slb --> ftp.saffire.com /Builds/PC Retail/alpha/Alphav0.006/DATA/LEVELS/LEV1 Fluff_dan.slb
101.07.23 16:02 B S:\Brent\Alphav0.006\DATA\LEVELS\LEV1\Fluff_dut.slb --> ftp.saffire.com /Builds/PC Retail/alpha/Alphav0.006/DATA/LEVELS/LEV1 Fluff_dut.slb
101.07.23 16:02 B S:\Brent\Alphav0.006\DATA\LEVELS\LEV1\Fluff_eng.slb --> ftp.saffire.com /Builds/PC Retail/alpha/Alphav0.006/DATA/LEVELS/LEV1 Fluff_eng.slb
101.07.23 16:02 B S:\Brent\Alphav0.006\DATA\LEVELS\LEV1\Fluff_frn.slb --> ftp.saffire.com /Builds/PC Retail/alpha/Alphav0.006/DATA/LEVELS/LEV1 Fluff_frn.slb
101.07.23 16:02 B S:\Brent\Alphav0.006\DATA\LEVELS\LEV1\Fluff_ger.slb --> ftp.saffire.com /Builds/PC Retail/alpha/Alphav0.006/DATA/LEVELS/LEV1 Fluff_ger.slb
101.07.23 16:02 B S:\Brent\Alphav0.006\DATA\LEVELS\LEV1\Fluff_ita.slb --> ftp.saffire.com /Builds/PC Retail/alpha/Alphav0.006/DATA/LEVELS/LEV1 Fluff_ita.slb
101.07.23 16:02 B S:\Brent\Alphav0.006\DATA\LEVELS\LEV1\Fluff_spa.slb --> ftp.saffire.com /Builds/PC Retail/alpha/Alphav0.006/DATA/LEVELS/LEV1 Fluff_spa.slb
101.07.23 16:02 B S:\Brent\Alphav0.006\DATA\LEVELS\LEV1\Fluff_str.slb --> ftp.saffire.com /Builds/PC Retail/alpha/Alphav0.006/DATA/LEVELS/LEV1 Fluff_str.slb
101.07.23 16:02 B S:\Brent\Alphav0.006\DATA\LEVELS\LEV1\HAKA.SLB --> ftp.saffire.com /Builds/PC Retail/alpha/Alphav0.006/DATA/LEVELS/LEV1 HAKA.SLB
101.07.23 16:02 B S:\Brent\Alphav0.006\DATA\LEVELS\LEV1\LEV1_DAN.SLB --> ftp.saffire.com /Builds/PC Retail/alpha/Alphav0.006/DATA/LEVELS/LEV1 LEV1_DAN.SLB
101.07.23 16:02 B S:\Brent\Alphav0.006\DATA\LEVELS\LEV1\LEV1_DUT.SLB --> ftp.saffire.com /Builds/PC Retail/alpha/Alphav0.006/DATA/LEVELS/LEV1 LEV1_DUT.SLB
101.07.23 16:02 B S:\Brent\Alphav0.006\DATA\LEVELS\LEV1\LEV1_ENG.SLB --> ftp.saffire.com /Builds/PC Retail/alpha/Alphav0.006/DATA/LEVELS/LEV1 LEV1_ENG.SLB
101.07.23 16:02 B S:\Brent\Alphav0.006\DATA\LEVELS\LEV1\LEV1_FRN.SLB --> ftp.saffire.com /Builds/PC Retail/alpha/Alphav0.006/DATA/LEVELS/LEV1 LEV1_FRN.SLB
101.07.23 16:02 B S:\Brent\Alphav0.006\DATA\LEVELS\LEV1\LEV1_GER.SLB --> ftp.saffire.com /Builds/PC Retail/alpha/Alphav0.006/DATA/LEVELS/LEV1 LEV1_GER.SLB
101.07.23 16:02 B S:\Brent\Alphav0.006\DATA\LEVELS\LEV1\LEV1_ITA.SLB --> ftp.saffire.com /Builds/PC Retail/alpha/Alphav0.006/DATA/LEVELS/LEV1 LEV1_ITA.SLB
101.07.23 16:02 B S:\Brent\Alphav0.006\DATA\LEVELS\LEV1\LEV1_SPA.SLB --> ftp.saffire.com /Builds/PC Retail/alpha/Alphav0.006/DATA/LEVELS/LEV1 LEV1_SPA.SLB
101.07.23 16:02 B S:\Brent\Alphav0.006\DATA\LEVELS\LEV1\LEV1_STR.SLB --> ftp.saffire.com /Builds/PC Retail/alpha/Alphav0.006/DATA/LEVELS/LEV1 LEV1_STR.SLB
101.07.23 16:02 B S:\Brent\Alphav0.006\DATA\LEVELS\LEV1\MATERIAL.SLB --> ftp.saffire.com /Builds/PC Retail/alpha/Alphav0.006/DATA/LEVELS/LEV1 MATERIAL.SLB
101.07.23 16:02 B S:\Brent\Alphav0.006\DATA\LEVELS\LEV1\TEXTURES.SLB --> ftp.saffire.com /Builds/PC Retail/alpha/Alphav0.006/DATA/LEVELS/LEV1 TEXTURES.SLB
