101.07.23 16:10 B S:\Brent\Alphav0.006\DATA\LEVELS\LEV2\VLLG\XS\DRV0.X --> ftp.saffire.com /Builds/PC Retail/alpha/Alphav0.006/DATA/LEVELS/LEV2/VLLG/XS DRV0.X
101.07.23 16:10 B S:\Brent\Alphav0.006\DATA\LEVELS\LEV2\VLLG\XS\DRV1.X --> ftp.saffire.com /Builds/PC Retail/alpha/Alphav0.006/DATA/LEVELS/LEV2/VLLG/XS DRV1.X
101.07.23 16:10 B S:\Brent\Alphav0.006\DATA\LEVELS\LEV2\VLLG\XS\FSH1.X --> ftp.saffire.com /Builds/PC Retail/alpha/Alphav0.006/DATA/LEVELS/LEV2/VLLG/XS FSH1.X
101.07.23 16:10 B S:\Brent\Alphav0.006\DATA\LEVELS\LEV2\VLLG\XS\FSH2.X --> ftp.saffire.com /Builds/PC Retail/alpha/Alphav0.006/DATA/LEVELS/LEV2/VLLG/XS FSH2.X
101.07.23 16:10 B S:\Brent\Alphav0.006\DATA\LEVELS\LEV2\VLLG\XS\FSH3.X --> ftp.saffire.com /Builds/PC Retail/alpha/Alphav0.006/DATA/LEVELS/LEV2/VLLG/XS FSH3.X
101.07.23 16:10 B S:\Brent\Alphav0.006\DATA\LEVELS\LEV2\VLLG\XS\GEAR.X --> ftp.saffire.com /Builds/PC Retail/alpha/Alphav0.006/DATA/LEVELS/LEV2/VLLG/XS GEAR.X
101.07.23 16:10 B S:\Brent\Alphav0.006\DATA\LEVELS\LEV2\VLLG\XS\GLAS.X --> ftp.saffire.com /Builds/PC Retail/alpha/Alphav0.006/DATA/LEVELS/LEV2/VLLG/XS GLAS.X
101.07.23 16:10 B S:\Brent\Alphav0.006\DATA\LEVELS\LEV2\VLLG\XS\GLSS.X --> ftp.saffire.com /Builds/PC Retail/alpha/Alphav0.006/DATA/LEVELS/LEV2/VLLG/XS GLSS.X
101.07.23 16:10 B S:\Brent\Alphav0.006\DATA\LEVELS\LEV2\VLLG\XS\HOLE.X --> ftp.saffire.com /Builds/PC Retail/alpha/Alphav0.006/DATA/LEVELS/LEV2/VLLG/XS HOLE.X
101.07.23 16:10 B S:\Brent\Alphav0.006\DATA\LEVELS\LEV2\VLLG\XS\LG01.X --> ftp.saffire.com /Builds/PC Retail/alpha/Alphav0.006/DATA/LEVELS/LEV2/VLLG/XS LG01.X
101.07.23 16:10 B S:\Brent\Alphav0.006\DATA\LEVELS\LEV2\VLLG\XS\LG02.X --> ftp.saffire.com /Builds/PC Retail/alpha/Alphav0.006/DATA/LEVELS/LEV2/VLLG/XS LG02.X
101.07.23 16:10 B S:\Brent\Alphav0.006\DATA\LEVELS\LEV2\VLLG\XS\LG03.X --> ftp.saffire.com /Builds/PC Retail/alpha/Alphav0.006/DATA/LEVELS/LEV2/VLLG/XS LG03.X
101.07.23 16:10 B S:\Brent\Alphav0.006\DATA\LEVELS\LEV2\VLLG\XS\LG04.X --> ftp.saffire.com /Builds/PC Retail/alpha/Alphav0.006/DATA/LEVELS/LEV2/VLLG/XS LG04.X
101.07.23 16:10 B S:\Brent\Alphav0.006\DATA\LEVELS\LEV2\VLLG\XS\LG05.X --> ftp.saffire.com /Builds/PC Retail/alpha/Alphav0.006/DATA/LEVELS/LEV2/VLLG/XS LG05.X
101.07.23 16:10 B S:\Brent\Alphav0.006\DATA\LEVELS\LEV2\VLLG\XS\LG06.X --> ftp.saffire.com /Builds/PC Retail/alpha/Alphav0.006/DATA/LEVELS/LEV2/VLLG/XS LG06.X
101.07.23 16:10 B S:\Brent\Alphav0.006\DATA\LEVELS\LEV2\VLLG\XS\LG07.X --> ftp.saffire.com /Builds/PC Retail/alpha/Alphav0.006/DATA/LEVELS/LEV2/VLLG/XS LG07.X
101.07.23 16:10 B S:\Brent\Alphav0.006\DATA\LEVELS\LEV2\VLLG\XS\LG08.X --> ftp.saffire.com /Builds/PC Retail/alpha/Alphav0.006/DATA/LEVELS/LEV2/VLLG/XS LG08.X
101.07.23 16:10 B S:\Brent\Alphav0.006\DATA\LEVELS\LEV2\VLLG\XS\LG09.X --> ftp.saffire.com /Builds/PC Retail/alpha/Alphav0.006/DATA/LEVELS/LEV2/VLLG/XS LG09.X
101.07.23 16:10 B S:\Brent\Alphav0.006\DATA\LEVELS\LEV2\VLLG\XS\LG10.X --> ftp.saffire.com /Builds/PC Retail/alpha/Alphav0.006/DATA/LEVELS/LEV2/VLLG/XS LG10.X
101.07.23 16:10 B S:\Brent\Alphav0.006\DATA\LEVELS\LEV2\VLLG\XS\LG11.X --> ftp.saffire.com /Builds/PC Retail/alpha/Alphav0.006/DATA/LEVELS/LEV2/VLLG/XS LG11.X
101.07.23 16:10 B S:\Brent\Alphav0.006\DATA\LEVELS\LEV2\VLLG\XS\LG12.X --> ftp.saffire.com /Builds/PC Retail/alpha/Alphav0.006/DATA/LEVELS/LEV2/VLLG/XS LG12.X
101.07.23 16:10 B S:\Brent\Alphav0.006\DATA\LEVELS\LEV2\VLLG\XS\LG13.X --> ftp.saffire.com /Builds/PC Retail/alpha/Alphav0.006/DATA/LEVELS/LEV2/VLLG/XS LG13.X
101.07.23 16:10 B S:\Brent\Alphav0.006\DATA\LEVELS\LEV2\VLLG\XS\LG14.X --> ftp.saffire.com /Builds/PC Retail/alpha/Alphav0.006/DATA/LEVELS/LEV2/VLLG/XS LG14.X
101.07.23 16:11 B S:\Brent\Alphav0.006\DATA\LEVELS\LEV2\VLLG\XS\MAIN.X --> ftp.saffire.com /Builds/PC Retail/alpha/Alphav0.006/DATA/LEVELS/LEV2/VLLG/XS MAIN.X
101.07.23 16:11 B S:\Brent\Alphav0.006\DATA\LEVELS\LEV2\VLLG\XS\MNTN.X --> ftp.saffire.com /Builds/PC Retail/alpha/Alphav0.006/DATA/LEVELS/LEV2/VLLG/XS MNTN.X
101.07.23 16:11 B S:\Brent\Alphav0.006\DATA\LEVELS\LEV2\VLLG\XS\NET1.X --> ftp.saffire.com /Builds/PC Retail/alpha/Alphav0.006/DATA/LEVELS/LEV2/VLLG/XS NET1.X
101.07.23 16:11 B S:\Brent\Alphav0.006\DATA\LEVELS\LEV2\VLLG\XS\PALM.X --> ftp.saffire.com /Builds/PC Retail/alpha/Alphav0.006/DATA/LEVELS/LEV2/VLLG/XS PALM.X
101.07.23 16:11 B S:\Brent\Alphav0.006\DATA\LEVELS\LEV2\VLLG\XS\PL01.X --> ftp.saffire.com /Builds/PC Retail/alpha/Alphav0.006/DATA/LEVELS/LEV2/VLLG/XS PL01.X
101.07.23 16:11 B S:\Brent\Alphav0.006\DATA\LEVELS\LEV2\VLLG\XS\PL02.X --> ftp.saffire.com /Builds/PC Retail/alpha/Alphav0.006/DATA/LEVELS/LEV2/VLLG/XS PL02.X
101.07.23 16:11 B S:\Brent\Alphav0.006\DATA\LEVELS\LEV2\VLLG\XS\PL03.X --> ftp.saffire.com /Builds/PC Retail/alpha/Alphav0.006/DATA/LEVELS/LEV2/VLLG/XS PL03.X
101.07.23 16:11 B S:\Brent\Alphav0.006\DATA\LEVELS\LEV2\VLLG\XS\PL04.X --> ftp.saffire.com /Builds/PC Retail/alpha/Alphav0.006/DATA/LEVELS/LEV2/VLLG/XS PL04.X
101.07.23 16:11 B S:\Brent\Alphav0.006\DATA\LEVELS\LEV2\VLLG\XS\PL05.X --> ftp.saffire.com /Builds/PC Retail/alpha/Alphav0.006/DATA/LEVELS/LEV2/VLLG/XS PL05.X
101.07.23 16:11 B S:\Brent\Alphav0.006\DATA\LEVELS\LEV2\VLLG\XS\RCK1.X --> ftp.saffire.com /Builds/PC Retail/alpha/Alphav0.006/DATA/LEVELS/LEV2/VLLG/XS RCK1.X
101.07.23 16:11 B S:\Brent\Alphav0.006\DATA\LEVELS\LEV2\VLLG\XS\SHL1.X --> ftp.saffire.com /Builds/PC Retail/alpha/Alphav0.006/DATA/LEVELS/LEV2/VLLG/XS SHL1.X
101.07.23 16:11 B S:\Brent\Alphav0.006\DATA\LEVELS\LEV2\VLLG\XS\SHL2.X --> ftp.saffire.com /Builds/PC Retail/alpha/Alphav0.006/DATA/LEVELS/LEV2/VLLG/XS SHL2.X
101.07.23 16:11 B S:\Brent\Alphav0.006\DATA\LEVELS\LEV2\VLLG\XS\SHL3.X --> ftp.saffire.com /Builds/PC Retail/alpha/Alphav0.006/DATA/LEVELS/LEV2/VLLG/XS SHL3.X
101.07.23 16:11 B S:\Brent\Alphav0.006\DATA\LEVELS\LEV2\VLLG\XS\SHL4.X --> ftp.saffire.com /Builds/PC Retail/alpha/Alphav0.006/DATA/LEVELS/LEV2/VLLG/XS SHL4.X
101.07.23 16:11 B S:\Brent\Alphav0.006\DATA\LEVELS\LEV2\VLLG\XS\SKY1.X --> ftp.saffire.com /Builds/PC Retail/alpha/Alphav0.006/DATA/LEVELS/LEV2/VLLG/XS SKY1.X
101.07.23 16:11 B S:\Brent\Alphav0.006\DATA\LEVELS\LEV2\VLLG\XS\SWED.X --> ftp.saffire.com /Builds/PC Retail/alpha/Alphav0.006/DATA/LEVELS/LEV2/VLLG/XS SWED.X
101.07.23 16:11 B S:\Brent\Alphav0.006\DATA\LEVELS\LEV2\VLLG\XS\TRE1.X --> ftp.saffire.com /Builds/PC Retail/alpha/Alphav0.006/DATA/LEVELS/LEV2/VLLG/XS TRE1.X
101.07.23 16:11 B S:\Brent\Alphav0.006\DATA\LEVELS\LEV2\VLLG\XS\VBT0.X --> ftp.saffire.com /Builds/PC Retail/alpha/Alphav0.006/DATA/LEVELS/LEV2/VLLG/XS VBT0.X
101.07.23 16:11 B S:\Brent\Alphav0.006\DATA\LEVELS\LEV2\VLLG\XS\VBT1.X --> ftp.saffire.com /Builds/PC Retail/alpha/Alphav0.006/DATA/LEVELS/LEV2/VLLG/XS VBT1.X
101.07.23 16:11 B S:\Brent\Alphav0.006\DATA\LEVELS\LEV2\VLLG\XS\VBT2.X --> ftp.saffire.com /Builds/PC Retail/alpha/Alphav0.006/DATA/LEVELS/LEV2/VLLG/XS VBT2.X
101.07.23 16:11 B S:\Brent\Alphav0.006\DATA\LEVELS\LEV2\VLLG\XS\VBT3.X --> ftp.saffire.com /Builds/PC Retail/alpha/Alphav0.006/DATA/LEVELS/LEV2/VLLG/XS VBT3.X
101.07.23 16:11 B S:\Brent\Alphav0.006\DATA\LEVELS\LEV2\VLLG\XS\VBT4.X --> ftp.saffire.com /Builds/PC Retail/alpha/Alphav0.006/DATA/LEVELS/LEV2/VLLG/XS VBT4.X
101.07.23 16:11 B S:\Brent\Alphav0.006\DATA\LEVELS\LEV2\VLLG\XS\VDP1.X --> ftp.saffire.com /Builds/PC Retail/alpha/Alphav0.006/DATA/LEVELS/LEV2/VLLG/XS VDP1.X
101.07.23 16:11 B S:\Brent\Alphav0.006\DATA\LEVELS\LEV2\VLLG\XS\VDP2.X --> ftp.saffire.com /Builds/PC Retail/alpha/Alphav0.006/DATA/LEVELS/LEV2/VLLG/XS VDP2.X
101.07.23 16:11 B S:\Brent\Alphav0.006\DATA\LEVELS\LEV2\VLLG\XS\VDP3.X --> ftp.saffire.com /Builds/PC Retail/alpha/Alphav0.006/DATA/LEVELS/LEV2/VLLG/XS VDP3.X
101.07.23 16:11 B S:\Brent\Alphav0.006\DATA\LEVELS\LEV2\VLLG\XS\VDP4.X --> ftp.saffire.com /Builds/PC Retail/alpha/Alphav0.006/DATA/LEVELS/LEV2/VLLG/XS VDP4.X
101.07.23 16:11 B S:\Brent\Alphav0.006\DATA\LEVELS\LEV2\VLLG\XS\VDP5.X --> ftp.saffire.com /Builds/PC Retail/alpha/Alphav0.006/DATA/LEVELS/LEV2/VLLG/XS VDP5.X
101.07.23 16:11 B S:\Brent\Alphav0.006\DATA\LEVELS\LEV2\VLLG\XS\VDP6.X --> ftp.saffire.com /Builds/PC Retail/alpha/Alphav0.006/DATA/LEVELS/LEV2/VLLG/XS VDP6.X
101.07.23 16:11 B S:\Brent\Alphav0.006\DATA\LEVELS\LEV2\VLLG\XS\VDP7.X --> ftp.saffire.com /Builds/PC Retail/alpha/Alphav0.006/DATA/LEVELS/LEV2/VLLG/XS VDP7.X
101.07.23 16:11 B S:\Brent\Alphav0.006\DATA\LEVELS\LEV2\VLLG\XS\VDP8.X --> ftp.saffire.com /Builds/PC Retail/alpha/Alphav0.006/DATA/LEVELS/LEV2/VLLG/XS VDP8.X
101.07.23 16:11 B S:\Brent\Alphav0.006\DATA\LEVELS\LEV2\VLLG\XS\VDP9.X --> ftp.saffire.com /Builds/PC Retail/alpha/Alphav0.006/DATA/LEVELS/LEV2/VLLG/XS VDP9.X
101.07.23 16:11 B S:\Brent\Alphav0.006\DATA\LEVELS\LEV2\VLLG\XS\VDPA.X --> ftp.saffire.com /Builds/PC Retail/alpha/Alphav0.006/DATA/LEVELS/LEV2/VLLG/XS VDPA.X
101.07.23 16:11 B S:\Brent\Alphav0.006\DATA\LEVELS\LEV2\VLLG\XS\VDPB.X --> ftp.saffire.com /Builds/PC Retail/alpha/Alphav0.006/DATA/LEVELS/LEV2/VLLG/XS VDPB.X
101.07.23 16:11 B S:\Brent\Alphav0.006\DATA\LEVELS\LEV2\VLLG\XS\VLLW.X --> ftp.saffire.com /Builds/PC Retail/alpha/Alphav0.006/DATA/LEVELS/LEV2/VLLG/XS VLLW.X
101.07.23 16:11 B S:\Brent\Alphav0.006\DATA\LEVELS\LEV2\VLLG\XS\VWHP.X --> ftp.saffire.com /Builds/PC Retail/alpha/Alphav0.006/DATA/LEVELS/LEV2/VLLG/XS VWHP.X
101.07.23 16:11 B S:\Brent\Alphav0.006\DATA\LEVELS\LEV2\VLLG\XS\WATR.X --> ftp.saffire.com /Builds/PC Retail/alpha/Alphav0.006/DATA/LEVELS/LEV2/VLLG/XS WATR.X
101.07.23 16:11 B S:\Brent\Alphav0.006\DATA\LEVELS\LEV2\VLLG\XS\WFAL.X --> ftp.saffire.com /Builds/PC Retail/alpha/Alphav0.006/DATA/LEVELS/LEV2/VLLG/XS WFAL.X
101.07.23 16:11 B S:\Brent\Alphav0.006\DATA\LEVELS\LEV2\VLLG\XS\WHG1.X --> ftp.saffire.com /Builds/PC Retail/alpha/Alphav0.006/DATA/LEVELS/LEV2/VLLG/XS WHG1.X
101.07.23 16:11 B S:\Brent\Alphav0.006\DATA\LEVELS\LEV2\VLLG\XS\WHG2.X --> ftp.saffire.com /Builds/PC Retail/alpha/Alphav0.006/DATA/LEVELS/LEV2/VLLG/XS WHG2.X
101.07.23 16:11 B S:\Brent\Alphav0.006\DATA\LEVELS\LEV2\VLLG\XS\WHG3.X --> ftp.saffire.com /Builds/PC Retail/alpha/Alphav0.006/DATA/LEVELS/LEV2/VLLG/XS WHG3.X
