101.07.23 15:50 B S:\Brent\Alphav0.006\DATA\characters\tnga\Anims\1haB.bkd --> ftp.saffire.com /Builds/PC Retail/alpha/Alphav0.006/DATA/characters/tnga/Anims 1haB.bkd
101.07.23 15:50 B S:\Brent\Alphav0.006\DATA\characters\tnga\Anims\1haD.bkd --> ftp.saffire.com /Builds/PC Retail/alpha/Alphav0.006/DATA/characters/tnga/Anims 1haD.bkd
101.07.23 15:50 B S:\Brent\Alphav0.006\DATA\characters\tnga\Anims\1haL.bkd --> ftp.saffire.com /Builds/PC Retail/alpha/Alphav0.006/DATA/characters/tnga/Anims 1haL.bkd
101.07.23 15:50 B S:\Brent\Alphav0.006\DATA\characters\tnga\Anims\1haR.bkd --> ftp.saffire.com /Builds/PC Retail/alpha/Alphav0.006/DATA/characters/tnga/Anims 1haR.bkd
101.07.23 15:50 B S:\Brent\Alphav0.006\DATA\characters\tnga\Anims\1haU.bkd --> ftp.saffire.com /Builds/PC Retail/alpha/Alphav0.006/DATA/characters/tnga/Anims 1haU.bkd
101.07.23 15:50 B S:\Brent\Alphav0.006\DATA\characters\tnga\Anims\1haW.bkd --> ftp.saffire.com /Builds/PC Retail/alpha/Alphav0.006/DATA/characters/tnga/Anims 1haW.bkd
101.07.23 15:50 B S:\Brent\Alphav0.006\DATA\characters\tnga\Anims\Bip01old.bkd --> ftp.saffire.com /Builds/PC Retail/alpha/Alphav0.006/DATA/characters/tnga/Anims Bip01old.bkd
101.07.23 15:50 B S:\Brent\Alphav0.006\DATA\characters\tnga\Anims\c11a.bhd --> ftp.saffire.com /Builds/PC Retail/alpha/Alphav0.006/DATA/characters/tnga/Anims c11a.bhd
101.07.23 15:50 B S:\Brent\Alphav0.006\DATA\characters\tnga\Anims\c11a.bkd --> ftp.saffire.com /Builds/PC Retail/alpha/Alphav0.006/DATA/characters/tnga/Anims c11a.bkd
101.07.23 15:50 B S:\Brent\Alphav0.006\DATA\characters\tnga\Anims\c120.bkd --> ftp.saffire.com /Builds/PC Retail/alpha/Alphav0.006/DATA/characters/tnga/Anims c120.bkd
101.07.23 15:50 B S:\Brent\Alphav0.006\DATA\characters\tnga\Anims\c121.bkd --> ftp.saffire.com /Builds/PC Retail/alpha/Alphav0.006/DATA/characters/tnga/Anims c121.bkd
101.07.23 15:50 B S:\Brent\Alphav0.006\DATA\characters\tnga\Anims\c122.bkd --> ftp.saffire.com /Builds/PC Retail/alpha/Alphav0.006/DATA/characters/tnga/Anims c122.bkd
101.07.23 15:50 B S:\Brent\Alphav0.006\DATA\characters\tnga\Anims\c123.bkd --> ftp.saffire.com /Builds/PC Retail/alpha/Alphav0.006/DATA/characters/tnga/Anims c123.bkd
101.07.23 15:50 B S:\Brent\Alphav0.006\DATA\characters\tnga\Anims\c124.bhd --> ftp.saffire.com /Builds/PC Retail/alpha/Alphav0.006/DATA/characters/tnga/Anims c124.bhd
101.07.23 15:50 B S:\Brent\Alphav0.006\DATA\characters\tnga\Anims\c124.bkd --> ftp.saffire.com /Builds/PC Retail/alpha/Alphav0.006/DATA/characters/tnga/Anims c124.bkd
101.07.23 15:50 B S:\Brent\Alphav0.006\DATA\characters\tnga\Anims\c125.bkd --> ftp.saffire.com /Builds/PC Retail/alpha/Alphav0.006/DATA/characters/tnga/Anims c125.bkd
101.07.23 15:50 B S:\Brent\Alphav0.006\DATA\characters\tnga\Anims\c131.bhd --> ftp.saffire.com /Builds/PC Retail/alpha/Alphav0.006/DATA/characters/tnga/Anims c131.bhd
101.07.23 15:50 B S:\Brent\Alphav0.006\DATA\characters\tnga\Anims\c131.bkd --> ftp.saffire.com /Builds/PC Retail/alpha/Alphav0.006/DATA/characters/tnga/Anims c131.bkd
101.07.23 15:50 B S:\Brent\Alphav0.006\DATA\characters\tnga\Anims\c132.bhd --> ftp.saffire.com /Builds/PC Retail/alpha/Alphav0.006/DATA/characters/tnga/Anims c132.bhd
101.07.23 15:50 B S:\Brent\Alphav0.006\DATA\characters\tnga\Anims\c132.bkd --> ftp.saffire.com /Builds/PC Retail/alpha/Alphav0.006/DATA/characters/tnga/Anims c132.bkd
101.07.23 15:50 B S:\Brent\Alphav0.006\DATA\characters\tnga\Anims\c133.bhd --> ftp.saffire.com /Builds/PC Retail/alpha/Alphav0.006/DATA/characters/tnga/Anims c133.bhd
101.07.23 15:50 B S:\Brent\Alphav0.006\DATA\characters\tnga\Anims\c133.bkd --> ftp.saffire.com /Builds/PC Retail/alpha/Alphav0.006/DATA/characters/tnga/Anims c133.bkd
101.07.23 15:50 B S:\Brent\Alphav0.006\DATA\characters\tnga\Anims\c134.bhd --> ftp.saffire.com /Builds/PC Retail/alpha/Alphav0.006/DATA/characters/tnga/Anims c134.bhd
101.07.23 15:50 B S:\Brent\Alphav0.006\DATA\characters\tnga\Anims\c134.bkd --> ftp.saffire.com /Builds/PC Retail/alpha/Alphav0.006/DATA/characters/tnga/Anims c134.bkd
101.07.23 15:50 B S:\Brent\Alphav0.006\DATA\characters\tnga\Anims\c135.bhd --> ftp.saffire.com /Builds/PC Retail/alpha/Alphav0.006/DATA/characters/tnga/Anims c135.bhd
101.07.23 15:50 B S:\Brent\Alphav0.006\DATA\characters\tnga\Anims\c135.bkd --> ftp.saffire.com /Builds/PC Retail/alpha/Alphav0.006/DATA/characters/tnga/Anims c135.bkd
101.07.23 15:50 B S:\Brent\Alphav0.006\DATA\characters\tnga\Anims\c311.bhd --> ftp.saffire.com /Builds/PC Retail/alpha/Alphav0.006/DATA/characters/tnga/Anims c311.bhd
101.07.23 15:50 B S:\Brent\Alphav0.006\DATA\characters\tnga\Anims\c311.bkd --> ftp.saffire.com /Builds/PC Retail/alpha/Alphav0.006/DATA/characters/tnga/Anims c311.bkd
101.07.23 15:50 B S:\Brent\Alphav0.006\DATA\characters\tnga\Anims\c312.bhd --> ftp.saffire.com /Builds/PC Retail/alpha/Alphav0.006/DATA/characters/tnga/Anims c312.bhd
101.07.23 15:50 B S:\Brent\Alphav0.006\DATA\characters\tnga\Anims\c312.bkd --> ftp.saffire.com /Builds/PC Retail/alpha/Alphav0.006/DATA/characters/tnga/Anims c312.bkd
101.07.23 15:50 B S:\Brent\Alphav0.006\DATA\characters\tnga\Anims\c313.bhd --> ftp.saffire.com /Builds/PC Retail/alpha/Alphav0.006/DATA/characters/tnga/Anims c313.bhd
101.07.23 15:50 B S:\Brent\Alphav0.006\DATA\characters\tnga\Anims\c313.bkd --> ftp.saffire.com /Builds/PC Retail/alpha/Alphav0.006/DATA/characters/tnga/Anims c313.bkd
101.07.23 15:50 B S:\Brent\Alphav0.006\DATA\characters\tnga\Anims\c314.bhd --> ftp.saffire.com /Builds/PC Retail/alpha/Alphav0.006/DATA/characters/tnga/Anims c314.bhd
101.07.23 15:50 B S:\Brent\Alphav0.006\DATA\characters\tnga\Anims\c314.bkd --> ftp.saffire.com /Builds/PC Retail/alpha/Alphav0.006/DATA/characters/tnga/Anims c314.bkd
101.07.23 15:50 B S:\Brent\Alphav0.006\DATA\characters\tnga\Anims\c315.bhd --> ftp.saffire.com /Builds/PC Retail/alpha/Alphav0.006/DATA/characters/tnga/Anims c315.bhd
101.07.23 15:50 B S:\Brent\Alphav0.006\DATA\characters\tnga\Anims\c315.bkd --> ftp.saffire.com /Builds/PC Retail/alpha/Alphav0.006/DATA/characters/tnga/Anims c315.bkd
101.07.23 15:50 B S:\Brent\Alphav0.006\DATA\characters\tnga\Anims\c612.bhd --> ftp.saffire.com /Builds/PC Retail/alpha/Alphav0.006/DATA/characters/tnga/Anims c612.bhd
101.07.23 15:50 B S:\Brent\Alphav0.006\DATA\characters\tnga\Anims\c612.bkd --> ftp.saffire.com /Builds/PC Retail/alpha/Alphav0.006/DATA/characters/tnga/Anims c612.bkd
101.07.23 15:50 B S:\Brent\Alphav0.006\DATA\characters\tnga\Anims\c622.bhd --> ftp.saffire.com /Builds/PC Retail/alpha/Alphav0.006/DATA/characters/tnga/Anims c622.bhd
101.07.23 15:50 B S:\Brent\Alphav0.006\DATA\characters\tnga\Anims\c622.bkd --> ftp.saffire.com /Builds/PC Retail/alpha/Alphav0.006/DATA/characters/tnga/Anims c622.bkd
101.07.23 15:50 B S:\Brent\Alphav0.006\DATA\characters\tnga\Anims\c632.bhd --> ftp.saffire.com /Builds/PC Retail/alpha/Alphav0.006/DATA/characters/tnga/Anims c632.bhd
101.07.23 15:50 B S:\Brent\Alphav0.006\DATA\characters\tnga\Anims\c632.bkd --> ftp.saffire.com /Builds/PC Retail/alpha/Alphav0.006/DATA/characters/tnga/Anims c632.bkd
101.07.23 15:50 B S:\Brent\Alphav0.006\DATA\characters\tnga\Anims\c642.bhd --> ftp.saffire.com /Builds/PC Retail/alpha/Alphav0.006/DATA/characters/tnga/Anims c642.bhd
101.07.23 15:50 B S:\Brent\Alphav0.006\DATA\characters\tnga\Anims\c642.bkd --> ftp.saffire.com /Builds/PC Retail/alpha/Alphav0.006/DATA/characters/tnga/Anims c642.bkd
101.07.23 15:50 B S:\Brent\Alphav0.006\DATA\characters\tnga\Anims\c652.bhd --> ftp.saffire.com /Builds/PC Retail/alpha/Alphav0.006/DATA/characters/tnga/Anims c652.bhd
101.07.23 15:50 B S:\Brent\Alphav0.006\DATA\characters\tnga\Anims\c652.bkd --> ftp.saffire.com /Builds/PC Retail/alpha/Alphav0.006/DATA/characters/tnga/Anims c652.bkd
101.07.23 15:50 B S:\Brent\Alphav0.006\DATA\characters\tnga\Anims\cin1.bkd --> ftp.saffire.com /Builds/PC Retail/alpha/Alphav0.006/DATA/characters/tnga/Anims cin1.bkd
101.07.23 15:50 B S:\Brent\Alphav0.006\DATA\characters\tnga\Anims\d000.bkd --> ftp.saffire.com /Builds/PC Retail/alpha/Alphav0.006/DATA/characters/tnga/Anims d000.bkd
101.07.23 15:50 B S:\Brent\Alphav0.006\DATA\characters\tnga\Anims\d001.bkd --> ftp.saffire.com /Builds/PC Retail/alpha/Alphav0.006/DATA/characters/tnga/Anims d001.bkd
101.07.23 15:50 B S:\Brent\Alphav0.006\DATA\characters\tnga\Anims\d002.bkd --> ftp.saffire.com /Builds/PC Retail/alpha/Alphav0.006/DATA/characters/tnga/Anims d002.bkd
101.07.23 15:50 B S:\Brent\Alphav0.006\DATA\characters\tnga\Anims\d003.bhd --> ftp.saffire.com /Builds/PC Retail/alpha/Alphav0.006/DATA/characters/tnga/Anims d003.bhd
101.07.23 15:50 B S:\Brent\Alphav0.006\DATA\characters\tnga\Anims\d003.bkd --> ftp.saffire.com /Builds/PC Retail/alpha/Alphav0.006/DATA/characters/tnga/Anims d003.bkd
101.07.23 15:50 B S:\Brent\Alphav0.006\DATA\characters\tnga\Anims\d004.bkd --> ftp.saffire.com /Builds/PC Retail/alpha/Alphav0.006/DATA/characters/tnga/Anims d004.bkd
101.07.23 15:50 B S:\Brent\Alphav0.006\DATA\characters\tnga\Anims\d005.bkd --> ftp.saffire.com /Builds/PC Retail/alpha/Alphav0.006/DATA/characters/tnga/Anims d005.bkd
101.07.23 15:50 B S:\Brent\Alphav0.006\DATA\characters\tnga\Anims\d006.bkd --> ftp.saffire.com /Builds/PC Retail/alpha/Alphav0.006/DATA/characters/tnga/Anims d006.bkd
101.07.23 15:50 B S:\Brent\Alphav0.006\DATA\characters\tnga\Anims\d007.bhd --> ftp.saffire.com /Builds/PC Retail/alpha/Alphav0.006/DATA/characters/tnga/Anims d007.bhd
101.07.23 15:50 B S:\Brent\Alphav0.006\DATA\characters\tnga\Anims\d007.bkd --> ftp.saffire.com /Builds/PC Retail/alpha/Alphav0.006/DATA/characters/tnga/Anims d007.bkd
101.07.23 15:50 B S:\Brent\Alphav0.006\DATA\characters\tnga\Anims\d008.bhd --> ftp.saffire.com /Builds/PC Retail/alpha/Alphav0.006/DATA/characters/tnga/Anims d008.bhd
101.07.23 15:50 B S:\Brent\Alphav0.006\DATA\characters\tnga\Anims\d008.bkd --> ftp.saffire.com /Builds/PC Retail/alpha/Alphav0.006/DATA/characters/tnga/Anims d008.bkd
101.07.23 15:50 B S:\Brent\Alphav0.006\DATA\characters\tnga\Anims\d009.bhd --> ftp.saffire.com /Builds/PC Retail/alpha/Alphav0.006/DATA/characters/tnga/Anims d009.bhd
101.07.23 15:50 B S:\Brent\Alphav0.006\DATA\characters\tnga\Anims\d009.bkd --> ftp.saffire.com /Builds/PC Retail/alpha/Alphav0.006/DATA/characters/tnga/Anims d009.bkd
101.07.23 15:50 B S:\Brent\Alphav0.006\DATA\characters\tnga\Anims\d010.bhd --> ftp.saffire.com /Builds/PC Retail/alpha/Alphav0.006/DATA/characters/tnga/Anims d010.bhd
101.07.23 15:50 B S:\Brent\Alphav0.006\DATA\characters\tnga\Anims\d010.bkd --> ftp.saffire.com /Builds/PC Retail/alpha/Alphav0.006/DATA/characters/tnga/Anims d010.bkd
101.07.23 15:50 B S:\Brent\Alphav0.006\DATA\characters\tnga\Anims\d011.bhd --> ftp.saffire.com /Builds/PC Retail/alpha/Alphav0.006/DATA/characters/tnga/Anims d011.bhd
101.07.23 15:50 B S:\Brent\Alphav0.006\DATA\characters\tnga\Anims\d011.bkd --> ftp.saffire.com /Builds/PC Retail/alpha/Alphav0.006/DATA/characters/tnga/Anims d011.bkd
101.07.23 15:50 B S:\Brent\Alphav0.006\DATA\characters\tnga\Anims\d012.bhd --> ftp.saffire.com /Builds/PC Retail/alpha/Alphav0.006/DATA/characters/tnga/Anims d012.bhd
101.07.23 15:50 B S:\Brent\Alphav0.006\DATA\characters\tnga\Anims\d012.bkd --> ftp.saffire.com /Builds/PC Retail/alpha/Alphav0.006/DATA/characters/tnga/Anims d012.bkd
101.07.23 15:50 B S:\Brent\Alphav0.006\DATA\characters\tnga\Anims\d013.bhd --> ftp.saffire.com /Builds/PC Retail/alpha/Alphav0.006/DATA/characters/tnga/Anims d013.bhd
101.07.23 15:50 B S:\Brent\Alphav0.006\DATA\characters\tnga\Anims\d013.bkd --> ftp.saffire.com /Builds/PC Retail/alpha/Alphav0.006/DATA/characters/tnga/Anims d013.bkd
101.07.23 15:50 B S:\Brent\Alphav0.006\DATA\characters\tnga\Anims\d014.bhd --> ftp.saffire.com /Builds/PC Retail/alpha/Alphav0.006/DATA/characters/tnga/Anims d014.bhd
101.07.23 15:50 B S:\Brent\Alphav0.006\DATA\characters\tnga\Anims\d014.bkd --> ftp.saffire.com /Builds/PC Retail/alpha/Alphav0.006/DATA/characters/tnga/Anims d014.bkd
101.07.23 15:50 B S:\Brent\Alphav0.006\DATA\characters\tnga\Anims\d015.bhd --> ftp.saffire.com /Builds/PC Retail/alpha/Alphav0.006/DATA/characters/tnga/Anims d015.bhd
101.07.23 15:50 B S:\Brent\Alphav0.006\DATA\characters\tnga\Anims\d015.bkd --> ftp.saffire.com /Builds/PC Retail/alpha/Alphav0.006/DATA/characters/tnga/Anims d015.bkd
101.07.23 15:50 B S:\Brent\Alphav0.006\DATA\characters\tnga\Anims\d016.bhd --> ftp.saffire.com /Builds/PC Retail/alpha/Alphav0.006/DATA/characters/tnga/Anims d016.bhd
101.07.23 15:50 B S:\Brent\Alphav0.006\DATA\characters\tnga\Anims\d016.bkd --> ftp.saffire.com /Builds/PC Retail/alpha/Alphav0.006/DATA/characters/tnga/Anims d016.bkd
101.07.23 15:50 B S:\Brent\Alphav0.006\DATA\characters\tnga\Anims\d017.bhd --> ftp.saffire.com /Builds/PC Retail/alpha/Alphav0.006/DATA/characters/tnga/Anims d017.bhd
101.07.23 15:50 B S:\Brent\Alphav0.006\DATA\characters\tnga\Anims\d017.bkd --> ftp.saffire.com /Builds/PC Retail/alpha/Alphav0.006/DATA/characters/tnga/Anims d017.bkd
101.07.23 15:50 B S:\Brent\Alphav0.006\DATA\characters\tnga\Anims\d018.bhd --> ftp.saffire.com /Builds/PC Retail/alpha/Alphav0.006/DATA/characters/tnga/Anims d018.bhd
101.07.23 15:50 B S:\Brent\Alphav0.006\DATA\characters\tnga\Anims\d018.bkd --> ftp.saffire.com /Builds/PC Retail/alpha/Alphav0.006/DATA/characters/tnga/Anims d018.bkd
101.07.23 15:50 B S:\Brent\Alphav0.006\DATA\characters\tnga\Anims\d019.bhd --> ftp.saffire.com /Builds/PC Retail/alpha/Alphav0.006/DATA/characters/tnga/Anims d019.bhd
101.07.23 15:50 B S:\Brent\Alphav0.006\DATA\characters\tnga\Anims\d019.bkd --> ftp.saffire.com /Builds/PC Retail/alpha/Alphav0.006/DATA/characters/tnga/Anims d019.bkd
101.07.23 15:50 B S:\Brent\Alphav0.006\DATA\characters\tnga\Anims\tnga_IDs.list --> ftp.saffire.com /Builds/PC Retail/alpha/Alphav0.006/DATA/characters/tnga/Anims tnga_IDs.list
