101.07.23 15:59 B S:\Brent\Alphav0.006\DATA\LEVELS\LEV1\L1A6\XS\CHSM.X --> ftp.saffire.com /Builds/PC Retail/alpha/Alphav0.006/DATA/LEVELS/LEV1/L1A6/XS CHSM.X
101.07.23 15:59 B S:\Brent\Alphav0.006\DATA\LEVELS\LEV1\L1A6\XS\MAIN.X --> ftp.saffire.com /Builds/PC Retail/alpha/Alphav0.006/DATA/LEVELS/LEV1/L1A6/XS MAIN.X
101.07.23 15:59 B S:\Brent\Alphav0.006\DATA\LEVELS\LEV1\L1A6\XS\MWF0.X --> ftp.saffire.com /Builds/PC Retail/alpha/Alphav0.006/DATA/LEVELS/LEV1/L1A6/XS MWF0.X
101.07.23 15:59 B S:\Brent\Alphav0.006\DATA\LEVELS\LEV1\L1A6\XS\MWF1.X --> ftp.saffire.com /Builds/PC Retail/alpha/Alphav0.006/DATA/LEVELS/LEV1/L1A6/XS MWF1.X
101.07.23 15:59 B S:\Brent\Alphav0.006\DATA\LEVELS\LEV1\L1A6\XS\PL00.X --> ftp.saffire.com /Builds/PC Retail/alpha/Alphav0.006/DATA/LEVELS/LEV1/L1A6/XS PL00.X
101.07.23 15:59 B S:\Brent\Alphav0.006\DATA\LEVELS\LEV1\L1A6\XS\PL01.X --> ftp.saffire.com /Builds/PC Retail/alpha/Alphav0.006/DATA/LEVELS/LEV1/L1A6/XS PL01.X
101.07.23 15:59 B S:\Brent\Alphav0.006\DATA\LEVELS\LEV1\L1A6\XS\PL02.X --> ftp.saffire.com /Builds/PC Retail/alpha/Alphav0.006/DATA/LEVELS/LEV1/L1A6/XS PL02.X
101.07.23 15:59 B S:\Brent\Alphav0.006\DATA\LEVELS\LEV1\L1A6\XS\PL03.X --> ftp.saffire.com /Builds/PC Retail/alpha/Alphav0.006/DATA/LEVELS/LEV1/L1A6/XS PL03.X
101.07.23 15:59 B S:\Brent\Alphav0.006\DATA\LEVELS\LEV1\L1A6\XS\PL04.X --> ftp.saffire.com /Builds/PC Retail/alpha/Alphav0.006/DATA/LEVELS/LEV1/L1A6/XS PL04.X
101.07.23 15:59 B S:\Brent\Alphav0.006\DATA\LEVELS\LEV1\L1A6\XS\PL05.X --> ftp.saffire.com /Builds/PC Retail/alpha/Alphav0.006/DATA/LEVELS/LEV1/L1A6/XS PL05.X
101.07.23 15:59 B S:\Brent\Alphav0.006\DATA\LEVELS\LEV1\L1A6\XS\PL06.X --> ftp.saffire.com /Builds/PC Retail/alpha/Alphav0.006/DATA/LEVELS/LEV1/L1A6/XS PL06.X
101.07.23 15:59 B S:\Brent\Alphav0.006\DATA\LEVELS\LEV1\L1A6\XS\PL07.X --> ftp.saffire.com /Builds/PC Retail/alpha/Alphav0.006/DATA/LEVELS/LEV1/L1A6/XS PL07.X
101.07.23 15:59 B S:\Brent\Alphav0.006\DATA\LEVELS\LEV1\L1A6\XS\PL08.X --> ftp.saffire.com /Builds/PC Retail/alpha/Alphav0.006/DATA/LEVELS/LEV1/L1A6/XS PL08.X
101.07.23 15:59 B S:\Brent\Alphav0.006\DATA\LEVELS\LEV1\L1A6\XS\PL09.X --> ftp.saffire.com /Builds/PC Retail/alpha/Alphav0.006/DATA/LEVELS/LEV1/L1A6/XS PL09.X
101.07.23 15:59 B S:\Brent\Alphav0.006\DATA\LEVELS\LEV1\L1A6\XS\PL10.X --> ftp.saffire.com /Builds/PC Retail/alpha/Alphav0.006/DATA/LEVELS/LEV1/L1A6/XS PL10.X
101.07.23 15:59 B S:\Brent\Alphav0.006\DATA\LEVELS\LEV1\L1A6\XS\PL11.X --> ftp.saffire.com /Builds/PC Retail/alpha/Alphav0.006/DATA/LEVELS/LEV1/L1A6/XS PL11.X
101.07.23 15:59 B S:\Brent\Alphav0.006\DATA\LEVELS\LEV1\L1A6\XS\PL12.X --> ftp.saffire.com /Builds/PC Retail/alpha/Alphav0.006/DATA/LEVELS/LEV1/L1A6/XS PL12.X
101.07.23 15:59 B S:\Brent\Alphav0.006\DATA\LEVELS\LEV1\L1A6\XS\PL13.X --> ftp.saffire.com /Builds/PC Retail/alpha/Alphav0.006/DATA/LEVELS/LEV1/L1A6/XS PL13.X
101.07.23 15:59 B S:\Brent\Alphav0.006\DATA\LEVELS\LEV1\L1A6\XS\PL14.X --> ftp.saffire.com /Builds/PC Retail/alpha/Alphav0.006/DATA/LEVELS/LEV1/L1A6/XS PL14.X
101.07.23 15:59 B S:\Brent\Alphav0.006\DATA\LEVELS\LEV1\L1A6\XS\PL15.X --> ftp.saffire.com /Builds/PC Retail/alpha/Alphav0.006/DATA/LEVELS/LEV1/L1A6/XS PL15.X
101.07.23 15:59 B S:\Brent\Alphav0.006\DATA\LEVELS\LEV1\L1A6\XS\PL16.X --> ftp.saffire.com /Builds/PC Retail/alpha/Alphav0.006/DATA/LEVELS/LEV1/L1A6/XS PL16.X
101.07.23 15:59 B S:\Brent\Alphav0.006\DATA\LEVELS\LEV1\L1A6\XS\PL17.X --> ftp.saffire.com /Builds/PC Retail/alpha/Alphav0.006/DATA/LEVELS/LEV1/L1A6/XS PL17.X
101.07.23 15:59 B S:\Brent\Alphav0.006\DATA\LEVELS\LEV1\L1A6\XS\PL18.X --> ftp.saffire.com /Builds/PC Retail/alpha/Alphav0.006/DATA/LEVELS/LEV1/L1A6/XS PL18.X
101.07.23 15:59 B S:\Brent\Alphav0.006\DATA\LEVELS\LEV1\L1A6\XS\PL19.X --> ftp.saffire.com /Builds/PC Retail/alpha/Alphav0.006/DATA/LEVELS/LEV1/L1A6/XS PL19.X
101.07.23 15:59 B S:\Brent\Alphav0.006\DATA\LEVELS\LEV1\L1A6\XS\PL20.X --> ftp.saffire.com /Builds/PC Retail/alpha/Alphav0.006/DATA/LEVELS/LEV1/L1A6/XS PL20.X
101.07.23 15:59 B S:\Brent\Alphav0.006\DATA\LEVELS\LEV1\L1A6\XS\PL21.X --> ftp.saffire.com /Builds/PC Retail/alpha/Alphav0.006/DATA/LEVELS/LEV1/L1A6/XS PL21.X
101.07.23 15:59 B S:\Brent\Alphav0.006\DATA\LEVELS\LEV1\L1A6\XS\PL22.X --> ftp.saffire.com /Builds/PC Retail/alpha/Alphav0.006/DATA/LEVELS/LEV1/L1A6/XS PL22.X
101.07.23 15:59 B S:\Brent\Alphav0.006\DATA\LEVELS\LEV1\L1A6\XS\PL23.X --> ftp.saffire.com /Builds/PC Retail/alpha/Alphav0.006/DATA/LEVELS/LEV1/L1A6/XS PL23.X
101.07.23 15:59 B S:\Brent\Alphav0.006\DATA\LEVELS\LEV1\L1A6\XS\PL24.X --> ftp.saffire.com /Builds/PC Retail/alpha/Alphav0.006/DATA/LEVELS/LEV1/L1A6/XS PL24.X
101.07.23 15:59 B S:\Brent\Alphav0.006\DATA\LEVELS\LEV1\L1A6\XS\PL25.X --> ftp.saffire.com /Builds/PC Retail/alpha/Alphav0.006/DATA/LEVELS/LEV1/L1A6/XS PL25.X
101.07.23 15:59 B S:\Brent\Alphav0.006\DATA\LEVELS\LEV1\L1A6\XS\PL26.X --> ftp.saffire.com /Builds/PC Retail/alpha/Alphav0.006/DATA/LEVELS/LEV1/L1A6/XS PL26.X
101.07.23 15:59 B S:\Brent\Alphav0.006\DATA\LEVELS\LEV1\L1A6\XS\PL27.X --> ftp.saffire.com /Builds/PC Retail/alpha/Alphav0.006/DATA/LEVELS/LEV1/L1A6/XS PL27.X
101.07.23 15:59 B S:\Brent\Alphav0.006\DATA\LEVELS\LEV1\L1A6\XS\PL28.X --> ftp.saffire.com /Builds/PC Retail/alpha/Alphav0.006/DATA/LEVELS/LEV1/L1A6/XS PL28.X
101.07.23 15:59 B S:\Brent\Alphav0.006\DATA\LEVELS\LEV1\L1A6\XS\PL29.X --> ftp.saffire.com /Builds/PC Retail/alpha/Alphav0.006/DATA/LEVELS/LEV1/L1A6/XS PL29.X
101.07.23 15:59 B S:\Brent\Alphav0.006\DATA\LEVELS\LEV1\L1A6\XS\PL30.X --> ftp.saffire.com /Builds/PC Retail/alpha/Alphav0.006/DATA/LEVELS/LEV1/L1A6/XS PL30.X
101.07.23 15:59 B S:\Brent\Alphav0.006\DATA\LEVELS\LEV1\L1A6\XS\PL31.X --> ftp.saffire.com /Builds/PC Retail/alpha/Alphav0.006/DATA/LEVELS/LEV1/L1A6/XS PL31.X
101.07.23 15:59 B S:\Brent\Alphav0.006\DATA\LEVELS\LEV1\L1A6\XS\PL32.X --> ftp.saffire.com /Builds/PC Retail/alpha/Alphav0.006/DATA/LEVELS/LEV1/L1A6/XS PL32.X
101.07.23 15:59 B S:\Brent\Alphav0.006\DATA\LEVELS\LEV1\L1A6\XS\PL33.X --> ftp.saffire.com /Builds/PC Retail/alpha/Alphav0.006/DATA/LEVELS/LEV1/L1A6/XS PL33.X
101.07.23 15:59 B S:\Brent\Alphav0.006\DATA\LEVELS\LEV1\L1A6\XS\PL34.X --> ftp.saffire.com /Builds/PC Retail/alpha/Alphav0.006/DATA/LEVELS/LEV1/L1A6/XS PL34.X
101.07.23 15:59 B S:\Brent\Alphav0.006\DATA\LEVELS\LEV1\L1A6\XS\PL35.X --> ftp.saffire.com /Builds/PC Retail/alpha/Alphav0.006/DATA/LEVELS/LEV1/L1A6/XS PL35.X
101.07.23 15:59 B S:\Brent\Alphav0.006\DATA\LEVELS\LEV1\L1A6\XS\PL36.X --> ftp.saffire.com /Builds/PC Retail/alpha/Alphav0.006/DATA/LEVELS/LEV1/L1A6/XS PL36.X
101.07.23 15:59 B S:\Brent\Alphav0.006\DATA\LEVELS\LEV1\L1A6\XS\PL37.X --> ftp.saffire.com /Builds/PC Retail/alpha/Alphav0.006/DATA/LEVELS/LEV1/L1A6/XS PL37.X
101.07.23 15:59 B S:\Brent\Alphav0.006\DATA\LEVELS\LEV1\L1A6\XS\PL38.X --> ftp.saffire.com /Builds/PC Retail/alpha/Alphav0.006/DATA/LEVELS/LEV1/L1A6/XS PL38.X
101.07.23 15:59 B S:\Brent\Alphav0.006\DATA\LEVELS\LEV1\L1A6\XS\PL39.X --> ftp.saffire.com /Builds/PC Retail/alpha/Alphav0.006/DATA/LEVELS/LEV1/L1A6/XS PL39.X
101.07.23 15:59 B S:\Brent\Alphav0.006\DATA\LEVELS\LEV1\L1A6\XS\PL40.X --> ftp.saffire.com /Builds/PC Retail/alpha/Alphav0.006/DATA/LEVELS/LEV1/L1A6/XS PL40.X
101.07.23 15:59 B S:\Brent\Alphav0.006\DATA\LEVELS\LEV1\L1A6\XS\PL41.X --> ftp.saffire.com /Builds/PC Retail/alpha/Alphav0.006/DATA/LEVELS/LEV1/L1A6/XS PL41.X
101.07.23 15:59 B S:\Brent\Alphav0.006\DATA\LEVELS\LEV1\L1A6\XS\PL42.X --> ftp.saffire.com /Builds/PC Retail/alpha/Alphav0.006/DATA/LEVELS/LEV1/L1A6/XS PL42.X
101.07.23 15:59 B S:\Brent\Alphav0.006\DATA\LEVELS\LEV1\L1A6\XS\SKY1.X --> ftp.saffire.com /Builds/PC Retail/alpha/Alphav0.006/DATA/LEVELS/LEV1/L1A6/XS SKY1.X
