101.07.23 15:13 B S:\Brent\Alphav0.006\DATA\characters\tahu\Anims\c602.bhd --> ftp.saffire.com /Builds/PC Retail/alpha/Alphav0.006/DATA/characters/tahu/Anims c602.bhd
101.07.23 15:13 B S:\Brent\Alphav0.006\DATA\characters\tahu\Anims\c602.bkd --> ftp.saffire.com /Builds/PC Retail/alpha/Alphav0.006/DATA/characters/tahu/Anims c602.bkd
101.07.23 15:13 B S:\Brent\Alphav0.006\DATA\characters\tahu\Anims\c_602.bhd --> ftp.saffire.com /Builds/PC Retail/alpha/Alphav0.006/DATA/characters/tahu/Anims c_602.bhd
101.07.23 15:13 B S:\Brent\Alphav0.006\DATA\characters\tahu\Anims\c_602.bkd --> ftp.saffire.com /Builds/PC Retail/alpha/Alphav0.006/DATA/characters/tahu/Anims c_602.bkd
101.07.23 15:13 B S:\Brent\Alphav0.006\DATA\characters\tahu\Anims\t000.bhd --> ftp.saffire.com /Builds/PC Retail/alpha/Alphav0.006/DATA/characters/tahu/Anims t000.bhd
101.07.23 15:13 B S:\Brent\Alphav0.006\DATA\characters\tahu\Anims\t000.bkd --> ftp.saffire.com /Builds/PC Retail/alpha/Alphav0.006/DATA/characters/tahu/Anims t000.bkd
101.07.23 15:13 B S:\Brent\Alphav0.006\DATA\characters\tahu\Anims\t001.bhd --> ftp.saffire.com /Builds/PC Retail/alpha/Alphav0.006/DATA/characters/tahu/Anims t001.bhd
101.07.23 15:13 B S:\Brent\Alphav0.006\DATA\characters\tahu\Anims\t001.bkd --> ftp.saffire.com /Builds/PC Retail/alpha/Alphav0.006/DATA/characters/tahu/Anims t001.bkd
101.07.23 15:13 B S:\Brent\Alphav0.006\DATA\characters\tahu\Anims\t002.bhd --> ftp.saffire.com /Builds/PC Retail/alpha/Alphav0.006/DATA/characters/tahu/Anims t002.bhd
101.07.23 15:13 B S:\Brent\Alphav0.006\DATA\characters\tahu\Anims\t002.bkd --> ftp.saffire.com /Builds/PC Retail/alpha/Alphav0.006/DATA/characters/tahu/Anims t002.bkd
101.07.23 15:13 B S:\Brent\Alphav0.006\DATA\characters\tahu\Anims\t003.bhd --> ftp.saffire.com /Builds/PC Retail/alpha/Alphav0.006/DATA/characters/tahu/Anims t003.bhd
101.07.23 15:13 B S:\Brent\Alphav0.006\DATA\characters\tahu\Anims\t003.bkd --> ftp.saffire.com /Builds/PC Retail/alpha/Alphav0.006/DATA/characters/tahu/Anims t003.bkd
101.07.23 15:13 B S:\Brent\Alphav0.006\DATA\characters\tahu\Anims\t004.bhd --> ftp.saffire.com /Builds/PC Retail/alpha/Alphav0.006/DATA/characters/tahu/Anims t004.bhd
101.07.23 15:13 B S:\Brent\Alphav0.006\DATA\characters\tahu\Anims\t004.bkd --> ftp.saffire.com /Builds/PC Retail/alpha/Alphav0.006/DATA/characters/tahu/Anims t004.bkd
101.07.23 15:13 B S:\Brent\Alphav0.006\DATA\characters\tahu\Anims\t016.bhd --> ftp.saffire.com /Builds/PC Retail/alpha/Alphav0.006/DATA/characters/tahu/Anims t016.bhd
101.07.23 15:13 B S:\Brent\Alphav0.006\DATA\characters\tahu\Anims\t016.bkd --> ftp.saffire.com /Builds/PC Retail/alpha/Alphav0.006/DATA/characters/tahu/Anims t016.bkd
101.07.23 15:13 B S:\Brent\Alphav0.006\DATA\characters\tahu\Anims\t020.bhd --> ftp.saffire.com /Builds/PC Retail/alpha/Alphav0.006/DATA/characters/tahu/Anims t020.bhd
101.07.23 15:13 B S:\Brent\Alphav0.006\DATA\characters\tahu\Anims\t020.bkd --> ftp.saffire.com /Builds/PC Retail/alpha/Alphav0.006/DATA/characters/tahu/Anims t020.bkd
101.07.23 15:13 B S:\Brent\Alphav0.006\DATA\characters\tahu\Anims\t021.bhd --> ftp.saffire.com /Builds/PC Retail/alpha/Alphav0.006/DATA/characters/tahu/Anims t021.bhd
101.07.23 15:13 B S:\Brent\Alphav0.006\DATA\characters\tahu\Anims\t021.bkd --> ftp.saffire.com /Builds/PC Retail/alpha/Alphav0.006/DATA/characters/tahu/Anims t021.bkd
101.07.23 15:13 B S:\Brent\Alphav0.006\DATA\characters\tahu\Anims\t022.bhd --> ftp.saffire.com /Builds/PC Retail/alpha/Alphav0.006/DATA/characters/tahu/Anims t022.bhd
101.07.23 15:13 B S:\Brent\Alphav0.006\DATA\characters\tahu\Anims\t022.bkd --> ftp.saffire.com /Builds/PC Retail/alpha/Alphav0.006/DATA/characters/tahu/Anims t022.bkd
101.07.23 15:13 B S:\Brent\Alphav0.006\DATA\characters\tahu\Anims\t026.bhd --> ftp.saffire.com /Builds/PC Retail/alpha/Alphav0.006/DATA/characters/tahu/Anims t026.bhd
101.07.23 15:13 B S:\Brent\Alphav0.006\DATA\characters\tahu\Anims\t026.bkd --> ftp.saffire.com /Builds/PC Retail/alpha/Alphav0.006/DATA/characters/tahu/Anims t026.bkd
101.07.23 15:13 B S:\Brent\Alphav0.006\DATA\characters\tahu\Anims\t027.bhd --> ftp.saffire.com /Builds/PC Retail/alpha/Alphav0.006/DATA/characters/tahu/Anims t027.bhd
101.07.23 15:13 B S:\Brent\Alphav0.006\DATA\characters\tahu\Anims\t027.bkd --> ftp.saffire.com /Builds/PC Retail/alpha/Alphav0.006/DATA/characters/tahu/Anims t027.bkd
101.07.23 15:13 B S:\Brent\Alphav0.006\DATA\characters\tahu\Anims\t028.bhd --> ftp.saffire.com /Builds/PC Retail/alpha/Alphav0.006/DATA/characters/tahu/Anims t028.bhd
101.07.23 15:13 B S:\Brent\Alphav0.006\DATA\characters\tahu\Anims\t028.bkd --> ftp.saffire.com /Builds/PC Retail/alpha/Alphav0.006/DATA/characters/tahu/Anims t028.bkd
101.07.23 15:13 B S:\Brent\Alphav0.006\DATA\characters\tahu\Anims\t029.bhd --> ftp.saffire.com /Builds/PC Retail/alpha/Alphav0.006/DATA/characters/tahu/Anims t029.bhd
101.07.23 15:13 B S:\Brent\Alphav0.006\DATA\characters\tahu\Anims\t029.bkd --> ftp.saffire.com /Builds/PC Retail/alpha/Alphav0.006/DATA/characters/tahu/Anims t029.bkd
101.07.23 15:13 B S:\Brent\Alphav0.006\DATA\characters\tahu\Anims\t032.bhd --> ftp.saffire.com /Builds/PC Retail/alpha/Alphav0.006/DATA/characters/tahu/Anims t032.bhd
101.07.23 15:13 B S:\Brent\Alphav0.006\DATA\characters\tahu\Anims\t032.bkd --> ftp.saffire.com /Builds/PC Retail/alpha/Alphav0.006/DATA/characters/tahu/Anims t032.bkd
101.07.23 15:13 B S:\Brent\Alphav0.006\DATA\characters\tahu\Anims\t033.bhd --> ftp.saffire.com /Builds/PC Retail/alpha/Alphav0.006/DATA/characters/tahu/Anims t033.bhd
101.07.23 15:13 B S:\Brent\Alphav0.006\DATA\characters\tahu\Anims\t033.bkd --> ftp.saffire.com /Builds/PC Retail/alpha/Alphav0.006/DATA/characters/tahu/Anims t033.bkd
101.07.23 15:13 B S:\Brent\Alphav0.006\DATA\characters\tahu\Anims\t034.bhd --> ftp.saffire.com /Builds/PC Retail/alpha/Alphav0.006/DATA/characters/tahu/Anims t034.bhd
101.07.23 15:13 B S:\Brent\Alphav0.006\DATA\characters\tahu\Anims\t034.bkd --> ftp.saffire.com /Builds/PC Retail/alpha/Alphav0.006/DATA/characters/tahu/Anims t034.bkd
101.07.23 15:13 B S:\Brent\Alphav0.006\DATA\characters\tahu\Anims\t035.bhd --> ftp.saffire.com /Builds/PC Retail/alpha/Alphav0.006/DATA/characters/tahu/Anims t035.bhd
101.07.23 15:13 B S:\Brent\Alphav0.006\DATA\characters\tahu\Anims\t035.bkd --> ftp.saffire.com /Builds/PC Retail/alpha/Alphav0.006/DATA/characters/tahu/Anims t035.bkd
101.07.23 15:13 B S:\Brent\Alphav0.006\DATA\characters\tahu\Anims\t036.bhd --> ftp.saffire.com /Builds/PC Retail/alpha/Alphav0.006/DATA/characters/tahu/Anims t036.bhd
101.07.23 15:13 B S:\Brent\Alphav0.006\DATA\characters\tahu\Anims\t036.bkd --> ftp.saffire.com /Builds/PC Retail/alpha/Alphav0.006/DATA/characters/tahu/Anims t036.bkd
101.07.23 15:13 B S:\Brent\Alphav0.006\DATA\characters\tahu\Anims\t037.bhd --> ftp.saffire.com /Builds/PC Retail/alpha/Alphav0.006/DATA/characters/tahu/Anims t037.bhd
101.07.23 15:13 B S:\Brent\Alphav0.006\DATA\characters\tahu\Anims\t037.bkd --> ftp.saffire.com /Builds/PC Retail/alpha/Alphav0.006/DATA/characters/tahu/Anims t037.bkd
101.07.23 15:13 B S:\Brent\Alphav0.006\DATA\characters\tahu\Anims\t038.bhd --> ftp.saffire.com /Builds/PC Retail/alpha/Alphav0.006/DATA/characters/tahu/Anims t038.bhd
101.07.23 15:13 B S:\Brent\Alphav0.006\DATA\characters\tahu\Anims\t038.bkd --> ftp.saffire.com /Builds/PC Retail/alpha/Alphav0.006/DATA/characters/tahu/Anims t038.bkd
101.07.23 15:13 B S:\Brent\Alphav0.006\DATA\characters\tahu\Anims\t039.bhd --> ftp.saffire.com /Builds/PC Retail/alpha/Alphav0.006/DATA/characters/tahu/Anims t039.bhd
101.07.23 15:13 B S:\Brent\Alphav0.006\DATA\characters\tahu\Anims\t039.bkd --> ftp.saffire.com /Builds/PC Retail/alpha/Alphav0.006/DATA/characters/tahu/Anims t039.bkd
101.07.23 15:13 B S:\Brent\Alphav0.006\DATA\characters\tahu\Anims\t040.bhd --> ftp.saffire.com /Builds/PC Retail/alpha/Alphav0.006/DATA/characters/tahu/Anims t040.bhd
101.07.23 15:13 B S:\Brent\Alphav0.006\DATA\characters\tahu\Anims\t040.bkd --> ftp.saffire.com /Builds/PC Retail/alpha/Alphav0.006/DATA/characters/tahu/Anims t040.bkd
101.07.23 15:13 B S:\Brent\Alphav0.006\DATA\characters\tahu\Anims\t041.bhd --> ftp.saffire.com /Builds/PC Retail/alpha/Alphav0.006/DATA/characters/tahu/Anims t041.bhd
101.07.23 15:13 B S:\Brent\Alphav0.006\DATA\characters\tahu\Anims\t041.bkd --> ftp.saffire.com /Builds/PC Retail/alpha/Alphav0.006/DATA/characters/tahu/Anims t041.bkd
101.07.23 15:13 B S:\Brent\Alphav0.006\DATA\characters\tahu\Anims\t042.bhd --> ftp.saffire.com /Builds/PC Retail/alpha/Alphav0.006/DATA/characters/tahu/Anims t042.bhd
101.07.23 15:13 B S:\Brent\Alphav0.006\DATA\characters\tahu\Anims\t042.bkd --> ftp.saffire.com /Builds/PC Retail/alpha/Alphav0.006/DATA/characters/tahu/Anims t042.bkd
101.07.23 15:13 B S:\Brent\Alphav0.006\DATA\characters\tahu\Anims\t043.bhd --> ftp.saffire.com /Builds/PC Retail/alpha/Alphav0.006/DATA/characters/tahu/Anims t043.bhd
101.07.23 15:13 B S:\Brent\Alphav0.006\DATA\characters\tahu\Anims\t043.bkd --> ftp.saffire.com /Builds/PC Retail/alpha/Alphav0.006/DATA/characters/tahu/Anims t043.bkd
101.07.23 15:13 B S:\Brent\Alphav0.006\DATA\characters\tahu\Anims\t044.bhd --> ftp.saffire.com /Builds/PC Retail/alpha/Alphav0.006/DATA/characters/tahu/Anims t044.bhd
101.07.23 15:13 B S:\Brent\Alphav0.006\DATA\characters\tahu\Anims\t044.bkd --> ftp.saffire.com /Builds/PC Retail/alpha/Alphav0.006/DATA/characters/tahu/Anims t044.bkd
101.07.23 15:13 B S:\Brent\Alphav0.006\DATA\characters\tahu\Anims\t045.bhd --> ftp.saffire.com /Builds/PC Retail/alpha/Alphav0.006/DATA/characters/tahu/Anims t045.bhd
101.07.23 15:13 B S:\Brent\Alphav0.006\DATA\characters\tahu\Anims\t045.bkd --> ftp.saffire.com /Builds/PC Retail/alpha/Alphav0.006/DATA/characters/tahu/Anims t045.bkd
101.07.23 15:13 B S:\Brent\Alphav0.006\DATA\characters\tahu\Anims\t046.bhd --> ftp.saffire.com /Builds/PC Retail/alpha/Alphav0.006/DATA/characters/tahu/Anims t046.bhd
101.07.23 15:13 B S:\Brent\Alphav0.006\DATA\characters\tahu\Anims\t046.bkd --> ftp.saffire.com /Builds/PC Retail/alpha/Alphav0.006/DATA/characters/tahu/Anims t046.bkd
101.07.23 15:13 B S:\Brent\Alphav0.006\DATA\characters\tahu\Anims\t047.bhd --> ftp.saffire.com /Builds/PC Retail/alpha/Alphav0.006/DATA/characters/tahu/Anims t047.bhd
101.07.23 15:13 B S:\Brent\Alphav0.006\DATA\characters\tahu\Anims\t047.bkd --> ftp.saffire.com /Builds/PC Retail/alpha/Alphav0.006/DATA/characters/tahu/Anims t047.bkd
101.07.23 15:13 B S:\Brent\Alphav0.006\DATA\characters\tahu\Anims\t048.bhd --> ftp.saffire.com /Builds/PC Retail/alpha/Alphav0.006/DATA/characters/tahu/Anims t048.bhd
101.07.23 15:13 B S:\Brent\Alphav0.006\DATA\characters\tahu\Anims\t048.bkd --> ftp.saffire.com /Builds/PC Retail/alpha/Alphav0.006/DATA/characters/tahu/Anims t048.bkd
101.07.23 15:13 B S:\Brent\Alphav0.006\DATA\characters\tahu\Anims\t049.bhd --> ftp.saffire.com /Builds/PC Retail/alpha/Alphav0.006/DATA/characters/tahu/Anims t049.bhd
101.07.23 15:13 B S:\Brent\Alphav0.006\DATA\characters\tahu\Anims\t049.bkd --> ftp.saffire.com /Builds/PC Retail/alpha/Alphav0.006/DATA/characters/tahu/Anims t049.bkd
101.07.23 15:13 B S:\Brent\Alphav0.006\DATA\characters\tahu\Anims\t050.bhd --> ftp.saffire.com /Builds/PC Retail/alpha/Alphav0.006/DATA/characters/tahu/Anims t050.bhd
101.07.23 15:13 B S:\Brent\Alphav0.006\DATA\characters\tahu\Anims\t050.bkd --> ftp.saffire.com /Builds/PC Retail/alpha/Alphav0.006/DATA/characters/tahu/Anims t050.bkd
101.07.23 15:13 B S:\Brent\Alphav0.006\DATA\characters\tahu\Anims\t051.bhd --> ftp.saffire.com /Builds/PC Retail/alpha/Alphav0.006/DATA/characters/tahu/Anims t051.bhd
101.07.23 15:13 B S:\Brent\Alphav0.006\DATA\characters\tahu\Anims\t051.bkd --> ftp.saffire.com /Builds/PC Retail/alpha/Alphav0.006/DATA/characters/tahu/Anims t051.bkd
101.07.23 15:13 B S:\Brent\Alphav0.006\DATA\characters\tahu\Anims\tahu_IDs.list --> ftp.saffire.com /Builds/PC Retail/alpha/Alphav0.006/DATA/characters/tahu/Anims tahu_IDs.list
