101.07.23 14:53 B S:\Brent\Alphav0.006\DATA\ART\HUD\16x16circle__clr.tga --> ftp.saffire.com /Builds/PC Retail/alpha/Alphav0.006/DATA/ART/HUD 16x16circle__clr.tga
101.07.23 14:53 B S:\Brent\Alphav0.006\DATA\ART\HUD\16x16end__clr.tga --> ftp.saffire.com /Builds/PC Retail/alpha/Alphav0.006/DATA/ART/HUD 16x16end__clr.tga
101.07.23 14:53 B S:\Brent\Alphav0.006\DATA\ART\HUD\16x16frntend__clr.tga --> ftp.saffire.com /Builds/PC Retail/alpha/Alphav0.006/DATA/ART/HUD 16x16frntend__clr.tga
101.07.23 14:53 B S:\Brent\Alphav0.006\DATA\ART\HUD\1greenoff.tga --> ftp.saffire.com /Builds/PC Retail/alpha/Alphav0.006/DATA/ART/HUD 1greenoff.tga
101.07.23 14:53 B S:\Brent\Alphav0.006\DATA\ART\HUD\1GREENON.TGA --> ftp.saffire.com /Builds/PC Retail/alpha/Alphav0.006/DATA/ART/HUD 1GREENON.TGA
101.07.23 14:53 B S:\Brent\Alphav0.006\DATA\ART\HUD\1REDOFF.TGA --> ftp.saffire.com /Builds/PC Retail/alpha/Alphav0.006/DATA/ART/HUD 1REDOFF.TGA
101.07.23 14:53 B S:\Brent\Alphav0.006\DATA\ART\HUD\1REDON.TGA --> ftp.saffire.com /Builds/PC Retail/alpha/Alphav0.006/DATA/ART/HUD 1REDON.TGA
101.07.23 14:53 B S:\Brent\Alphav0.006\DATA\ART\HUD\ARROWDIM.TGA --> ftp.saffire.com /Builds/PC Retail/alpha/Alphav0.006/DATA/ART/HUD ARROWDIM.TGA
101.07.23 14:53 B S:\Brent\Alphav0.006\DATA\ART\HUD\BALL.TGA --> ftp.saffire.com /Builds/PC Retail/alpha/Alphav0.006/DATA/ART/HUD BALL.TGA
101.07.23 14:53 B S:\Brent\Alphav0.006\DATA\ART\HUD\BLACK.TGA --> ftp.saffire.com /Builds/PC Retail/alpha/Alphav0.006/DATA/ART/HUD BLACK.TGA
101.07.23 14:53 B S:\Brent\Alphav0.006\DATA\ART\HUD\BLUE.TGA --> ftp.saffire.com /Builds/PC Retail/alpha/Alphav0.006/DATA/ART/HUD BLUE.TGA
101.07.23 14:53 B S:\Brent\Alphav0.006\DATA\ART\HUD\BLUE_EYES_DIM.Col --> ftp.saffire.com /Builds/PC Retail/alpha/Alphav0.006/DATA/ART/HUD BLUE_EYES_DIM.Col
101.07.23 14:53 B S:\Brent\Alphav0.006\DATA\ART\HUD\BLUE_EYES_DIM.Col.db --> ftp.saffire.com /Builds/PC Retail/alpha/Alphav0.006/DATA/ART/HUD BLUE_EYES_DIM.Col.db
101.07.23 14:53 B S:\Brent\Alphav0.006\DATA\ART\HUD\BLUE_EYES_DIM.Col.t --> ftp.saffire.com /Builds/PC Retail/alpha/Alphav0.006/DATA/ART/HUD BLUE_EYES_DIM.Col.t
101.07.23 14:53 B S:\Brent\Alphav0.006\DATA\ART\HUD\BLUE_EYES_DIM.tga --> ftp.saffire.com /Builds/PC Retail/alpha/Alphav0.006/DATA/ART/HUD BLUE_EYES_DIM.tga
101.07.23 14:53 B S:\Brent\Alphav0.006\DATA\ART\HUD\BLUE_EYES_LIT.Col --> ftp.saffire.com /Builds/PC Retail/alpha/Alphav0.006/DATA/ART/HUD BLUE_EYES_LIT.Col
101.07.23 14:53 B S:\Brent\Alphav0.006\DATA\ART\HUD\BLUE_EYES_LIT.Col.db --> ftp.saffire.com /Builds/PC Retail/alpha/Alphav0.006/DATA/ART/HUD BLUE_EYES_LIT.Col.db
101.07.23 14:53 B S:\Brent\Alphav0.006\DATA\ART\HUD\BLUE_EYES_LIT.Col.t --> ftp.saffire.com /Builds/PC Retail/alpha/Alphav0.006/DATA/ART/HUD BLUE_EYES_LIT.Col.t
101.07.23 14:53 B S:\Brent\Alphav0.006\DATA\ART\HUD\BLUE_EYES_LIT.tga --> ftp.saffire.com /Builds/PC Retail/alpha/Alphav0.006/DATA/ART/HUD BLUE_EYES_LIT.tga
101.07.23 14:53 B S:\Brent\Alphav0.006\DATA\ART\HUD\blueeyesoff.tga --> ftp.saffire.com /Builds/PC Retail/alpha/Alphav0.006/DATA/ART/HUD blueeyesoff.tga
101.07.23 14:53 B S:\Brent\Alphav0.006\DATA\ART\HUD\blueeyeson.tga --> ftp.saffire.com /Builds/PC Retail/alpha/Alphav0.006/DATA/ART/HUD blueeyeson.tga
101.07.23 14:53 B S:\Brent\Alphav0.006\DATA\ART\HUD\BLUELOAD.TGA --> ftp.saffire.com /Builds/PC Retail/alpha/Alphav0.006/DATA/ART/HUD BLUELOAD.TGA
101.07.23 14:53 B S:\Brent\Alphav0.006\DATA\ART\HUD\BOARDER.TGA --> ftp.saffire.com /Builds/PC Retail/alpha/Alphav0.006/DATA/ART/HUD BOARDER.TGA
101.07.23 14:53 B S:\Brent\Alphav0.006\DATA\ART\HUD\bottomarrow_light.tga --> ftp.saffire.com /Builds/PC Retail/alpha/Alphav0.006/DATA/ART/HUD bottomarrow_light.tga
101.07.23 14:53 B S:\Brent\Alphav0.006\DATA\ART\HUD\bottomdim.tga --> ftp.saffire.com /Builds/PC Retail/alpha/Alphav0.006/DATA/ART/HUD bottomdim.tga
101.07.23 14:53 B S:\Brent\Alphav0.006\DATA\ART\HUD\CIRCLE.TGA --> ftp.saffire.com /Builds/PC Retail/alpha/Alphav0.006/DATA/ART/HUD CIRCLE.TGA
101.07.23 14:53 B S:\Brent\Alphav0.006\DATA\ART\HUD\CIRCLE1.TGA --> ftp.saffire.com /Builds/PC Retail/alpha/Alphav0.006/DATA/ART/HUD CIRCLE1.TGA
101.07.23 14:53 B S:\Brent\Alphav0.006\DATA\ART\HUD\dark__powers.tga --> ftp.saffire.com /Builds/PC Retail/alpha/Alphav0.006/DATA/ART/HUD dark__powers.tga
101.07.23 14:53 B S:\Brent\Alphav0.006\DATA\ART\HUD\ELEMENT.TGA --> ftp.saffire.com /Builds/PC Retail/alpha/Alphav0.006/DATA/ART/HUD ELEMENT.TGA
101.07.23 14:53 B S:\Brent\Alphav0.006\DATA\ART\HUD\GREEN_EYES_DIM.Col --> ftp.saffire.com /Builds/PC Retail/alpha/Alphav0.006/DATA/ART/HUD GREEN_EYES_DIM.Col
101.07.23 14:53 B S:\Brent\Alphav0.006\DATA\ART\HUD\GREEN_EYES_DIM.Col.db --> ftp.saffire.com /Builds/PC Retail/alpha/Alphav0.006/DATA/ART/HUD GREEN_EYES_DIM.Col.db
101.07.23 14:53 B S:\Brent\Alphav0.006\DATA\ART\HUD\GREEN_EYES_DIM.Col.t --> ftp.saffire.com /Builds/PC Retail/alpha/Alphav0.006/DATA/ART/HUD GREEN_EYES_DIM.Col.t
101.07.23 14:53 B S:\Brent\Alphav0.006\DATA\ART\HUD\GREEN_EYES_DIM.tga --> ftp.saffire.com /Builds/PC Retail/alpha/Alphav0.006/DATA/ART/HUD GREEN_EYES_DIM.tga
101.07.23 14:53 B S:\Brent\Alphav0.006\DATA\ART\HUD\GREEN_EYES_LIT.Col --> ftp.saffire.com /Builds/PC Retail/alpha/Alphav0.006/DATA/ART/HUD GREEN_EYES_LIT.Col
101.07.23 14:53 B S:\Brent\Alphav0.006\DATA\ART\HUD\GREEN_EYES_LIT.Col.db --> ftp.saffire.com /Builds/PC Retail/alpha/Alphav0.006/DATA/ART/HUD GREEN_EYES_LIT.Col.db
101.07.23 14:53 B S:\Brent\Alphav0.006\DATA\ART\HUD\GREEN_EYES_LIT.Col.t --> ftp.saffire.com /Builds/PC Retail/alpha/Alphav0.006/DATA/ART/HUD GREEN_EYES_LIT.Col.t
101.07.23 14:53 B S:\Brent\Alphav0.006\DATA\ART\HUD\GREEN_EYES_LIT.tga --> ftp.saffire.com /Builds/PC Retail/alpha/Alphav0.006/DATA/ART/HUD GREEN_EYES_LIT.tga
101.07.23 14:53 B S:\Brent\Alphav0.006\DATA\ART\HUD\greeneyesoff.tga --> ftp.saffire.com /Builds/PC Retail/alpha/Alphav0.006/DATA/ART/HUD greeneyesoff.tga
101.07.23 14:53 B S:\Brent\Alphav0.006\DATA\ART\HUD\greeneyeson.tga --> ftp.saffire.com /Builds/PC Retail/alpha/Alphav0.006/DATA/ART/HUD greeneyeson.tga
101.07.23 14:53 B S:\Brent\Alphav0.006\DATA\ART\HUD\H_0001.TGA --> ftp.saffire.com /Builds/PC Retail/alpha/Alphav0.006/DATA/ART/HUD H_0001.TGA
101.07.23 14:53 B S:\Brent\Alphav0.006\DATA\ART\HUD\H_0002.TGA --> ftp.saffire.com /Builds/PC Retail/alpha/Alphav0.006/DATA/ART/HUD H_0002.TGA
101.07.23 14:53 B S:\Brent\Alphav0.006\DATA\ART\HUD\H_0003.TGA --> ftp.saffire.com /Builds/PC Retail/alpha/Alphav0.006/DATA/ART/HUD H_0003.TGA
101.07.23 14:53 B S:\Brent\Alphav0.006\DATA\ART\HUD\H_0004.TGA --> ftp.saffire.com /Builds/PC Retail/alpha/Alphav0.006/DATA/ART/HUD H_0004.TGA
101.07.23 14:53 B S:\Brent\Alphav0.006\DATA\ART\HUD\H_0005.TGA --> ftp.saffire.com /Builds/PC Retail/alpha/Alphav0.006/DATA/ART/HUD H_0005.TGA
101.07.23 14:53 B S:\Brent\Alphav0.006\DATA\ART\HUD\H_0006.TGA --> ftp.saffire.com /Builds/PC Retail/alpha/Alphav0.006/DATA/ART/HUD H_0006.TGA
101.07.23 14:53 B S:\Brent\Alphav0.006\DATA\ART\HUD\H_0007.TGA --> ftp.saffire.com /Builds/PC Retail/alpha/Alphav0.006/DATA/ART/HUD H_0007.TGA
101.07.23 14:53 B S:\Brent\Alphav0.006\DATA\ART\HUD\H_0008.TGA --> ftp.saffire.com /Builds/PC Retail/alpha/Alphav0.006/DATA/ART/HUD H_0008.TGA
101.07.23 14:53 B S:\Brent\Alphav0.006\DATA\ART\HUD\H_0009.TGA --> ftp.saffire.com /Builds/PC Retail/alpha/Alphav0.006/DATA/ART/HUD H_0009.TGA
101.07.23 14:53 B S:\Brent\Alphav0.006\DATA\ART\HUD\H_0010.TGA --> ftp.saffire.com /Builds/PC Retail/alpha/Alphav0.006/DATA/ART/HUD H_0010.TGA
101.07.23 14:53 B S:\Brent\Alphav0.006\DATA\ART\HUD\H_0011.TGA --> ftp.saffire.com /Builds/PC Retail/alpha/Alphav0.006/DATA/ART/HUD H_0011.TGA
101.07.23 14:53 B S:\Brent\Alphav0.006\DATA\ART\HUD\H_0012.TGA --> ftp.saffire.com /Builds/PC Retail/alpha/Alphav0.006/DATA/ART/HUD H_0012.TGA
101.07.23 14:53 B S:\Brent\Alphav0.006\DATA\ART\HUD\H_0013.TGA --> ftp.saffire.com /Builds/PC Retail/alpha/Alphav0.006/DATA/ART/HUD H_0013.TGA
101.07.23 14:53 B S:\Brent\Alphav0.006\DATA\ART\HUD\H_0014.TGA --> ftp.saffire.com /Builds/PC Retail/alpha/Alphav0.006/DATA/ART/HUD H_0014.TGA
101.07.23 14:53 B S:\Brent\Alphav0.006\DATA\ART\HUD\H_0015.TGA --> ftp.saffire.com /Builds/PC Retail/alpha/Alphav0.006/DATA/ART/HUD H_0015.TGA
101.07.23 14:53 B S:\Brent\Alphav0.006\DATA\ART\HUD\heart_holder.tga --> ftp.saffire.com /Builds/PC Retail/alpha/Alphav0.006/DATA/ART/HUD heart_holder.tga
101.07.23 14:53 B S:\Brent\Alphav0.006\DATA\ART\HUD\HU_ENERGYBAR_END.tga --> ftp.saffire.com /Builds/PC Retail/alpha/Alphav0.006/DATA/ART/HUD HU_ENERGYBAR_END.tga
101.07.23 14:53 B S:\Brent\Alphav0.006\DATA\ART\HUD\HUD_ENERGY_DIM.tga --> ftp.saffire.com /Builds/PC Retail/alpha/Alphav0.006/DATA/ART/HUD HUD_ENERGY_DIM.tga
101.07.23 14:53 B S:\Brent\Alphav0.006\DATA\ART\HUD\HUD_ENERGY_LITE.tga --> ftp.saffire.com /Builds/PC Retail/alpha/Alphav0.006/DATA/ART/HUD HUD_ENERGY_LITE.tga
101.07.23 14:53 B S:\Brent\Alphav0.006\DATA\ART\HUD\HUD_ENERGYBAR_END.tga --> ftp.saffire.com /Builds/PC Retail/alpha/Alphav0.006/DATA/ART/HUD HUD_ENERGYBAR_END.tga
101.07.23 14:53 B S:\Brent\Alphav0.006\DATA\ART\HUD\HUD_ENERGYBAR_FRONT.tga --> ftp.saffire.com /Builds/PC Retail/alpha/Alphav0.006/DATA/ART/HUD HUD_ENERGYBAR_FRONT.tga
101.07.23 14:53 B S:\Brent\Alphav0.006\DATA\ART\HUD\HUD_ENERGYBAR_FRONTEND.tga --> ftp.saffire.com /Builds/PC Retail/alpha/Alphav0.006/DATA/ART/HUD HUD_ENERGYBAR_FRONTEND.tga
101.07.23 14:53 B S:\Brent\Alphav0.006\DATA\ART\HUD\HUD_ENERGYBAR_MIDDLE.tga --> ftp.saffire.com /Builds/PC Retail/alpha/Alphav0.006/DATA/ART/HUD HUD_ENERGYBAR_MIDDLE.tga
101.07.23 14:53 B S:\Brent\Alphav0.006\DATA\ART\HUD\HUD_ENERGYBAR_MIDDLE2.tga --> ftp.saffire.com /Builds/PC Retail/alpha/Alphav0.006/DATA/ART/HUD HUD_ENERGYBAR_MIDDLE2.tga
101.07.23 14:53 B S:\Brent\Alphav0.006\DATA\ART\HUD\HUD_ENERGYBAR_MIDDLE_1.tga --> ftp.saffire.com /Builds/PC Retail/alpha/Alphav0.006/DATA/ART/HUD HUD_ENERGYBAR_MIDDLE_1.tga
101.07.23 14:53 B S:\Brent\Alphav0.006\DATA\ART\HUD\HUD_ENERGYBAR_MIDDLE_2.tga --> ftp.saffire.com /Builds/PC Retail/alpha/Alphav0.006/DATA/ART/HUD HUD_ENERGYBAR_MIDDLE_2.tga
101.07.23 14:53 B S:\Brent\Alphav0.006\DATA\ART\HUD\HUD_EYES.TGA --> ftp.saffire.com /Builds/PC Retail/alpha/Alphav0.006/DATA/ART/HUD HUD_EYES.TGA
101.07.23 14:53 B S:\Brent\Alphav0.006\DATA\ART\HUD\HUD_LIFE_DIM.tga --> ftp.saffire.com /Builds/PC Retail/alpha/Alphav0.006/DATA/ART/HUD HUD_LIFE_DIM.tga
101.07.23 14:53 B S:\Brent\Alphav0.006\DATA\ART\HUD\HUD_LIFE_LITE.tga --> ftp.saffire.com /Builds/PC Retail/alpha/Alphav0.006/DATA/ART/HUD HUD_LIFE_LITE.tga
101.07.23 14:53 B S:\Brent\Alphav0.006\DATA\ART\HUD\HUD_LIFEBAR_END.tga --> ftp.saffire.com /Builds/PC Retail/alpha/Alphav0.006/DATA/ART/HUD HUD_LIFEBAR_END.tga
101.07.23 14:53 B S:\Brent\Alphav0.006\DATA\ART\HUD\HUD_LIFEBAR_FRONTEND.tga --> ftp.saffire.com /Builds/PC Retail/alpha/Alphav0.006/DATA/ART/HUD HUD_LIFEBAR_FRONTEND.tga
101.07.23 14:53 B S:\Brent\Alphav0.006\DATA\ART\HUD\HUD_LIFEBAR_MIDDLE_1.tga --> ftp.saffire.com /Builds/PC Retail/alpha/Alphav0.006/DATA/ART/HUD HUD_LIFEBAR_MIDDLE_1.tga
101.07.23 14:53 B S:\Brent\Alphav0.006\DATA\ART\HUD\HUD_LIFEBAR_MIDDLE_2.tga --> ftp.saffire.com /Builds/PC Retail/alpha/Alphav0.006/DATA/ART/HUD HUD_LIFEBAR_MIDDLE_2.tga
101.07.23 14:53 B S:\Brent\Alphav0.006\DATA\ART\HUD\HUD_MASK.TGA --> ftp.saffire.com /Builds/PC Retail/alpha/Alphav0.006/DATA/ART/HUD HUD_MASK.TGA
101.07.23 14:53 B S:\Brent\Alphav0.006\DATA\ART\HUD\HUD_MASK_0000.tga --> ftp.saffire.com /Builds/PC Retail/alpha/Alphav0.006/DATA/ART/HUD HUD_MASK_0000.tga
101.07.23 14:53 B S:\Brent\Alphav0.006\DATA\ART\HUD\HUD_MASK_0001.tga --> ftp.saffire.com /Builds/PC Retail/alpha/Alphav0.006/DATA/ART/HUD HUD_MASK_0001.tga
101.07.23 14:53 B S:\Brent\Alphav0.006\DATA\ART\HUD\HUD_MASK_0002.tga --> ftp.saffire.com /Builds/PC Retail/alpha/Alphav0.006/DATA/ART/HUD HUD_MASK_0002.tga
101.07.23 14:53 B S:\Brent\Alphav0.006\DATA\ART\HUD\HUD_MASK_0003.tga --> ftp.saffire.com /Builds/PC Retail/alpha/Alphav0.006/DATA/ART/HUD HUD_MASK_0003.tga
101.07.23 14:53 B S:\Brent\Alphav0.006\DATA\ART\HUD\HUD_MASK_0004.tga --> ftp.saffire.com /Builds/PC Retail/alpha/Alphav0.006/DATA/ART/HUD HUD_MASK_0004.tga
101.07.23 14:53 B S:\Brent\Alphav0.006\DATA\ART\HUD\HUD_MASK_0005.tga --> ftp.saffire.com /Builds/PC Retail/alpha/Alphav0.006/DATA/ART/HUD HUD_MASK_0005.tga
101.07.23 14:53 B S:\Brent\Alphav0.006\DATA\ART\HUD\HUD_MASK_0006.Col --> ftp.saffire.com /Builds/PC Retail/alpha/Alphav0.006/DATA/ART/HUD HUD_MASK_0006.Col
101.07.23 14:53 B S:\Brent\Alphav0.006\DATA\ART\HUD\HUD_MASK_0006.Col.db --> ftp.saffire.com /Builds/PC Retail/alpha/Alphav0.006/DATA/ART/HUD HUD_MASK_0006.Col.db
101.07.23 14:53 B S:\Brent\Alphav0.006\DATA\ART\HUD\HUD_MASK_0006.Col.t --> ftp.saffire.com /Builds/PC Retail/alpha/Alphav0.006/DATA/ART/HUD HUD_MASK_0006.Col.t
101.07.23 14:53 B S:\Brent\Alphav0.006\DATA\ART\HUD\HUD_MASK_0006.tga --> ftp.saffire.com /Builds/PC Retail/alpha/Alphav0.006/DATA/ART/HUD HUD_MASK_0006.tga
101.07.23 14:53 B S:\Brent\Alphav0.006\DATA\ART\HUD\HUD_MASK_0007.tga --> ftp.saffire.com /Builds/PC Retail/alpha/Alphav0.006/DATA/ART/HUD HUD_MASK_0007.tga
101.07.23 14:53 B S:\Brent\Alphav0.006\DATA\ART\HUD\HUD_MASK_0008.tga --> ftp.saffire.com /Builds/PC Retail/alpha/Alphav0.006/DATA/ART/HUD HUD_MASK_0008.tga
101.07.23 14:53 B S:\Brent\Alphav0.006\DATA\ART\HUD\HUD_MASK_0009.tga --> ftp.saffire.com /Builds/PC Retail/alpha/Alphav0.006/DATA/ART/HUD HUD_MASK_0009.tga
101.07.23 14:53 B S:\Brent\Alphav0.006\DATA\ART\HUD\HUD_MASK_0010.tga --> ftp.saffire.com /Builds/PC Retail/alpha/Alphav0.006/DATA/ART/HUD HUD_MASK_0010.tga
101.07.23 14:53 B S:\Brent\Alphav0.006\DATA\ART\HUD\HUD_MASK_0011.tga --> ftp.saffire.com /Builds/PC Retail/alpha/Alphav0.006/DATA/ART/HUD HUD_MASK_0011.tga
101.07.23 14:53 B S:\Brent\Alphav0.006\DATA\ART\HUD\HUD_MASK_0012.tga --> ftp.saffire.com /Builds/PC Retail/alpha/Alphav0.006/DATA/ART/HUD HUD_MASK_0012.tga
101.07.23 14:53 B S:\Brent\Alphav0.006\DATA\ART\HUD\HUD_MASK_0013.tga --> ftp.saffire.com /Builds/PC Retail/alpha/Alphav0.006/DATA/ART/HUD HUD_MASK_0013.tga
101.07.23 14:53 B S:\Brent\Alphav0.006\DATA\ART\HUD\HUD_MASK_0014.tga --> ftp.saffire.com /Builds/PC Retail/alpha/Alphav0.006/DATA/ART/HUD HUD_MASK_0014.tga
101.07.23 14:53 B S:\Brent\Alphav0.006\DATA\ART\HUD\HUD_MASK_0015.tga --> ftp.saffire.com /Builds/PC Retail/alpha/Alphav0.006/DATA/ART/HUD HUD_MASK_0015.tga
101.07.23 14:53 B S:\Brent\Alphav0.006\DATA\ART\HUD\HUD_MASK_0016.tga --> ftp.saffire.com /Builds/PC Retail/alpha/Alphav0.006/DATA/ART/HUD HUD_MASK_0016.tga
101.07.23 14:53 B S:\Brent\Alphav0.006\DATA\ART\HUD\HUD_MASK_0017.tga --> ftp.saffire.com /Builds/PC Retail/alpha/Alphav0.006/DATA/ART/HUD HUD_MASK_0017.tga
101.07.23 14:53 B S:\Brent\Alphav0.006\DATA\ART\HUD\HUD_MASK_0018.tga --> ftp.saffire.com /Builds/PC Retail/alpha/Alphav0.006/DATA/ART/HUD HUD_MASK_0018.tga
101.07.23 14:53 B S:\Brent\Alphav0.006\DATA\ART\HUD\HUD_MASK_0019.tga --> ftp.saffire.com /Builds/PC Retail/alpha/Alphav0.006/DATA/ART/HUD HUD_MASK_0019.tga
101.07.23 14:53 B S:\Brent\Alphav0.006\DATA\ART\HUD\HUD_MASK_0020.tga --> ftp.saffire.com /Builds/PC Retail/alpha/Alphav0.006/DATA/ART/HUD HUD_MASK_0020.tga
101.07.23 14:53 B S:\Brent\Alphav0.006\DATA\ART\HUD\HUD_MASK_0021.tga --> ftp.saffire.com /Builds/PC Retail/alpha/Alphav0.006/DATA/ART/HUD HUD_MASK_0021.tga
101.07.23 14:53 B S:\Brent\Alphav0.006\DATA\ART\HUD\HUD_MASK_0022.tga --> ftp.saffire.com /Builds/PC Retail/alpha/Alphav0.006/DATA/ART/HUD HUD_MASK_0022.tga
101.07.23 14:53 B S:\Brent\Alphav0.006\DATA\ART\HUD\HUD_MASK_0023.tga --> ftp.saffire.com /Builds/PC Retail/alpha/Alphav0.006/DATA/ART/HUD HUD_MASK_0023.tga
101.07.23 14:53 B S:\Brent\Alphav0.006\DATA\ART\HUD\HUD_MASK_0024.tga --> ftp.saffire.com /Builds/PC Retail/alpha/Alphav0.006/DATA/ART/HUD HUD_MASK_0024.tga
101.07.23 14:53 B S:\Brent\Alphav0.006\DATA\ART\HUD\leftarrow_light.tga --> ftp.saffire.com /Builds/PC Retail/alpha/Alphav0.006/DATA/ART/HUD leftarrow_light.tga
101.07.23 14:53 B S:\Brent\Alphav0.006\DATA\ART\HUD\LEFTDIM.TGA --> ftp.saffire.com /Builds/PC Retail/alpha/Alphav0.006/DATA/ART/HUD LEFTDIM.TGA
101.07.23 14:53 B S:\Brent\Alphav0.006\DATA\ART\HUD\life_e_light_0001.tga --> ftp.saffire.com /Builds/PC Retail/alpha/Alphav0.006/DATA/ART/HUD life_e_light_0001.tga
101.07.23 14:53 B S:\Brent\Alphav0.006\DATA\ART\HUD\life_e_light_0002.tga --> ftp.saffire.com /Builds/PC Retail/alpha/Alphav0.006/DATA/ART/HUD life_e_light_0002.tga
101.07.23 14:53 B S:\Brent\Alphav0.006\DATA\ART\HUD\light_powers.tga --> ftp.saffire.com /Builds/PC Retail/alpha/Alphav0.006/DATA/ART/HUD light_powers.tga
101.07.23 14:53 B S:\Brent\Alphav0.006\DATA\ART\HUD\LOADING.TGA --> ftp.saffire.com /Builds/PC Retail/alpha/Alphav0.006/DATA/ART/HUD LOADING.TGA
101.07.23 14:53 B S:\Brent\Alphav0.006\DATA\ART\HUD\MASK.TGA --> ftp.saffire.com /Builds/PC Retail/alpha/Alphav0.006/DATA/ART/HUD MASK.TGA
101.07.23 14:53 B S:\Brent\Alphav0.006\DATA\ART\HUD\ORANGE_EYES_DIM.Col --> ftp.saffire.com /Builds/PC Retail/alpha/Alphav0.006/DATA/ART/HUD ORANGE_EYES_DIM.Col
101.07.23 14:53 B S:\Brent\Alphav0.006\DATA\ART\HUD\ORANGE_EYES_DIM.Col.db --> ftp.saffire.com /Builds/PC Retail/alpha/Alphav0.006/DATA/ART/HUD ORANGE_EYES_DIM.Col.db
101.07.23 14:53 B S:\Brent\Alphav0.006\DATA\ART\HUD\ORANGE_EYES_DIM.Col.t --> ftp.saffire.com /Builds/PC Retail/alpha/Alphav0.006/DATA/ART/HUD ORANGE_EYES_DIM.Col.t
101.07.23 14:53 B S:\Brent\Alphav0.006\DATA\ART\HUD\ORANGE_EYES_DIM.tga --> ftp.saffire.com /Builds/PC Retail/alpha/Alphav0.006/DATA/ART/HUD ORANGE_EYES_DIM.tga
101.07.23 14:53 B S:\Brent\Alphav0.006\DATA\ART\HUD\ORANGE_EYES_LIT.Col --> ftp.saffire.com /Builds/PC Retail/alpha/Alphav0.006/DATA/ART/HUD ORANGE_EYES_LIT.Col
101.07.23 14:53 B S:\Brent\Alphav0.006\DATA\ART\HUD\ORANGE_EYES_LIT.Col.db --> ftp.saffire.com /Builds/PC Retail/alpha/Alphav0.006/DATA/ART/HUD ORANGE_EYES_LIT.Col.db
101.07.23 14:53 B S:\Brent\Alphav0.006\DATA\ART\HUD\ORANGE_EYES_LIT.Col.t --> ftp.saffire.com /Builds/PC Retail/alpha/Alphav0.006/DATA/ART/HUD ORANGE_EYES_LIT.Col.t
101.07.23 14:53 B S:\Brent\Alphav0.006\DATA\ART\HUD\ORANGE_EYES_LIT.tga --> ftp.saffire.com /Builds/PC Retail/alpha/Alphav0.006/DATA/ART/HUD ORANGE_EYES_LIT.tga
101.07.23 14:53 B S:\Brent\Alphav0.006\DATA\ART\HUD\power_backing.tga --> ftp.saffire.com /Builds/PC Retail/alpha/Alphav0.006/DATA/ART/HUD power_backing.tga
101.07.23 14:53 B S:\Brent\Alphav0.006\DATA\ART\HUD\power_e_light_0001.tga --> ftp.saffire.com /Builds/PC Retail/alpha/Alphav0.006/DATA/ART/HUD power_e_light_0001.tga
101.07.23 14:53 B S:\Brent\Alphav0.006\DATA\ART\HUD\power_e_light_0002.tga --> ftp.saffire.com /Builds/PC Retail/alpha/Alphav0.006/DATA/ART/HUD power_e_light_0002.tga
101.07.23 14:53 B S:\Brent\Alphav0.006\DATA\ART\HUD\RED_EYES_DIM.Col --> ftp.saffire.com /Builds/PC Retail/alpha/Alphav0.006/DATA/ART/HUD RED_EYES_DIM.Col
101.07.23 14:53 B S:\Brent\Alphav0.006\DATA\ART\HUD\RED_EYES_DIM.Col.db --> ftp.saffire.com /Builds/PC Retail/alpha/Alphav0.006/DATA/ART/HUD RED_EYES_DIM.Col.db
101.07.23 14:53 B S:\Brent\Alphav0.006\DATA\ART\HUD\RED_EYES_DIM.Col.t --> ftp.saffire.com /Builds/PC Retail/alpha/Alphav0.006/DATA/ART/HUD RED_EYES_DIM.Col.t
101.07.23 14:53 B S:\Brent\Alphav0.006\DATA\ART\HUD\RED_EYES_DIM.tga --> ftp.saffire.com /Builds/PC Retail/alpha/Alphav0.006/DATA/ART/HUD RED_EYES_DIM.tga
101.07.23 14:53 B S:\Brent\Alphav0.006\DATA\ART\HUD\RED_EYES_LIT.Col --> ftp.saffire.com /Builds/PC Retail/alpha/Alphav0.006/DATA/ART/HUD RED_EYES_LIT.Col
101.07.23 14:53 B S:\Brent\Alphav0.006\DATA\ART\HUD\RED_EYES_LIT.Col.db --> ftp.saffire.com /Builds/PC Retail/alpha/Alphav0.006/DATA/ART/HUD RED_EYES_LIT.Col.db
101.07.23 14:53 B S:\Brent\Alphav0.006\DATA\ART\HUD\RED_EYES_LIT.Col.t --> ftp.saffire.com /Builds/PC Retail/alpha/Alphav0.006/DATA/ART/HUD RED_EYES_LIT.Col.t
101.07.23 14:53 B S:\Brent\Alphav0.006\DATA\ART\HUD\RED_EYES_LIT.tga --> ftp.saffire.com /Builds/PC Retail/alpha/Alphav0.006/DATA/ART/HUD RED_EYES_LIT.tga
101.07.23 14:53 B S:\Brent\Alphav0.006\DATA\ART\HUD\redeyesoff.tga --> ftp.saffire.com /Builds/PC Retail/alpha/Alphav0.006/DATA/ART/HUD redeyesoff.tga
101.07.23 14:53 B S:\Brent\Alphav0.006\DATA\ART\HUD\redeyeson.tga --> ftp.saffire.com /Builds/PC Retail/alpha/Alphav0.006/DATA/ART/HUD redeyeson.tga
101.07.23 14:53 B S:\Brent\Alphav0.006\DATA\ART\HUD\redorangeeyesoff.tga --> ftp.saffire.com /Builds/PC Retail/alpha/Alphav0.006/DATA/ART/HUD redorangeeyesoff.tga
101.07.23 14:53 B S:\Brent\Alphav0.006\DATA\ART\HUD\redorangeeyeson.tga --> ftp.saffire.com /Builds/PC Retail/alpha/Alphav0.006/DATA/ART/HUD redorangeeyeson.tga
101.07.23 14:53 B S:\Brent\Alphav0.006\DATA\ART\HUD\rightarrow_light.tga --> ftp.saffire.com /Builds/PC Retail/alpha/Alphav0.006/DATA/ART/HUD rightarrow_light.tga
101.07.23 14:53 B S:\Brent\Alphav0.006\DATA\ART\HUD\RIGHTDIM.TGA --> ftp.saffire.com /Builds/PC Retail/alpha/Alphav0.006/DATA/ART/HUD RIGHTDIM.TGA
101.07.23 14:53 B S:\Brent\Alphav0.006\DATA\ART\HUD\ROCK.TGA --> ftp.saffire.com /Builds/PC Retail/alpha/Alphav0.006/DATA/ART/HUD ROCK.TGA
101.07.23 14:53 B S:\Brent\Alphav0.006\DATA\ART\HUD\SPIN.TGA --> ftp.saffire.com /Builds/PC Retail/alpha/Alphav0.006/DATA/ART/HUD SPIN.TGA
101.07.23 14:53 B S:\Brent\Alphav0.006\DATA\ART\HUD\STICK.TGA --> ftp.saffire.com /Builds/PC Retail/alpha/Alphav0.006/DATA/ART/HUD STICK.TGA
101.07.23 14:53 B S:\Brent\Alphav0.006\DATA\ART\HUD\TIP.TGA --> ftp.saffire.com /Builds/PC Retail/alpha/Alphav0.006/DATA/ART/HUD TIP.TGA
101.07.23 14:53 B S:\Brent\Alphav0.006\DATA\ART\HUD\TOKEN.TGA --> ftp.saffire.com /Builds/PC Retail/alpha/Alphav0.006/DATA/ART/HUD TOKEN.TGA
101.07.23 14:53 B S:\Brent\Alphav0.006\DATA\ART\HUD\TOKEN_TEXT.Col --> ftp.saffire.com /Builds/PC Retail/alpha/Alphav0.006/DATA/ART/HUD TOKEN_TEXT.Col
101.07.23 14:53 B S:\Brent\Alphav0.006\DATA\ART\HUD\TOKEN_TEXT.Col.db --> ftp.saffire.com /Builds/PC Retail/alpha/Alphav0.006/DATA/ART/HUD TOKEN_TEXT.Col.db
101.07.23 14:53 B S:\Brent\Alphav0.006\DATA\ART\HUD\TOKEN_TEXT.Col.t --> ftp.saffire.com /Builds/PC Retail/alpha/Alphav0.006/DATA/ART/HUD TOKEN_TEXT.Col.t
101.07.23 14:53 B S:\Brent\Alphav0.006\DATA\ART\HUD\TOKEN_TEXT.tga --> ftp.saffire.com /Builds/PC Retail/alpha/Alphav0.006/DATA/ART/HUD TOKEN_TEXT.tga
101.07.23 14:53 B S:\Brent\Alphav0.006\DATA\ART\HUD\toparrow_light.tga --> ftp.saffire.com /Builds/PC Retail/alpha/Alphav0.006/DATA/ART/HUD toparrow_light.tga
101.07.23 14:53 B S:\Brent\Alphav0.006\DATA\ART\HUD\TOPDIM.TGA --> ftp.saffire.com /Builds/PC Retail/alpha/Alphav0.006/DATA/ART/HUD TOPDIM.TGA
101.07.23 14:53 B S:\Brent\Alphav0.006\DATA\ART\HUD\turnhead0000.tga --> ftp.saffire.com /Builds/PC Retail/alpha/Alphav0.006/DATA/ART/HUD turnhead0000.tga
101.07.23 14:53 B S:\Brent\Alphav0.006\DATA\ART\HUD\turnhead0001.tga --> ftp.saffire.com /Builds/PC Retail/alpha/Alphav0.006/DATA/ART/HUD turnhead0001.tga
101.07.23 14:53 B S:\Brent\Alphav0.006\DATA\ART\HUD\turnhead0002.tga --> ftp.saffire.com /Builds/PC Retail/alpha/Alphav0.006/DATA/ART/HUD turnhead0002.tga
101.07.23 14:53 B S:\Brent\Alphav0.006\DATA\ART\HUD\turnhead0003.tga --> ftp.saffire.com /Builds/PC Retail/alpha/Alphav0.006/DATA/ART/HUD turnhead0003.tga
101.07.23 14:53 B S:\Brent\Alphav0.006\DATA\ART\HUD\turnhead0004.tga --> ftp.saffire.com /Builds/PC Retail/alpha/Alphav0.006/DATA/ART/HUD turnhead0004.tga
101.07.23 14:53 B S:\Brent\Alphav0.006\DATA\ART\HUD\turnhead0005.tga --> ftp.saffire.com /Builds/PC Retail/alpha/Alphav0.006/DATA/ART/HUD turnhead0005.tga
101.07.23 14:53 B S:\Brent\Alphav0.006\DATA\ART\HUD\turnhead0006.tga --> ftp.saffire.com /Builds/PC Retail/alpha/Alphav0.006/DATA/ART/HUD turnhead0006.tga
101.07.23 14:53 B S:\Brent\Alphav0.006\DATA\ART\HUD\turnhead0007.tga --> ftp.saffire.com /Builds/PC Retail/alpha/Alphav0.006/DATA/ART/HUD turnhead0007.tga
101.07.23 14:53 B S:\Brent\Alphav0.006\DATA\ART\HUD\turnhead0008.tga --> ftp.saffire.com /Builds/PC Retail/alpha/Alphav0.006/DATA/ART/HUD turnhead0008.tga
101.07.23 14:53 B S:\Brent\Alphav0.006\DATA\ART\HUD\turnhead0009.tga --> ftp.saffire.com /Builds/PC Retail/alpha/Alphav0.006/DATA/ART/HUD turnhead0009.tga
101.07.23 14:53 B S:\Brent\Alphav0.006\DATA\ART\HUD\turnhead0010.tga --> ftp.saffire.com /Builds/PC Retail/alpha/Alphav0.006/DATA/ART/HUD turnhead0010.tga
101.07.23 14:53 B S:\Brent\Alphav0.006\DATA\ART\HUD\turnhead0011.tga --> ftp.saffire.com /Builds/PC Retail/alpha/Alphav0.006/DATA/ART/HUD turnhead0011.tga
101.07.23 14:53 B S:\Brent\Alphav0.006\DATA\ART\HUD\turnhead0012.tga --> ftp.saffire.com /Builds/PC Retail/alpha/Alphav0.006/DATA/ART/HUD turnhead0012.tga
101.07.23 14:53 B S:\Brent\Alphav0.006\DATA\ART\HUD\turnhead0013.tga --> ftp.saffire.com /Builds/PC Retail/alpha/Alphav0.006/DATA/ART/HUD turnhead0013.tga
101.07.23 14:53 B S:\Brent\Alphav0.006\DATA\ART\HUD\turnhead0014.tga --> ftp.saffire.com /Builds/PC Retail/alpha/Alphav0.006/DATA/ART/HUD turnhead0014.tga
101.07.23 14:53 B S:\Brent\Alphav0.006\DATA\ART\HUD\turnhead0015.tga --> ftp.saffire.com /Builds/PC Retail/alpha/Alphav0.006/DATA/ART/HUD turnhead0015.tga
101.07.23 14:53 B S:\Brent\Alphav0.006\DATA\ART\HUD\turnhead0016.tga --> ftp.saffire.com /Builds/PC Retail/alpha/Alphav0.006/DATA/ART/HUD turnhead0016.tga
101.07.23 14:53 B S:\Brent\Alphav0.006\DATA\ART\HUD\turnhead0017.tga --> ftp.saffire.com /Builds/PC Retail/alpha/Alphav0.006/DATA/ART/HUD turnhead0017.tga
101.07.23 14:53 B S:\Brent\Alphav0.006\DATA\ART\HUD\turnhead0018.tga --> ftp.saffire.com /Builds/PC Retail/alpha/Alphav0.006/DATA/ART/HUD turnhead0018.tga
101.07.23 14:53 B S:\Brent\Alphav0.006\DATA\ART\HUD\turnhead0019.tga --> ftp.saffire.com /Builds/PC Retail/alpha/Alphav0.006/DATA/ART/HUD turnhead0019.tga
101.07.23 14:53 B S:\Brent\Alphav0.006\DATA\ART\HUD\turnhead0020.tga --> ftp.saffire.com /Builds/PC Retail/alpha/Alphav0.006/DATA/ART/HUD turnhead0020.tga
101.07.23 14:53 B S:\Brent\Alphav0.006\DATA\ART\HUD\turnhead0021.tga --> ftp.saffire.com /Builds/PC Retail/alpha/Alphav0.006/DATA/ART/HUD turnhead0021.tga
101.07.23 14:53 B S:\Brent\Alphav0.006\DATA\ART\HUD\turnhead0022.tga --> ftp.saffire.com /Builds/PC Retail/alpha/Alphav0.006/DATA/ART/HUD turnhead0022.tga
101.07.23 14:53 B S:\Brent\Alphav0.006\DATA\ART\HUD\turnhead0023.tga --> ftp.saffire.com /Builds/PC Retail/alpha/Alphav0.006/DATA/ART/HUD turnhead0023.tga
101.07.23 14:53 B S:\Brent\Alphav0.006\DATA\ART\HUD\turnhead0024.tga --> ftp.saffire.com /Builds/PC Retail/alpha/Alphav0.006/DATA/ART/HUD turnhead0024.tga
101.07.23 14:53 B S:\Brent\Alphav0.006\DATA\ART\HUD\WHITE.TGA --> ftp.saffire.com /Builds/PC Retail/alpha/Alphav0.006/DATA/ART/HUD WHITE.TGA
101.07.23 14:53 B S:\Brent\Alphav0.006\DATA\ART\HUD\WMYELLOW_EYES_DIM.Col --> ftp.saffire.com /Builds/PC Retail/alpha/Alphav0.006/DATA/ART/HUD WMYELLOW_EYES_DIM.Col
101.07.23 14:53 B S:\Brent\Alphav0.006\DATA\ART\HUD\WMYELLOW_EYES_DIM.Col.db --> ftp.saffire.com /Builds/PC Retail/alpha/Alphav0.006/DATA/ART/HUD WMYELLOW_EYES_DIM.Col.db
101.07.23 14:53 B S:\Brent\Alphav0.006\DATA\ART\HUD\WMYELLOW_EYES_DIM.Col.t --> ftp.saffire.com /Builds/PC Retail/alpha/Alphav0.006/DATA/ART/HUD WMYELLOW_EYES_DIM.Col.t
101.07.23 14:53 B S:\Brent\Alphav0.006\DATA\ART\HUD\WMYELLOW_EYES_DIM.tga --> ftp.saffire.com /Builds/PC Retail/alpha/Alphav0.006/DATA/ART/HUD WMYELLOW_EYES_DIM.tga
101.07.23 14:53 B S:\Brent\Alphav0.006\DATA\ART\HUD\WMYELLOW_EYES_LIT.Col --> ftp.saffire.com /Builds/PC Retail/alpha/Alphav0.006/DATA/ART/HUD WMYELLOW_EYES_LIT.Col
101.07.23 14:53 B S:\Brent\Alphav0.006\DATA\ART\HUD\WMYELLOW_EYES_LIT.Col.db --> ftp.saffire.com /Builds/PC Retail/alpha/Alphav0.006/DATA/ART/HUD WMYELLOW_EYES_LIT.Col.db
101.07.23 14:53 B S:\Brent\Alphav0.006\DATA\ART\HUD\WMYELLOW_EYES_LIT.Col.t --> ftp.saffire.com /Builds/PC Retail/alpha/Alphav0.006/DATA/ART/HUD WMYELLOW_EYES_LIT.Col.t
101.07.23 14:53 B S:\Brent\Alphav0.006\DATA\ART\HUD\WMYELLOW_EYES_LIT.tga --> ftp.saffire.com /Builds/PC Retail/alpha/Alphav0.006/DATA/ART/HUD WMYELLOW_EYES_LIT.tga
101.07.23 14:53 B S:\Brent\Alphav0.006\DATA\ART\HUD\wmyelloweyesoff.tga --> ftp.saffire.com /Builds/PC Retail/alpha/Alphav0.006/DATA/ART/HUD wmyelloweyesoff.tga
101.07.23 14:53 B S:\Brent\Alphav0.006\DATA\ART\HUD\wmyelloweyeson.tga --> ftp.saffire.com /Builds/PC Retail/alpha/Alphav0.006/DATA/ART/HUD wmyelloweyeson.tga
101.07.23 14:53 B S:\Brent\Alphav0.006\DATA\ART\HUD\YELLOW_EYES_DIM.Col --> ftp.saffire.com /Builds/PC Retail/alpha/Alphav0.006/DATA/ART/HUD YELLOW_EYES_DIM.Col
101.07.23 14:53 B S:\Brent\Alphav0.006\DATA\ART\HUD\YELLOW_EYES_DIM.Col.db --> ftp.saffire.com /Builds/PC Retail/alpha/Alphav0.006/DATA/ART/HUD YELLOW_EYES_DIM.Col.db
101.07.23 14:53 B S:\Brent\Alphav0.006\DATA\ART\HUD\YELLOW_EYES_DIM.Col.t --> ftp.saffire.com /Builds/PC Retail/alpha/Alphav0.006/DATA/ART/HUD YELLOW_EYES_DIM.Col.t
101.07.23 14:53 B S:\Brent\Alphav0.006\DATA\ART\HUD\YELLOW_EYES_DIM.tga --> ftp.saffire.com /Builds/PC Retail/alpha/Alphav0.006/DATA/ART/HUD YELLOW_EYES_DIM.tga
101.07.23 14:53 B S:\Brent\Alphav0.006\DATA\ART\HUD\YELLOW_EYES_LIT.Col --> ftp.saffire.com /Builds/PC Retail/alpha/Alphav0.006/DATA/ART/HUD YELLOW_EYES_LIT.Col
101.07.23 14:53 B S:\Brent\Alphav0.006\DATA\ART\HUD\YELLOW_EYES_LIT.Col.db --> ftp.saffire.com /Builds/PC Retail/alpha/Alphav0.006/DATA/ART/HUD YELLOW_EYES_LIT.Col.db
101.07.23 14:53 B S:\Brent\Alphav0.006\DATA\ART\HUD\YELLOW_EYES_LIT.Col.t --> ftp.saffire.com /Builds/PC Retail/alpha/Alphav0.006/DATA/ART/HUD YELLOW_EYES_LIT.Col.t
101.07.23 14:53 B S:\Brent\Alphav0.006\DATA\ART\HUD\YELLOW_EYES_LIT.tga --> ftp.saffire.com /Builds/PC Retail/alpha/Alphav0.006/DATA/ART/HUD YELLOW_EYES_LIT.tga
101.07.23 14:53 B S:\Brent\Alphav0.006\DATA\ART\HUD\yelloweyesoff.tga --> ftp.saffire.com /Builds/PC Retail/alpha/Alphav0.006/DATA/ART/HUD yelloweyesoff.tga
101.07.23 14:53 B S:\Brent\Alphav0.006\DATA\ART\HUD\yelloweyeson.tga --> ftp.saffire.com /Builds/PC Retail/alpha/Alphav0.006/DATA/ART/HUD yelloweyeson.tga
