101.07.23 15:57 B S:\Brent\Alphav0.006\DATA\LEVELS\LEV1\ATRM\XS\ATRW.X --> ftp.saffire.com /Builds/PC Retail/alpha/Alphav0.006/DATA/LEVELS/LEV1/ATRM/XS ATRW.X
101.07.23 15:57 B S:\Brent\Alphav0.006\DATA\LEVELS\LEV1\ATRM\XS\BBUG.X --> ftp.saffire.com /Builds/PC Retail/alpha/Alphav0.006/DATA/LEVELS/LEV1/ATRM/XS BBUG.X
101.07.23 15:57 B S:\Brent\Alphav0.006\DATA\LEVELS\LEV1\ATRM\XS\BSRP.X --> ftp.saffire.com /Builds/PC Retail/alpha/Alphav0.006/DATA/LEVELS/LEV1/ATRM/XS BSRP.X
101.07.23 15:57 B S:\Brent\Alphav0.006\DATA\LEVELS\LEV1\ATRM\XS\HOT0.X --> ftp.saffire.com /Builds/PC Retail/alpha/Alphav0.006/DATA/LEVELS/LEV1/ATRM/XS HOT0.X
101.07.23 15:57 B S:\Brent\Alphav0.006\DATA\LEVELS\LEV1\ATRM\XS\MAIN.X --> ftp.saffire.com /Builds/PC Retail/alpha/Alphav0.006/DATA/LEVELS/LEV1/ATRM/XS MAIN.X
101.07.23 15:57 B S:\Brent\Alphav0.006\DATA\LEVELS\LEV1\ATRM\XS\PLNT.X --> ftp.saffire.com /Builds/PC Retail/alpha/Alphav0.006/DATA/LEVELS/LEV1/ATRM/XS PLNT.X
101.07.23 15:57 B S:\Brent\Alphav0.006\DATA\LEVELS\LEV1\ATRM\XS\SHF0.X --> ftp.saffire.com /Builds/PC Retail/alpha/Alphav0.006/DATA/LEVELS/LEV1/ATRM/XS SHF0.X
101.07.23 15:57 B S:\Brent\Alphav0.006\DATA\LEVELS\LEV1\ATRM\XS\SHF1.X --> ftp.saffire.com /Builds/PC Retail/alpha/Alphav0.006/DATA/LEVELS/LEV1/ATRM/XS SHF1.X
101.07.23 15:57 B S:\Brent\Alphav0.006\DATA\LEVELS\LEV1\ATRM\XS\SHF2.X --> ftp.saffire.com /Builds/PC Retail/alpha/Alphav0.006/DATA/LEVELS/LEV1/ATRM/XS SHF2.X
101.07.23 15:57 B S:\Brent\Alphav0.006\DATA\LEVELS\LEV1\ATRM\XS\SHF3.X --> ftp.saffire.com /Builds/PC Retail/alpha/Alphav0.006/DATA/LEVELS/LEV1/ATRM/XS SHF3.X
101.07.23 15:57 B S:\Brent\Alphav0.006\DATA\LEVELS\LEV1\ATRM\XS\SHF4.X --> ftp.saffire.com /Builds/PC Retail/alpha/Alphav0.006/DATA/LEVELS/LEV1/ATRM/XS SHF4.X
101.07.23 15:57 B S:\Brent\Alphav0.006\DATA\LEVELS\LEV1\ATRM\XS\SHF5.X --> ftp.saffire.com /Builds/PC Retail/alpha/Alphav0.006/DATA/LEVELS/LEV1/ATRM/XS SHF5.X
101.07.23 15:57 B S:\Brent\Alphav0.006\DATA\LEVELS\LEV1\ATRM\XS\SHF6.X --> ftp.saffire.com /Builds/PC Retail/alpha/Alphav0.006/DATA/LEVELS/LEV1/ATRM/XS SHF6.X
101.07.23 15:57 B S:\Brent\Alphav0.006\DATA\LEVELS\LEV1\ATRM\XS\SHF7.X --> ftp.saffire.com /Builds/PC Retail/alpha/Alphav0.006/DATA/LEVELS/LEV1/ATRM/XS SHF7.X
101.07.23 15:57 B S:\Brent\Alphav0.006\DATA\LEVELS\LEV1\ATRM\XS\SHF8.X --> ftp.saffire.com /Builds/PC Retail/alpha/Alphav0.006/DATA/LEVELS/LEV1/ATRM/XS SHF8.X
101.07.23 15:57 B S:\Brent\Alphav0.006\DATA\LEVELS\LEV1\ATRM\XS\SHF9.X --> ftp.saffire.com /Builds/PC Retail/alpha/Alphav0.006/DATA/LEVELS/LEV1/ATRM/XS SHF9.X
101.07.23 15:57 B S:\Brent\Alphav0.006\DATA\LEVELS\LEV1\ATRM\XS\SHFA.X --> ftp.saffire.com /Builds/PC Retail/alpha/Alphav0.006/DATA/LEVELS/LEV1/ATRM/XS SHFA.X
101.07.23 15:57 B S:\Brent\Alphav0.006\DATA\LEVELS\LEV1\ATRM\XS\SHFB.X --> ftp.saffire.com /Builds/PC Retail/alpha/Alphav0.006/DATA/LEVELS/LEV1/ATRM/XS SHFB.X
101.07.23 15:57 B S:\Brent\Alphav0.006\DATA\LEVELS\LEV1\ATRM\XS\SHFC.X --> ftp.saffire.com /Builds/PC Retail/alpha/Alphav0.006/DATA/LEVELS/LEV1/ATRM/XS SHFC.X
101.07.23 15:57 B S:\Brent\Alphav0.006\DATA\LEVELS\LEV1\ATRM\XS\SHFD.X --> ftp.saffire.com /Builds/PC Retail/alpha/Alphav0.006/DATA/LEVELS/LEV1/ATRM/XS SHFD.X
101.07.23 15:57 B S:\Brent\Alphav0.006\DATA\LEVELS\LEV1\ATRM\XS\SHFE.X --> ftp.saffire.com /Builds/PC Retail/alpha/Alphav0.006/DATA/LEVELS/LEV1/ATRM/XS SHFE.X
101.07.23 15:57 B S:\Brent\Alphav0.006\DATA\LEVELS\LEV1\ATRM\XS\SHFT.X --> ftp.saffire.com /Builds/PC Retail/alpha/Alphav0.006/DATA/LEVELS/LEV1/ATRM/XS SHFT.X
101.07.23 15:57 B S:\Brent\Alphav0.006\DATA\LEVELS\LEV1\ATRM\XS\SKY1.X --> ftp.saffire.com /Builds/PC Retail/alpha/Alphav0.006/DATA/LEVELS/LEV1/ATRM/XS SKY1.X
101.07.23 15:57 B S:\Brent\Alphav0.006\DATA\LEVELS\LEV1\ATRM\XS\SKY2.X --> ftp.saffire.com /Builds/PC Retail/alpha/Alphav0.006/DATA/LEVELS/LEV1/ATRM/XS SKY2.X
101.07.23 15:57 B S:\Brent\Alphav0.006\DATA\LEVELS\LEV1\ATRM\XS\TRE1.X --> ftp.saffire.com /Builds/PC Retail/alpha/Alphav0.006/DATA/LEVELS/LEV1/ATRM/XS TRE1.X
101.07.23 15:57 B S:\Brent\Alphav0.006\DATA\LEVELS\LEV1\ATRM\XS\TTMA.X --> ftp.saffire.com /Builds/PC Retail/alpha/Alphav0.006/DATA/LEVELS/LEV1/ATRM/XS TTMA.X
