101.07.23 15:01 B S:\Brent\Alphav0.006\DATA\characters\akam\Anims\ak00.bhd --> ftp.saffire.com /Builds/PC Retail/alpha/Alphav0.006/DATA/characters/akam/Anims ak00.bhd
101.07.23 15:01 B S:\Brent\Alphav0.006\DATA\characters\akam\Anims\ak00.bkd --> ftp.saffire.com /Builds/PC Retail/alpha/Alphav0.006/DATA/characters/akam/Anims ak00.bkd
101.07.23 15:01 B S:\Brent\Alphav0.006\DATA\characters\akam\Anims\ak02.bhd --> ftp.saffire.com /Builds/PC Retail/alpha/Alphav0.006/DATA/characters/akam/Anims ak02.bhd
101.07.23 15:01 B S:\Brent\Alphav0.006\DATA\characters\akam\Anims\ak02.bkd --> ftp.saffire.com /Builds/PC Retail/alpha/Alphav0.006/DATA/characters/akam/Anims ak02.bkd
101.07.23 15:01 B S:\Brent\Alphav0.006\DATA\characters\akam\Anims\ak03.bhd --> ftp.saffire.com /Builds/PC Retail/alpha/Alphav0.006/DATA/characters/akam/Anims ak03.bhd
101.07.23 15:01 B S:\Brent\Alphav0.006\DATA\characters\akam\Anims\ak03.bkd --> ftp.saffire.com /Builds/PC Retail/alpha/Alphav0.006/DATA/characters/akam/Anims ak03.bkd
101.07.23 15:01 B S:\Brent\Alphav0.006\DATA\characters\akam\Anims\ak04.bhd --> ftp.saffire.com /Builds/PC Retail/alpha/Alphav0.006/DATA/characters/akam/Anims ak04.bhd
101.07.23 15:01 B S:\Brent\Alphav0.006\DATA\characters\akam\Anims\ak04.bkd --> ftp.saffire.com /Builds/PC Retail/alpha/Alphav0.006/DATA/characters/akam/Anims ak04.bkd
101.07.23 15:01 B S:\Brent\Alphav0.006\DATA\characters\akam\Anims\ak05.bhd --> ftp.saffire.com /Builds/PC Retail/alpha/Alphav0.006/DATA/characters/akam/Anims ak05.bhd
101.07.23 15:01 B S:\Brent\Alphav0.006\DATA\characters\akam\Anims\ak05.bkd --> ftp.saffire.com /Builds/PC Retail/alpha/Alphav0.006/DATA/characters/akam/Anims ak05.bkd
101.07.23 15:01 B S:\Brent\Alphav0.006\DATA\characters\akam\Anims\ak06.bhd --> ftp.saffire.com /Builds/PC Retail/alpha/Alphav0.006/DATA/characters/akam/Anims ak06.bhd
101.07.23 15:01 B S:\Brent\Alphav0.006\DATA\characters\akam\Anims\ak06.bkd --> ftp.saffire.com /Builds/PC Retail/alpha/Alphav0.006/DATA/characters/akam/Anims ak06.bkd
101.07.23 15:01 B S:\Brent\Alphav0.006\DATA\characters\akam\Anims\ak07.bhd --> ftp.saffire.com /Builds/PC Retail/alpha/Alphav0.006/DATA/characters/akam/Anims ak07.bhd
101.07.23 15:01 B S:\Brent\Alphav0.006\DATA\characters\akam\Anims\ak07.bkd --> ftp.saffire.com /Builds/PC Retail/alpha/Alphav0.006/DATA/characters/akam/Anims ak07.bkd
101.07.23 15:01 B S:\Brent\Alphav0.006\DATA\characters\akam\Anims\ak08.bhd --> ftp.saffire.com /Builds/PC Retail/alpha/Alphav0.006/DATA/characters/akam/Anims ak08.bhd
101.07.23 15:01 B S:\Brent\Alphav0.006\DATA\characters\akam\Anims\ak08.bkd --> ftp.saffire.com /Builds/PC Retail/alpha/Alphav0.006/DATA/characters/akam/Anims ak08.bkd
101.07.23 15:01 B S:\Brent\Alphav0.006\DATA\characters\akam\Anims\ak09.bhd --> ftp.saffire.com /Builds/PC Retail/alpha/Alphav0.006/DATA/characters/akam/Anims ak09.bhd
101.07.23 15:01 B S:\Brent\Alphav0.006\DATA\characters\akam\Anims\ak09.bkd --> ftp.saffire.com /Builds/PC Retail/alpha/Alphav0.006/DATA/characters/akam/Anims ak09.bkd
101.07.23 15:01 B S:\Brent\Alphav0.006\DATA\characters\akam\Anims\ak10.bhd --> ftp.saffire.com /Builds/PC Retail/alpha/Alphav0.006/DATA/characters/akam/Anims ak10.bhd
101.07.23 15:01 B S:\Brent\Alphav0.006\DATA\characters\akam\Anims\ak10.bkd --> ftp.saffire.com /Builds/PC Retail/alpha/Alphav0.006/DATA/characters/akam/Anims ak10.bkd
101.07.23 15:01 B S:\Brent\Alphav0.006\DATA\characters\akam\Anims\ak11.bhd --> ftp.saffire.com /Builds/PC Retail/alpha/Alphav0.006/DATA/characters/akam/Anims ak11.bhd
101.07.23 15:01 B S:\Brent\Alphav0.006\DATA\characters\akam\Anims\ak11.bkd --> ftp.saffire.com /Builds/PC Retail/alpha/Alphav0.006/DATA/characters/akam/Anims ak11.bkd
101.07.23 15:01 B S:\Brent\Alphav0.006\DATA\characters\akam\Anims\ak12.bhd --> ftp.saffire.com /Builds/PC Retail/alpha/Alphav0.006/DATA/characters/akam/Anims ak12.bhd
101.07.23 15:01 B S:\Brent\Alphav0.006\DATA\characters\akam\Anims\ak12.bkd --> ftp.saffire.com /Builds/PC Retail/alpha/Alphav0.006/DATA/characters/akam/Anims ak12.bkd
101.07.23 15:01 B S:\Brent\Alphav0.006\DATA\characters\akam\Anims\ak13.bhd --> ftp.saffire.com /Builds/PC Retail/alpha/Alphav0.006/DATA/characters/akam/Anims ak13.bhd
101.07.23 15:01 B S:\Brent\Alphav0.006\DATA\characters\akam\Anims\ak13.bkd --> ftp.saffire.com /Builds/PC Retail/alpha/Alphav0.006/DATA/characters/akam/Anims ak13.bkd
101.07.23 15:01 B S:\Brent\Alphav0.006\DATA\characters\akam\Anims\ak14.bhd --> ftp.saffire.com /Builds/PC Retail/alpha/Alphav0.006/DATA/characters/akam/Anims ak14.bhd
101.07.23 15:01 B S:\Brent\Alphav0.006\DATA\characters\akam\Anims\ak14.bkd --> ftp.saffire.com /Builds/PC Retail/alpha/Alphav0.006/DATA/characters/akam/Anims ak14.bkd
101.07.23 15:01 B S:\Brent\Alphav0.006\DATA\characters\akam\Anims\ak15.bhd --> ftp.saffire.com /Builds/PC Retail/alpha/Alphav0.006/DATA/characters/akam/Anims ak15.bhd
101.07.23 15:01 B S:\Brent\Alphav0.006\DATA\characters\akam\Anims\ak15.bkd --> ftp.saffire.com /Builds/PC Retail/alpha/Alphav0.006/DATA/characters/akam/Anims ak15.bkd
101.07.23 15:01 B S:\Brent\Alphav0.006\DATA\characters\akam\Anims\ak16.bhd --> ftp.saffire.com /Builds/PC Retail/alpha/Alphav0.006/DATA/characters/akam/Anims ak16.bhd
101.07.23 15:01 B S:\Brent\Alphav0.006\DATA\characters\akam\Anims\ak16.bkd --> ftp.saffire.com /Builds/PC Retail/alpha/Alphav0.006/DATA/characters/akam/Anims ak16.bkd
101.07.23 15:01 B S:\Brent\Alphav0.006\DATA\characters\akam\Anims\ak17.bhd --> ftp.saffire.com /Builds/PC Retail/alpha/Alphav0.006/DATA/characters/akam/Anims ak17.bhd
101.07.23 15:01 B S:\Brent\Alphav0.006\DATA\characters\akam\Anims\ak17.bkd --> ftp.saffire.com /Builds/PC Retail/alpha/Alphav0.006/DATA/characters/akam/Anims ak17.bkd
101.07.23 15:01 B S:\Brent\Alphav0.006\DATA\characters\akam\Anims\ak_idle.bhd --> ftp.saffire.com /Builds/PC Retail/alpha/Alphav0.006/DATA/characters/akam/Anims ak_idle.bhd
101.07.23 15:01 B S:\Brent\Alphav0.006\DATA\characters\akam\Anims\ak_jump_down.bhd --> ftp.saffire.com /Builds/PC Retail/alpha/Alphav0.006/DATA/characters/akam/Anims ak_jump_down.bhd
101.07.23 15:01 B S:\Brent\Alphav0.006\DATA\characters\akam\Anims\ak_jump_fall.bhd --> ftp.saffire.com /Builds/PC Retail/alpha/Alphav0.006/DATA/characters/akam/Anims ak_jump_fall.bhd
101.07.23 15:01 B S:\Brent\Alphav0.006\DATA\characters\akam\Anims\ak_jump_up.bhd --> ftp.saffire.com /Builds/PC Retail/alpha/Alphav0.006/DATA/characters/akam/Anims ak_jump_up.bhd
101.07.23 15:01 B S:\Brent\Alphav0.006\DATA\characters\akam\Anims\ak_run.bhd --> ftp.saffire.com /Builds/PC Retail/alpha/Alphav0.006/DATA/characters/akam/Anims ak_run.bhd
101.07.23 15:01 B S:\Brent\Alphav0.006\DATA\characters\akam\Anims\ak_run_bkwrds.bhd --> ftp.saffire.com /Builds/PC Retail/alpha/Alphav0.006/DATA/characters/akam/Anims ak_run_bkwrds.bhd
101.07.23 15:01 B S:\Brent\Alphav0.006\DATA\characters\akam\Anims\ak_run_throw.bhd --> ftp.saffire.com /Builds/PC Retail/alpha/Alphav0.006/DATA/characters/akam/Anims ak_run_throw.bhd
101.07.23 15:01 B S:\Brent\Alphav0.006\DATA\characters\akam\Anims\ak_runjump_land.bhd --> ftp.saffire.com /Builds/PC Retail/alpha/Alphav0.006/DATA/characters/akam/Anims ak_runjump_land.bhd
101.07.23 15:01 B S:\Brent\Alphav0.006\DATA\characters\akam\Anims\ak_runjump_stall.bhd --> ftp.saffire.com /Builds/PC Retail/alpha/Alphav0.006/DATA/characters/akam/Anims ak_runjump_stall.bhd
101.07.23 15:01 B S:\Brent\Alphav0.006\DATA\characters\akam\Anims\ak_runjump_takeoff.bhd --> ftp.saffire.com /Builds/PC Retail/alpha/Alphav0.006/DATA/characters/akam/Anims ak_runjump_takeoff.bhd
101.07.23 15:01 B S:\Brent\Alphav0.006\DATA\characters\akam\Anims\ak_strafe_lft.bhd --> ftp.saffire.com /Builds/PC Retail/alpha/Alphav0.006/DATA/characters/akam/Anims ak_strafe_lft.bhd
101.07.23 15:01 B S:\Brent\Alphav0.006\DATA\characters\akam\Anims\ak_strafe_rt.bhd --> ftp.saffire.com /Builds/PC Retail/alpha/Alphav0.006/DATA/characters/akam/Anims ak_strafe_rt.bhd
101.07.23 15:01 B S:\Brent\Alphav0.006\DATA\characters\akam\Anims\ak_throw.bhd --> ftp.saffire.com /Builds/PC Retail/alpha/Alphav0.006/DATA/characters/akam/Anims ak_throw.bhd
101.07.23 15:01 B S:\Brent\Alphav0.006\DATA\characters\akam\Anims\ak_thrown_back.bhd --> ftp.saffire.com /Builds/PC Retail/alpha/Alphav0.006/DATA/characters/akam/Anims ak_thrown_back.bhd
101.07.23 15:01 B S:\Brent\Alphav0.006\DATA\characters\akam\Anims\akam_IDs.list --> ftp.saffire.com /Builds/PC Retail/alpha/Alphav0.006/DATA/characters/akam/Anims akam_IDs.list
101.07.23 15:01 B S:\Brent\Alphav0.006\DATA\characters\akam\Anims\Bip01.bkd --> ftp.saffire.com /Builds/PC Retail/alpha/Alphav0.006/DATA/characters/akam/Anims Bip01.bkd
