101.07.23 16:00 B S:\Brent\Alphav0.006\DATA\LEVELS\LEV1\L1A8\XS\CLA0.X --> ftp.saffire.com /Builds/PC Retail/alpha/Alphav0.006/DATA/LEVELS/LEV1/L1A8/XS CLA0.X
101.07.23 16:00 B S:\Brent\Alphav0.006\DATA\LEVELS\LEV1\L1A8\XS\CLA1.X --> ftp.saffire.com /Builds/PC Retail/alpha/Alphav0.006/DATA/LEVELS/LEV1/L1A8/XS CLA1.X
101.07.23 16:00 B S:\Brent\Alphav0.006\DATA\LEVELS\LEV1\L1A8\XS\CLA2.X --> ftp.saffire.com /Builds/PC Retail/alpha/Alphav0.006/DATA/LEVELS/LEV1/L1A8/XS CLA2.X
101.07.23 16:00 B S:\Brent\Alphav0.006\DATA\LEVELS\LEV1\L1A8\XS\CLA3.X --> ftp.saffire.com /Builds/PC Retail/alpha/Alphav0.006/DATA/LEVELS/LEV1/L1A8/XS CLA3.X
101.07.23 16:00 B S:\Brent\Alphav0.006\DATA\LEVELS\LEV1\L1A8\XS\CLA4.X --> ftp.saffire.com /Builds/PC Retail/alpha/Alphav0.006/DATA/LEVELS/LEV1/L1A8/XS CLA4.X
101.07.23 16:00 B S:\Brent\Alphav0.006\DATA\LEVELS\LEV1\L1A8\XS\CLA5.X --> ftp.saffire.com /Builds/PC Retail/alpha/Alphav0.006/DATA/LEVELS/LEV1/L1A8/XS CLA5.X
101.07.23 16:00 B S:\Brent\Alphav0.006\DATA\LEVELS\LEV1\L1A8\XS\CLA6.X --> ftp.saffire.com /Builds/PC Retail/alpha/Alphav0.006/DATA/LEVELS/LEV1/L1A8/XS CLA6.X
101.07.23 16:00 B S:\Brent\Alphav0.006\DATA\LEVELS\LEV1\L1A8\XS\CLA7.X --> ftp.saffire.com /Builds/PC Retail/alpha/Alphav0.006/DATA/LEVELS/LEV1/L1A8/XS CLA7.X
101.07.23 16:00 B S:\Brent\Alphav0.006\DATA\LEVELS\LEV1\L1A8\XS\CLA8.X --> ftp.saffire.com /Builds/PC Retail/alpha/Alphav0.006/DATA/LEVELS/LEV1/L1A8/XS CLA8.X
101.07.23 16:00 B S:\Brent\Alphav0.006\DATA\LEVELS\LEV1\L1A8\XS\CLA9.X --> ftp.saffire.com /Builds/PC Retail/alpha/Alphav0.006/DATA/LEVELS/LEV1/L1A8/XS CLA9.X
101.07.23 16:00 B S:\Brent\Alphav0.006\DATA\LEVELS\LEV1\L1A8\XS\CLAA.X --> ftp.saffire.com /Builds/PC Retail/alpha/Alphav0.006/DATA/LEVELS/LEV1/L1A8/XS CLAA.X
101.07.23 16:00 B S:\Brent\Alphav0.006\DATA\LEVELS\LEV1\L1A8\XS\CLAB.X --> ftp.saffire.com /Builds/PC Retail/alpha/Alphav0.006/DATA/LEVELS/LEV1/L1A8/XS CLAB.X
101.07.23 16:00 B S:\Brent\Alphav0.006\DATA\LEVELS\LEV1\L1A8\XS\CLAC.X --> ftp.saffire.com /Builds/PC Retail/alpha/Alphav0.006/DATA/LEVELS/LEV1/L1A8/XS CLAC.X
101.07.23 16:00 B S:\Brent\Alphav0.006\DATA\LEVELS\LEV1\L1A8\XS\CLAD.X --> ftp.saffire.com /Builds/PC Retail/alpha/Alphav0.006/DATA/LEVELS/LEV1/L1A8/XS CLAD.X
101.07.23 16:00 B S:\Brent\Alphav0.006\DATA\LEVELS\LEV1\L1A8\XS\CLAE.X --> ftp.saffire.com /Builds/PC Retail/alpha/Alphav0.006/DATA/LEVELS/LEV1/L1A8/XS CLAE.X
101.07.23 16:00 B S:\Brent\Alphav0.006\DATA\LEVELS\LEV1\L1A8\XS\CLAF.X --> ftp.saffire.com /Builds/PC Retail/alpha/Alphav0.006/DATA/LEVELS/LEV1/L1A8/XS CLAF.X
101.07.23 16:00 B S:\Brent\Alphav0.006\DATA\LEVELS\LEV1\L1A8\XS\CLAG.X --> ftp.saffire.com /Builds/PC Retail/alpha/Alphav0.006/DATA/LEVELS/LEV1/L1A8/XS CLAG.X
101.07.23 16:00 B S:\Brent\Alphav0.006\DATA\LEVELS\LEV1\L1A8\XS\CLB0.X --> ftp.saffire.com /Builds/PC Retail/alpha/Alphav0.006/DATA/LEVELS/LEV1/L1A8/XS CLB0.X
101.07.23 16:00 B S:\Brent\Alphav0.006\DATA\LEVELS\LEV1\L1A8\XS\CLB1.X --> ftp.saffire.com /Builds/PC Retail/alpha/Alphav0.006/DATA/LEVELS/LEV1/L1A8/XS CLB1.X
101.07.23 16:00 B S:\Brent\Alphav0.006\DATA\LEVELS\LEV1\L1A8\XS\CLB2.X --> ftp.saffire.com /Builds/PC Retail/alpha/Alphav0.006/DATA/LEVELS/LEV1/L1A8/XS CLB2.X
101.07.23 16:00 B S:\Brent\Alphav0.006\DATA\LEVELS\LEV1\L1A8\XS\CLB3.X --> ftp.saffire.com /Builds/PC Retail/alpha/Alphav0.006/DATA/LEVELS/LEV1/L1A8/XS CLB3.X
101.07.23 16:00 B S:\Brent\Alphav0.006\DATA\LEVELS\LEV1\L1A8\XS\CLB4.X --> ftp.saffire.com /Builds/PC Retail/alpha/Alphav0.006/DATA/LEVELS/LEV1/L1A8/XS CLB4.X
101.07.23 16:00 B S:\Brent\Alphav0.006\DATA\LEVELS\LEV1\L1A8\XS\CLB5.X --> ftp.saffire.com /Builds/PC Retail/alpha/Alphav0.006/DATA/LEVELS/LEV1/L1A8/XS CLB5.X
101.07.23 16:00 B S:\Brent\Alphav0.006\DATA\LEVELS\LEV1\L1A8\XS\CLB6.X --> ftp.saffire.com /Builds/PC Retail/alpha/Alphav0.006/DATA/LEVELS/LEV1/L1A8/XS CLB6.X
101.07.23 16:00 B S:\Brent\Alphav0.006\DATA\LEVELS\LEV1\L1A8\XS\CLB7.X --> ftp.saffire.com /Builds/PC Retail/alpha/Alphav0.006/DATA/LEVELS/LEV1/L1A8/XS CLB7.X
101.07.23 16:00 B S:\Brent\Alphav0.006\DATA\LEVELS\LEV1\L1A8\XS\CLB8.X --> ftp.saffire.com /Builds/PC Retail/alpha/Alphav0.006/DATA/LEVELS/LEV1/L1A8/XS CLB8.X
101.07.23 16:00 B S:\Brent\Alphav0.006\DATA\LEVELS\LEV1\L1A8\XS\CLB9.X --> ftp.saffire.com /Builds/PC Retail/alpha/Alphav0.006/DATA/LEVELS/LEV1/L1A8/XS CLB9.X
101.07.23 16:00 B S:\Brent\Alphav0.006\DATA\LEVELS\LEV1\L1A8\XS\CLBA.X --> ftp.saffire.com /Builds/PC Retail/alpha/Alphav0.006/DATA/LEVELS/LEV1/L1A8/XS CLBA.X
101.07.23 16:00 B S:\Brent\Alphav0.006\DATA\LEVELS\LEV1\L1A8\XS\CLBB.X --> ftp.saffire.com /Builds/PC Retail/alpha/Alphav0.006/DATA/LEVELS/LEV1/L1A8/XS CLBB.X
101.07.23 16:00 B S:\Brent\Alphav0.006\DATA\LEVELS\LEV1\L1A8\XS\CLBC.X --> ftp.saffire.com /Builds/PC Retail/alpha/Alphav0.006/DATA/LEVELS/LEV1/L1A8/XS CLBC.X
101.07.23 16:00 B S:\Brent\Alphav0.006\DATA\LEVELS\LEV1\L1A8\XS\CLBD.X --> ftp.saffire.com /Builds/PC Retail/alpha/Alphav0.006/DATA/LEVELS/LEV1/L1A8/XS CLBD.X
101.07.23 16:00 B S:\Brent\Alphav0.006\DATA\LEVELS\LEV1\L1A8\XS\CLBE.X --> ftp.saffire.com /Builds/PC Retail/alpha/Alphav0.006/DATA/LEVELS/LEV1/L1A8/XS CLBE.X
101.07.23 16:00 B S:\Brent\Alphav0.006\DATA\LEVELS\LEV1\L1A8\XS\CLBF.X --> ftp.saffire.com /Builds/PC Retail/alpha/Alphav0.006/DATA/LEVELS/LEV1/L1A8/XS CLBF.X
101.07.23 16:00 B S:\Brent\Alphav0.006\DATA\LEVELS\LEV1\L1A8\XS\CLBG.X --> ftp.saffire.com /Builds/PC Retail/alpha/Alphav0.006/DATA/LEVELS/LEV1/L1A8/XS CLBG.X
101.07.23 16:00 B S:\Brent\Alphav0.006\DATA\LEVELS\LEV1\L1A8\XS\CLC0.X --> ftp.saffire.com /Builds/PC Retail/alpha/Alphav0.006/DATA/LEVELS/LEV1/L1A8/XS CLC0.X
101.07.23 16:00 B S:\Brent\Alphav0.006\DATA\LEVELS\LEV1\L1A8\XS\CLC1.X --> ftp.saffire.com /Builds/PC Retail/alpha/Alphav0.006/DATA/LEVELS/LEV1/L1A8/XS CLC1.X
101.07.23 16:00 B S:\Brent\Alphav0.006\DATA\LEVELS\LEV1\L1A8\XS\CLC2.X --> ftp.saffire.com /Builds/PC Retail/alpha/Alphav0.006/DATA/LEVELS/LEV1/L1A8/XS CLC2.X
101.07.23 16:00 B S:\Brent\Alphav0.006\DATA\LEVELS\LEV1\L1A8\XS\CLC3.X --> ftp.saffire.com /Builds/PC Retail/alpha/Alphav0.006/DATA/LEVELS/LEV1/L1A8/XS CLC3.X
101.07.23 16:00 B S:\Brent\Alphav0.006\DATA\LEVELS\LEV1\L1A8\XS\CLC4.X --> ftp.saffire.com /Builds/PC Retail/alpha/Alphav0.006/DATA/LEVELS/LEV1/L1A8/XS CLC4.X
101.07.23 16:00 B S:\Brent\Alphav0.006\DATA\LEVELS\LEV1\L1A8\XS\CLC5.X --> ftp.saffire.com /Builds/PC Retail/alpha/Alphav0.006/DATA/LEVELS/LEV1/L1A8/XS CLC5.X
101.07.23 16:00 B S:\Brent\Alphav0.006\DATA\LEVELS\LEV1\L1A8\XS\CLC6.X --> ftp.saffire.com /Builds/PC Retail/alpha/Alphav0.006/DATA/LEVELS/LEV1/L1A8/XS CLC6.X
101.07.23 16:00 B S:\Brent\Alphav0.006\DATA\LEVELS\LEV1\L1A8\XS\CLC7.X --> ftp.saffire.com /Builds/PC Retail/alpha/Alphav0.006/DATA/LEVELS/LEV1/L1A8/XS CLC7.X
101.07.23 16:00 B S:\Brent\Alphav0.006\DATA\LEVELS\LEV1\L1A8\XS\CLC8.X --> ftp.saffire.com /Builds/PC Retail/alpha/Alphav0.006/DATA/LEVELS/LEV1/L1A8/XS CLC8.X
101.07.23 16:00 B S:\Brent\Alphav0.006\DATA\LEVELS\LEV1\L1A8\XS\CLC9.X --> ftp.saffire.com /Builds/PC Retail/alpha/Alphav0.006/DATA/LEVELS/LEV1/L1A8/XS CLC9.X
101.07.23 16:00 B S:\Brent\Alphav0.006\DATA\LEVELS\LEV1\L1A8\XS\CLCA.X --> ftp.saffire.com /Builds/PC Retail/alpha/Alphav0.006/DATA/LEVELS/LEV1/L1A8/XS CLCA.X
101.07.23 16:00 B S:\Brent\Alphav0.006\DATA\LEVELS\LEV1\L1A8\XS\CLCB.X --> ftp.saffire.com /Builds/PC Retail/alpha/Alphav0.006/DATA/LEVELS/LEV1/L1A8/XS CLCB.X
101.07.23 16:00 B S:\Brent\Alphav0.006\DATA\LEVELS\LEV1\L1A8\XS\CLCC.X --> ftp.saffire.com /Builds/PC Retail/alpha/Alphav0.006/DATA/LEVELS/LEV1/L1A8/XS CLCC.X
101.07.23 16:00 B S:\Brent\Alphav0.006\DATA\LEVELS\LEV1\L1A8\XS\CLCD.X --> ftp.saffire.com /Builds/PC Retail/alpha/Alphav0.006/DATA/LEVELS/LEV1/L1A8/XS CLCD.X
101.07.23 16:00 B S:\Brent\Alphav0.006\DATA\LEVELS\LEV1\L1A8\XS\CLCE.X --> ftp.saffire.com /Builds/PC Retail/alpha/Alphav0.006/DATA/LEVELS/LEV1/L1A8/XS CLCE.X
101.07.23 16:00 B S:\Brent\Alphav0.006\DATA\LEVELS\LEV1\L1A8\XS\CLCF.X --> ftp.saffire.com /Builds/PC Retail/alpha/Alphav0.006/DATA/LEVELS/LEV1/L1A8/XS CLCF.X
101.07.23 16:00 B S:\Brent\Alphav0.006\DATA\LEVELS\LEV1\L1A8\XS\CLCG.X --> ftp.saffire.com /Builds/PC Retail/alpha/Alphav0.006/DATA/LEVELS/LEV1/L1A8/XS CLCG.X
101.07.23 16:00 B S:\Brent\Alphav0.006\DATA\LEVELS\LEV1\L1A8\XS\DRP0.X --> ftp.saffire.com /Builds/PC Retail/alpha/Alphav0.006/DATA/LEVELS/LEV1/L1A8/XS DRP0.X
101.07.23 16:00 B S:\Brent\Alphav0.006\DATA\LEVELS\LEV1\L1A8\XS\LZRW.X --> ftp.saffire.com /Builds/PC Retail/alpha/Alphav0.006/DATA/LEVELS/LEV1/L1A8/XS LZRW.X
101.07.23 16:00 B S:\Brent\Alphav0.006\DATA\LEVELS\LEV1\L1A8\XS\MAIN.X --> ftp.saffire.com /Builds/PC Retail/alpha/Alphav0.006/DATA/LEVELS/LEV1/L1A8/XS MAIN.X
101.07.23 16:00 B S:\Brent\Alphav0.006\DATA\LEVELS\LEV1\L1A8\XS\PLNT.X --> ftp.saffire.com /Builds/PC Retail/alpha/Alphav0.006/DATA/LEVELS/LEV1/L1A8/XS PLNT.X
