101.07.23 15:06 B S:\Brent\Alphav0.006\DATA\characters\onua\Anims\1haB.bhd --> ftp.saffire.com /Builds/PC Retail/alpha/Alphav0.006/DATA/characters/onua/Anims 1haB.bhd
101.07.23 15:06 B S:\Brent\Alphav0.006\DATA\characters\onua\Anims\1haB.bkd --> ftp.saffire.com /Builds/PC Retail/alpha/Alphav0.006/DATA/characters/onua/Anims 1haB.bkd
101.07.23 15:06 B S:\Brent\Alphav0.006\DATA\characters\onua\Anims\1haD.bhd --> ftp.saffire.com /Builds/PC Retail/alpha/Alphav0.006/DATA/characters/onua/Anims 1haD.bhd
101.07.23 15:06 B S:\Brent\Alphav0.006\DATA\characters\onua\Anims\1haD.bkd --> ftp.saffire.com /Builds/PC Retail/alpha/Alphav0.006/DATA/characters/onua/Anims 1haD.bkd
101.07.23 15:06 B S:\Brent\Alphav0.006\DATA\characters\onua\Anims\1haL.bhd --> ftp.saffire.com /Builds/PC Retail/alpha/Alphav0.006/DATA/characters/onua/Anims 1haL.bhd
101.07.23 15:06 B S:\Brent\Alphav0.006\DATA\characters\onua\Anims\1haL.bkd --> ftp.saffire.com /Builds/PC Retail/alpha/Alphav0.006/DATA/characters/onua/Anims 1haL.bkd
101.07.23 15:06 B S:\Brent\Alphav0.006\DATA\characters\onua\Anims\1haR.bhd --> ftp.saffire.com /Builds/PC Retail/alpha/Alphav0.006/DATA/characters/onua/Anims 1haR.bhd
101.07.23 15:06 B S:\Brent\Alphav0.006\DATA\characters\onua\Anims\1haR.bkd --> ftp.saffire.com /Builds/PC Retail/alpha/Alphav0.006/DATA/characters/onua/Anims 1haR.bkd
101.07.23 15:06 B S:\Brent\Alphav0.006\DATA\characters\onua\Anims\1haU.bhd --> ftp.saffire.com /Builds/PC Retail/alpha/Alphav0.006/DATA/characters/onua/Anims 1haU.bhd
101.07.23 15:06 B S:\Brent\Alphav0.006\DATA\characters\onua\Anims\1haU.bkd --> ftp.saffire.com /Builds/PC Retail/alpha/Alphav0.006/DATA/characters/onua/Anims 1haU.bkd
101.07.23 15:06 B S:\Brent\Alphav0.006\DATA\characters\onua\Anims\1haW.bhd --> ftp.saffire.com /Builds/PC Retail/alpha/Alphav0.006/DATA/characters/onua/Anims 1haW.bhd
101.07.23 15:06 B S:\Brent\Alphav0.006\DATA\characters\onua\Anims\1haW.bkd --> ftp.saffire.com /Builds/PC Retail/alpha/Alphav0.006/DATA/characters/onua/Anims 1haW.bkd
101.07.23 15:06 B S:\Brent\Alphav0.006\DATA\characters\onua\Anims\Bip01.bkd --> ftp.saffire.com /Builds/PC Retail/alpha/Alphav0.006/DATA/characters/onua/Anims Bip01.bkd
101.07.23 15:06 B S:\Brent\Alphav0.006\DATA\characters\onua\Anims\c104.bhd --> ftp.saffire.com /Builds/PC Retail/alpha/Alphav0.006/DATA/characters/onua/Anims c104.bhd
101.07.23 15:06 B S:\Brent\Alphav0.006\DATA\characters\onua\Anims\c104.bkd --> ftp.saffire.com /Builds/PC Retail/alpha/Alphav0.006/DATA/characters/onua/Anims c104.bkd
101.07.23 15:06 B S:\Brent\Alphav0.006\DATA\characters\onua\Anims\c105.bhd --> ftp.saffire.com /Builds/PC Retail/alpha/Alphav0.006/DATA/characters/onua/Anims c105.bhd
101.07.23 15:06 B S:\Brent\Alphav0.006\DATA\characters\onua\Anims\c105.bkd --> ftp.saffire.com /Builds/PC Retail/alpha/Alphav0.006/DATA/characters/onua/Anims c105.bkd
101.07.23 15:06 B S:\Brent\Alphav0.006\DATA\characters\onua\Anims\c106.bhd --> ftp.saffire.com /Builds/PC Retail/alpha/Alphav0.006/DATA/characters/onua/Anims c106.bhd
101.07.23 15:06 B S:\Brent\Alphav0.006\DATA\characters\onua\Anims\c106.bkd --> ftp.saffire.com /Builds/PC Retail/alpha/Alphav0.006/DATA/characters/onua/Anims c106.bkd
101.07.23 15:06 B S:\Brent\Alphav0.006\DATA\characters\onua\Anims\c11a.bhd --> ftp.saffire.com /Builds/PC Retail/alpha/Alphav0.006/DATA/characters/onua/Anims c11a.bhd
101.07.23 15:07 B S:\Brent\Alphav0.006\DATA\characters\onua\Anims\c11a.bkd --> ftp.saffire.com /Builds/PC Retail/alpha/Alphav0.006/DATA/characters/onua/Anims c11a.bkd
101.07.23 15:07 B S:\Brent\Alphav0.006\DATA\characters\onua\Anims\c120.bhd --> ftp.saffire.com /Builds/PC Retail/alpha/Alphav0.006/DATA/characters/onua/Anims c120.bhd
101.07.23 15:07 B S:\Brent\Alphav0.006\DATA\characters\onua\Anims\c120.bkd --> ftp.saffire.com /Builds/PC Retail/alpha/Alphav0.006/DATA/characters/onua/Anims c120.bkd
101.07.23 15:07 B S:\Brent\Alphav0.006\DATA\characters\onua\Anims\c130.bhd --> ftp.saffire.com /Builds/PC Retail/alpha/Alphav0.006/DATA/characters/onua/Anims c130.bhd
101.07.23 15:07 B S:\Brent\Alphav0.006\DATA\characters\onua\Anims\c130.bkd --> ftp.saffire.com /Builds/PC Retail/alpha/Alphav0.006/DATA/characters/onua/Anims c130.bkd
101.07.23 15:07 B S:\Brent\Alphav0.006\DATA\characters\onua\Anims\c210.bhd --> ftp.saffire.com /Builds/PC Retail/alpha/Alphav0.006/DATA/characters/onua/Anims c210.bhd
101.07.23 15:07 B S:\Brent\Alphav0.006\DATA\characters\onua\Anims\c210.bkd --> ftp.saffire.com /Builds/PC Retail/alpha/Alphav0.006/DATA/characters/onua/Anims c210.bkd
101.07.23 15:07 B S:\Brent\Alphav0.006\DATA\characters\onua\Anims\cin1.bhd --> ftp.saffire.com /Builds/PC Retail/alpha/Alphav0.006/DATA/characters/onua/Anims cin1.bhd
101.07.23 15:07 B S:\Brent\Alphav0.006\DATA\characters\onua\Anims\cin1.bkd --> ftp.saffire.com /Builds/PC Retail/alpha/Alphav0.006/DATA/characters/onua/Anims cin1.bkd
101.07.23 15:07 B S:\Brent\Alphav0.006\DATA\characters\onua\Anims\g000.bhd --> ftp.saffire.com /Builds/PC Retail/alpha/Alphav0.006/DATA/characters/onua/Anims g000.bhd
101.07.23 15:07 B S:\Brent\Alphav0.006\DATA\characters\onua\Anims\g000.bkd --> ftp.saffire.com /Builds/PC Retail/alpha/Alphav0.006/DATA/characters/onua/Anims g000.bkd
101.07.23 15:07 B S:\Brent\Alphav0.006\DATA\characters\onua\Anims\g001.bhd --> ftp.saffire.com /Builds/PC Retail/alpha/Alphav0.006/DATA/characters/onua/Anims g001.bhd
101.07.23 15:07 B S:\Brent\Alphav0.006\DATA\characters\onua\Anims\g001.bkd --> ftp.saffire.com /Builds/PC Retail/alpha/Alphav0.006/DATA/characters/onua/Anims g001.bkd
101.07.23 15:07 B S:\Brent\Alphav0.006\DATA\characters\onua\Anims\g002.bhd --> ftp.saffire.com /Builds/PC Retail/alpha/Alphav0.006/DATA/characters/onua/Anims g002.bhd
101.07.23 15:07 B S:\Brent\Alphav0.006\DATA\characters\onua\Anims\g002.bkd --> ftp.saffire.com /Builds/PC Retail/alpha/Alphav0.006/DATA/characters/onua/Anims g002.bkd
101.07.23 15:07 B S:\Brent\Alphav0.006\DATA\characters\onua\Anims\g003.bhd --> ftp.saffire.com /Builds/PC Retail/alpha/Alphav0.006/DATA/characters/onua/Anims g003.bhd
101.07.23 15:07 B S:\Brent\Alphav0.006\DATA\characters\onua\Anims\g003.bkd --> ftp.saffire.com /Builds/PC Retail/alpha/Alphav0.006/DATA/characters/onua/Anims g003.bkd
101.07.23 15:07 B S:\Brent\Alphav0.006\DATA\characters\onua\Anims\g004.bhd --> ftp.saffire.com /Builds/PC Retail/alpha/Alphav0.006/DATA/characters/onua/Anims g004.bhd
101.07.23 15:07 B S:\Brent\Alphav0.006\DATA\characters\onua\Anims\g004.bkd --> ftp.saffire.com /Builds/PC Retail/alpha/Alphav0.006/DATA/characters/onua/Anims g004.bkd
101.07.23 15:07 B S:\Brent\Alphav0.006\DATA\characters\onua\Anims\g020.bhd --> ftp.saffire.com /Builds/PC Retail/alpha/Alphav0.006/DATA/characters/onua/Anims g020.bhd
101.07.23 15:07 B S:\Brent\Alphav0.006\DATA\characters\onua\Anims\g020.bkd --> ftp.saffire.com /Builds/PC Retail/alpha/Alphav0.006/DATA/characters/onua/Anims g020.bkd
101.07.23 15:07 B S:\Brent\Alphav0.006\DATA\characters\onua\Anims\g021.bhd --> ftp.saffire.com /Builds/PC Retail/alpha/Alphav0.006/DATA/characters/onua/Anims g021.bhd
101.07.23 15:07 B S:\Brent\Alphav0.006\DATA\characters\onua\Anims\g021.bkd --> ftp.saffire.com /Builds/PC Retail/alpha/Alphav0.006/DATA/characters/onua/Anims g021.bkd
101.07.23 15:07 B S:\Brent\Alphav0.006\DATA\characters\onua\Anims\g022.bhd --> ftp.saffire.com /Builds/PC Retail/alpha/Alphav0.006/DATA/characters/onua/Anims g022.bhd
101.07.23 15:07 B S:\Brent\Alphav0.006\DATA\characters\onua\Anims\g022.bkd --> ftp.saffire.com /Builds/PC Retail/alpha/Alphav0.006/DATA/characters/onua/Anims g022.bkd
101.07.23 15:07 B S:\Brent\Alphav0.006\DATA\characters\onua\Anims\g026.bhd --> ftp.saffire.com /Builds/PC Retail/alpha/Alphav0.006/DATA/characters/onua/Anims g026.bhd
101.07.23 15:07 B S:\Brent\Alphav0.006\DATA\characters\onua\Anims\g026.bkd --> ftp.saffire.com /Builds/PC Retail/alpha/Alphav0.006/DATA/characters/onua/Anims g026.bkd
101.07.23 15:07 B S:\Brent\Alphav0.006\DATA\characters\onua\Anims\g027.bhd --> ftp.saffire.com /Builds/PC Retail/alpha/Alphav0.006/DATA/characters/onua/Anims g027.bhd
101.07.23 15:07 B S:\Brent\Alphav0.006\DATA\characters\onua\Anims\g027.bkd --> ftp.saffire.com /Builds/PC Retail/alpha/Alphav0.006/DATA/characters/onua/Anims g027.bkd
101.07.23 15:07 B S:\Brent\Alphav0.006\DATA\characters\onua\Anims\g032.bhd --> ftp.saffire.com /Builds/PC Retail/alpha/Alphav0.006/DATA/characters/onua/Anims g032.bhd
101.07.23 15:07 B S:\Brent\Alphav0.006\DATA\characters\onua\Anims\g032.bkd --> ftp.saffire.com /Builds/PC Retail/alpha/Alphav0.006/DATA/characters/onua/Anims g032.bkd
101.07.23 15:07 B S:\Brent\Alphav0.006\DATA\characters\onua\Anims\g033.bhd --> ftp.saffire.com /Builds/PC Retail/alpha/Alphav0.006/DATA/characters/onua/Anims g033.bhd
101.07.23 15:07 B S:\Brent\Alphav0.006\DATA\characters\onua\Anims\g033.bkd --> ftp.saffire.com /Builds/PC Retail/alpha/Alphav0.006/DATA/characters/onua/Anims g033.bkd
101.07.23 15:07 B S:\Brent\Alphav0.006\DATA\characters\onua\Anims\g034.bhd --> ftp.saffire.com /Builds/PC Retail/alpha/Alphav0.006/DATA/characters/onua/Anims g034.bhd
101.07.23 15:07 B S:\Brent\Alphav0.006\DATA\characters\onua\Anims\g034.bkd --> ftp.saffire.com /Builds/PC Retail/alpha/Alphav0.006/DATA/characters/onua/Anims g034.bkd
101.07.23 15:07 B S:\Brent\Alphav0.006\DATA\characters\onua\Anims\g035.bhd --> ftp.saffire.com /Builds/PC Retail/alpha/Alphav0.006/DATA/characters/onua/Anims g035.bhd
101.07.23 15:07 B S:\Brent\Alphav0.006\DATA\characters\onua\Anims\g035.bkd --> ftp.saffire.com /Builds/PC Retail/alpha/Alphav0.006/DATA/characters/onua/Anims g035.bkd
101.07.23 15:07 B S:\Brent\Alphav0.006\DATA\characters\onua\Anims\g036.bhd --> ftp.saffire.com /Builds/PC Retail/alpha/Alphav0.006/DATA/characters/onua/Anims g036.bhd
101.07.23 15:07 B S:\Brent\Alphav0.006\DATA\characters\onua\Anims\g036.bkd --> ftp.saffire.com /Builds/PC Retail/alpha/Alphav0.006/DATA/characters/onua/Anims g036.bkd
101.07.23 15:07 B S:\Brent\Alphav0.006\DATA\characters\onua\Anims\g037.bhd --> ftp.saffire.com /Builds/PC Retail/alpha/Alphav0.006/DATA/characters/onua/Anims g037.bhd
101.07.23 15:07 B S:\Brent\Alphav0.006\DATA\characters\onua\Anims\g037.bkd --> ftp.saffire.com /Builds/PC Retail/alpha/Alphav0.006/DATA/characters/onua/Anims g037.bkd
101.07.23 15:07 B S:\Brent\Alphav0.006\DATA\characters\onua\Anims\g038.bhd --> ftp.saffire.com /Builds/PC Retail/alpha/Alphav0.006/DATA/characters/onua/Anims g038.bhd
101.07.23 15:07 B S:\Brent\Alphav0.006\DATA\characters\onua\Anims\g038.bkd --> ftp.saffire.com /Builds/PC Retail/alpha/Alphav0.006/DATA/characters/onua/Anims g038.bkd
101.07.23 15:07 B S:\Brent\Alphav0.006\DATA\characters\onua\Anims\g039.bhd --> ftp.saffire.com /Builds/PC Retail/alpha/Alphav0.006/DATA/characters/onua/Anims g039.bhd
101.07.23 15:07 B S:\Brent\Alphav0.006\DATA\characters\onua\Anims\g039.bkd --> ftp.saffire.com /Builds/PC Retail/alpha/Alphav0.006/DATA/characters/onua/Anims g039.bkd
101.07.23 15:07 B S:\Brent\Alphav0.006\DATA\characters\onua\Anims\g040.bhd --> ftp.saffire.com /Builds/PC Retail/alpha/Alphav0.006/DATA/characters/onua/Anims g040.bhd
101.07.23 15:07 B S:\Brent\Alphav0.006\DATA\characters\onua\Anims\g040.bkd --> ftp.saffire.com /Builds/PC Retail/alpha/Alphav0.006/DATA/characters/onua/Anims g040.bkd
101.07.23 15:07 B S:\Brent\Alphav0.006\DATA\characters\onua\Anims\g041.bhd --> ftp.saffire.com /Builds/PC Retail/alpha/Alphav0.006/DATA/characters/onua/Anims g041.bhd
101.07.23 15:07 B S:\Brent\Alphav0.006\DATA\characters\onua\Anims\g041.bkd --> ftp.saffire.com /Builds/PC Retail/alpha/Alphav0.006/DATA/characters/onua/Anims g041.bkd
101.07.23 15:07 B S:\Brent\Alphav0.006\DATA\characters\onua\Anims\g042.bhd --> ftp.saffire.com /Builds/PC Retail/alpha/Alphav0.006/DATA/characters/onua/Anims g042.bhd
101.07.23 15:07 B S:\Brent\Alphav0.006\DATA\characters\onua\Anims\g042.bkd --> ftp.saffire.com /Builds/PC Retail/alpha/Alphav0.006/DATA/characters/onua/Anims g042.bkd
101.07.23 15:07 B S:\Brent\Alphav0.006\DATA\characters\onua\Anims\g043.bhd --> ftp.saffire.com /Builds/PC Retail/alpha/Alphav0.006/DATA/characters/onua/Anims g043.bhd
101.07.23 15:07 B S:\Brent\Alphav0.006\DATA\characters\onua\Anims\g043.bkd --> ftp.saffire.com /Builds/PC Retail/alpha/Alphav0.006/DATA/characters/onua/Anims g043.bkd
101.07.23 15:07 B S:\Brent\Alphav0.006\DATA\characters\onua\Anims\g044.bhd --> ftp.saffire.com /Builds/PC Retail/alpha/Alphav0.006/DATA/characters/onua/Anims g044.bhd
101.07.23 15:07 B S:\Brent\Alphav0.006\DATA\characters\onua\Anims\g044.bkd --> ftp.saffire.com /Builds/PC Retail/alpha/Alphav0.006/DATA/characters/onua/Anims g044.bkd
101.07.23 15:07 B S:\Brent\Alphav0.006\DATA\characters\onua\Anims\g045.bhd --> ftp.saffire.com /Builds/PC Retail/alpha/Alphav0.006/DATA/characters/onua/Anims g045.bhd
101.07.23 15:07 B S:\Brent\Alphav0.006\DATA\characters\onua\Anims\g045.bkd --> ftp.saffire.com /Builds/PC Retail/alpha/Alphav0.006/DATA/characters/onua/Anims g045.bkd
101.07.23 15:07 B S:\Brent\Alphav0.006\DATA\characters\onua\Anims\g046.bhd --> ftp.saffire.com /Builds/PC Retail/alpha/Alphav0.006/DATA/characters/onua/Anims g046.bhd
101.07.23 15:07 B S:\Brent\Alphav0.006\DATA\characters\onua\Anims\g046.bkd --> ftp.saffire.com /Builds/PC Retail/alpha/Alphav0.006/DATA/characters/onua/Anims g046.bkd
101.07.23 15:07 B S:\Brent\Alphav0.006\DATA\characters\onua\Anims\g047.bhd --> ftp.saffire.com /Builds/PC Retail/alpha/Alphav0.006/DATA/characters/onua/Anims g047.bhd
101.07.23 15:07 B S:\Brent\Alphav0.006\DATA\characters\onua\Anims\g047.bkd --> ftp.saffire.com /Builds/PC Retail/alpha/Alphav0.006/DATA/characters/onua/Anims g047.bkd
101.07.23 15:07 B S:\Brent\Alphav0.006\DATA\characters\onua\Anims\g048.bhd --> ftp.saffire.com /Builds/PC Retail/alpha/Alphav0.006/DATA/characters/onua/Anims g048.bhd
101.07.23 15:07 B S:\Brent\Alphav0.006\DATA\characters\onua\Anims\g048.bkd --> ftp.saffire.com /Builds/PC Retail/alpha/Alphav0.006/DATA/characters/onua/Anims g048.bkd
101.07.23 15:07 B S:\Brent\Alphav0.006\DATA\characters\onua\Anims\g049.bhd --> ftp.saffire.com /Builds/PC Retail/alpha/Alphav0.006/DATA/characters/onua/Anims g049.bhd
101.07.23 15:07 B S:\Brent\Alphav0.006\DATA\characters\onua\Anims\g049.bkd --> ftp.saffire.com /Builds/PC Retail/alpha/Alphav0.006/DATA/characters/onua/Anims g049.bkd
101.07.23 15:08 B S:\Brent\Alphav0.006\DATA\characters\onua\Anims\g050.bhd --> ftp.saffire.com /Builds/PC Retail/alpha/Alphav0.006/DATA/characters/onua/Anims g050.bhd
101.07.23 15:08 B S:\Brent\Alphav0.006\DATA\characters\onua\Anims\g050.bkd --> ftp.saffire.com /Builds/PC Retail/alpha/Alphav0.006/DATA/characters/onua/Anims g050.bkd
101.07.23 15:08 B S:\Brent\Alphav0.006\DATA\characters\onua\Anims\g051.bhd --> ftp.saffire.com /Builds/PC Retail/alpha/Alphav0.006/DATA/characters/onua/Anims g051.bhd
101.07.23 15:08 B S:\Brent\Alphav0.006\DATA\characters\onua\Anims\g051.bkd --> ftp.saffire.com /Builds/PC Retail/alpha/Alphav0.006/DATA/characters/onua/Anims g051.bkd
101.07.23 15:08 B S:\Brent\Alphav0.006\DATA\characters\onua\Anims\g052.bhd --> ftp.saffire.com /Builds/PC Retail/alpha/Alphav0.006/DATA/characters/onua/Anims g052.bhd
101.07.23 15:08 B S:\Brent\Alphav0.006\DATA\characters\onua\Anims\g052.bkd --> ftp.saffire.com /Builds/PC Retail/alpha/Alphav0.006/DATA/characters/onua/Anims g052.bkd
101.07.23 15:08 B S:\Brent\Alphav0.006\DATA\characters\onua\Anims\g053.bhd --> ftp.saffire.com /Builds/PC Retail/alpha/Alphav0.006/DATA/characters/onua/Anims g053.bhd
101.07.23 15:08 B S:\Brent\Alphav0.006\DATA\characters\onua\Anims\g053.bkd --> ftp.saffire.com /Builds/PC Retail/alpha/Alphav0.006/DATA/characters/onua/Anims g053.bkd
101.07.23 15:08 B S:\Brent\Alphav0.006\DATA\characters\onua\Anims\g054.bhd --> ftp.saffire.com /Builds/PC Retail/alpha/Alphav0.006/DATA/characters/onua/Anims g054.bhd
101.07.23 15:08 B S:\Brent\Alphav0.006\DATA\characters\onua\Anims\g054.bkd --> ftp.saffire.com /Builds/PC Retail/alpha/Alphav0.006/DATA/characters/onua/Anims g054.bkd
101.07.23 15:08 B S:\Brent\Alphav0.006\DATA\characters\onua\Anims\gali_IDs.list --> ftp.saffire.com /Builds/PC Retail/alpha/Alphav0.006/DATA/characters/onua/Anims gali_IDs.list
101.07.23 15:08 B S:\Brent\Alphav0.006\DATA\characters\onua\Anims\o000.bkd --> ftp.saffire.com /Builds/PC Retail/alpha/Alphav0.006/DATA/characters/onua/Anims o000.bkd
101.07.23 15:08 B S:\Brent\Alphav0.006\DATA\characters\onua\Anims\o001.bkd --> ftp.saffire.com /Builds/PC Retail/alpha/Alphav0.006/DATA/characters/onua/Anims o001.bkd
101.07.23 15:08 B S:\Brent\Alphav0.006\DATA\characters\onua\Anims\o002.bkd --> ftp.saffire.com /Builds/PC Retail/alpha/Alphav0.006/DATA/characters/onua/Anims o002.bkd
101.07.23 15:08 B S:\Brent\Alphav0.006\DATA\characters\onua\Anims\o003.bkd --> ftp.saffire.com /Builds/PC Retail/alpha/Alphav0.006/DATA/characters/onua/Anims o003.bkd
101.07.23 15:08 B S:\Brent\Alphav0.006\DATA\characters\onua\Anims\o004.bkd --> ftp.saffire.com /Builds/PC Retail/alpha/Alphav0.006/DATA/characters/onua/Anims o004.bkd
101.07.23 15:08 B S:\Brent\Alphav0.006\DATA\characters\onua\Anims\o010.bkd --> ftp.saffire.com /Builds/PC Retail/alpha/Alphav0.006/DATA/characters/onua/Anims o010.bkd
101.07.23 15:08 B S:\Brent\Alphav0.006\DATA\characters\onua\Anims\o011.bkd --> ftp.saffire.com /Builds/PC Retail/alpha/Alphav0.006/DATA/characters/onua/Anims o011.bkd
101.07.23 15:08 B S:\Brent\Alphav0.006\DATA\characters\onua\Anims\o012.bkd --> ftp.saffire.com /Builds/PC Retail/alpha/Alphav0.006/DATA/characters/onua/Anims o012.bkd
101.07.23 15:08 B S:\Brent\Alphav0.006\DATA\characters\onua\Anims\o013.bhd --> ftp.saffire.com /Builds/PC Retail/alpha/Alphav0.006/DATA/characters/onua/Anims o013.bhd
101.07.23 15:08 B S:\Brent\Alphav0.006\DATA\characters\onua\Anims\o013.bkd --> ftp.saffire.com /Builds/PC Retail/alpha/Alphav0.006/DATA/characters/onua/Anims o013.bkd
101.07.23 15:08 B S:\Brent\Alphav0.006\DATA\characters\onua\Anims\o014.bkd --> ftp.saffire.com /Builds/PC Retail/alpha/Alphav0.006/DATA/characters/onua/Anims o014.bkd
101.07.23 15:08 B S:\Brent\Alphav0.006\DATA\characters\onua\Anims\o015.bkd --> ftp.saffire.com /Builds/PC Retail/alpha/Alphav0.006/DATA/characters/onua/Anims o015.bkd
101.07.23 15:08 B S:\Brent\Alphav0.006\DATA\characters\onua\Anims\o016.bkd --> ftp.saffire.com /Builds/PC Retail/alpha/Alphav0.006/DATA/characters/onua/Anims o016.bkd
101.07.23 15:08 B S:\Brent\Alphav0.006\DATA\characters\onua\Anims\o017.bhd --> ftp.saffire.com /Builds/PC Retail/alpha/Alphav0.006/DATA/characters/onua/Anims o017.bhd
101.07.23 15:08 B S:\Brent\Alphav0.006\DATA\characters\onua\Anims\o017.bkd --> ftp.saffire.com /Builds/PC Retail/alpha/Alphav0.006/DATA/characters/onua/Anims o017.bkd
101.07.23 15:08 B S:\Brent\Alphav0.006\DATA\characters\onua\Anims\o018.bhd --> ftp.saffire.com /Builds/PC Retail/alpha/Alphav0.006/DATA/characters/onua/Anims o018.bhd
101.07.23 15:08 B S:\Brent\Alphav0.006\DATA\characters\onua\Anims\o018.bkd --> ftp.saffire.com /Builds/PC Retail/alpha/Alphav0.006/DATA/characters/onua/Anims o018.bkd
101.07.23 15:08 B S:\Brent\Alphav0.006\DATA\characters\onua\Anims\o019.bkd --> ftp.saffire.com /Builds/PC Retail/alpha/Alphav0.006/DATA/characters/onua/Anims o019.bkd
101.07.23 15:08 B S:\Brent\Alphav0.006\DATA\characters\onua\Anims\o020.bkd --> ftp.saffire.com /Builds/PC Retail/alpha/Alphav0.006/DATA/characters/onua/Anims o020.bkd
101.07.23 15:08 B S:\Brent\Alphav0.006\DATA\characters\onua\Anims\o021.bkd --> ftp.saffire.com /Builds/PC Retail/alpha/Alphav0.006/DATA/characters/onua/Anims o021.bkd
101.07.23 15:08 B S:\Brent\Alphav0.006\DATA\characters\onua\Anims\o022.bkd --> ftp.saffire.com /Builds/PC Retail/alpha/Alphav0.006/DATA/characters/onua/Anims o022.bkd
101.07.23 15:08 B S:\Brent\Alphav0.006\DATA\characters\onua\Anims\o027.bkd --> ftp.saffire.com /Builds/PC Retail/alpha/Alphav0.006/DATA/characters/onua/Anims o027.bkd
101.07.23 15:08 B S:\Brent\Alphav0.006\DATA\characters\onua\Anims\o028.bkd --> ftp.saffire.com /Builds/PC Retail/alpha/Alphav0.006/DATA/characters/onua/Anims o028.bkd
101.07.23 15:08 B S:\Brent\Alphav0.006\DATA\characters\onua\Anims\o029.bkd --> ftp.saffire.com /Builds/PC Retail/alpha/Alphav0.006/DATA/characters/onua/Anims o029.bkd
101.07.23 15:08 B S:\Brent\Alphav0.006\DATA\characters\onua\Anims\o030.bkd --> ftp.saffire.com /Builds/PC Retail/alpha/Alphav0.006/DATA/characters/onua/Anims o030.bkd
101.07.23 15:08 B S:\Brent\Alphav0.006\DATA\characters\onua\Anims\o032.bkd --> ftp.saffire.com /Builds/PC Retail/alpha/Alphav0.006/DATA/characters/onua/Anims o032.bkd
101.07.23 15:08 B S:\Brent\Alphav0.006\DATA\characters\onua\Anims\o033.bkd --> ftp.saffire.com /Builds/PC Retail/alpha/Alphav0.006/DATA/characters/onua/Anims o033.bkd
101.07.23 15:08 B S:\Brent\Alphav0.006\DATA\characters\onua\Anims\o034.bkd --> ftp.saffire.com /Builds/PC Retail/alpha/Alphav0.006/DATA/characters/onua/Anims o034.bkd
101.07.23 15:08 B S:\Brent\Alphav0.006\DATA\characters\onua\Anims\o036.bkd --> ftp.saffire.com /Builds/PC Retail/alpha/Alphav0.006/DATA/characters/onua/Anims o036.bkd
101.07.23 15:08 B S:\Brent\Alphav0.006\DATA\characters\onua\Anims\o037.bhd --> ftp.saffire.com /Builds/PC Retail/alpha/Alphav0.006/DATA/characters/onua/Anims o037.bhd
101.07.23 15:08 B S:\Brent\Alphav0.006\DATA\characters\onua\Anims\o037.bkd --> ftp.saffire.com /Builds/PC Retail/alpha/Alphav0.006/DATA/characters/onua/Anims o037.bkd
101.07.23 15:08 B S:\Brent\Alphav0.006\DATA\characters\onua\Anims\o038.bhd --> ftp.saffire.com /Builds/PC Retail/alpha/Alphav0.006/DATA/characters/onua/Anims o038.bhd
101.07.23 15:08 B S:\Brent\Alphav0.006\DATA\characters\onua\Anims\o038.bkd --> ftp.saffire.com /Builds/PC Retail/alpha/Alphav0.006/DATA/characters/onua/Anims o038.bkd
101.07.23 15:08 B S:\Brent\Alphav0.006\DATA\characters\onua\Anims\o039.bhd --> ftp.saffire.com /Builds/PC Retail/alpha/Alphav0.006/DATA/characters/onua/Anims o039.bhd
101.07.23 15:08 B S:\Brent\Alphav0.006\DATA\characters\onua\Anims\o039.bkd --> ftp.saffire.com /Builds/PC Retail/alpha/Alphav0.006/DATA/characters/onua/Anims o039.bkd
101.07.23 15:08 B S:\Brent\Alphav0.006\DATA\characters\onua\Anims\o040.bhd --> ftp.saffire.com /Builds/PC Retail/alpha/Alphav0.006/DATA/characters/onua/Anims o040.bhd
101.07.23 15:08 B S:\Brent\Alphav0.006\DATA\characters\onua\Anims\o040.bkd --> ftp.saffire.com /Builds/PC Retail/alpha/Alphav0.006/DATA/characters/onua/Anims o040.bkd
101.07.23 15:08 B S:\Brent\Alphav0.006\DATA\characters\onua\Anims\o041.bhd --> ftp.saffire.com /Builds/PC Retail/alpha/Alphav0.006/DATA/characters/onua/Anims o041.bhd
101.07.23 15:08 B S:\Brent\Alphav0.006\DATA\characters\onua\Anims\o041.bkd --> ftp.saffire.com /Builds/PC Retail/alpha/Alphav0.006/DATA/characters/onua/Anims o041.bkd
101.07.23 15:08 B S:\Brent\Alphav0.006\DATA\characters\onua\Anims\o042.bhd --> ftp.saffire.com /Builds/PC Retail/alpha/Alphav0.006/DATA/characters/onua/Anims o042.bhd
101.07.23 15:08 B S:\Brent\Alphav0.006\DATA\characters\onua\Anims\o042.bkd --> ftp.saffire.com /Builds/PC Retail/alpha/Alphav0.006/DATA/characters/onua/Anims o042.bkd
101.07.23 15:08 B S:\Brent\Alphav0.006\DATA\characters\onua\Anims\o043.bhd --> ftp.saffire.com /Builds/PC Retail/alpha/Alphav0.006/DATA/characters/onua/Anims o043.bhd
101.07.23 15:08 B S:\Brent\Alphav0.006\DATA\characters\onua\Anims\o043.bkd --> ftp.saffire.com /Builds/PC Retail/alpha/Alphav0.006/DATA/characters/onua/Anims o043.bkd
101.07.23 15:08 B S:\Brent\Alphav0.006\DATA\characters\onua\Anims\o044.bhd --> ftp.saffire.com /Builds/PC Retail/alpha/Alphav0.006/DATA/characters/onua/Anims o044.bhd
101.07.23 15:08 B S:\Brent\Alphav0.006\DATA\characters\onua\Anims\o044.bkd --> ftp.saffire.com /Builds/PC Retail/alpha/Alphav0.006/DATA/characters/onua/Anims o044.bkd
101.07.23 15:08 B S:\Brent\Alphav0.006\DATA\characters\onua\Anims\o045.bhd --> ftp.saffire.com /Builds/PC Retail/alpha/Alphav0.006/DATA/characters/onua/Anims o045.bhd
101.07.23 15:08 B S:\Brent\Alphav0.006\DATA\characters\onua\Anims\o045.bkd --> ftp.saffire.com /Builds/PC Retail/alpha/Alphav0.006/DATA/characters/onua/Anims o045.bkd
101.07.23 15:08 B S:\Brent\Alphav0.006\DATA\characters\onua\Anims\o046.bhd --> ftp.saffire.com /Builds/PC Retail/alpha/Alphav0.006/DATA/characters/onua/Anims o046.bhd
101.07.23 15:08 B S:\Brent\Alphav0.006\DATA\characters\onua\Anims\o046.bkd --> ftp.saffire.com /Builds/PC Retail/alpha/Alphav0.006/DATA/characters/onua/Anims o046.bkd
101.07.23 15:08 B S:\Brent\Alphav0.006\DATA\characters\onua\Anims\o047.bhd --> ftp.saffire.com /Builds/PC Retail/alpha/Alphav0.006/DATA/characters/onua/Anims o047.bhd
101.07.23 15:08 B S:\Brent\Alphav0.006\DATA\characters\onua\Anims\o047.bkd --> ftp.saffire.com /Builds/PC Retail/alpha/Alphav0.006/DATA/characters/onua/Anims o047.bkd
101.07.23 15:08 B S:\Brent\Alphav0.006\DATA\characters\onua\Anims\o048.bhd --> ftp.saffire.com /Builds/PC Retail/alpha/Alphav0.006/DATA/characters/onua/Anims o048.bhd
101.07.23 15:08 B S:\Brent\Alphav0.006\DATA\characters\onua\Anims\o048.bkd --> ftp.saffire.com /Builds/PC Retail/alpha/Alphav0.006/DATA/characters/onua/Anims o048.bkd
101.07.23 15:08 B S:\Brent\Alphav0.006\DATA\characters\onua\Anims\o049.bhd --> ftp.saffire.com /Builds/PC Retail/alpha/Alphav0.006/DATA/characters/onua/Anims o049.bhd
101.07.23 15:08 B S:\Brent\Alphav0.006\DATA\characters\onua\Anims\o049.bkd --> ftp.saffire.com /Builds/PC Retail/alpha/Alphav0.006/DATA/characters/onua/Anims o049.bkd
101.07.23 15:08 B S:\Brent\Alphav0.006\DATA\characters\onua\Anims\o050.bhd --> ftp.saffire.com /Builds/PC Retail/alpha/Alphav0.006/DATA/characters/onua/Anims o050.bhd
101.07.23 15:08 B S:\Brent\Alphav0.006\DATA\characters\onua\Anims\o050.bkd --> ftp.saffire.com /Builds/PC Retail/alpha/Alphav0.006/DATA/characters/onua/Anims o050.bkd
101.07.23 15:08 B S:\Brent\Alphav0.006\DATA\characters\onua\Anims\o051.bhd --> ftp.saffire.com /Builds/PC Retail/alpha/Alphav0.006/DATA/characters/onua/Anims o051.bhd
101.07.23 15:08 B S:\Brent\Alphav0.006\DATA\characters\onua\Anims\o051.bkd --> ftp.saffire.com /Builds/PC Retail/alpha/Alphav0.006/DATA/characters/onua/Anims o051.bkd
101.07.23 15:08 B S:\Brent\Alphav0.006\DATA\characters\onua\Anims\o052.bhd --> ftp.saffire.com /Builds/PC Retail/alpha/Alphav0.006/DATA/characters/onua/Anims o052.bhd
101.07.23 15:08 B S:\Brent\Alphav0.006\DATA\characters\onua\Anims\o052.bkd --> ftp.saffire.com /Builds/PC Retail/alpha/Alphav0.006/DATA/characters/onua/Anims o052.bkd
101.07.23 15:08 B S:\Brent\Alphav0.006\DATA\characters\onua\Anims\o053.bhd --> ftp.saffire.com /Builds/PC Retail/alpha/Alphav0.006/DATA/characters/onua/Anims o053.bhd
101.07.23 15:08 B S:\Brent\Alphav0.006\DATA\characters\onua\Anims\o053.bkd --> ftp.saffire.com /Builds/PC Retail/alpha/Alphav0.006/DATA/characters/onua/Anims o053.bkd
101.07.23 15:08 B S:\Brent\Alphav0.006\DATA\characters\onua\Anims\o054.bhd --> ftp.saffire.com /Builds/PC Retail/alpha/Alphav0.006/DATA/characters/onua/Anims o054.bhd
101.07.23 15:08 B S:\Brent\Alphav0.006\DATA\characters\onua\Anims\o054.bkd --> ftp.saffire.com /Builds/PC Retail/alpha/Alphav0.006/DATA/characters/onua/Anims o054.bkd
101.07.23 15:08 B S:\Brent\Alphav0.006\DATA\characters\onua\Anims\o055.bhd --> ftp.saffire.com /Builds/PC Retail/alpha/Alphav0.006/DATA/characters/onua/Anims o055.bhd
101.07.23 15:08 B S:\Brent\Alphav0.006\DATA\characters\onua\Anims\o055.bkd --> ftp.saffire.com /Builds/PC Retail/alpha/Alphav0.006/DATA/characters/onua/Anims o055.bkd
101.07.23 15:08 B S:\Brent\Alphav0.006\DATA\characters\onua\Anims\o056.bhd --> ftp.saffire.com /Builds/PC Retail/alpha/Alphav0.006/DATA/characters/onua/Anims o056.bhd
101.07.23 15:08 B S:\Brent\Alphav0.006\DATA\characters\onua\Anims\o056.bkd --> ftp.saffire.com /Builds/PC Retail/alpha/Alphav0.006/DATA/characters/onua/Anims o056.bkd
101.07.23 15:08 B S:\Brent\Alphav0.006\DATA\characters\onua\Anims\o057.bhd --> ftp.saffire.com /Builds/PC Retail/alpha/Alphav0.006/DATA/characters/onua/Anims o057.bhd
101.07.23 15:08 B S:\Brent\Alphav0.006\DATA\characters\onua\Anims\o057.bkd --> ftp.saffire.com /Builds/PC Retail/alpha/Alphav0.006/DATA/characters/onua/Anims o057.bkd
101.07.23 15:08 B S:\Brent\Alphav0.006\DATA\characters\onua\Anims\o058.bhd --> ftp.saffire.com /Builds/PC Retail/alpha/Alphav0.006/DATA/characters/onua/Anims o058.bhd
101.07.23 15:08 B S:\Brent\Alphav0.006\DATA\characters\onua\Anims\o058.bkd --> ftp.saffire.com /Builds/PC Retail/alpha/Alphav0.006/DATA/characters/onua/Anims o058.bkd
101.07.23 15:08 B S:\Brent\Alphav0.006\DATA\characters\onua\Anims\o059.bhd --> ftp.saffire.com /Builds/PC Retail/alpha/Alphav0.006/DATA/characters/onua/Anims o059.bhd
101.07.23 15:08 B S:\Brent\Alphav0.006\DATA\characters\onua\Anims\o059.bkd --> ftp.saffire.com /Builds/PC Retail/alpha/Alphav0.006/DATA/characters/onua/Anims o059.bkd
101.07.23 15:08 B S:\Brent\Alphav0.006\DATA\characters\onua\Anims\o060.bhd --> ftp.saffire.com /Builds/PC Retail/alpha/Alphav0.006/DATA/characters/onua/Anims o060.bhd
101.07.23 15:08 B S:\Brent\Alphav0.006\DATA\characters\onua\Anims\o060.bkd --> ftp.saffire.com /Builds/PC Retail/alpha/Alphav0.006/DATA/characters/onua/Anims o060.bkd
101.07.23 15:08 B S:\Brent\Alphav0.006\DATA\characters\onua\Anims\o061.bhd --> ftp.saffire.com /Builds/PC Retail/alpha/Alphav0.006/DATA/characters/onua/Anims o061.bhd
101.07.23 15:09 B S:\Brent\Alphav0.006\DATA\characters\onua\Anims\o061.bkd --> ftp.saffire.com /Builds/PC Retail/alpha/Alphav0.006/DATA/characters/onua/Anims o061.bkd
101.07.23 15:09 B S:\Brent\Alphav0.006\DATA\characters\onua\Anims\on_grab_hang.bhd --> ftp.saffire.com /Builds/PC Retail/alpha/Alphav0.006/DATA/characters/onua/Anims on_grab_hang.bhd
101.07.23 15:09 B S:\Brent\Alphav0.006\DATA\characters\onua\Anims\on_hanging.bhd --> ftp.saffire.com /Builds/PC Retail/alpha/Alphav0.006/DATA/characters/onua/Anims on_hanging.bhd
101.07.23 15:09 B S:\Brent\Alphav0.006\DATA\characters\onua\Anims\onua_IDs.list --> ftp.saffire.com /Builds/PC Retail/alpha/Alphav0.006/DATA/characters/onua/Anims onua_IDs.list
