101.07.23 14:48 B S:\Brent\Alphav0.006\DATA\ART\EDITOR\FF_Active.tga --> ftp.saffire.com /Builds/PC Retail/alpha/Alphav0.006/DATA/ART/EDITOR FF_Active.tga
101.07.23 14:48 B S:\Brent\Alphav0.006\DATA\ART\EDITOR\FF_Button.tga --> ftp.saffire.com /Builds/PC Retail/alpha/Alphav0.006/DATA/ART/EDITOR FF_Button.tga
101.07.23 14:48 B S:\Brent\Alphav0.006\DATA\ART\EDITOR\FF_Selected.tga --> ftp.saffire.com /Builds/PC Retail/alpha/Alphav0.006/DATA/ART/EDITOR FF_Selected.tga
101.07.23 14:48 B S:\Brent\Alphav0.006\DATA\ART\EDITOR\FFrame_Active.tga --> ftp.saffire.com /Builds/PC Retail/alpha/Alphav0.006/DATA/ART/EDITOR FFrame_Active.tga
101.07.23 14:48 B S:\Brent\Alphav0.006\DATA\ART\EDITOR\FFrame_Button.tga --> ftp.saffire.com /Builds/PC Retail/alpha/Alphav0.006/DATA/ART/EDITOR FFrame_Button.tga
101.07.23 14:48 B S:\Brent\Alphav0.006\DATA\ART\EDITOR\FFrame_Selected.tga --> ftp.saffire.com /Builds/PC Retail/alpha/Alphav0.006/DATA/ART/EDITOR FFrame_Selected.tga
101.07.23 14:48 B S:\Brent\Alphav0.006\DATA\ART\EDITOR\Pause_Active.tga --> ftp.saffire.com /Builds/PC Retail/alpha/Alphav0.006/DATA/ART/EDITOR Pause_Active.tga
101.07.23 14:48 B S:\Brent\Alphav0.006\DATA\ART\EDITOR\Pause_Button.tga --> ftp.saffire.com /Builds/PC Retail/alpha/Alphav0.006/DATA/ART/EDITOR Pause_Button.tga
101.07.23 14:48 B S:\Brent\Alphav0.006\DATA\ART\EDITOR\Pause_Selected.tga --> ftp.saffire.com /Builds/PC Retail/alpha/Alphav0.006/DATA/ART/EDITOR Pause_Selected.tga
101.07.23 14:48 B S:\Brent\Alphav0.006\DATA\ART\EDITOR\Play_Active.tga --> ftp.saffire.com /Builds/PC Retail/alpha/Alphav0.006/DATA/ART/EDITOR Play_Active.tga
101.07.23 14:48 B S:\Brent\Alphav0.006\DATA\ART\EDITOR\Play_Button.tga --> ftp.saffire.com /Builds/PC Retail/alpha/Alphav0.006/DATA/ART/EDITOR Play_Button.tga
101.07.23 14:48 B S:\Brent\Alphav0.006\DATA\ART\EDITOR\Play_Selected.tga --> ftp.saffire.com /Builds/PC Retail/alpha/Alphav0.006/DATA/ART/EDITOR Play_Selected.tga
101.07.23 14:48 B S:\Brent\Alphav0.006\DATA\ART\EDITOR\Rew_Active.tga --> ftp.saffire.com /Builds/PC Retail/alpha/Alphav0.006/DATA/ART/EDITOR Rew_Active.tga
101.07.23 14:48 B S:\Brent\Alphav0.006\DATA\ART\EDITOR\Rew_Button.tga --> ftp.saffire.com /Builds/PC Retail/alpha/Alphav0.006/DATA/ART/EDITOR Rew_Button.tga
101.07.23 14:48 B S:\Brent\Alphav0.006\DATA\ART\EDITOR\Rew_Selected.tga --> ftp.saffire.com /Builds/PC Retail/alpha/Alphav0.006/DATA/ART/EDITOR Rew_Selected.tga
101.07.23 14:48 B S:\Brent\Alphav0.006\DATA\ART\EDITOR\RFrame_Active.tga --> ftp.saffire.com /Builds/PC Retail/alpha/Alphav0.006/DATA/ART/EDITOR RFrame_Active.tga
101.07.23 14:48 B S:\Brent\Alphav0.006\DATA\ART\EDITOR\RFrame_Button.tga --> ftp.saffire.com /Builds/PC Retail/alpha/Alphav0.006/DATA/ART/EDITOR RFrame_Button.tga
101.07.23 14:48 B S:\Brent\Alphav0.006\DATA\ART\EDITOR\RFrame_Selected.tga --> ftp.saffire.com /Builds/PC Retail/alpha/Alphav0.006/DATA/ART/EDITOR RFrame_Selected.tga
101.07.23 14:48 B S:\Brent\Alphav0.006\DATA\ART\EDITOR\Save_Active.tga --> ftp.saffire.com /Builds/PC Retail/alpha/Alphav0.006/DATA/ART/EDITOR Save_Active.tga
101.07.23 14:48 B S:\Brent\Alphav0.006\DATA\ART\EDITOR\Save_Button.tga --> ftp.saffire.com /Builds/PC Retail/alpha/Alphav0.006/DATA/ART/EDITOR Save_Button.tga
101.07.23 14:48 B S:\Brent\Alphav0.006\DATA\ART\EDITOR\Save_Selected.tga --> ftp.saffire.com /Builds/PC Retail/alpha/Alphav0.006/DATA/ART/EDITOR Save_Selected.tga
101.07.23 14:48 B S:\Brent\Alphav0.006\DATA\ART\EDITOR\Stop_Active.tga --> ftp.saffire.com /Builds/PC Retail/alpha/Alphav0.006/DATA/ART/EDITOR Stop_Active.tga
101.07.23 14:48 B S:\Brent\Alphav0.006\DATA\ART\EDITOR\Stop_Button.tga --> ftp.saffire.com /Builds/PC Retail/alpha/Alphav0.006/DATA/ART/EDITOR Stop_Button.tga
101.07.23 14:48 B S:\Brent\Alphav0.006\DATA\ART\EDITOR\Stop_Selected.tga --> ftp.saffire.com /Builds/PC Retail/alpha/Alphav0.006/DATA/ART/EDITOR Stop_Selected.tga
101.07.23 14:48 B S:\Brent\Alphav0.006\DATA\ART\EDITOR\TextA_Active.tga --> ftp.saffire.com /Builds/PC Retail/alpha/Alphav0.006/DATA/ART/EDITOR TextA_Active.tga
101.07.23 14:48 B S:\Brent\Alphav0.006\DATA\ART\EDITOR\TextA_Button.tga --> ftp.saffire.com /Builds/PC Retail/alpha/Alphav0.006/DATA/ART/EDITOR TextA_Button.tga
101.07.23 14:48 B S:\Brent\Alphav0.006\DATA\ART\EDITOR\TextA_Selected.tga --> ftp.saffire.com /Builds/PC Retail/alpha/Alphav0.006/DATA/ART/EDITOR TextA_Selected.tga
101.07.23 14:48 B S:\Brent\Alphav0.006\DATA\ART\EDITOR\TextC_Active.tga --> ftp.saffire.com /Builds/PC Retail/alpha/Alphav0.006/DATA/ART/EDITOR TextC_Active.tga
101.07.23 14:48 B S:\Brent\Alphav0.006\DATA\ART\EDITOR\TextC_Button.tga --> ftp.saffire.com /Builds/PC Retail/alpha/Alphav0.006/DATA/ART/EDITOR TextC_Button.tga
101.07.23 14:48 B S:\Brent\Alphav0.006\DATA\ART\EDITOR\TextC_Selected.tga --> ftp.saffire.com /Builds/PC Retail/alpha/Alphav0.006/DATA/ART/EDITOR TextC_Selected.tga
101.07.23 14:48 B S:\Brent\Alphav0.006\DATA\ART\EDITOR\TextD_Active.tga --> ftp.saffire.com /Builds/PC Retail/alpha/Alphav0.006/DATA/ART/EDITOR TextD_Active.tga
101.07.23 14:48 B S:\Brent\Alphav0.006\DATA\ART\EDITOR\TextD_Button.tga --> ftp.saffire.com /Builds/PC Retail/alpha/Alphav0.006/DATA/ART/EDITOR TextD_Button.tga
101.07.23 14:48 B S:\Brent\Alphav0.006\DATA\ART\EDITOR\TextD_Selected.tga --> ftp.saffire.com /Builds/PC Retail/alpha/Alphav0.006/DATA/ART/EDITOR TextD_Selected.tga
101.07.23 14:48 B S:\Brent\Alphav0.006\DATA\ART\EDITOR\TextE_Active.tga --> ftp.saffire.com /Builds/PC Retail/alpha/Alphav0.006/DATA/ART/EDITOR TextE_Active.tga
101.07.23 14:48 B S:\Brent\Alphav0.006\DATA\ART\EDITOR\TextE_Button.tga --> ftp.saffire.com /Builds/PC Retail/alpha/Alphav0.006/DATA/ART/EDITOR TextE_Button.tga
101.07.23 14:48 B S:\Brent\Alphav0.006\DATA\ART\EDITOR\TextE_Selected.tga --> ftp.saffire.com /Builds/PC Retail/alpha/Alphav0.006/DATA/ART/EDITOR TextE_Selected.tga
