101.07.23 15:11 B S:\Brent\Alphav0.006\DATA\characters\poha\Anims\Bip01.bkd --> ftp.saffire.com /Builds/PC Retail/alpha/Alphav0.006/DATA/characters/poha/Anims Bip01.bkd
101.07.23 15:11 B S:\Brent\Alphav0.006\DATA\characters\poha\Anims\c301.bhd --> ftp.saffire.com /Builds/PC Retail/alpha/Alphav0.006/DATA/characters/poha/Anims c301.bhd
101.07.23 15:11 B S:\Brent\Alphav0.006\DATA\characters\poha\Anims\c301.bkd --> ftp.saffire.com /Builds/PC Retail/alpha/Alphav0.006/DATA/characters/poha/Anims c301.bkd
101.07.23 15:11 B S:\Brent\Alphav0.006\DATA\characters\poha\Anims\c302.bhd --> ftp.saffire.com /Builds/PC Retail/alpha/Alphav0.006/DATA/characters/poha/Anims c302.bhd
101.07.23 15:11 B S:\Brent\Alphav0.006\DATA\characters\poha\Anims\c302.bkd --> ftp.saffire.com /Builds/PC Retail/alpha/Alphav0.006/DATA/characters/poha/Anims c302.bkd
101.07.23 15:11 B S:\Brent\Alphav0.006\DATA\characters\poha\Anims\c303.bhd --> ftp.saffire.com /Builds/PC Retail/alpha/Alphav0.006/DATA/characters/poha/Anims c303.bhd
101.07.23 15:11 B S:\Brent\Alphav0.006\DATA\characters\poha\Anims\c303.bkd --> ftp.saffire.com /Builds/PC Retail/alpha/Alphav0.006/DATA/characters/poha/Anims c303.bkd
101.07.23 15:11 B S:\Brent\Alphav0.006\DATA\characters\poha\Anims\c304.bhd --> ftp.saffire.com /Builds/PC Retail/alpha/Alphav0.006/DATA/characters/poha/Anims c304.bhd
101.07.23 15:11 B S:\Brent\Alphav0.006\DATA\characters\poha\Anims\c304.bkd --> ftp.saffire.com /Builds/PC Retail/alpha/Alphav0.006/DATA/characters/poha/Anims c304.bkd
101.07.23 15:11 B S:\Brent\Alphav0.006\DATA\characters\poha\Anims\c310.bhd --> ftp.saffire.com /Builds/PC Retail/alpha/Alphav0.006/DATA/characters/poha/Anims c310.bhd
101.07.23 15:11 B S:\Brent\Alphav0.006\DATA\characters\poha\Anims\c310.bkd --> ftp.saffire.com /Builds/PC Retail/alpha/Alphav0.006/DATA/characters/poha/Anims c310.bkd
101.07.23 15:11 B S:\Brent\Alphav0.006\DATA\characters\poha\Anims\p000.bhd --> ftp.saffire.com /Builds/PC Retail/alpha/Alphav0.006/DATA/characters/poha/Anims p000.bhd
101.07.23 15:11 B S:\Brent\Alphav0.006\DATA\characters\poha\Anims\p000.bkd --> ftp.saffire.com /Builds/PC Retail/alpha/Alphav0.006/DATA/characters/poha/Anims p000.bkd
101.07.23 15:11 B S:\Brent\Alphav0.006\DATA\characters\poha\Anims\p001.bhd --> ftp.saffire.com /Builds/PC Retail/alpha/Alphav0.006/DATA/characters/poha/Anims p001.bhd
101.07.23 15:11 B S:\Brent\Alphav0.006\DATA\characters\poha\Anims\p001.bkd --> ftp.saffire.com /Builds/PC Retail/alpha/Alphav0.006/DATA/characters/poha/Anims p001.bkd
101.07.23 15:11 B S:\Brent\Alphav0.006\DATA\characters\poha\Anims\p002.bhd --> ftp.saffire.com /Builds/PC Retail/alpha/Alphav0.006/DATA/characters/poha/Anims p002.bhd
101.07.23 15:11 B S:\Brent\Alphav0.006\DATA\characters\poha\Anims\p002.bkd --> ftp.saffire.com /Builds/PC Retail/alpha/Alphav0.006/DATA/characters/poha/Anims p002.bkd
101.07.23 15:11 B S:\Brent\Alphav0.006\DATA\characters\poha\Anims\p003.bhd --> ftp.saffire.com /Builds/PC Retail/alpha/Alphav0.006/DATA/characters/poha/Anims p003.bhd
101.07.23 15:11 B S:\Brent\Alphav0.006\DATA\characters\poha\Anims\p003.bkd --> ftp.saffire.com /Builds/PC Retail/alpha/Alphav0.006/DATA/characters/poha/Anims p003.bkd
101.07.23 15:11 B S:\Brent\Alphav0.006\DATA\characters\poha\Anims\p004.bhd --> ftp.saffire.com /Builds/PC Retail/alpha/Alphav0.006/DATA/characters/poha/Anims p004.bhd
101.07.23 15:11 B S:\Brent\Alphav0.006\DATA\characters\poha\Anims\p004.bkd --> ftp.saffire.com /Builds/PC Retail/alpha/Alphav0.006/DATA/characters/poha/Anims p004.bkd
101.07.23 15:11 B S:\Brent\Alphav0.006\DATA\characters\poha\Anims\p016.bhd --> ftp.saffire.com /Builds/PC Retail/alpha/Alphav0.006/DATA/characters/poha/Anims p016.bhd
101.07.23 15:11 B S:\Brent\Alphav0.006\DATA\characters\poha\Anims\p016.bkd --> ftp.saffire.com /Builds/PC Retail/alpha/Alphav0.006/DATA/characters/poha/Anims p016.bkd
101.07.23 15:11 B S:\Brent\Alphav0.006\DATA\characters\poha\Anims\p020.bhd --> ftp.saffire.com /Builds/PC Retail/alpha/Alphav0.006/DATA/characters/poha/Anims p020.bhd
101.07.23 15:11 B S:\Brent\Alphav0.006\DATA\characters\poha\Anims\p020.bkd --> ftp.saffire.com /Builds/PC Retail/alpha/Alphav0.006/DATA/characters/poha/Anims p020.bkd
101.07.23 15:11 B S:\Brent\Alphav0.006\DATA\characters\poha\Anims\p021.bhd --> ftp.saffire.com /Builds/PC Retail/alpha/Alphav0.006/DATA/characters/poha/Anims p021.bhd
101.07.23 15:11 B S:\Brent\Alphav0.006\DATA\characters\poha\Anims\p021.bkd --> ftp.saffire.com /Builds/PC Retail/alpha/Alphav0.006/DATA/characters/poha/Anims p021.bkd
101.07.23 15:12 B S:\Brent\Alphav0.006\DATA\characters\poha\Anims\p022.bhd --> ftp.saffire.com /Builds/PC Retail/alpha/Alphav0.006/DATA/characters/poha/Anims p022.bhd
101.07.23 15:12 B S:\Brent\Alphav0.006\DATA\characters\poha\Anims\p022.bkd --> ftp.saffire.com /Builds/PC Retail/alpha/Alphav0.006/DATA/characters/poha/Anims p022.bkd
101.07.23 15:12 B S:\Brent\Alphav0.006\DATA\characters\poha\Anims\p027.bhd --> ftp.saffire.com /Builds/PC Retail/alpha/Alphav0.006/DATA/characters/poha/Anims p027.bhd
101.07.23 15:12 B S:\Brent\Alphav0.006\DATA\characters\poha\Anims\p027.bkd --> ftp.saffire.com /Builds/PC Retail/alpha/Alphav0.006/DATA/characters/poha/Anims p027.bkd
101.07.23 15:12 B S:\Brent\Alphav0.006\DATA\characters\poha\Anims\p028.bhd --> ftp.saffire.com /Builds/PC Retail/alpha/Alphav0.006/DATA/characters/poha/Anims p028.bhd
101.07.23 15:12 B S:\Brent\Alphav0.006\DATA\characters\poha\Anims\p028.bkd --> ftp.saffire.com /Builds/PC Retail/alpha/Alphav0.006/DATA/characters/poha/Anims p028.bkd
101.07.23 15:12 B S:\Brent\Alphav0.006\DATA\characters\poha\Anims\p029.bhd --> ftp.saffire.com /Builds/PC Retail/alpha/Alphav0.006/DATA/characters/poha/Anims p029.bhd
101.07.23 15:12 B S:\Brent\Alphav0.006\DATA\characters\poha\Anims\p029.bkd --> ftp.saffire.com /Builds/PC Retail/alpha/Alphav0.006/DATA/characters/poha/Anims p029.bkd
101.07.23 15:12 B S:\Brent\Alphav0.006\DATA\characters\poha\Anims\p032.bhd --> ftp.saffire.com /Builds/PC Retail/alpha/Alphav0.006/DATA/characters/poha/Anims p032.bhd
101.07.23 15:12 B S:\Brent\Alphav0.006\DATA\characters\poha\Anims\p032.bkd --> ftp.saffire.com /Builds/PC Retail/alpha/Alphav0.006/DATA/characters/poha/Anims p032.bkd
101.07.23 15:12 B S:\Brent\Alphav0.006\DATA\characters\poha\Anims\p033.bhd --> ftp.saffire.com /Builds/PC Retail/alpha/Alphav0.006/DATA/characters/poha/Anims p033.bhd
101.07.23 15:12 B S:\Brent\Alphav0.006\DATA\characters\poha\Anims\p033.bkd --> ftp.saffire.com /Builds/PC Retail/alpha/Alphav0.006/DATA/characters/poha/Anims p033.bkd
101.07.23 15:12 B S:\Brent\Alphav0.006\DATA\characters\poha\Anims\p034.bhd --> ftp.saffire.com /Builds/PC Retail/alpha/Alphav0.006/DATA/characters/poha/Anims p034.bhd
101.07.23 15:12 B S:\Brent\Alphav0.006\DATA\characters\poha\Anims\p034.bkd --> ftp.saffire.com /Builds/PC Retail/alpha/Alphav0.006/DATA/characters/poha/Anims p034.bkd
101.07.23 15:12 B S:\Brent\Alphav0.006\DATA\characters\poha\Anims\p035.bhd --> ftp.saffire.com /Builds/PC Retail/alpha/Alphav0.006/DATA/characters/poha/Anims p035.bhd
101.07.23 15:12 B S:\Brent\Alphav0.006\DATA\characters\poha\Anims\p035.bkd --> ftp.saffire.com /Builds/PC Retail/alpha/Alphav0.006/DATA/characters/poha/Anims p035.bkd
101.07.23 15:12 B S:\Brent\Alphav0.006\DATA\characters\poha\Anims\p036.bhd --> ftp.saffire.com /Builds/PC Retail/alpha/Alphav0.006/DATA/characters/poha/Anims p036.bhd
101.07.23 15:12 B S:\Brent\Alphav0.006\DATA\characters\poha\Anims\p036.bkd --> ftp.saffire.com /Builds/PC Retail/alpha/Alphav0.006/DATA/characters/poha/Anims p036.bkd
101.07.23 15:12 B S:\Brent\Alphav0.006\DATA\characters\poha\Anims\p037.bhd --> ftp.saffire.com /Builds/PC Retail/alpha/Alphav0.006/DATA/characters/poha/Anims p037.bhd
101.07.23 15:12 B S:\Brent\Alphav0.006\DATA\characters\poha\Anims\p037.bkd --> ftp.saffire.com /Builds/PC Retail/alpha/Alphav0.006/DATA/characters/poha/Anims p037.bkd
101.07.23 15:12 B S:\Brent\Alphav0.006\DATA\characters\poha\Anims\p038.bhd --> ftp.saffire.com /Builds/PC Retail/alpha/Alphav0.006/DATA/characters/poha/Anims p038.bhd
101.07.23 15:12 B S:\Brent\Alphav0.006\DATA\characters\poha\Anims\p038.bkd --> ftp.saffire.com /Builds/PC Retail/alpha/Alphav0.006/DATA/characters/poha/Anims p038.bkd
101.07.23 15:12 B S:\Brent\Alphav0.006\DATA\characters\poha\Anims\p039.bhd --> ftp.saffire.com /Builds/PC Retail/alpha/Alphav0.006/DATA/characters/poha/Anims p039.bhd
101.07.23 15:12 B S:\Brent\Alphav0.006\DATA\characters\poha\Anims\p039.bkd --> ftp.saffire.com /Builds/PC Retail/alpha/Alphav0.006/DATA/characters/poha/Anims p039.bkd
101.07.23 15:12 B S:\Brent\Alphav0.006\DATA\characters\poha\Anims\p040.bhd --> ftp.saffire.com /Builds/PC Retail/alpha/Alphav0.006/DATA/characters/poha/Anims p040.bhd
101.07.23 15:12 B S:\Brent\Alphav0.006\DATA\characters\poha\Anims\p040.bkd --> ftp.saffire.com /Builds/PC Retail/alpha/Alphav0.006/DATA/characters/poha/Anims p040.bkd
101.07.23 15:12 B S:\Brent\Alphav0.006\DATA\characters\poha\Anims\p041.bhd --> ftp.saffire.com /Builds/PC Retail/alpha/Alphav0.006/DATA/characters/poha/Anims p041.bhd
101.07.23 15:12 B S:\Brent\Alphav0.006\DATA\characters\poha\Anims\p041.bkd --> ftp.saffire.com /Builds/PC Retail/alpha/Alphav0.006/DATA/characters/poha/Anims p041.bkd
101.07.23 15:12 B S:\Brent\Alphav0.006\DATA\characters\poha\Anims\p042.bhd --> ftp.saffire.com /Builds/PC Retail/alpha/Alphav0.006/DATA/characters/poha/Anims p042.bhd
101.07.23 15:12 B S:\Brent\Alphav0.006\DATA\characters\poha\Anims\p042.bkd --> ftp.saffire.com /Builds/PC Retail/alpha/Alphav0.006/DATA/characters/poha/Anims p042.bkd
101.07.23 15:12 B S:\Brent\Alphav0.006\DATA\characters\poha\Anims\p043.bhd --> ftp.saffire.com /Builds/PC Retail/alpha/Alphav0.006/DATA/characters/poha/Anims p043.bhd
101.07.23 15:12 B S:\Brent\Alphav0.006\DATA\characters\poha\Anims\p043.bkd --> ftp.saffire.com /Builds/PC Retail/alpha/Alphav0.006/DATA/characters/poha/Anims p043.bkd
101.07.23 15:12 B S:\Brent\Alphav0.006\DATA\characters\poha\Anims\p044.bhd --> ftp.saffire.com /Builds/PC Retail/alpha/Alphav0.006/DATA/characters/poha/Anims p044.bhd
101.07.23 15:12 B S:\Brent\Alphav0.006\DATA\characters\poha\Anims\p044.bkd --> ftp.saffire.com /Builds/PC Retail/alpha/Alphav0.006/DATA/characters/poha/Anims p044.bkd
101.07.23 15:12 B S:\Brent\Alphav0.006\DATA\characters\poha\Anims\p045.bhd --> ftp.saffire.com /Builds/PC Retail/alpha/Alphav0.006/DATA/characters/poha/Anims p045.bhd
101.07.23 15:12 B S:\Brent\Alphav0.006\DATA\characters\poha\Anims\p045.bkd --> ftp.saffire.com /Builds/PC Retail/alpha/Alphav0.006/DATA/characters/poha/Anims p045.bkd
101.07.23 15:12 B S:\Brent\Alphav0.006\DATA\characters\poha\Anims\p046.bhd --> ftp.saffire.com /Builds/PC Retail/alpha/Alphav0.006/DATA/characters/poha/Anims p046.bhd
101.07.23 15:12 B S:\Brent\Alphav0.006\DATA\characters\poha\Anims\p046.bkd --> ftp.saffire.com /Builds/PC Retail/alpha/Alphav0.006/DATA/characters/poha/Anims p046.bkd
101.07.23 15:12 B S:\Brent\Alphav0.006\DATA\characters\poha\Anims\p047.bhd --> ftp.saffire.com /Builds/PC Retail/alpha/Alphav0.006/DATA/characters/poha/Anims p047.bhd
101.07.23 15:12 B S:\Brent\Alphav0.006\DATA\characters\poha\Anims\p047.bkd --> ftp.saffire.com /Builds/PC Retail/alpha/Alphav0.006/DATA/characters/poha/Anims p047.bkd
101.07.23 15:12 B S:\Brent\Alphav0.006\DATA\characters\poha\Anims\p048.bhd --> ftp.saffire.com /Builds/PC Retail/alpha/Alphav0.006/DATA/characters/poha/Anims p048.bhd
101.07.23 15:12 B S:\Brent\Alphav0.006\DATA\characters\poha\Anims\p048.bkd --> ftp.saffire.com /Builds/PC Retail/alpha/Alphav0.006/DATA/characters/poha/Anims p048.bkd
101.07.23 15:12 B S:\Brent\Alphav0.006\DATA\characters\poha\Anims\p049.bkd --> ftp.saffire.com /Builds/PC Retail/alpha/Alphav0.006/DATA/characters/poha/Anims p049.bkd
101.07.23 15:12 B S:\Brent\Alphav0.006\DATA\characters\poha\Anims\p050.bkd --> ftp.saffire.com /Builds/PC Retail/alpha/Alphav0.006/DATA/characters/poha/Anims p050.bkd
101.07.23 15:12 B S:\Brent\Alphav0.006\DATA\characters\poha\Anims\po_jump_up.bhd --> ftp.saffire.com /Builds/PC Retail/alpha/Alphav0.006/DATA/characters/poha/Anims po_jump_up.bhd
101.07.23 15:12 B S:\Brent\Alphav0.006\DATA\characters\poha\Anims\poha_IDs.list --> ftp.saffire.com /Builds/PC Retail/alpha/Alphav0.006/DATA/characters/poha/Anims poha_IDs.list
