101.07.23 16:04 B S:\Brent\Alphav0.006\DATA\LEVELS\LEV2\GLY2\XS\GIZ0.X --> ftp.saffire.com /Builds/PC Retail/alpha/Alphav0.006/DATA/LEVELS/LEV2/GLY2/XS GIZ0.X
101.07.23 16:04 B S:\Brent\Alphav0.006\DATA\LEVELS\LEV2\GLY2\XS\GIZ03.X --> ftp.saffire.com /Builds/PC Retail/alpha/Alphav0.006/DATA/LEVELS/LEV2/GLY2/XS GIZ03.X
101.07.23 16:04 B S:\Brent\Alphav0.006\DATA\LEVELS\LEV2\GLY2\XS\GIZ04.X --> ftp.saffire.com /Builds/PC Retail/alpha/Alphav0.006/DATA/LEVELS/LEV2/GLY2/XS GIZ04.X
101.07.23 16:04 B S:\Brent\Alphav0.006\DATA\LEVELS\LEV2\GLY2\XS\GIZ05.X --> ftp.saffire.com /Builds/PC Retail/alpha/Alphav0.006/DATA/LEVELS/LEV2/GLY2/XS GIZ05.X
101.07.23 16:04 B S:\Brent\Alphav0.006\DATA\LEVELS\LEV2\GLY2\XS\GIZ06.X --> ftp.saffire.com /Builds/PC Retail/alpha/Alphav0.006/DATA/LEVELS/LEV2/GLY2/XS GIZ06.X
101.07.23 16:04 B S:\Brent\Alphav0.006\DATA\LEVELS\LEV2\GLY2\XS\GIZ07.X --> ftp.saffire.com /Builds/PC Retail/alpha/Alphav0.006/DATA/LEVELS/LEV2/GLY2/XS GIZ07.X
101.07.23 16:04 B S:\Brent\Alphav0.006\DATA\LEVELS\LEV2\GLY2\XS\GIZ08.X --> ftp.saffire.com /Builds/PC Retail/alpha/Alphav0.006/DATA/LEVELS/LEV2/GLY2/XS GIZ08.X
101.07.23 16:04 B S:\Brent\Alphav0.006\DATA\LEVELS\LEV2\GLY2\XS\GIZ1.X --> ftp.saffire.com /Builds/PC Retail/alpha/Alphav0.006/DATA/LEVELS/LEV2/GLY2/XS GIZ1.X
101.07.23 16:04 B S:\Brent\Alphav0.006\DATA\LEVELS\LEV2\GLY2\XS\GIZ2.X --> ftp.saffire.com /Builds/PC Retail/alpha/Alphav0.006/DATA/LEVELS/LEV2/GLY2/XS GIZ2.X
101.07.23 16:04 B S:\Brent\Alphav0.006\DATA\LEVELS\LEV2\GLY2\XS\GIZ3.X --> ftp.saffire.com /Builds/PC Retail/alpha/Alphav0.006/DATA/LEVELS/LEV2/GLY2/XS GIZ3.X
101.07.23 16:04 B S:\Brent\Alphav0.006\DATA\LEVELS\LEV2\GLY2\XS\GIZ4.X --> ftp.saffire.com /Builds/PC Retail/alpha/Alphav0.006/DATA/LEVELS/LEV2/GLY2/XS GIZ4.X
101.07.23 16:04 B S:\Brent\Alphav0.006\DATA\LEVELS\LEV2\GLY2\XS\GIZ5.X --> ftp.saffire.com /Builds/PC Retail/alpha/Alphav0.006/DATA/LEVELS/LEV2/GLY2/XS GIZ5.X
101.07.23 16:04 B S:\Brent\Alphav0.006\DATA\LEVELS\LEV2\GLY2\XS\GIZ6.X --> ftp.saffire.com /Builds/PC Retail/alpha/Alphav0.006/DATA/LEVELS/LEV2/GLY2/XS GIZ6.X
101.07.23 16:04 B S:\Brent\Alphav0.006\DATA\LEVELS\LEV2\GLY2\XS\GIZ7.X --> ftp.saffire.com /Builds/PC Retail/alpha/Alphav0.006/DATA/LEVELS/LEV2/GLY2/XS GIZ7.X
101.07.23 16:04 B S:\Brent\Alphav0.006\DATA\LEVELS\LEV2\GLY2\XS\GIZ8.X --> ftp.saffire.com /Builds/PC Retail/alpha/Alphav0.006/DATA/LEVELS/LEV2/GLY2/XS GIZ8.X
101.07.23 16:04 B S:\Brent\Alphav0.006\DATA\LEVELS\LEV2\GLY2\XS\GL2D.X --> ftp.saffire.com /Builds/PC Retail/alpha/Alphav0.006/DATA/LEVELS/LEV2/GLY2/XS GL2D.X
101.07.23 16:04 B S:\Brent\Alphav0.006\DATA\LEVELS\LEV2\GLY2\XS\GL2W.X --> ftp.saffire.com /Builds/PC Retail/alpha/Alphav0.006/DATA/LEVELS/LEV2/GLY2/XS GL2W.X
101.07.23 16:04 B S:\Brent\Alphav0.006\DATA\LEVELS\LEV2\GLY2\XS\GL3D.X --> ftp.saffire.com /Builds/PC Retail/alpha/Alphav0.006/DATA/LEVELS/LEV2/GLY2/XS GL3D.X
101.07.23 16:04 B S:\Brent\Alphav0.006\DATA\LEVELS\LEV2\GLY2\XS\GL3W.X --> ftp.saffire.com /Builds/PC Retail/alpha/Alphav0.006/DATA/LEVELS/LEV2/GLY2/XS GL3W.X
101.07.23 16:04 B S:\Brent\Alphav0.006\DATA\LEVELS\LEV2\GLY2\XS\GLD2.X --> ftp.saffire.com /Builds/PC Retail/alpha/Alphav0.006/DATA/LEVELS/LEV2/GLY2/XS GLD2.X
101.07.23 16:04 B S:\Brent\Alphav0.006\DATA\LEVELS\LEV2\GLY2\XS\GLYP.X --> ftp.saffire.com /Builds/PC Retail/alpha/Alphav0.006/DATA/LEVELS/LEV2/GLY2/XS GLYP.X
101.07.23 16:04 B S:\Brent\Alphav0.006\DATA\LEVELS\LEV2\GLY2\XS\MAIN.X --> ftp.saffire.com /Builds/PC Retail/alpha/Alphav0.006/DATA/LEVELS/LEV2/GLY2/XS MAIN.X
101.07.23 16:04 B S:\Brent\Alphav0.006\DATA\LEVELS\LEV2\GLY2\XS\PDST.X --> ftp.saffire.com /Builds/PC Retail/alpha/Alphav0.006/DATA/LEVELS/LEV2/GLY2/XS PDST.X
101.07.23 16:04 B S:\Brent\Alphav0.006\DATA\LEVELS\LEV2\GLY2\XS\PLNT.X --> ftp.saffire.com /Builds/PC Retail/alpha/Alphav0.006/DATA/LEVELS/LEV2/GLY2/XS PLNT.X
101.07.23 16:04 B S:\Brent\Alphav0.006\DATA\LEVELS\LEV2\GLY2\XS\SIGN.X --> ftp.saffire.com /Builds/PC Retail/alpha/Alphav0.006/DATA/LEVELS/LEV2/GLY2/XS SIGN.X
101.07.23 16:04 B S:\Brent\Alphav0.006\DATA\LEVELS\LEV2\GLY2\XS\SW00.X --> ftp.saffire.com /Builds/PC Retail/alpha/Alphav0.006/DATA/LEVELS/LEV2/GLY2/XS SW00.X
101.07.23 16:04 B S:\Brent\Alphav0.006\DATA\LEVELS\LEV2\GLY2\XS\SW01.X --> ftp.saffire.com /Builds/PC Retail/alpha/Alphav0.006/DATA/LEVELS/LEV2/GLY2/XS SW01.X
101.07.23 16:04 B S:\Brent\Alphav0.006\DATA\LEVELS\LEV2\GLY2\XS\SW02.X --> ftp.saffire.com /Builds/PC Retail/alpha/Alphav0.006/DATA/LEVELS/LEV2/GLY2/XS SW02.X
101.07.23 16:04 B S:\Brent\Alphav0.006\DATA\LEVELS\LEV2\GLY2\XS\SW03.X --> ftp.saffire.com /Builds/PC Retail/alpha/Alphav0.006/DATA/LEVELS/LEV2/GLY2/XS SW03.X
101.07.23 16:04 B S:\Brent\Alphav0.006\DATA\LEVELS\LEV2\GLY2\XS\SW04.X --> ftp.saffire.com /Builds/PC Retail/alpha/Alphav0.006/DATA/LEVELS/LEV2/GLY2/XS SW04.X
101.07.23 16:04 B S:\Brent\Alphav0.006\DATA\LEVELS\LEV2\GLY2\XS\SW05.X --> ftp.saffire.com /Builds/PC Retail/alpha/Alphav0.006/DATA/LEVELS/LEV2/GLY2/XS SW05.X
101.07.23 16:04 B S:\Brent\Alphav0.006\DATA\LEVELS\LEV2\GLY2\XS\SW06.X --> ftp.saffire.com /Builds/PC Retail/alpha/Alphav0.006/DATA/LEVELS/LEV2/GLY2/XS SW06.X
101.07.23 16:04 B S:\Brent\Alphav0.006\DATA\LEVELS\LEV2\GLY2\XS\SWED.X --> ftp.saffire.com /Builds/PC Retail/alpha/Alphav0.006/DATA/LEVELS/LEV2/GLY2/XS SWED.X
101.07.23 16:04 B S:\Brent\Alphav0.006\DATA\LEVELS\LEV2\GLY2\XS\WATR.X --> ftp.saffire.com /Builds/PC Retail/alpha/Alphav0.006/DATA/LEVELS/LEV2/GLY2/XS WATR.X
101.07.23 16:04 B S:\Brent\Alphav0.006\DATA\LEVELS\LEV2\GLY2\XS\WRS2.X --> ftp.saffire.com /Builds/PC Retail/alpha/Alphav0.006/DATA/LEVELS/LEV2/GLY2/XS WRS2.X
