101.07.23 15:03 B S:\Brent\Alphav0.006\DATA\characters\gali\Anims\c201.bhd --> ftp.saffire.com /Builds/PC Retail/alpha/Alphav0.006/DATA/characters/gali/Anims c201.bhd
101.07.23 15:03 B S:\Brent\Alphav0.006\DATA\characters\gali\Anims\c201.bkd --> ftp.saffire.com /Builds/PC Retail/alpha/Alphav0.006/DATA/characters/gali/Anims c201.bkd
101.07.23 15:03 B S:\Brent\Alphav0.006\DATA\characters\gali\Anims\c202.bhd --> ftp.saffire.com /Builds/PC Retail/alpha/Alphav0.006/DATA/characters/gali/Anims c202.bhd
101.07.23 15:03 B S:\Brent\Alphav0.006\DATA\characters\gali\Anims\c202.bkd --> ftp.saffire.com /Builds/PC Retail/alpha/Alphav0.006/DATA/characters/gali/Anims c202.bkd
101.07.23 15:03 B S:\Brent\Alphav0.006\DATA\characters\gali\Anims\c301.bhd --> ftp.saffire.com /Builds/PC Retail/alpha/Alphav0.006/DATA/characters/gali/Anims c301.bhd
101.07.23 15:03 B S:\Brent\Alphav0.006\DATA\characters\gali\Anims\c301.bkd --> ftp.saffire.com /Builds/PC Retail/alpha/Alphav0.006/DATA/characters/gali/Anims c301.bkd
101.07.23 15:03 B S:\Brent\Alphav0.006\DATA\characters\gali\Anims\g000.bhd --> ftp.saffire.com /Builds/PC Retail/alpha/Alphav0.006/DATA/characters/gali/Anims g000.bhd
101.07.23 15:03 B S:\Brent\Alphav0.006\DATA\characters\gali\Anims\g000.bkd --> ftp.saffire.com /Builds/PC Retail/alpha/Alphav0.006/DATA/characters/gali/Anims g000.bkd
101.07.23 15:03 B S:\Brent\Alphav0.006\DATA\characters\gali\Anims\g001.bhd --> ftp.saffire.com /Builds/PC Retail/alpha/Alphav0.006/DATA/characters/gali/Anims g001.bhd
101.07.23 15:03 B S:\Brent\Alphav0.006\DATA\characters\gali\Anims\g001.bkd --> ftp.saffire.com /Builds/PC Retail/alpha/Alphav0.006/DATA/characters/gali/Anims g001.bkd
101.07.23 15:03 B S:\Brent\Alphav0.006\DATA\characters\gali\Anims\g002.bhd --> ftp.saffire.com /Builds/PC Retail/alpha/Alphav0.006/DATA/characters/gali/Anims g002.bhd
101.07.23 15:03 B S:\Brent\Alphav0.006\DATA\characters\gali\Anims\g002.bkd --> ftp.saffire.com /Builds/PC Retail/alpha/Alphav0.006/DATA/characters/gali/Anims g002.bkd
101.07.23 15:03 B S:\Brent\Alphav0.006\DATA\characters\gali\Anims\g003.bhd --> ftp.saffire.com /Builds/PC Retail/alpha/Alphav0.006/DATA/characters/gali/Anims g003.bhd
101.07.23 15:03 B S:\Brent\Alphav0.006\DATA\characters\gali\Anims\g003.bkd --> ftp.saffire.com /Builds/PC Retail/alpha/Alphav0.006/DATA/characters/gali/Anims g003.bkd
101.07.23 15:03 B S:\Brent\Alphav0.006\DATA\characters\gali\Anims\g004.bhd --> ftp.saffire.com /Builds/PC Retail/alpha/Alphav0.006/DATA/characters/gali/Anims g004.bhd
101.07.23 15:03 B S:\Brent\Alphav0.006\DATA\characters\gali\Anims\g004.bkd --> ftp.saffire.com /Builds/PC Retail/alpha/Alphav0.006/DATA/characters/gali/Anims g004.bkd
101.07.23 15:03 B S:\Brent\Alphav0.006\DATA\characters\gali\Anims\g016.bhd --> ftp.saffire.com /Builds/PC Retail/alpha/Alphav0.006/DATA/characters/gali/Anims g016.bhd
101.07.23 15:03 B S:\Brent\Alphav0.006\DATA\characters\gali\Anims\g016.bkd --> ftp.saffire.com /Builds/PC Retail/alpha/Alphav0.006/DATA/characters/gali/Anims g016.bkd
101.07.23 15:03 B S:\Brent\Alphav0.006\DATA\characters\gali\Anims\g020.bhd --> ftp.saffire.com /Builds/PC Retail/alpha/Alphav0.006/DATA/characters/gali/Anims g020.bhd
101.07.23 15:03 B S:\Brent\Alphav0.006\DATA\characters\gali\Anims\g020.bkd --> ftp.saffire.com /Builds/PC Retail/alpha/Alphav0.006/DATA/characters/gali/Anims g020.bkd
101.07.23 15:03 B S:\Brent\Alphav0.006\DATA\characters\gali\Anims\g021.bhd --> ftp.saffire.com /Builds/PC Retail/alpha/Alphav0.006/DATA/characters/gali/Anims g021.bhd
101.07.23 15:03 B S:\Brent\Alphav0.006\DATA\characters\gali\Anims\g021.bkd --> ftp.saffire.com /Builds/PC Retail/alpha/Alphav0.006/DATA/characters/gali/Anims g021.bkd
101.07.23 15:03 B S:\Brent\Alphav0.006\DATA\characters\gali\Anims\g022.bhd --> ftp.saffire.com /Builds/PC Retail/alpha/Alphav0.006/DATA/characters/gali/Anims g022.bhd
101.07.23 15:03 B S:\Brent\Alphav0.006\DATA\characters\gali\Anims\g022.bkd --> ftp.saffire.com /Builds/PC Retail/alpha/Alphav0.006/DATA/characters/gali/Anims g022.bkd
101.07.23 15:03 B S:\Brent\Alphav0.006\DATA\characters\gali\Anims\g026.bhd --> ftp.saffire.com /Builds/PC Retail/alpha/Alphav0.006/DATA/characters/gali/Anims g026.bhd
101.07.23 15:03 B S:\Brent\Alphav0.006\DATA\characters\gali\Anims\g026.bkd --> ftp.saffire.com /Builds/PC Retail/alpha/Alphav0.006/DATA/characters/gali/Anims g026.bkd
101.07.23 15:03 B S:\Brent\Alphav0.006\DATA\characters\gali\Anims\g027.bhd --> ftp.saffire.com /Builds/PC Retail/alpha/Alphav0.006/DATA/characters/gali/Anims g027.bhd
101.07.23 15:03 B S:\Brent\Alphav0.006\DATA\characters\gali\Anims\g027.bkd --> ftp.saffire.com /Builds/PC Retail/alpha/Alphav0.006/DATA/characters/gali/Anims g027.bkd
101.07.23 15:03 B S:\Brent\Alphav0.006\DATA\characters\gali\Anims\g028.bhd --> ftp.saffire.com /Builds/PC Retail/alpha/Alphav0.006/DATA/characters/gali/Anims g028.bhd
101.07.23 15:03 B S:\Brent\Alphav0.006\DATA\characters\gali\Anims\g028.bkd --> ftp.saffire.com /Builds/PC Retail/alpha/Alphav0.006/DATA/characters/gali/Anims g028.bkd
101.07.23 15:03 B S:\Brent\Alphav0.006\DATA\characters\gali\Anims\g029.bhd --> ftp.saffire.com /Builds/PC Retail/alpha/Alphav0.006/DATA/characters/gali/Anims g029.bhd
101.07.23 15:03 B S:\Brent\Alphav0.006\DATA\characters\gali\Anims\g029.bkd --> ftp.saffire.com /Builds/PC Retail/alpha/Alphav0.006/DATA/characters/gali/Anims g029.bkd
101.07.23 15:03 B S:\Brent\Alphav0.006\DATA\characters\gali\Anims\g032.bhd --> ftp.saffire.com /Builds/PC Retail/alpha/Alphav0.006/DATA/characters/gali/Anims g032.bhd
101.07.23 15:03 B S:\Brent\Alphav0.006\DATA\characters\gali\Anims\g032.bkd --> ftp.saffire.com /Builds/PC Retail/alpha/Alphav0.006/DATA/characters/gali/Anims g032.bkd
101.07.23 15:03 B S:\Brent\Alphav0.006\DATA\characters\gali\Anims\g033.bhd --> ftp.saffire.com /Builds/PC Retail/alpha/Alphav0.006/DATA/characters/gali/Anims g033.bhd
101.07.23 15:03 B S:\Brent\Alphav0.006\DATA\characters\gali\Anims\g033.bkd --> ftp.saffire.com /Builds/PC Retail/alpha/Alphav0.006/DATA/characters/gali/Anims g033.bkd
101.07.23 15:03 B S:\Brent\Alphav0.006\DATA\characters\gali\Anims\g034.bhd --> ftp.saffire.com /Builds/PC Retail/alpha/Alphav0.006/DATA/characters/gali/Anims g034.bhd
101.07.23 15:03 B S:\Brent\Alphav0.006\DATA\characters\gali\Anims\g034.bkd --> ftp.saffire.com /Builds/PC Retail/alpha/Alphav0.006/DATA/characters/gali/Anims g034.bkd
101.07.23 15:03 B S:\Brent\Alphav0.006\DATA\characters\gali\Anims\g035.bhd --> ftp.saffire.com /Builds/PC Retail/alpha/Alphav0.006/DATA/characters/gali/Anims g035.bhd
101.07.23 15:03 B S:\Brent\Alphav0.006\DATA\characters\gali\Anims\g035.bkd --> ftp.saffire.com /Builds/PC Retail/alpha/Alphav0.006/DATA/characters/gali/Anims g035.bkd
101.07.23 15:03 B S:\Brent\Alphav0.006\DATA\characters\gali\Anims\g036.bhd --> ftp.saffire.com /Builds/PC Retail/alpha/Alphav0.006/DATA/characters/gali/Anims g036.bhd
101.07.23 15:03 B S:\Brent\Alphav0.006\DATA\characters\gali\Anims\g036.bkd --> ftp.saffire.com /Builds/PC Retail/alpha/Alphav0.006/DATA/characters/gali/Anims g036.bkd
101.07.23 15:03 B S:\Brent\Alphav0.006\DATA\characters\gali\Anims\g037.bhd --> ftp.saffire.com /Builds/PC Retail/alpha/Alphav0.006/DATA/characters/gali/Anims g037.bhd
101.07.23 15:03 B S:\Brent\Alphav0.006\DATA\characters\gali\Anims\g037.bkd --> ftp.saffire.com /Builds/PC Retail/alpha/Alphav0.006/DATA/characters/gali/Anims g037.bkd
101.07.23 15:03 B S:\Brent\Alphav0.006\DATA\characters\gali\Anims\g038.bhd --> ftp.saffire.com /Builds/PC Retail/alpha/Alphav0.006/DATA/characters/gali/Anims g038.bhd
101.07.23 15:03 B S:\Brent\Alphav0.006\DATA\characters\gali\Anims\g038.bkd --> ftp.saffire.com /Builds/PC Retail/alpha/Alphav0.006/DATA/characters/gali/Anims g038.bkd
101.07.23 15:03 B S:\Brent\Alphav0.006\DATA\characters\gali\Anims\g039.bhd --> ftp.saffire.com /Builds/PC Retail/alpha/Alphav0.006/DATA/characters/gali/Anims g039.bhd
101.07.23 15:03 B S:\Brent\Alphav0.006\DATA\characters\gali\Anims\g039.bkd --> ftp.saffire.com /Builds/PC Retail/alpha/Alphav0.006/DATA/characters/gali/Anims g039.bkd
101.07.23 15:03 B S:\Brent\Alphav0.006\DATA\characters\gali\Anims\g040.bhd --> ftp.saffire.com /Builds/PC Retail/alpha/Alphav0.006/DATA/characters/gali/Anims g040.bhd
101.07.23 15:03 B S:\Brent\Alphav0.006\DATA\characters\gali\Anims\g040.bkd --> ftp.saffire.com /Builds/PC Retail/alpha/Alphav0.006/DATA/characters/gali/Anims g040.bkd
101.07.23 15:03 B S:\Brent\Alphav0.006\DATA\characters\gali\Anims\g041.bhd --> ftp.saffire.com /Builds/PC Retail/alpha/Alphav0.006/DATA/characters/gali/Anims g041.bhd
101.07.23 15:03 B S:\Brent\Alphav0.006\DATA\characters\gali\Anims\g041.bkd --> ftp.saffire.com /Builds/PC Retail/alpha/Alphav0.006/DATA/characters/gali/Anims g041.bkd
101.07.23 15:03 B S:\Brent\Alphav0.006\DATA\characters\gali\Anims\g042.bhd --> ftp.saffire.com /Builds/PC Retail/alpha/Alphav0.006/DATA/characters/gali/Anims g042.bhd
101.07.23 15:03 B S:\Brent\Alphav0.006\DATA\characters\gali\Anims\g042.bkd --> ftp.saffire.com /Builds/PC Retail/alpha/Alphav0.006/DATA/characters/gali/Anims g042.bkd
101.07.23 15:03 B S:\Brent\Alphav0.006\DATA\characters\gali\Anims\g043.bhd --> ftp.saffire.com /Builds/PC Retail/alpha/Alphav0.006/DATA/characters/gali/Anims g043.bhd
101.07.23 15:03 B S:\Brent\Alphav0.006\DATA\characters\gali\Anims\g043.bkd --> ftp.saffire.com /Builds/PC Retail/alpha/Alphav0.006/DATA/characters/gali/Anims g043.bkd
101.07.23 15:03 B S:\Brent\Alphav0.006\DATA\characters\gali\Anims\g044.bhd --> ftp.saffire.com /Builds/PC Retail/alpha/Alphav0.006/DATA/characters/gali/Anims g044.bhd
101.07.23 15:03 B S:\Brent\Alphav0.006\DATA\characters\gali\Anims\g044.bkd --> ftp.saffire.com /Builds/PC Retail/alpha/Alphav0.006/DATA/characters/gali/Anims g044.bkd
101.07.23 15:03 B S:\Brent\Alphav0.006\DATA\characters\gali\Anims\g045.bhd --> ftp.saffire.com /Builds/PC Retail/alpha/Alphav0.006/DATA/characters/gali/Anims g045.bhd
101.07.23 15:03 B S:\Brent\Alphav0.006\DATA\characters\gali\Anims\g045.bkd --> ftp.saffire.com /Builds/PC Retail/alpha/Alphav0.006/DATA/characters/gali/Anims g045.bkd
101.07.23 15:03 B S:\Brent\Alphav0.006\DATA\characters\gali\Anims\g046.bhd --> ftp.saffire.com /Builds/PC Retail/alpha/Alphav0.006/DATA/characters/gali/Anims g046.bhd
101.07.23 15:03 B S:\Brent\Alphav0.006\DATA\characters\gali\Anims\g046.bkd --> ftp.saffire.com /Builds/PC Retail/alpha/Alphav0.006/DATA/characters/gali/Anims g046.bkd
101.07.23 15:03 B S:\Brent\Alphav0.006\DATA\characters\gali\Anims\g047.bhd --> ftp.saffire.com /Builds/PC Retail/alpha/Alphav0.006/DATA/characters/gali/Anims g047.bhd
101.07.23 15:03 B S:\Brent\Alphav0.006\DATA\characters\gali\Anims\g047.bkd --> ftp.saffire.com /Builds/PC Retail/alpha/Alphav0.006/DATA/characters/gali/Anims g047.bkd
101.07.23 15:03 B S:\Brent\Alphav0.006\DATA\characters\gali\Anims\g048.bhd --> ftp.saffire.com /Builds/PC Retail/alpha/Alphav0.006/DATA/characters/gali/Anims g048.bhd
101.07.23 15:03 B S:\Brent\Alphav0.006\DATA\characters\gali\Anims\g048.bkd --> ftp.saffire.com /Builds/PC Retail/alpha/Alphav0.006/DATA/characters/gali/Anims g048.bkd
101.07.23 15:03 B S:\Brent\Alphav0.006\DATA\characters\gali\Anims\g049.bhd --> ftp.saffire.com /Builds/PC Retail/alpha/Alphav0.006/DATA/characters/gali/Anims g049.bhd
101.07.23 15:03 B S:\Brent\Alphav0.006\DATA\characters\gali\Anims\g049.bkd --> ftp.saffire.com /Builds/PC Retail/alpha/Alphav0.006/DATA/characters/gali/Anims g049.bkd
101.07.23 15:03 B S:\Brent\Alphav0.006\DATA\characters\gali\Anims\g050.bhd --> ftp.saffire.com /Builds/PC Retail/alpha/Alphav0.006/DATA/characters/gali/Anims g050.bhd
101.07.23 15:03 B S:\Brent\Alphav0.006\DATA\characters\gali\Anims\g050.bkd --> ftp.saffire.com /Builds/PC Retail/alpha/Alphav0.006/DATA/characters/gali/Anims g050.bkd
101.07.23 15:03 B S:\Brent\Alphav0.006\DATA\characters\gali\Anims\g051.bhd --> ftp.saffire.com /Builds/PC Retail/alpha/Alphav0.006/DATA/characters/gali/Anims g051.bhd
101.07.23 15:03 B S:\Brent\Alphav0.006\DATA\characters\gali\Anims\g051.bkd --> ftp.saffire.com /Builds/PC Retail/alpha/Alphav0.006/DATA/characters/gali/Anims g051.bkd
101.07.23 15:03 B S:\Brent\Alphav0.006\DATA\characters\gali\Anims\g052.bhd --> ftp.saffire.com /Builds/PC Retail/alpha/Alphav0.006/DATA/characters/gali/Anims g052.bhd
101.07.23 15:03 B S:\Brent\Alphav0.006\DATA\characters\gali\Anims\g052.bkd --> ftp.saffire.com /Builds/PC Retail/alpha/Alphav0.006/DATA/characters/gali/Anims g052.bkd
101.07.23 15:03 B S:\Brent\Alphav0.006\DATA\characters\gali\Anims\g053.bhd --> ftp.saffire.com /Builds/PC Retail/alpha/Alphav0.006/DATA/characters/gali/Anims g053.bhd
101.07.23 15:03 B S:\Brent\Alphav0.006\DATA\characters\gali\Anims\g053.bkd --> ftp.saffire.com /Builds/PC Retail/alpha/Alphav0.006/DATA/characters/gali/Anims g053.bkd
101.07.23 15:03 B S:\Brent\Alphav0.006\DATA\characters\gali\Anims\g054.bhd --> ftp.saffire.com /Builds/PC Retail/alpha/Alphav0.006/DATA/characters/gali/Anims g054.bhd
101.07.23 15:03 B S:\Brent\Alphav0.006\DATA\characters\gali\Anims\g054.bkd --> ftp.saffire.com /Builds/PC Retail/alpha/Alphav0.006/DATA/characters/gali/Anims g054.bkd
101.07.23 15:03 B S:\Brent\Alphav0.006\DATA\characters\gali\Anims\g055.bhd --> ftp.saffire.com /Builds/PC Retail/alpha/Alphav0.006/DATA/characters/gali/Anims g055.bhd
101.07.23 15:03 B S:\Brent\Alphav0.006\DATA\characters\gali\Anims\g055.bkd --> ftp.saffire.com /Builds/PC Retail/alpha/Alphav0.006/DATA/characters/gali/Anims g055.bkd
101.07.23 15:03 B S:\Brent\Alphav0.006\DATA\characters\gali\Anims\g056.bhd --> ftp.saffire.com /Builds/PC Retail/alpha/Alphav0.006/DATA/characters/gali/Anims g056.bhd
101.07.23 15:03 B S:\Brent\Alphav0.006\DATA\characters\gali\Anims\g056.bkd --> ftp.saffire.com /Builds/PC Retail/alpha/Alphav0.006/DATA/characters/gali/Anims g056.bkd
101.07.23 15:03 B S:\Brent\Alphav0.006\DATA\characters\gali\Anims\g057.bhd --> ftp.saffire.com /Builds/PC Retail/alpha/Alphav0.006/DATA/characters/gali/Anims g057.bhd
101.07.23 15:03 B S:\Brent\Alphav0.006\DATA\characters\gali\Anims\g057.bkd --> ftp.saffire.com /Builds/PC Retail/alpha/Alphav0.006/DATA/characters/gali/Anims g057.bkd
101.07.23 15:03 B S:\Brent\Alphav0.006\DATA\characters\gali\Anims\g058.bhd --> ftp.saffire.com /Builds/PC Retail/alpha/Alphav0.006/DATA/characters/gali/Anims g058.bhd
101.07.23 15:03 B S:\Brent\Alphav0.006\DATA\characters\gali\Anims\g058.bkd --> ftp.saffire.com /Builds/PC Retail/alpha/Alphav0.006/DATA/characters/gali/Anims g058.bkd
101.07.23 15:03 B S:\Brent\Alphav0.006\DATA\characters\gali\Anims\g059.bhd --> ftp.saffire.com /Builds/PC Retail/alpha/Alphav0.006/DATA/characters/gali/Anims g059.bhd
101.07.23 15:03 B S:\Brent\Alphav0.006\DATA\characters\gali\Anims\g059.bkd --> ftp.saffire.com /Builds/PC Retail/alpha/Alphav0.006/DATA/characters/gali/Anims g059.bkd
101.07.23 15:03 B S:\Brent\Alphav0.006\DATA\characters\gali\Anims\g060.bhd --> ftp.saffire.com /Builds/PC Retail/alpha/Alphav0.006/DATA/characters/gali/Anims g060.bhd
101.07.23 15:03 B S:\Brent\Alphav0.006\DATA\characters\gali\Anims\g060.bkd --> ftp.saffire.com /Builds/PC Retail/alpha/Alphav0.006/DATA/characters/gali/Anims g060.bkd
101.07.23 15:03 B S:\Brent\Alphav0.006\DATA\characters\gali\Anims\g061.bhd --> ftp.saffire.com /Builds/PC Retail/alpha/Alphav0.006/DATA/characters/gali/Anims g061.bhd
101.07.23 15:03 B S:\Brent\Alphav0.006\DATA\characters\gali\Anims\g061.bkd --> ftp.saffire.com /Builds/PC Retail/alpha/Alphav0.006/DATA/characters/gali/Anims g061.bkd
101.07.23 15:03 B S:\Brent\Alphav0.006\DATA\characters\gali\Anims\g062.bhd --> ftp.saffire.com /Builds/PC Retail/alpha/Alphav0.006/DATA/characters/gali/Anims g062.bhd
101.07.23 15:03 B S:\Brent\Alphav0.006\DATA\characters\gali\Anims\g062.bkd --> ftp.saffire.com /Builds/PC Retail/alpha/Alphav0.006/DATA/characters/gali/Anims g062.bkd
101.07.23 15:03 B S:\Brent\Alphav0.006\DATA\characters\gali\Anims\g063.bhd --> ftp.saffire.com /Builds/PC Retail/alpha/Alphav0.006/DATA/characters/gali/Anims g063.bhd
101.07.23 15:03 B S:\Brent\Alphav0.006\DATA\characters\gali\Anims\g063.bkd --> ftp.saffire.com /Builds/PC Retail/alpha/Alphav0.006/DATA/characters/gali/Anims g063.bkd
101.07.23 15:03 B S:\Brent\Alphav0.006\DATA\characters\gali\Anims\g064.bhd --> ftp.saffire.com /Builds/PC Retail/alpha/Alphav0.006/DATA/characters/gali/Anims g064.bhd
101.07.23 15:03 B S:\Brent\Alphav0.006\DATA\characters\gali\Anims\g064.bkd --> ftp.saffire.com /Builds/PC Retail/alpha/Alphav0.006/DATA/characters/gali/Anims g064.bkd
101.07.23 15:03 B S:\Brent\Alphav0.006\DATA\characters\gali\Anims\g065.bhd --> ftp.saffire.com /Builds/PC Retail/alpha/Alphav0.006/DATA/characters/gali/Anims g065.bhd
101.07.23 15:03 B S:\Brent\Alphav0.006\DATA\characters\gali\Anims\g065.bkd --> ftp.saffire.com /Builds/PC Retail/alpha/Alphav0.006/DATA/characters/gali/Anims g065.bkd
101.07.23 15:03 B S:\Brent\Alphav0.006\DATA\characters\gali\Anims\g066.bhd --> ftp.saffire.com /Builds/PC Retail/alpha/Alphav0.006/DATA/characters/gali/Anims g066.bhd
101.07.23 15:03 B S:\Brent\Alphav0.006\DATA\characters\gali\Anims\g066.bkd --> ftp.saffire.com /Builds/PC Retail/alpha/Alphav0.006/DATA/characters/gali/Anims g066.bkd
101.07.23 15:03 B S:\Brent\Alphav0.006\DATA\characters\gali\Anims\g067.bhd --> ftp.saffire.com /Builds/PC Retail/alpha/Alphav0.006/DATA/characters/gali/Anims g067.bhd
101.07.23 15:03 B S:\Brent\Alphav0.006\DATA\characters\gali\Anims\g067.bkd --> ftp.saffire.com /Builds/PC Retail/alpha/Alphav0.006/DATA/characters/gali/Anims g067.bkd
101.07.23 15:03 B S:\Brent\Alphav0.006\DATA\characters\gali\Anims\g068.bhd --> ftp.saffire.com /Builds/PC Retail/alpha/Alphav0.006/DATA/characters/gali/Anims g068.bhd
101.07.23 15:03 B S:\Brent\Alphav0.006\DATA\characters\gali\Anims\g068.bkd --> ftp.saffire.com /Builds/PC Retail/alpha/Alphav0.006/DATA/characters/gali/Anims g068.bkd
101.07.23 15:03 B S:\Brent\Alphav0.006\DATA\characters\gali\Anims\g069.bhd --> ftp.saffire.com /Builds/PC Retail/alpha/Alphav0.006/DATA/characters/gali/Anims g069.bhd
101.07.23 15:03 B S:\Brent\Alphav0.006\DATA\characters\gali\Anims\g069.bkd --> ftp.saffire.com /Builds/PC Retail/alpha/Alphav0.006/DATA/characters/gali/Anims g069.bkd
101.07.23 15:03 B S:\Brent\Alphav0.006\DATA\characters\gali\Anims\g070.bhd --> ftp.saffire.com /Builds/PC Retail/alpha/Alphav0.006/DATA/characters/gali/Anims g070.bhd
101.07.23 15:03 B S:\Brent\Alphav0.006\DATA\characters\gali\Anims\g070.bkd --> ftp.saffire.com /Builds/PC Retail/alpha/Alphav0.006/DATA/characters/gali/Anims g070.bkd
101.07.23 15:03 B S:\Brent\Alphav0.006\DATA\characters\gali\Anims\gali_IDs.list --> ftp.saffire.com /Builds/PC Retail/alpha/Alphav0.006/DATA/characters/gali/Anims gali_IDs.list
