101.07.23 16:07 B S:\Brent\Alphav0.006\DATA\LEVELS\LEV2\SHRN\XS\DOR1.X --> ftp.saffire.com /Builds/PC Retail/alpha/Alphav0.006/DATA/LEVELS/LEV2/SHRN/XS DOR1.X
101.07.23 16:07 B S:\Brent\Alphav0.006\DATA\LEVELS\LEV2\SHRN\XS\DOR2.X --> ftp.saffire.com /Builds/PC Retail/alpha/Alphav0.006/DATA/LEVELS/LEV2/SHRN/XS DOR2.X
101.07.23 16:07 B S:\Brent\Alphav0.006\DATA\LEVELS\LEV2\SHRN\XS\DOR3.X --> ftp.saffire.com /Builds/PC Retail/alpha/Alphav0.006/DATA/LEVELS/LEV2/SHRN/XS DOR3.X
101.07.23 16:07 B S:\Brent\Alphav0.006\DATA\LEVELS\LEV2\SHRN\XS\DOR4.X --> ftp.saffire.com /Builds/PC Retail/alpha/Alphav0.006/DATA/LEVELS/LEV2/SHRN/XS DOR4.X
101.07.23 16:07 B S:\Brent\Alphav0.006\DATA\LEVELS\LEV2\SHRN\XS\DRS0.X --> ftp.saffire.com /Builds/PC Retail/alpha/Alphav0.006/DATA/LEVELS/LEV2/SHRN/XS DRS0.X
101.07.23 16:07 B S:\Brent\Alphav0.006\DATA\LEVELS\LEV2\SHRN\XS\DRS1.X --> ftp.saffire.com /Builds/PC Retail/alpha/Alphav0.006/DATA/LEVELS/LEV2/SHRN/XS DRS1.X
101.07.23 16:07 B S:\Brent\Alphav0.006\DATA\LEVELS\LEV2\SHRN\XS\DRS2.X --> ftp.saffire.com /Builds/PC Retail/alpha/Alphav0.006/DATA/LEVELS/LEV2/SHRN/XS DRS2.X
101.07.23 16:07 B S:\Brent\Alphav0.006\DATA\LEVELS\LEV2\SHRN\XS\DRS4.X --> ftp.saffire.com /Builds/PC Retail/alpha/Alphav0.006/DATA/LEVELS/LEV2/SHRN/XS DRS4.X
101.07.23 16:07 B S:\Brent\Alphav0.006\DATA\LEVELS\LEV2\SHRN\XS\LGHT.X --> ftp.saffire.com /Builds/PC Retail/alpha/Alphav0.006/DATA/LEVELS/LEV2/SHRN/XS LGHT.X
101.07.23 16:07 B S:\Brent\Alphav0.006\DATA\LEVELS\LEV2\SHRN\XS\MAIN.X --> ftp.saffire.com /Builds/PC Retail/alpha/Alphav0.006/DATA/LEVELS/LEV2/SHRN/XS MAIN.X
101.07.23 16:07 B S:\Brent\Alphav0.006\DATA\LEVELS\LEV2\SHRN\XS\PLNT.X --> ftp.saffire.com /Builds/PC Retail/alpha/Alphav0.006/DATA/LEVELS/LEV2/SHRN/XS PLNT.X
101.07.23 16:07 B S:\Brent\Alphav0.006\DATA\LEVELS\LEV2\SHRN\XS\SHRW.X --> ftp.saffire.com /Builds/PC Retail/alpha/Alphav0.006/DATA/LEVELS/LEV2/SHRN/XS SHRW.X
101.07.23 16:07 B S:\Brent\Alphav0.006\DATA\LEVELS\LEV2\SHRN\XS\SKY1.X --> ftp.saffire.com /Builds/PC Retail/alpha/Alphav0.006/DATA/LEVELS/LEV2/SHRN/XS SKY1.X
101.07.23 16:07 B S:\Brent\Alphav0.006\DATA\LEVELS\LEV2\SHRN\XS\SKY3.X --> ftp.saffire.com /Builds/PC Retail/alpha/Alphav0.006/DATA/LEVELS/LEV2/SHRN/XS SKY3.X
101.07.23 16:08 B S:\Brent\Alphav0.006\DATA\LEVELS\LEV2\SHRN\XS\SWED.X --> ftp.saffire.com /Builds/PC Retail/alpha/Alphav0.006/DATA/LEVELS/LEV2/SHRN/XS SWED.X
101.07.23 16:08 B S:\Brent\Alphav0.006\DATA\LEVELS\LEV2\SHRN\XS\SWF1.X --> ftp.saffire.com /Builds/PC Retail/alpha/Alphav0.006/DATA/LEVELS/LEV2/SHRN/XS SWF1.X
101.07.23 16:08 B S:\Brent\Alphav0.006\DATA\LEVELS\LEV2\SHRN\XS\SWF2.X --> ftp.saffire.com /Builds/PC Retail/alpha/Alphav0.006/DATA/LEVELS/LEV2/SHRN/XS SWF2.X
101.07.23 16:08 B S:\Brent\Alphav0.006\DATA\LEVELS\LEV2\SHRN\XS\SWF3.X --> ftp.saffire.com /Builds/PC Retail/alpha/Alphav0.006/DATA/LEVELS/LEV2/SHRN/XS SWF3.X
101.07.23 16:08 B S:\Brent\Alphav0.006\DATA\LEVELS\LEV2\SHRN\XS\SWF4.X --> ftp.saffire.com /Builds/PC Retail/alpha/Alphav0.006/DATA/LEVELS/LEV2/SHRN/XS SWF4.X
101.07.23 16:08 B S:\Brent\Alphav0.006\DATA\LEVELS\LEV2\SHRN\XS\TRE1.X --> ftp.saffire.com /Builds/PC Retail/alpha/Alphav0.006/DATA/LEVELS/LEV2/SHRN/XS TRE1.X
101.07.23 16:08 B S:\Brent\Alphav0.006\DATA\LEVELS\LEV2\SHRN\XS\WATR.X --> ftp.saffire.com /Builds/PC Retail/alpha/Alphav0.006/DATA/LEVELS/LEV2/SHRN/XS WATR.X
101.07.23 16:08 B S:\Brent\Alphav0.006\DATA\LEVELS\LEV2\SHRN\XS\WHPL.X --> ftp.saffire.com /Builds/PC Retail/alpha/Alphav0.006/DATA/LEVELS/LEV2/SHRN/XS WHPL.X
