101.07.23 14:53 B S:\Brent\Alphav0.006\DATA\ART\MENUART\640x480_2001.bmp --> ftp.saffire.com /Builds/PC Retail/alpha/Alphav0.006/DATA/ART/MENUART 640x480_2001.bmp
101.07.23 14:53 B S:\Brent\Alphav0.006\DATA\ART\MENUART\800x600_2001.bmp --> ftp.saffire.com /Builds/PC Retail/alpha/Alphav0.006/DATA/ART/MENUART 800x600_2001.bmp
101.07.23 14:54 B S:\Brent\Alphav0.006\DATA\ART\MENUART\800x600_LegoSoftware.tga --> ftp.saffire.com /Builds/PC Retail/alpha/Alphav0.006/DATA/ART/MENUART 800x600_LegoSoftware.tga
101.07.23 14:54 B S:\Brent\Alphav0.006\DATA\ART\MENUART\AVI01.TGA --> ftp.saffire.com /Builds/PC Retail/alpha/Alphav0.006/DATA/ART/MENUART AVI01.TGA
101.07.23 14:54 B S:\Brent\Alphav0.006\DATA\ART\MENUART\AVI02.TGA --> ftp.saffire.com /Builds/PC Retail/alpha/Alphav0.006/DATA/ART/MENUART AVI02.TGA
101.07.23 14:54 B S:\Brent\Alphav0.006\DATA\ART\MENUART\AVI03.TGA --> ftp.saffire.com /Builds/PC Retail/alpha/Alphav0.006/DATA/ART/MENUART AVI03.TGA
101.07.23 14:54 B S:\Brent\Alphav0.006\DATA\ART\MENUART\AVI04.TGA --> ftp.saffire.com /Builds/PC Retail/alpha/Alphav0.006/DATA/ART/MENUART AVI04.TGA
101.07.23 14:54 B S:\Brent\Alphav0.006\DATA\ART\MENUART\AVI05.TGA --> ftp.saffire.com /Builds/PC Retail/alpha/Alphav0.006/DATA/ART/MENUART AVI05.TGA
101.07.23 14:54 B S:\Brent\Alphav0.006\DATA\ART\MENUART\AVI06.TGA --> ftp.saffire.com /Builds/PC Retail/alpha/Alphav0.006/DATA/ART/MENUART AVI06.TGA
101.07.23 14:54 B S:\Brent\Alphav0.006\DATA\ART\MENUART\AVI07.TGA --> ftp.saffire.com /Builds/PC Retail/alpha/Alphav0.006/DATA/ART/MENUART AVI07.TGA
101.07.23 14:54 B S:\Brent\Alphav0.006\DATA\ART\MENUART\AVI08.TGA --> ftp.saffire.com /Builds/PC Retail/alpha/Alphav0.006/DATA/ART/MENUART AVI08.TGA
101.07.23 14:54 B S:\Brent\Alphav0.006\DATA\ART\MENUART\AVI09.TGA --> ftp.saffire.com /Builds/PC Retail/alpha/Alphav0.006/DATA/ART/MENUART AVI09.TGA
101.07.23 14:54 B S:\Brent\Alphav0.006\DATA\ART\MENUART\AVI10.TGA --> ftp.saffire.com /Builds/PC Retail/alpha/Alphav0.006/DATA/ART/MENUART AVI10.TGA
101.07.23 14:54 B S:\Brent\Alphav0.006\DATA\ART\MENUART\AVI11.TGA --> ftp.saffire.com /Builds/PC Retail/alpha/Alphav0.006/DATA/ART/MENUART AVI11.TGA
101.07.23 14:54 B S:\Brent\Alphav0.006\DATA\ART\MENUART\AVI12.TGA --> ftp.saffire.com /Builds/PC Retail/alpha/Alphav0.006/DATA/ART/MENUART AVI12.TGA
101.07.23 14:54 B S:\Brent\Alphav0.006\DATA\ART\MENUART\AVI13.TGA --> ftp.saffire.com /Builds/PC Retail/alpha/Alphav0.006/DATA/ART/MENUART AVI13.TGA
101.07.23 14:54 B S:\Brent\Alphav0.006\DATA\ART\MENUART\AVI14.TGA --> ftp.saffire.com /Builds/PC Retail/alpha/Alphav0.006/DATA/ART/MENUART AVI14.TGA
101.07.23 14:54 B S:\Brent\Alphav0.006\DATA\ART\MENUART\AVI15.TGA --> ftp.saffire.com /Builds/PC Retail/alpha/Alphav0.006/DATA/ART/MENUART AVI15.TGA
101.07.23 14:54 B S:\Brent\Alphav0.006\DATA\ART\MENUART\cursor0000.tga --> ftp.saffire.com /Builds/PC Retail/alpha/Alphav0.006/DATA/ART/MENUART cursor0000.tga
101.07.23 14:54 B S:\Brent\Alphav0.006\DATA\ART\MENUART\cursor0001.tga --> ftp.saffire.com /Builds/PC Retail/alpha/Alphav0.006/DATA/ART/MENUART cursor0001.tga
101.07.23 14:54 B S:\Brent\Alphav0.006\DATA\ART\MENUART\GBA_Splash_Screen_FR.tga --> ftp.saffire.com /Builds/PC Retail/alpha/Alphav0.006/DATA/ART/MENUART GBA_Splash_Screen_FR.tga
101.07.23 14:54 B S:\Brent\Alphav0.006\DATA\ART\MENUART\GBA_Splash_Screen_GER.tga --> ftp.saffire.com /Builds/PC Retail/alpha/Alphav0.006/DATA/ART/MENUART GBA_Splash_Screen_GER.tga
101.07.23 14:54 B S:\Brent\Alphav0.006\DATA\ART\MENUART\GBA_Splash_Screen_US.tga --> ftp.saffire.com /Builds/PC Retail/alpha/Alphav0.006/DATA/ART/MENUART GBA_Splash_Screen_US.tga
101.07.23 14:54 B S:\Brent\Alphav0.006\DATA\ART\MENUART\Help_Screen_FR.tga --> ftp.saffire.com /Builds/PC Retail/alpha/Alphav0.006/DATA/ART/MENUART Help_Screen_FR.tga
101.07.23 14:54 B S:\Brent\Alphav0.006\DATA\ART\MENUART\Help_Screen_GER.tga --> ftp.saffire.com /Builds/PC Retail/alpha/Alphav0.006/DATA/ART/MENUART Help_Screen_GER.tga
101.07.23 14:54 B S:\Brent\Alphav0.006\DATA\ART\MENUART\Help_Screen_US.tga --> ftp.saffire.com /Builds/PC Retail/alpha/Alphav0.006/DATA/ART/MENUART Help_Screen_US.tga
101.07.23 14:54 B S:\Brent\Alphav0.006\DATA\ART\MENUART\HelpScreen.tga --> ftp.saffire.com /Builds/PC Retail/alpha/Alphav0.006/DATA/ART/MENUART HelpScreen.tga
101.07.23 14:54 B S:\Brent\Alphav0.006\DATA\ART\MENUART\LegoSoftware.tga --> ftp.saffire.com /Builds/PC Retail/alpha/Alphav0.006/DATA/ART/MENUART LegoSoftware.tga
101.07.23 14:54 B S:\Brent\Alphav0.006\DATA\ART\MENUART\LOADING.TGA --> ftp.saffire.com /Builds/PC Retail/alpha/Alphav0.006/DATA/ART/MENUART LOADING.TGA
101.07.23 14:54 B S:\Brent\Alphav0.006\DATA\ART\MENUART\LUKE.COL --> ftp.saffire.com /Builds/PC Retail/alpha/Alphav0.006/DATA/ART/MENUART LUKE.COL
101.07.23 14:54 B S:\Brent\Alphav0.006\DATA\ART\MENUART\LUKE.Col.db --> ftp.saffire.com /Builds/PC Retail/alpha/Alphav0.006/DATA/ART/MENUART LUKE.Col.db
101.07.23 14:54 B S:\Brent\Alphav0.006\DATA\ART\MENUART\LUKE.Col.t --> ftp.saffire.com /Builds/PC Retail/alpha/Alphav0.006/DATA/ART/MENUART LUKE.Col.t
101.07.23 14:54 B S:\Brent\Alphav0.006\DATA\ART\MENUART\LUKE.TGA --> ftp.saffire.com /Builds/PC Retail/alpha/Alphav0.006/DATA/ART/MENUART LUKE.TGA
101.07.23 14:54 B S:\Brent\Alphav0.006\DATA\ART\MENUART\MENUBOX1.TGA --> ftp.saffire.com /Builds/PC Retail/alpha/Alphav0.006/DATA/ART/MENUART MENUBOX1.TGA
101.07.23 14:54 B S:\Brent\Alphav0.006\DATA\ART\MENUART\MENUBOX2.TGA --> ftp.saffire.com /Builds/PC Retail/alpha/Alphav0.006/DATA/ART/MENUART MENUBOX2.TGA
101.07.23 14:54 B S:\Brent\Alphav0.006\DATA\ART\MENUART\MENUBOX3.TGA --> ftp.saffire.com /Builds/PC Retail/alpha/Alphav0.006/DATA/ART/MENUART MENUBOX3.TGA
101.07.23 14:54 B S:\Brent\Alphav0.006\DATA\ART\MENUART\PC_Splash_Screen_FR.tga --> ftp.saffire.com /Builds/PC Retail/alpha/Alphav0.006/DATA/ART/MENUART PC_Splash_Screen_FR.tga
101.07.23 14:54 B S:\Brent\Alphav0.006\DATA\ART\MENUART\PC_Splash_Screen_GER.tga --> ftp.saffire.com /Builds/PC Retail/alpha/Alphav0.006/DATA/ART/MENUART PC_Splash_Screen_GER.tga
101.07.23 14:54 B S:\Brent\Alphav0.006\DATA\ART\MENUART\PC_Splash_Screen_US.tga --> ftp.saffire.com /Builds/PC Retail/alpha/Alphav0.006/DATA/ART/MENUART PC_Splash_Screen_US.tga
101.07.23 14:54 B S:\Brent\Alphav0.006\DATA\ART\MENUART\Play_Materials_Splash_Screen.tga --> ftp.saffire.com /Builds/PC Retail/alpha/Alphav0.006/DATA/ART/MENUART Play_Materials_Splash_Screen.tga
101.07.23 14:54 B S:\Brent\Alphav0.006\DATA\ART\MENUART\POINT.TGA --> ftp.saffire.com /Builds/PC Retail/alpha/Alphav0.006/DATA/ART/MENUART POINT.TGA
101.07.23 14:54 B S:\Brent\Alphav0.006\DATA\ART\MENUART\saffire_finished_logo.tga --> ftp.saffire.com /Builds/PC Retail/alpha/Alphav0.006/DATA/ART/MENUART saffire_finished_logo.tga
101.07.23 14:54 B S:\Brent\Alphav0.006\DATA\ART\MENUART\SaffireLogo.tga --> ftp.saffire.com /Builds/PC Retail/alpha/Alphav0.006/DATA/ART/MENUART SaffireLogo.tga
101.07.23 14:54 B S:\Brent\Alphav0.006\DATA\ART\MENUART\TMPLEGO1.TGA --> ftp.saffire.com /Builds/PC Retail/alpha/Alphav0.006/DATA/ART/MENUART TMPLEGO1.TGA
101.07.23 14:54 B S:\Brent\Alphav0.006\DATA\ART\MENUART\tmpSaffire1.tga --> ftp.saffire.com /Builds/PC Retail/alpha/Alphav0.006/DATA/ART/MENUART tmpSaffire1.tga
101.07.23 14:54 B S:\Brent\Alphav0.006\DATA\ART\MENUART\tokenbckgrnd.tga --> ftp.saffire.com /Builds/PC Retail/alpha/Alphav0.006/DATA/ART/MENUART tokenbckgrnd.tga
