101.07.23 15:09 B S:\Brent\Alphav0.006\DATA\characters\onua\Xs\.#onua.bhd.1.1 --> ftp.saffire.com /Builds/PC Retail/alpha/Alphav0.006/DATA/characters/onua/Xs .#onua.bhd.1.1
101.07.23 15:09 B S:\Brent\Alphav0.006\DATA\characters\onua\Xs\dchook.x --> ftp.saffire.com /Builds/PC Retail/alpha/Alphav0.006/DATA/characters/onua/Xs dchook.x
101.07.23 15:09 B S:\Brent\Alphav0.006\DATA\characters\onua\Xs\dconua.x --> ftp.saffire.com /Builds/PC Retail/alpha/Alphav0.006/DATA/characters/onua/Xs dconua.x
101.07.23 15:09 B S:\Brent\Alphav0.006\DATA\characters\onua\Xs\hook.x --> ftp.saffire.com /Builds/PC Retail/alpha/Alphav0.006/DATA/characters/onua/Xs hook.x
101.07.23 15:09 B S:\Brent\Alphav0.006\DATA\characters\onua\Xs\lhook.x --> ftp.saffire.com /Builds/PC Retail/alpha/Alphav0.006/DATA/characters/onua/Xs lhook.x
101.07.23 15:09 B S:\Brent\Alphav0.006\DATA\characters\onua\Xs\mask.x --> ftp.saffire.com /Builds/PC Retail/alpha/Alphav0.006/DATA/characters/onua/Xs mask.x
101.07.23 15:09 B S:\Brent\Alphav0.006\DATA\characters\onua\Xs\mk0a.bhd --> ftp.saffire.com /Builds/PC Retail/alpha/Alphav0.006/DATA/characters/onua/Xs mk0a.bhd
101.07.23 15:09 B S:\Brent\Alphav0.006\DATA\characters\onua\Xs\mk0a.x --> ftp.saffire.com /Builds/PC Retail/alpha/Alphav0.006/DATA/characters/onua/Xs mk0a.x
101.07.23 15:09 B S:\Brent\Alphav0.006\DATA\characters\onua\Xs\mk0b.bhd --> ftp.saffire.com /Builds/PC Retail/alpha/Alphav0.006/DATA/characters/onua/Xs mk0b.bhd
101.07.23 15:09 B S:\Brent\Alphav0.006\DATA\characters\onua\Xs\mk0b.x --> ftp.saffire.com /Builds/PC Retail/alpha/Alphav0.006/DATA/characters/onua/Xs mk0b.x
101.07.23 15:09 B S:\Brent\Alphav0.006\DATA\characters\onua\Xs\mk0c.bhd --> ftp.saffire.com /Builds/PC Retail/alpha/Alphav0.006/DATA/characters/onua/Xs mk0c.bhd
101.07.23 15:09 B S:\Brent\Alphav0.006\DATA\characters\onua\Xs\mk0c.x --> ftp.saffire.com /Builds/PC Retail/alpha/Alphav0.006/DATA/characters/onua/Xs mk0c.x
101.07.23 15:09 B S:\Brent\Alphav0.006\DATA\characters\onua\Xs\mk0d.bhd --> ftp.saffire.com /Builds/PC Retail/alpha/Alphav0.006/DATA/characters/onua/Xs mk0d.bhd
101.07.23 15:09 B S:\Brent\Alphav0.006\DATA\characters\onua\Xs\mk0d.x --> ftp.saffire.com /Builds/PC Retail/alpha/Alphav0.006/DATA/characters/onua/Xs mk0d.x
101.07.23 15:09 B S:\Brent\Alphav0.006\DATA\characters\onua\Xs\mk0e.bhd --> ftp.saffire.com /Builds/PC Retail/alpha/Alphav0.006/DATA/characters/onua/Xs mk0e.bhd
101.07.23 15:09 B S:\Brent\Alphav0.006\DATA\characters\onua\Xs\mk0e.x --> ftp.saffire.com /Builds/PC Retail/alpha/Alphav0.006/DATA/characters/onua/Xs mk0e.x
101.07.23 15:09 B S:\Brent\Alphav0.006\DATA\characters\onua\Xs\mk1a.bhd --> ftp.saffire.com /Builds/PC Retail/alpha/Alphav0.006/DATA/characters/onua/Xs mk1a.bhd
101.07.23 15:09 B S:\Brent\Alphav0.006\DATA\characters\onua\Xs\mk1a.x --> ftp.saffire.com /Builds/PC Retail/alpha/Alphav0.006/DATA/characters/onua/Xs mk1a.x
101.07.23 15:09 B S:\Brent\Alphav0.006\DATA\characters\onua\Xs\mk1s.bhd --> ftp.saffire.com /Builds/PC Retail/alpha/Alphav0.006/DATA/characters/onua/Xs mk1s.bhd
101.07.23 15:09 B S:\Brent\Alphav0.006\DATA\characters\onua\Xs\mk1s.x --> ftp.saffire.com /Builds/PC Retail/alpha/Alphav0.006/DATA/characters/onua/Xs mk1s.x
101.07.23 15:09 B S:\Brent\Alphav0.006\DATA\characters\onua\Xs\mk1t.bhd --> ftp.saffire.com /Builds/PC Retail/alpha/Alphav0.006/DATA/characters/onua/Xs mk1t.bhd
101.07.23 15:09 B S:\Brent\Alphav0.006\DATA\characters\onua\Xs\mk1t.x --> ftp.saffire.com /Builds/PC Retail/alpha/Alphav0.006/DATA/characters/onua/Xs mk1t.x
101.07.23 15:09 B S:\Brent\Alphav0.006\DATA\characters\onua\Xs\mk1z.bhd --> ftp.saffire.com /Builds/PC Retail/alpha/Alphav0.006/DATA/characters/onua/Xs mk1z.bhd
101.07.23 15:09 B S:\Brent\Alphav0.006\DATA\characters\onua\Xs\mk1z.x --> ftp.saffire.com /Builds/PC Retail/alpha/Alphav0.006/DATA/characters/onua/Xs mk1z.x
101.07.23 15:09 B S:\Brent\Alphav0.006\DATA\characters\onua\Xs\mk2a.bhd --> ftp.saffire.com /Builds/PC Retail/alpha/Alphav0.006/DATA/characters/onua/Xs mk2a.bhd
101.07.23 15:10 B S:\Brent\Alphav0.006\DATA\characters\onua\Xs\mk2a.x --> ftp.saffire.com /Builds/PC Retail/alpha/Alphav0.006/DATA/characters/onua/Xs mk2a.x
101.07.23 15:10 B S:\Brent\Alphav0.006\DATA\characters\onua\Xs\mk2s.bhd --> ftp.saffire.com /Builds/PC Retail/alpha/Alphav0.006/DATA/characters/onua/Xs mk2s.bhd
101.07.23 15:10 B S:\Brent\Alphav0.006\DATA\characters\onua\Xs\mk2s.x --> ftp.saffire.com /Builds/PC Retail/alpha/Alphav0.006/DATA/characters/onua/Xs mk2s.x
101.07.23 15:10 B S:\Brent\Alphav0.006\DATA\characters\onua\Xs\mk2t.bhd --> ftp.saffire.com /Builds/PC Retail/alpha/Alphav0.006/DATA/characters/onua/Xs mk2t.bhd
101.07.23 15:10 B S:\Brent\Alphav0.006\DATA\characters\onua\Xs\mk2t.x --> ftp.saffire.com /Builds/PC Retail/alpha/Alphav0.006/DATA/characters/onua/Xs mk2t.x
101.07.23 15:10 B S:\Brent\Alphav0.006\DATA\characters\onua\Xs\mk2z.bhd --> ftp.saffire.com /Builds/PC Retail/alpha/Alphav0.006/DATA/characters/onua/Xs mk2z.bhd
101.07.23 15:10 B S:\Brent\Alphav0.006\DATA\characters\onua\Xs\mk2z.x --> ftp.saffire.com /Builds/PC Retail/alpha/Alphav0.006/DATA/characters/onua/Xs mk2z.x
101.07.23 15:10 B S:\Brent\Alphav0.006\DATA\characters\onua\Xs\mk3a.bhd --> ftp.saffire.com /Builds/PC Retail/alpha/Alphav0.006/DATA/characters/onua/Xs mk3a.bhd
101.07.23 15:10 B S:\Brent\Alphav0.006\DATA\characters\onua\Xs\mk3a.x --> ftp.saffire.com /Builds/PC Retail/alpha/Alphav0.006/DATA/characters/onua/Xs mk3a.x
101.07.23 15:10 B S:\Brent\Alphav0.006\DATA\characters\onua\Xs\mk3s.bhd --> ftp.saffire.com /Builds/PC Retail/alpha/Alphav0.006/DATA/characters/onua/Xs mk3s.bhd
101.07.23 15:10 B S:\Brent\Alphav0.006\DATA\characters\onua\Xs\mk3s.x --> ftp.saffire.com /Builds/PC Retail/alpha/Alphav0.006/DATA/characters/onua/Xs mk3s.x
101.07.23 15:10 B S:\Brent\Alphav0.006\DATA\characters\onua\Xs\mk3t.bhd --> ftp.saffire.com /Builds/PC Retail/alpha/Alphav0.006/DATA/characters/onua/Xs mk3t.bhd
101.07.23 15:10 B S:\Brent\Alphav0.006\DATA\characters\onua\Xs\mk3t.x --> ftp.saffire.com /Builds/PC Retail/alpha/Alphav0.006/DATA/characters/onua/Xs mk3t.x
101.07.23 15:10 B S:\Brent\Alphav0.006\DATA\characters\onua\Xs\mk3z.bhd --> ftp.saffire.com /Builds/PC Retail/alpha/Alphav0.006/DATA/characters/onua/Xs mk3z.bhd
101.07.23 15:10 B S:\Brent\Alphav0.006\DATA\characters\onua\Xs\mk3z.x --> ftp.saffire.com /Builds/PC Retail/alpha/Alphav0.006/DATA/characters/onua/Xs mk3z.x
101.07.23 15:10 B S:\Brent\Alphav0.006\DATA\characters\onua\Xs\mk4a.x --> ftp.saffire.com /Builds/PC Retail/alpha/Alphav0.006/DATA/characters/onua/Xs mk4a.x
101.07.23 15:10 B S:\Brent\Alphav0.006\DATA\characters\onua\Xs\mk7a.bhd --> ftp.saffire.com /Builds/PC Retail/alpha/Alphav0.006/DATA/characters/onua/Xs mk7a.bhd
101.07.23 15:10 B S:\Brent\Alphav0.006\DATA\characters\onua\Xs\mk7a.x --> ftp.saffire.com /Builds/PC Retail/alpha/Alphav0.006/DATA/characters/onua/Xs mk7a.x
101.07.23 15:10 B S:\Brent\Alphav0.006\DATA\characters\onua\Xs\mk7b.bhd --> ftp.saffire.com /Builds/PC Retail/alpha/Alphav0.006/DATA/characters/onua/Xs mk7b.bhd
101.07.23 15:10 B S:\Brent\Alphav0.006\DATA\characters\onua\Xs\mk7b.x --> ftp.saffire.com /Builds/PC Retail/alpha/Alphav0.006/DATA/characters/onua/Xs mk7b.x
101.07.23 15:10 B S:\Brent\Alphav0.006\DATA\characters\onua\Xs\mk7c.bhd --> ftp.saffire.com /Builds/PC Retail/alpha/Alphav0.006/DATA/characters/onua/Xs mk7c.bhd
101.07.23 15:10 B S:\Brent\Alphav0.006\DATA\characters\onua\Xs\mk7c.x --> ftp.saffire.com /Builds/PC Retail/alpha/Alphav0.006/DATA/characters/onua/Xs mk7c.x
101.07.23 15:10 B S:\Brent\Alphav0.006\DATA\characters\onua\Xs\mk7d.bhd --> ftp.saffire.com /Builds/PC Retail/alpha/Alphav0.006/DATA/characters/onua/Xs mk7d.bhd
101.07.23 15:10 B S:\Brent\Alphav0.006\DATA\characters\onua\Xs\mk7d.x --> ftp.saffire.com /Builds/PC Retail/alpha/Alphav0.006/DATA/characters/onua/Xs mk7d.x
101.07.23 15:10 B S:\Brent\Alphav0.006\DATA\characters\onua\Xs\mk7e.bhd --> ftp.saffire.com /Builds/PC Retail/alpha/Alphav0.006/DATA/characters/onua/Xs mk7e.bhd
101.07.23 15:10 B S:\Brent\Alphav0.006\DATA\characters\onua\Xs\mk7e.x --> ftp.saffire.com /Builds/PC Retail/alpha/Alphav0.006/DATA/characters/onua/Xs mk7e.x
101.07.23 15:10 B S:\Brent\Alphav0.006\DATA\characters\onua\Xs\mk8a.bhd --> ftp.saffire.com /Builds/PC Retail/alpha/Alphav0.006/DATA/characters/onua/Xs mk8a.bhd
101.07.23 15:10 B S:\Brent\Alphav0.006\DATA\characters\onua\Xs\mk8a.x --> ftp.saffire.com /Builds/PC Retail/alpha/Alphav0.006/DATA/characters/onua/Xs mk8a.x
101.07.23 15:10 B S:\Brent\Alphav0.006\DATA\characters\onua\Xs\mk8b.bhd --> ftp.saffire.com /Builds/PC Retail/alpha/Alphav0.006/DATA/characters/onua/Xs mk8b.bhd
101.07.23 15:10 B S:\Brent\Alphav0.006\DATA\characters\onua\Xs\mk8b.x --> ftp.saffire.com /Builds/PC Retail/alpha/Alphav0.006/DATA/characters/onua/Xs mk8b.x
101.07.23 15:10 B S:\Brent\Alphav0.006\DATA\characters\onua\Xs\mk8c.bhd --> ftp.saffire.com /Builds/PC Retail/alpha/Alphav0.006/DATA/characters/onua/Xs mk8c.bhd
101.07.23 15:10 B S:\Brent\Alphav0.006\DATA\characters\onua\Xs\mk8c.x --> ftp.saffire.com /Builds/PC Retail/alpha/Alphav0.006/DATA/characters/onua/Xs mk8c.x
101.07.23 15:10 B S:\Brent\Alphav0.006\DATA\characters\onua\Xs\mk8d.bhd --> ftp.saffire.com /Builds/PC Retail/alpha/Alphav0.006/DATA/characters/onua/Xs mk8d.bhd
101.07.23 15:10 B S:\Brent\Alphav0.006\DATA\characters\onua\Xs\mk8d.x --> ftp.saffire.com /Builds/PC Retail/alpha/Alphav0.006/DATA/characters/onua/Xs mk8d.x
101.07.23 15:10 B S:\Brent\Alphav0.006\DATA\characters\onua\Xs\mk8e.bhd --> ftp.saffire.com /Builds/PC Retail/alpha/Alphav0.006/DATA/characters/onua/Xs mk8e.bhd
101.07.23 15:10 B S:\Brent\Alphav0.006\DATA\characters\onua\Xs\mk8e.x --> ftp.saffire.com /Builds/PC Retail/alpha/Alphav0.006/DATA/characters/onua/Xs mk8e.x
101.07.23 15:10 B S:\Brent\Alphav0.006\DATA\characters\onua\Xs\msk1.bhd --> ftp.saffire.com /Builds/PC Retail/alpha/Alphav0.006/DATA/characters/onua/Xs msk1.bhd
101.07.23 15:10 B S:\Brent\Alphav0.006\DATA\characters\onua\Xs\msk1.x --> ftp.saffire.com /Builds/PC Retail/alpha/Alphav0.006/DATA/characters/onua/Xs msk1.x
101.07.23 15:10 B S:\Brent\Alphav0.006\DATA\characters\onua\Xs\msk2.bhd --> ftp.saffire.com /Builds/PC Retail/alpha/Alphav0.006/DATA/characters/onua/Xs msk2.bhd
101.07.23 15:10 B S:\Brent\Alphav0.006\DATA\characters\onua\Xs\msk2.x --> ftp.saffire.com /Builds/PC Retail/alpha/Alphav0.006/DATA/characters/onua/Xs msk2.x
101.07.23 15:10 B S:\Brent\Alphav0.006\DATA\characters\onua\Xs\msk3.bhd --> ftp.saffire.com /Builds/PC Retail/alpha/Alphav0.006/DATA/characters/onua/Xs msk3.bhd
101.07.23 15:10 B S:\Brent\Alphav0.006\DATA\characters\onua\Xs\msk3.x --> ftp.saffire.com /Builds/PC Retail/alpha/Alphav0.006/DATA/characters/onua/Xs msk3.x
101.07.23 15:10 B S:\Brent\Alphav0.006\DATA\characters\onua\Xs\muds.BCL --> ftp.saffire.com /Builds/PC Retail/alpha/Alphav0.006/DATA/characters/onua/Xs muds.BCL
101.07.23 15:10 B S:\Brent\Alphav0.006\DATA\characters\onua\Xs\muds.tng --> ftp.saffire.com /Builds/PC Retail/alpha/Alphav0.006/DATA/characters/onua/Xs muds.tng
101.07.23 15:10 B S:\Brent\Alphav0.006\DATA\characters\onua\Xs\MUDS.x --> ftp.saffire.com /Builds/PC Retail/alpha/Alphav0.006/DATA/characters/onua/Xs MUDS.x
101.07.23 15:10 B S:\Brent\Alphav0.006\DATA\characters\onua\Xs\onua.bhd --> ftp.saffire.com /Builds/PC Retail/alpha/Alphav0.006/DATA/characters/onua/Xs onua.bhd
101.07.23 15:10 B S:\Brent\Alphav0.006\DATA\characters\onua\Xs\onua.x --> ftp.saffire.com /Builds/PC Retail/alpha/Alphav0.006/DATA/characters/onua/Xs onua.x
101.07.23 15:10 B S:\Brent\Alphav0.006\DATA\characters\onua\Xs\onua_old.bhd --> ftp.saffire.com /Builds/PC Retail/alpha/Alphav0.006/DATA/characters/onua/Xs onua_old.bhd
101.07.23 15:10 B S:\Brent\Alphav0.006\DATA\characters\onua\Xs\onua_old.x --> ftp.saffire.com /Builds/PC Retail/alpha/Alphav0.006/DATA/characters/onua/Xs onua_old.x
101.07.23 15:10 B S:\Brent\Alphav0.006\DATA\characters\onua\Xs\rope.x --> ftp.saffire.com /Builds/PC Retail/alpha/Alphav0.006/DATA/characters/onua/Xs rope.x
101.07.23 15:10 B S:\Brent\Alphav0.006\DATA\characters\onua\Xs\shd2.x --> ftp.saffire.com /Builds/PC Retail/alpha/Alphav0.006/DATA/characters/onua/Xs shd2.x
101.07.23 15:11 B S:\Brent\Alphav0.006\DATA\characters\onua\Xs\shd4.x --> ftp.saffire.com /Builds/PC Retail/alpha/Alphav0.006/DATA/characters/onua/Xs shd4.x
101.07.23 15:11 B S:\Brent\Alphav0.006\DATA\characters\onua\Xs\shd6.x --> ftp.saffire.com /Builds/PC Retail/alpha/Alphav0.006/DATA/characters/onua/Xs shd6.x
101.07.23 15:11 B S:\Brent\Alphav0.006\DATA\characters\onua\Xs\shd8.x --> ftp.saffire.com /Builds/PC Retail/alpha/Alphav0.006/DATA/characters/onua/Xs shd8.x
