101.07.23 16:13 B S:\Brent\Alphav0.006\DATA\LEVELS\LEV3\BLR5\XS\FLWR.X --> ftp.saffire.com /Builds/PC Retail/alpha/Alphav0.006/DATA/LEVELS/LEV3/BLR5/XS FLWR.X
101.07.23 16:13 B S:\Brent\Alphav0.006\DATA\LEVELS\LEV3\BLR5\XS\MAIN.X --> ftp.saffire.com /Builds/PC Retail/alpha/Alphav0.006/DATA/LEVELS/LEV3/BLR5/XS MAIN.X
101.07.23 16:13 B S:\Brent\Alphav0.006\DATA\LEVELS\LEV3\BLR5\XS\PI01.X --> ftp.saffire.com /Builds/PC Retail/alpha/Alphav0.006/DATA/LEVELS/LEV3/BLR5/XS PI01.X
101.07.23 16:13 B S:\Brent\Alphav0.006\DATA\LEVELS\LEV3\BLR5\XS\PI02.X --> ftp.saffire.com /Builds/PC Retail/alpha/Alphav0.006/DATA/LEVELS/LEV3/BLR5/XS PI02.X
101.07.23 16:13 B S:\Brent\Alphav0.006\DATA\LEVELS\LEV3\BLR5\XS\PI03.X --> ftp.saffire.com /Builds/PC Retail/alpha/Alphav0.006/DATA/LEVELS/LEV3/BLR5/XS PI03.X
101.07.23 16:13 B S:\Brent\Alphav0.006\DATA\LEVELS\LEV3\BLR5\XS\PI04.X --> ftp.saffire.com /Builds/PC Retail/alpha/Alphav0.006/DATA/LEVELS/LEV3/BLR5/XS PI04.X
101.07.23 16:13 B S:\Brent\Alphav0.006\DATA\LEVELS\LEV3\BLR5\XS\PI05.X --> ftp.saffire.com /Builds/PC Retail/alpha/Alphav0.006/DATA/LEVELS/LEV3/BLR5/XS PI05.X
101.07.23 16:13 B S:\Brent\Alphav0.006\DATA\LEVELS\LEV3\BLR5\XS\PI06.X --> ftp.saffire.com /Builds/PC Retail/alpha/Alphav0.006/DATA/LEVELS/LEV3/BLR5/XS PI06.X
101.07.23 16:13 B S:\Brent\Alphav0.006\DATA\LEVELS\LEV3\BLR5\XS\PI07.X --> ftp.saffire.com /Builds/PC Retail/alpha/Alphav0.006/DATA/LEVELS/LEV3/BLR5/XS PI07.X
101.07.23 16:13 B S:\Brent\Alphav0.006\DATA\LEVELS\LEV3\BLR5\XS\PI08.X --> ftp.saffire.com /Builds/PC Retail/alpha/Alphav0.006/DATA/LEVELS/LEV3/BLR5/XS PI08.X
101.07.23 16:13 B S:\Brent\Alphav0.006\DATA\LEVELS\LEV3\BLR5\XS\PI09.X --> ftp.saffire.com /Builds/PC Retail/alpha/Alphav0.006/DATA/LEVELS/LEV3/BLR5/XS PI09.X
101.07.23 16:13 B S:\Brent\Alphav0.006\DATA\LEVELS\LEV3\BLR5\XS\PI10.X --> ftp.saffire.com /Builds/PC Retail/alpha/Alphav0.006/DATA/LEVELS/LEV3/BLR5/XS PI10.X
101.07.23 16:13 B S:\Brent\Alphav0.006\DATA\LEVELS\LEV3\BLR5\XS\PI11.X --> ftp.saffire.com /Builds/PC Retail/alpha/Alphav0.006/DATA/LEVELS/LEV3/BLR5/XS PI11.X
101.07.23 16:13 B S:\Brent\Alphav0.006\DATA\LEVELS\LEV3\BLR5\XS\PI12.X --> ftp.saffire.com /Builds/PC Retail/alpha/Alphav0.006/DATA/LEVELS/LEV3/BLR5/XS PI12.X
101.07.23 16:13 B S:\Brent\Alphav0.006\DATA\LEVELS\LEV3\BLR5\XS\PI13.X --> ftp.saffire.com /Builds/PC Retail/alpha/Alphav0.006/DATA/LEVELS/LEV3/BLR5/XS PI13.X
101.07.23 16:13 B S:\Brent\Alphav0.006\DATA\LEVELS\LEV3\BLR5\XS\PI14.X --> ftp.saffire.com /Builds/PC Retail/alpha/Alphav0.006/DATA/LEVELS/LEV3/BLR5/XS PI14.X
101.07.23 16:13 B S:\Brent\Alphav0.006\DATA\LEVELS\LEV3\BLR5\XS\PIL1.X --> ftp.saffire.com /Builds/PC Retail/alpha/Alphav0.006/DATA/LEVELS/LEV3/BLR5/XS PIL1.X
101.07.23 16:13 B S:\Brent\Alphav0.006\DATA\LEVELS\LEV3\BLR5\XS\PIL2.X --> ftp.saffire.com /Builds/PC Retail/alpha/Alphav0.006/DATA/LEVELS/LEV3/BLR5/XS PIL2.X
101.07.23 16:13 B S:\Brent\Alphav0.006\DATA\LEVELS\LEV3\BLR5\XS\PIL3.X --> ftp.saffire.com /Builds/PC Retail/alpha/Alphav0.006/DATA/LEVELS/LEV3/BLR5/XS PIL3.X
101.07.23 16:13 B S:\Brent\Alphav0.006\DATA\LEVELS\LEV3\BLR5\XS\PIL4.X --> ftp.saffire.com /Builds/PC Retail/alpha/Alphav0.006/DATA/LEVELS/LEV3/BLR5/XS PIL4.X
101.07.23 16:13 B S:\Brent\Alphav0.006\DATA\LEVELS\LEV3\BLR5\XS\PIL5.X --> ftp.saffire.com /Builds/PC Retail/alpha/Alphav0.006/DATA/LEVELS/LEV3/BLR5/XS PIL5.X
101.07.23 16:13 B S:\Brent\Alphav0.006\DATA\LEVELS\LEV3\BLR5\XS\PIL6.X --> ftp.saffire.com /Builds/PC Retail/alpha/Alphav0.006/DATA/LEVELS/LEV3/BLR5/XS PIL6.X
101.07.23 16:13 B S:\Brent\Alphav0.006\DATA\LEVELS\LEV3\BLR5\XS\PIL7.X --> ftp.saffire.com /Builds/PC Retail/alpha/Alphav0.006/DATA/LEVELS/LEV3/BLR5/XS PIL7.X
101.07.23 16:13 B S:\Brent\Alphav0.006\DATA\LEVELS\LEV3\BLR5\XS\PIL8.X --> ftp.saffire.com /Builds/PC Retail/alpha/Alphav0.006/DATA/LEVELS/LEV3/BLR5/XS PIL8.X
101.07.23 16:13 B S:\Brent\Alphav0.006\DATA\LEVELS\LEV3\BLR5\XS\PLNT.X --> ftp.saffire.com /Builds/PC Retail/alpha/Alphav0.006/DATA/LEVELS/LEV3/BLR5/XS PLNT.X
101.07.23 16:13 B S:\Brent\Alphav0.006\DATA\LEVELS\LEV3\BLR5\XS\RUBL.X --> ftp.saffire.com /Builds/PC Retail/alpha/Alphav0.006/DATA/LEVELS/LEV3/BLR5/XS RUBL.X
101.07.23 16:13 B S:\Brent\Alphav0.006\DATA\LEVELS\LEV3\BLR5\XS\SKY1.X --> ftp.saffire.com /Builds/PC Retail/alpha/Alphav0.006/DATA/LEVELS/LEV3/BLR5/XS SKY1.X
101.07.23 16:13 B S:\Brent\Alphav0.006\DATA\LEVELS\LEV3\BLR5\XS\SKY3.X --> ftp.saffire.com /Builds/PC Retail/alpha/Alphav0.006/DATA/LEVELS/LEV3/BLR5/XS SKY3.X
101.07.23 16:13 B S:\Brent\Alphav0.006\DATA\LEVELS\LEV3\BLR5\XS\TRE1.X --> ftp.saffire.com /Builds/PC Retail/alpha/Alphav0.006/DATA/LEVELS/LEV3/BLR5/XS TRE1.X
