101.07.23 15:52 B S:\Brent\Alphav0.006\DATA\characters\wind\Anims\root.bkd --> ftp.saffire.com /Builds/PC Retail/alpha/Alphav0.006/DATA/characters/wind/Anims root.bkd
101.07.23 15:52 B S:\Brent\Alphav0.006\DATA\characters\wind\Anims\wi00.bhd --> ftp.saffire.com /Builds/PC Retail/alpha/Alphav0.006/DATA/characters/wind/Anims wi00.bhd
101.07.23 15:52 B S:\Brent\Alphav0.006\DATA\characters\wind\Anims\wi00.bkd --> ftp.saffire.com /Builds/PC Retail/alpha/Alphav0.006/DATA/characters/wind/Anims wi00.bkd
101.07.23 15:52 B S:\Brent\Alphav0.006\DATA\characters\wind\Anims\wi02.bhd --> ftp.saffire.com /Builds/PC Retail/alpha/Alphav0.006/DATA/characters/wind/Anims wi02.bhd
101.07.23 15:52 B S:\Brent\Alphav0.006\DATA\characters\wind\Anims\wi02.bkd --> ftp.saffire.com /Builds/PC Retail/alpha/Alphav0.006/DATA/characters/wind/Anims wi02.bkd
101.07.23 15:52 B S:\Brent\Alphav0.006\DATA\characters\wind\Anims\wi03.bhd --> ftp.saffire.com /Builds/PC Retail/alpha/Alphav0.006/DATA/characters/wind/Anims wi03.bhd
101.07.23 15:52 B S:\Brent\Alphav0.006\DATA\characters\wind\Anims\wi03.bkd --> ftp.saffire.com /Builds/PC Retail/alpha/Alphav0.006/DATA/characters/wind/Anims wi03.bkd
101.07.23 15:52 B S:\Brent\Alphav0.006\DATA\characters\wind\Anims\wi04.bhd --> ftp.saffire.com /Builds/PC Retail/alpha/Alphav0.006/DATA/characters/wind/Anims wi04.bhd
101.07.23 15:52 B S:\Brent\Alphav0.006\DATA\characters\wind\Anims\wi04.bkd --> ftp.saffire.com /Builds/PC Retail/alpha/Alphav0.006/DATA/characters/wind/Anims wi04.bkd
101.07.23 15:52 B S:\Brent\Alphav0.006\DATA\characters\wind\Anims\wi05.bhd --> ftp.saffire.com /Builds/PC Retail/alpha/Alphav0.006/DATA/characters/wind/Anims wi05.bhd
101.07.23 15:52 B S:\Brent\Alphav0.006\DATA\characters\wind\Anims\wi05.bkd --> ftp.saffire.com /Builds/PC Retail/alpha/Alphav0.006/DATA/characters/wind/Anims wi05.bkd
101.07.23 15:52 B S:\Brent\Alphav0.006\DATA\characters\wind\Anims\wi06.bhd --> ftp.saffire.com /Builds/PC Retail/alpha/Alphav0.006/DATA/characters/wind/Anims wi06.bhd
101.07.23 15:52 B S:\Brent\Alphav0.006\DATA\characters\wind\Anims\wi06.bkd --> ftp.saffire.com /Builds/PC Retail/alpha/Alphav0.006/DATA/characters/wind/Anims wi06.bkd
101.07.23 15:52 B S:\Brent\Alphav0.006\DATA\characters\wind\Anims\wi07.bhd --> ftp.saffire.com /Builds/PC Retail/alpha/Alphav0.006/DATA/characters/wind/Anims wi07.bhd
101.07.23 15:52 B S:\Brent\Alphav0.006\DATA\characters\wind\Anims\wi07.bkd --> ftp.saffire.com /Builds/PC Retail/alpha/Alphav0.006/DATA/characters/wind/Anims wi07.bkd
101.07.23 15:52 B S:\Brent\Alphav0.006\DATA\characters\wind\Anims\wi08.bhd --> ftp.saffire.com /Builds/PC Retail/alpha/Alphav0.006/DATA/characters/wind/Anims wi08.bhd
101.07.23 15:52 B S:\Brent\Alphav0.006\DATA\characters\wind\Anims\wi08.bkd --> ftp.saffire.com /Builds/PC Retail/alpha/Alphav0.006/DATA/characters/wind/Anims wi08.bkd
101.07.23 15:52 B S:\Brent\Alphav0.006\DATA\characters\wind\Anims\wi09.bhd --> ftp.saffire.com /Builds/PC Retail/alpha/Alphav0.006/DATA/characters/wind/Anims wi09.bhd
101.07.23 15:52 B S:\Brent\Alphav0.006\DATA\characters\wind\Anims\wi09.bkd --> ftp.saffire.com /Builds/PC Retail/alpha/Alphav0.006/DATA/characters/wind/Anims wi09.bkd
101.07.23 15:52 B S:\Brent\Alphav0.006\DATA\characters\wind\Anims\wi_idle.bhd --> ftp.saffire.com /Builds/PC Retail/alpha/Alphav0.006/DATA/characters/wind/Anims wi_idle.bhd
101.07.23 15:52 B S:\Brent\Alphav0.006\DATA\characters\wind\Anims\wi_take_damage.bhd --> ftp.saffire.com /Builds/PC Retail/alpha/Alphav0.006/DATA/characters/wind/Anims wi_take_damage.bhd
101.07.23 15:52 B S:\Brent\Alphav0.006\DATA\characters\wind\Anims\wi_throw.bhd --> ftp.saffire.com /Builds/PC Retail/alpha/Alphav0.006/DATA/characters/wind/Anims wi_throw.bhd
101.07.23 15:52 B S:\Brent\Alphav0.006\DATA\characters\wind\Anims\wind_IDs.list --> ftp.saffire.com /Builds/PC Retail/alpha/Alphav0.006/DATA/characters/wind/Anims wind_IDs.list
