101.07.23 16:03 B S:\Brent\Alphav0.006\DATA\LEVELS\LEV2\BMTN\XS\BMTW.X --> ftp.saffire.com /Builds/PC Retail/alpha/Alphav0.006/DATA/LEVELS/LEV2/BMTN/XS BMTW.X
101.07.23 16:03 B S:\Brent\Alphav0.006\DATA\LEVELS\LEV2\BMTN\XS\BRG1.X --> ftp.saffire.com /Builds/PC Retail/alpha/Alphav0.006/DATA/LEVELS/LEV2/BMTN/XS BRG1.X
101.07.23 16:03 B S:\Brent\Alphav0.006\DATA\LEVELS\LEV2\BMTN\XS\DOOR.X --> ftp.saffire.com /Builds/PC Retail/alpha/Alphav0.006/DATA/LEVELS/LEV2/BMTN/XS DOOR.X
101.07.23 16:03 B S:\Brent\Alphav0.006\DATA\LEVELS\LEV2\BMTN\XS\GTST.X --> ftp.saffire.com /Builds/PC Retail/alpha/Alphav0.006/DATA/LEVELS/LEV2/BMTN/XS GTST.X
101.07.23 16:03 B S:\Brent\Alphav0.006\DATA\LEVELS\LEV2\BMTN\XS\MAIN.X --> ftp.saffire.com /Builds/PC Retail/alpha/Alphav0.006/DATA/LEVELS/LEV2/BMTN/XS MAIN.X
101.07.23 16:03 B S:\Brent\Alphav0.006\DATA\LEVELS\LEV2\BMTN\XS\MNTN.X --> ftp.saffire.com /Builds/PC Retail/alpha/Alphav0.006/DATA/LEVELS/LEV2/BMTN/XS MNTN.X
101.07.23 16:03 B S:\Brent\Alphav0.006\DATA\LEVELS\LEV2\BMTN\XS\PALM.X --> ftp.saffire.com /Builds/PC Retail/alpha/Alphav0.006/DATA/LEVELS/LEV2/BMTN/XS PALM.X
101.07.23 16:03 B S:\Brent\Alphav0.006\DATA\LEVELS\LEV2\BMTN\XS\PF01.X --> ftp.saffire.com /Builds/PC Retail/alpha/Alphav0.006/DATA/LEVELS/LEV2/BMTN/XS PF01.X
101.07.23 16:03 B S:\Brent\Alphav0.006\DATA\LEVELS\LEV2\BMTN\XS\PF02.X --> ftp.saffire.com /Builds/PC Retail/alpha/Alphav0.006/DATA/LEVELS/LEV2/BMTN/XS PF02.X
101.07.23 16:03 B S:\Brent\Alphav0.006\DATA\LEVELS\LEV2\BMTN\XS\PF03.X --> ftp.saffire.com /Builds/PC Retail/alpha/Alphav0.006/DATA/LEVELS/LEV2/BMTN/XS PF03.X
101.07.23 16:03 B S:\Brent\Alphav0.006\DATA\LEVELS\LEV2\BMTN\XS\PF04.X --> ftp.saffire.com /Builds/PC Retail/alpha/Alphav0.006/DATA/LEVELS/LEV2/BMTN/XS PF04.X
101.07.23 16:03 B S:\Brent\Alphav0.006\DATA\LEVELS\LEV2\BMTN\XS\PF05.X --> ftp.saffire.com /Builds/PC Retail/alpha/Alphav0.006/DATA/LEVELS/LEV2/BMTN/XS PF05.X
101.07.23 16:03 B S:\Brent\Alphav0.006\DATA\LEVELS\LEV2\BMTN\XS\RCK1.X --> ftp.saffire.com /Builds/PC Retail/alpha/Alphav0.006/DATA/LEVELS/LEV2/BMTN/XS RCK1.X
101.07.23 16:03 B S:\Brent\Alphav0.006\DATA\LEVELS\LEV2\BMTN\XS\RCK2.X --> ftp.saffire.com /Builds/PC Retail/alpha/Alphav0.006/DATA/LEVELS/LEV2/BMTN/XS RCK2.X
101.07.23 16:03 B S:\Brent\Alphav0.006\DATA\LEVELS\LEV2\BMTN\XS\RCK3.X --> ftp.saffire.com /Builds/PC Retail/alpha/Alphav0.006/DATA/LEVELS/LEV2/BMTN/XS RCK3.X
101.07.23 16:03 B S:\Brent\Alphav0.006\DATA\LEVELS\LEV2\BMTN\XS\RCK4.X --> ftp.saffire.com /Builds/PC Retail/alpha/Alphav0.006/DATA/LEVELS/LEV2/BMTN/XS RCK4.X
101.07.23 16:03 B S:\Brent\Alphav0.006\DATA\LEVELS\LEV2\BMTN\XS\RCK5.X --> ftp.saffire.com /Builds/PC Retail/alpha/Alphav0.006/DATA/LEVELS/LEV2/BMTN/XS RCK5.X
101.07.23 16:03 B S:\Brent\Alphav0.006\DATA\LEVELS\LEV2\BMTN\XS\ROCK.X --> ftp.saffire.com /Builds/PC Retail/alpha/Alphav0.006/DATA/LEVELS/LEV2/BMTN/XS ROCK.X
101.07.23 16:03 B S:\Brent\Alphav0.006\DATA\LEVELS\LEV2\BMTN\XS\SKY1.X --> ftp.saffire.com /Builds/PC Retail/alpha/Alphav0.006/DATA/LEVELS/LEV2/BMTN/XS SKY1.X
101.07.23 16:03 B S:\Brent\Alphav0.006\DATA\LEVELS\LEV2\BMTN\XS\TRE1.X --> ftp.saffire.com /Builds/PC Retail/alpha/Alphav0.006/DATA/LEVELS/LEV2/BMTN/XS TRE1.X
101.07.23 16:03 B S:\Brent\Alphav0.006\DATA\LEVELS\LEV2\BMTN\XS\WATR.X --> ftp.saffire.com /Builds/PC Retail/alpha/Alphav0.006/DATA/LEVELS/LEV2/BMTN/XS WATR.X
