101.07.23 16:03 B S:\Brent\Alphav0.006\DATA\LEVELS\LEV2\BECH\XS\BECW.X --> ftp.saffire.com /Builds/PC Retail/alpha/Alphav0.006/DATA/LEVELS/LEV2/BECH/XS BECW.X
101.07.23 16:03 B S:\Brent\Alphav0.006\DATA\LEVELS\LEV2\BECH\XS\HK01.X --> ftp.saffire.com /Builds/PC Retail/alpha/Alphav0.006/DATA/LEVELS/LEV2/BECH/XS HK01.X
101.07.23 16:03 B S:\Brent\Alphav0.006\DATA\LEVELS\LEV2\BECH\XS\KN00.X --> ftp.saffire.com /Builds/PC Retail/alpha/Alphav0.006/DATA/LEVELS/LEV2/BECH/XS KN00.X
101.07.23 16:03 B S:\Brent\Alphav0.006\DATA\LEVELS\LEV2\BECH\XS\KN01.X --> ftp.saffire.com /Builds/PC Retail/alpha/Alphav0.006/DATA/LEVELS/LEV2/BECH/XS KN01.X
101.07.23 16:03 B S:\Brent\Alphav0.006\DATA\LEVELS\LEV2\BECH\XS\KN02.X --> ftp.saffire.com /Builds/PC Retail/alpha/Alphav0.006/DATA/LEVELS/LEV2/BECH/XS KN02.X
101.07.23 16:03 B S:\Brent\Alphav0.006\DATA\LEVELS\LEV2\BECH\XS\KN03.X --> ftp.saffire.com /Builds/PC Retail/alpha/Alphav0.006/DATA/LEVELS/LEV2/BECH/XS KN03.X
101.07.23 16:03 B S:\Brent\Alphav0.006\DATA\LEVELS\LEV2\BECH\XS\KN04.X --> ftp.saffire.com /Builds/PC Retail/alpha/Alphav0.006/DATA/LEVELS/LEV2/BECH/XS KN04.X
101.07.23 16:03 B S:\Brent\Alphav0.006\DATA\LEVELS\LEV2\BECH\XS\KN05.X --> ftp.saffire.com /Builds/PC Retail/alpha/Alphav0.006/DATA/LEVELS/LEV2/BECH/XS KN05.X
101.07.23 16:03 B S:\Brent\Alphav0.006\DATA\LEVELS\LEV2\BECH\XS\KN06.X --> ftp.saffire.com /Builds/PC Retail/alpha/Alphav0.006/DATA/LEVELS/LEV2/BECH/XS KN06.X
101.07.23 16:03 B S:\Brent\Alphav0.006\DATA\LEVELS\LEV2\BECH\XS\KN07.X --> ftp.saffire.com /Builds/PC Retail/alpha/Alphav0.006/DATA/LEVELS/LEV2/BECH/XS KN07.X
101.07.23 16:03 B S:\Brent\Alphav0.006\DATA\LEVELS\LEV2\BECH\XS\KNK1.X --> ftp.saffire.com /Builds/PC Retail/alpha/Alphav0.006/DATA/LEVELS/LEV2/BECH/XS KNK1.X
101.07.23 16:03 B S:\Brent\Alphav0.006\DATA\LEVELS\LEV2\BECH\XS\LG01.X --> ftp.saffire.com /Builds/PC Retail/alpha/Alphav0.006/DATA/LEVELS/LEV2/BECH/XS LG01.X
101.07.23 16:03 B S:\Brent\Alphav0.006\DATA\LEVELS\LEV2\BECH\XS\MAIN.X --> ftp.saffire.com /Builds/PC Retail/alpha/Alphav0.006/DATA/LEVELS/LEV2/BECH/XS MAIN.X
101.07.23 16:03 B S:\Brent\Alphav0.006\DATA\LEVELS\LEV2\BECH\XS\MK9A.X --> ftp.saffire.com /Builds/PC Retail/alpha/Alphav0.006/DATA/LEVELS/LEV2/BECH/XS MK9A.X
101.07.23 16:03 B S:\Brent\Alphav0.006\DATA\LEVELS\LEV2\BECH\XS\PD01.X --> ftp.saffire.com /Builds/PC Retail/alpha/Alphav0.006/DATA/LEVELS/LEV2/BECH/XS PD01.X
101.07.23 16:03 B S:\Brent\Alphav0.006\DATA\LEVELS\LEV2\BECH\XS\PF01.X --> ftp.saffire.com /Builds/PC Retail/alpha/Alphav0.006/DATA/LEVELS/LEV2/BECH/XS PF01.X
101.07.23 16:03 B S:\Brent\Alphav0.006\DATA\LEVELS\LEV2\BECH\XS\PF02.X --> ftp.saffire.com /Builds/PC Retail/alpha/Alphav0.006/DATA/LEVELS/LEV2/BECH/XS PF02.X
101.07.23 16:03 B S:\Brent\Alphav0.006\DATA\LEVELS\LEV2\BECH\XS\PF03.X --> ftp.saffire.com /Builds/PC Retail/alpha/Alphav0.006/DATA/LEVELS/LEV2/BECH/XS PF03.X
101.07.23 16:03 B S:\Brent\Alphav0.006\DATA\LEVELS\LEV2\BECH\XS\PF04.X --> ftp.saffire.com /Builds/PC Retail/alpha/Alphav0.006/DATA/LEVELS/LEV2/BECH/XS PF04.X
101.07.23 16:03 B S:\Brent\Alphav0.006\DATA\LEVELS\LEV2\BECH\XS\PF05.X --> ftp.saffire.com /Builds/PC Retail/alpha/Alphav0.006/DATA/LEVELS/LEV2/BECH/XS PF05.X
101.07.23 16:03 B S:\Brent\Alphav0.006\DATA\LEVELS\LEV2\BECH\XS\PF06.X --> ftp.saffire.com /Builds/PC Retail/alpha/Alphav0.006/DATA/LEVELS/LEV2/BECH/XS PF06.X
101.07.23 16:03 B S:\Brent\Alphav0.006\DATA\LEVELS\LEV2\BECH\XS\PR07.X --> ftp.saffire.com /Builds/PC Retail/alpha/Alphav0.006/DATA/LEVELS/LEV2/BECH/XS PR07.X
101.07.23 16:03 B S:\Brent\Alphav0.006\DATA\LEVELS\LEV2\BECH\XS\PR08.X --> ftp.saffire.com /Builds/PC Retail/alpha/Alphav0.006/DATA/LEVELS/LEV2/BECH/XS PR08.X
101.07.23 16:03 B S:\Brent\Alphav0.006\DATA\LEVELS\LEV2\BECH\XS\PR09.X --> ftp.saffire.com /Builds/PC Retail/alpha/Alphav0.006/DATA/LEVELS/LEV2/BECH/XS PR09.X
101.07.23 16:03 B S:\Brent\Alphav0.006\DATA\LEVELS\LEV2\BECH\XS\ROCK.X --> ftp.saffire.com /Builds/PC Retail/alpha/Alphav0.006/DATA/LEVELS/LEV2/BECH/XS ROCK.X
101.07.23 16:03 B S:\Brent\Alphav0.006\DATA\LEVELS\LEV2\BECH\XS\SKY1.X --> ftp.saffire.com /Builds/PC Retail/alpha/Alphav0.006/DATA/LEVELS/LEV2/BECH/XS SKY1.X
101.07.23 16:03 B S:\Brent\Alphav0.006\DATA\LEVELS\LEV2\BECH\XS\TRE1.X --> ftp.saffire.com /Builds/PC Retail/alpha/Alphav0.006/DATA/LEVELS/LEV2/BECH/XS TRE1.X
101.07.23 16:03 B S:\Brent\Alphav0.006\DATA\LEVELS\LEV2\BECH\XS\WATR.X --> ftp.saffire.com /Builds/PC Retail/alpha/Alphav0.006/DATA/LEVELS/LEV2/BECH/XS WATR.X
