101.07.23 15:04 B S:\Brent\Alphav0.006\DATA\characters\kopa\Anims\c501.bhd --> ftp.saffire.com /Builds/PC Retail/alpha/Alphav0.006/DATA/characters/kopa/Anims c501.bhd
101.07.23 15:04 B S:\Brent\Alphav0.006\DATA\characters\kopa\Anims\c501.bkd --> ftp.saffire.com /Builds/PC Retail/alpha/Alphav0.006/DATA/characters/kopa/Anims c501.bkd
101.07.23 15:04 B S:\Brent\Alphav0.006\DATA\characters\kopa\Anims\k000.bhd --> ftp.saffire.com /Builds/PC Retail/alpha/Alphav0.006/DATA/characters/kopa/Anims k000.bhd
101.07.23 15:04 B S:\Brent\Alphav0.006\DATA\characters\kopa\Anims\k000.bkd --> ftp.saffire.com /Builds/PC Retail/alpha/Alphav0.006/DATA/characters/kopa/Anims k000.bkd
101.07.23 15:04 B S:\Brent\Alphav0.006\DATA\characters\kopa\Anims\k001.bhd --> ftp.saffire.com /Builds/PC Retail/alpha/Alphav0.006/DATA/characters/kopa/Anims k001.bhd
101.07.23 15:04 B S:\Brent\Alphav0.006\DATA\characters\kopa\Anims\k001.bkd --> ftp.saffire.com /Builds/PC Retail/alpha/Alphav0.006/DATA/characters/kopa/Anims k001.bkd
101.07.23 15:04 B S:\Brent\Alphav0.006\DATA\characters\kopa\Anims\k002.bhd --> ftp.saffire.com /Builds/PC Retail/alpha/Alphav0.006/DATA/characters/kopa/Anims k002.bhd
101.07.23 15:04 B S:\Brent\Alphav0.006\DATA\characters\kopa\Anims\k002.bkd --> ftp.saffire.com /Builds/PC Retail/alpha/Alphav0.006/DATA/characters/kopa/Anims k002.bkd
101.07.23 15:04 B S:\Brent\Alphav0.006\DATA\characters\kopa\Anims\k003.bhd --> ftp.saffire.com /Builds/PC Retail/alpha/Alphav0.006/DATA/characters/kopa/Anims k003.bhd
101.07.23 15:04 B S:\Brent\Alphav0.006\DATA\characters\kopa\Anims\k003.bkd --> ftp.saffire.com /Builds/PC Retail/alpha/Alphav0.006/DATA/characters/kopa/Anims k003.bkd
101.07.23 15:04 B S:\Brent\Alphav0.006\DATA\characters\kopa\Anims\k004.bhd --> ftp.saffire.com /Builds/PC Retail/alpha/Alphav0.006/DATA/characters/kopa/Anims k004.bhd
101.07.23 15:04 B S:\Brent\Alphav0.006\DATA\characters\kopa\Anims\k004.bkd --> ftp.saffire.com /Builds/PC Retail/alpha/Alphav0.006/DATA/characters/kopa/Anims k004.bkd
101.07.23 15:04 B S:\Brent\Alphav0.006\DATA\characters\kopa\Anims\k016.bhd --> ftp.saffire.com /Builds/PC Retail/alpha/Alphav0.006/DATA/characters/kopa/Anims k016.bhd
101.07.23 15:04 B S:\Brent\Alphav0.006\DATA\characters\kopa\Anims\k016.bkd --> ftp.saffire.com /Builds/PC Retail/alpha/Alphav0.006/DATA/characters/kopa/Anims k016.bkd
101.07.23 15:04 B S:\Brent\Alphav0.006\DATA\characters\kopa\Anims\k020.bhd --> ftp.saffire.com /Builds/PC Retail/alpha/Alphav0.006/DATA/characters/kopa/Anims k020.bhd
101.07.23 15:04 B S:\Brent\Alphav0.006\DATA\characters\kopa\Anims\k020.bkd --> ftp.saffire.com /Builds/PC Retail/alpha/Alphav0.006/DATA/characters/kopa/Anims k020.bkd
101.07.23 15:04 B S:\Brent\Alphav0.006\DATA\characters\kopa\Anims\k021.bhd --> ftp.saffire.com /Builds/PC Retail/alpha/Alphav0.006/DATA/characters/kopa/Anims k021.bhd
101.07.23 15:04 B S:\Brent\Alphav0.006\DATA\characters\kopa\Anims\k021.bkd --> ftp.saffire.com /Builds/PC Retail/alpha/Alphav0.006/DATA/characters/kopa/Anims k021.bkd
101.07.23 15:04 B S:\Brent\Alphav0.006\DATA\characters\kopa\Anims\k022.bhd --> ftp.saffire.com /Builds/PC Retail/alpha/Alphav0.006/DATA/characters/kopa/Anims k022.bhd
101.07.23 15:04 B S:\Brent\Alphav0.006\DATA\characters\kopa\Anims\k022.bkd --> ftp.saffire.com /Builds/PC Retail/alpha/Alphav0.006/DATA/characters/kopa/Anims k022.bkd
101.07.23 15:04 B S:\Brent\Alphav0.006\DATA\characters\kopa\Anims\k026.bhd --> ftp.saffire.com /Builds/PC Retail/alpha/Alphav0.006/DATA/characters/kopa/Anims k026.bhd
101.07.23 15:04 B S:\Brent\Alphav0.006\DATA\characters\kopa\Anims\k026.bkd --> ftp.saffire.com /Builds/PC Retail/alpha/Alphav0.006/DATA/characters/kopa/Anims k026.bkd
101.07.23 15:04 B S:\Brent\Alphav0.006\DATA\characters\kopa\Anims\k027.bhd --> ftp.saffire.com /Builds/PC Retail/alpha/Alphav0.006/DATA/characters/kopa/Anims k027.bhd
101.07.23 15:04 B S:\Brent\Alphav0.006\DATA\characters\kopa\Anims\k027.bkd --> ftp.saffire.com /Builds/PC Retail/alpha/Alphav0.006/DATA/characters/kopa/Anims k027.bkd
101.07.23 15:04 B S:\Brent\Alphav0.006\DATA\characters\kopa\Anims\k028.bhd --> ftp.saffire.com /Builds/PC Retail/alpha/Alphav0.006/DATA/characters/kopa/Anims k028.bhd
101.07.23 15:04 B S:\Brent\Alphav0.006\DATA\characters\kopa\Anims\k028.bkd --> ftp.saffire.com /Builds/PC Retail/alpha/Alphav0.006/DATA/characters/kopa/Anims k028.bkd
101.07.23 15:04 B S:\Brent\Alphav0.006\DATA\characters\kopa\Anims\k029.bhd --> ftp.saffire.com /Builds/PC Retail/alpha/Alphav0.006/DATA/characters/kopa/Anims k029.bhd
101.07.23 15:04 B S:\Brent\Alphav0.006\DATA\characters\kopa\Anims\k029.bkd --> ftp.saffire.com /Builds/PC Retail/alpha/Alphav0.006/DATA/characters/kopa/Anims k029.bkd
101.07.23 15:04 B S:\Brent\Alphav0.006\DATA\characters\kopa\Anims\k032.bhd --> ftp.saffire.com /Builds/PC Retail/alpha/Alphav0.006/DATA/characters/kopa/Anims k032.bhd
101.07.23 15:04 B S:\Brent\Alphav0.006\DATA\characters\kopa\Anims\k032.bkd --> ftp.saffire.com /Builds/PC Retail/alpha/Alphav0.006/DATA/characters/kopa/Anims k032.bkd
101.07.23 15:04 B S:\Brent\Alphav0.006\DATA\characters\kopa\Anims\k033.bhd --> ftp.saffire.com /Builds/PC Retail/alpha/Alphav0.006/DATA/characters/kopa/Anims k033.bhd
101.07.23 15:04 B S:\Brent\Alphav0.006\DATA\characters\kopa\Anims\k033.bkd --> ftp.saffire.com /Builds/PC Retail/alpha/Alphav0.006/DATA/characters/kopa/Anims k033.bkd
101.07.23 15:04 B S:\Brent\Alphav0.006\DATA\characters\kopa\Anims\k034.bhd --> ftp.saffire.com /Builds/PC Retail/alpha/Alphav0.006/DATA/characters/kopa/Anims k034.bhd
101.07.23 15:04 B S:\Brent\Alphav0.006\DATA\characters\kopa\Anims\k034.bkd --> ftp.saffire.com /Builds/PC Retail/alpha/Alphav0.006/DATA/characters/kopa/Anims k034.bkd
101.07.23 15:04 B S:\Brent\Alphav0.006\DATA\characters\kopa\Anims\k035.bhd --> ftp.saffire.com /Builds/PC Retail/alpha/Alphav0.006/DATA/characters/kopa/Anims k035.bhd
101.07.23 15:04 B S:\Brent\Alphav0.006\DATA\characters\kopa\Anims\k035.bkd --> ftp.saffire.com /Builds/PC Retail/alpha/Alphav0.006/DATA/characters/kopa/Anims k035.bkd
101.07.23 15:04 B S:\Brent\Alphav0.006\DATA\characters\kopa\Anims\k036.bhd --> ftp.saffire.com /Builds/PC Retail/alpha/Alphav0.006/DATA/characters/kopa/Anims k036.bhd
101.07.23 15:04 B S:\Brent\Alphav0.006\DATA\characters\kopa\Anims\k036.bkd --> ftp.saffire.com /Builds/PC Retail/alpha/Alphav0.006/DATA/characters/kopa/Anims k036.bkd
101.07.23 15:04 B S:\Brent\Alphav0.006\DATA\characters\kopa\Anims\k037.bhd --> ftp.saffire.com /Builds/PC Retail/alpha/Alphav0.006/DATA/characters/kopa/Anims k037.bhd
101.07.23 15:04 B S:\Brent\Alphav0.006\DATA\characters\kopa\Anims\k037.bkd --> ftp.saffire.com /Builds/PC Retail/alpha/Alphav0.006/DATA/characters/kopa/Anims k037.bkd
101.07.23 15:04 B S:\Brent\Alphav0.006\DATA\characters\kopa\Anims\k038.bhd --> ftp.saffire.com /Builds/PC Retail/alpha/Alphav0.006/DATA/characters/kopa/Anims k038.bhd
101.07.23 15:04 B S:\Brent\Alphav0.006\DATA\characters\kopa\Anims\k038.bkd --> ftp.saffire.com /Builds/PC Retail/alpha/Alphav0.006/DATA/characters/kopa/Anims k038.bkd
101.07.23 15:04 B S:\Brent\Alphav0.006\DATA\characters\kopa\Anims\k039.bhd --> ftp.saffire.com /Builds/PC Retail/alpha/Alphav0.006/DATA/characters/kopa/Anims k039.bhd
101.07.23 15:04 B S:\Brent\Alphav0.006\DATA\characters\kopa\Anims\k039.bkd --> ftp.saffire.com /Builds/PC Retail/alpha/Alphav0.006/DATA/characters/kopa/Anims k039.bkd
101.07.23 15:04 B S:\Brent\Alphav0.006\DATA\characters\kopa\Anims\k040.bhd --> ftp.saffire.com /Builds/PC Retail/alpha/Alphav0.006/DATA/characters/kopa/Anims k040.bhd
101.07.23 15:04 B S:\Brent\Alphav0.006\DATA\characters\kopa\Anims\k040.bkd --> ftp.saffire.com /Builds/PC Retail/alpha/Alphav0.006/DATA/characters/kopa/Anims k040.bkd
101.07.23 15:04 B S:\Brent\Alphav0.006\DATA\characters\kopa\Anims\k041.bhd --> ftp.saffire.com /Builds/PC Retail/alpha/Alphav0.006/DATA/characters/kopa/Anims k041.bhd
101.07.23 15:04 B S:\Brent\Alphav0.006\DATA\characters\kopa\Anims\k041.bkd --> ftp.saffire.com /Builds/PC Retail/alpha/Alphav0.006/DATA/characters/kopa/Anims k041.bkd
101.07.23 15:04 B S:\Brent\Alphav0.006\DATA\characters\kopa\Anims\k042.bhd --> ftp.saffire.com /Builds/PC Retail/alpha/Alphav0.006/DATA/characters/kopa/Anims k042.bhd
101.07.23 15:04 B S:\Brent\Alphav0.006\DATA\characters\kopa\Anims\k042.bkd --> ftp.saffire.com /Builds/PC Retail/alpha/Alphav0.006/DATA/characters/kopa/Anims k042.bkd
101.07.23 15:04 B S:\Brent\Alphav0.006\DATA\characters\kopa\Anims\k043.bhd --> ftp.saffire.com /Builds/PC Retail/alpha/Alphav0.006/DATA/characters/kopa/Anims k043.bhd
101.07.23 15:04 B S:\Brent\Alphav0.006\DATA\characters\kopa\Anims\k043.bkd --> ftp.saffire.com /Builds/PC Retail/alpha/Alphav0.006/DATA/characters/kopa/Anims k043.bkd
101.07.23 15:04 B S:\Brent\Alphav0.006\DATA\characters\kopa\Anims\k044.bhd --> ftp.saffire.com /Builds/PC Retail/alpha/Alphav0.006/DATA/characters/kopa/Anims k044.bhd
101.07.23 15:04 B S:\Brent\Alphav0.006\DATA\characters\kopa\Anims\k044.bkd --> ftp.saffire.com /Builds/PC Retail/alpha/Alphav0.006/DATA/characters/kopa/Anims k044.bkd
101.07.23 15:04 B S:\Brent\Alphav0.006\DATA\characters\kopa\Anims\k045.bhd --> ftp.saffire.com /Builds/PC Retail/alpha/Alphav0.006/DATA/characters/kopa/Anims k045.bhd
101.07.23 15:04 B S:\Brent\Alphav0.006\DATA\characters\kopa\Anims\k045.bkd --> ftp.saffire.com /Builds/PC Retail/alpha/Alphav0.006/DATA/characters/kopa/Anims k045.bkd
101.07.23 15:04 B S:\Brent\Alphav0.006\DATA\characters\kopa\Anims\k046.bhd --> ftp.saffire.com /Builds/PC Retail/alpha/Alphav0.006/DATA/characters/kopa/Anims k046.bhd
101.07.23 15:04 B S:\Brent\Alphav0.006\DATA\characters\kopa\Anims\k046.bkd --> ftp.saffire.com /Builds/PC Retail/alpha/Alphav0.006/DATA/characters/kopa/Anims k046.bkd
101.07.23 15:04 B S:\Brent\Alphav0.006\DATA\characters\kopa\Anims\k047.bhd --> ftp.saffire.com /Builds/PC Retail/alpha/Alphav0.006/DATA/characters/kopa/Anims k047.bhd
101.07.23 15:04 B S:\Brent\Alphav0.006\DATA\characters\kopa\Anims\k047.bkd --> ftp.saffire.com /Builds/PC Retail/alpha/Alphav0.006/DATA/characters/kopa/Anims k047.bkd
101.07.23 15:04 B S:\Brent\Alphav0.006\DATA\characters\kopa\Anims\k048.bhd --> ftp.saffire.com /Builds/PC Retail/alpha/Alphav0.006/DATA/characters/kopa/Anims k048.bhd
101.07.23 15:04 B S:\Brent\Alphav0.006\DATA\characters\kopa\Anims\k048.bkd --> ftp.saffire.com /Builds/PC Retail/alpha/Alphav0.006/DATA/characters/kopa/Anims k048.bkd
101.07.23 15:04 B S:\Brent\Alphav0.006\DATA\characters\kopa\Anims\k049.bhd --> ftp.saffire.com /Builds/PC Retail/alpha/Alphav0.006/DATA/characters/kopa/Anims k049.bhd
101.07.23 15:04 B S:\Brent\Alphav0.006\DATA\characters\kopa\Anims\k049.bkd --> ftp.saffire.com /Builds/PC Retail/alpha/Alphav0.006/DATA/characters/kopa/Anims k049.bkd
101.07.23 15:04 B S:\Brent\Alphav0.006\DATA\characters\kopa\Anims\k050.bhd --> ftp.saffire.com /Builds/PC Retail/alpha/Alphav0.006/DATA/characters/kopa/Anims k050.bhd
101.07.23 15:04 B S:\Brent\Alphav0.006\DATA\characters\kopa\Anims\k050.bkd --> ftp.saffire.com /Builds/PC Retail/alpha/Alphav0.006/DATA/characters/kopa/Anims k050.bkd
101.07.23 15:04 B S:\Brent\Alphav0.006\DATA\characters\kopa\Anims\k051.bhd --> ftp.saffire.com /Builds/PC Retail/alpha/Alphav0.006/DATA/characters/kopa/Anims k051.bhd
101.07.23 15:04 B S:\Brent\Alphav0.006\DATA\characters\kopa\Anims\k051.bkd --> ftp.saffire.com /Builds/PC Retail/alpha/Alphav0.006/DATA/characters/kopa/Anims k051.bkd
101.07.23 15:04 B S:\Brent\Alphav0.006\DATA\characters\kopa\Anims\kopa_IDs.list --> ftp.saffire.com /Builds/PC Retail/alpha/Alphav0.006/DATA/characters/kopa/Anims kopa_IDs.list
