101.07.23 15:50 B S:\Brent\Alphav0.006\DATA\characters\tnga\Xs\Copy of mk1a.x --> ftp.saffire.com /Builds/PC Retail/alpha/Alphav0.006/DATA/characters/tnga/Xs Copy of mk1a.x
101.07.23 15:50 B S:\Brent\Alphav0.006\DATA\characters\tnga\Xs\Copy of mk2a.x --> ftp.saffire.com /Builds/PC Retail/alpha/Alphav0.006/DATA/characters/tnga/Xs Copy of mk2a.x
101.07.23 15:50 B S:\Brent\Alphav0.006\DATA\characters\tnga\Xs\Copy of mk3a.x --> ftp.saffire.com /Builds/PC Retail/alpha/Alphav0.006/DATA/characters/tnga/Xs Copy of mk3a.x
101.07.23 15:50 B S:\Brent\Alphav0.006\DATA\characters\tnga\Xs\Copy of mk4a.x --> ftp.saffire.com /Builds/PC Retail/alpha/Alphav0.006/DATA/characters/tnga/Xs Copy of mk4a.x
101.07.23 15:50 B S:\Brent\Alphav0.006\DATA\characters\tnga\Xs\Copy of mk8a.x --> ftp.saffire.com /Builds/PC Retail/alpha/Alphav0.006/DATA/characters/tnga/Xs Copy of mk8a.x
101.07.23 15:50 B S:\Brent\Alphav0.006\DATA\characters\tnga\Xs\drill.x --> ftp.saffire.com /Builds/PC Retail/alpha/Alphav0.006/DATA/characters/tnga/Xs drill.x
101.07.23 15:50 B S:\Brent\Alphav0.006\DATA\characters\tnga\Xs\drll.x --> ftp.saffire.com /Builds/PC Retail/alpha/Alphav0.006/DATA/characters/tnga/Xs drll.x
101.07.23 15:50 B S:\Brent\Alphav0.006\DATA\characters\tnga\Xs\mk0a.x --> ftp.saffire.com /Builds/PC Retail/alpha/Alphav0.006/DATA/characters/tnga/Xs mk0a.x
101.07.23 15:50 B S:\Brent\Alphav0.006\DATA\characters\tnga\Xs\mk1a.x --> ftp.saffire.com /Builds/PC Retail/alpha/Alphav0.006/DATA/characters/tnga/Xs mk1a.x
101.07.23 15:50 B S:\Brent\Alphav0.006\DATA\characters\tnga\Xs\mk2a.x --> ftp.saffire.com /Builds/PC Retail/alpha/Alphav0.006/DATA/characters/tnga/Xs mk2a.x
101.07.23 15:50 B S:\Brent\Alphav0.006\DATA\characters\tnga\Xs\mk3a.x --> ftp.saffire.com /Builds/PC Retail/alpha/Alphav0.006/DATA/characters/tnga/Xs mk3a.x
101.07.23 15:50 B S:\Brent\Alphav0.006\DATA\characters\tnga\Xs\mk4a.x --> ftp.saffire.com /Builds/PC Retail/alpha/Alphav0.006/DATA/characters/tnga/Xs mk4a.x
101.07.23 15:50 B S:\Brent\Alphav0.006\DATA\characters\tnga\Xs\mk6a.x --> ftp.saffire.com /Builds/PC Retail/alpha/Alphav0.006/DATA/characters/tnga/Xs mk6a.x
101.07.23 15:50 B S:\Brent\Alphav0.006\DATA\characters\tnga\Xs\mk7a.x --> ftp.saffire.com /Builds/PC Retail/alpha/Alphav0.006/DATA/characters/tnga/Xs mk7a.x
101.07.23 15:50 B S:\Brent\Alphav0.006\DATA\characters\tnga\Xs\mk8a.x --> ftp.saffire.com /Builds/PC Retail/alpha/Alphav0.006/DATA/characters/tnga/Xs mk8a.x
101.07.23 15:50 B S:\Brent\Alphav0.006\DATA\characters\tnga\Xs\mk9a.x --> ftp.saffire.com /Builds/PC Retail/alpha/Alphav0.006/DATA/characters/tnga/Xs mk9a.x
101.07.23 15:50 B S:\Brent\Alphav0.006\DATA\characters\tnga\Xs\mkaa.x --> ftp.saffire.com /Builds/PC Retail/alpha/Alphav0.006/DATA/characters/tnga/Xs mkaa.x
101.07.23 15:50 B S:\Brent\Alphav0.006\DATA\characters\tnga\Xs\mkba.x --> ftp.saffire.com /Builds/PC Retail/alpha/Alphav0.006/DATA/characters/tnga/Xs mkba.x
101.07.23 15:50 B S:\Brent\Alphav0.006\DATA\characters\tnga\Xs\mkca.x --> ftp.saffire.com /Builds/PC Retail/alpha/Alphav0.006/DATA/characters/tnga/Xs mkca.x
101.07.23 15:50 B S:\Brent\Alphav0.006\DATA\characters\tnga\Xs\rock.x --> ftp.saffire.com /Builds/PC Retail/alpha/Alphav0.006/DATA/characters/tnga/Xs rock.x
101.07.23 15:50 B S:\Brent\Alphav0.006\DATA\characters\tnga\Xs\tnga.bhd --> ftp.saffire.com /Builds/PC Retail/alpha/Alphav0.006/DATA/characters/tnga/Xs tnga.bhd
101.07.23 15:50 B S:\Brent\Alphav0.006\DATA\characters\tnga\Xs\tnga.x --> ftp.saffire.com /Builds/PC Retail/alpha/Alphav0.006/DATA/characters/tnga/Xs tnga.x
101.07.23 15:50 B S:\Brent\Alphav0.006\DATA\characters\tnga\Xs\trng.x --> ftp.saffire.com /Builds/PC Retail/alpha/Alphav0.006/DATA/characters/tnga/Xs trng.x
