101.07.23 15:52 B S:\Brent\Alphav0.006\DATA\cinematics\lev1\cin1_CAM.slb --> ftp.saffire.com /Builds/PC Retail/alpha/Alphav0.006/DATA/cinematics/lev1 cin1_CAM.slb
101.07.23 15:52 B S:\Brent\Alphav0.006\DATA\cinematics\lev1\cin1_char.slb --> ftp.saffire.com /Builds/PC Retail/alpha/Alphav0.006/DATA/cinematics/lev1 cin1_char.slb
101.07.23 15:52 B S:\Brent\Alphav0.006\DATA\cinematics\lev1\cin1_snd.slb --> ftp.saffire.com /Builds/PC Retail/alpha/Alphav0.006/DATA/cinematics/lev1 cin1_snd.slb
101.07.23 15:52 B S:\Brent\Alphav0.006\DATA\cinematics\lev1\cin1_TEXT.slb --> ftp.saffire.com /Builds/PC Retail/alpha/Alphav0.006/DATA/cinematics/lev1 cin1_TEXT.slb
101.07.23 15:52 B S:\Brent\Alphav0.006\DATA\cinematics\lev1\cin2_cam.slb --> ftp.saffire.com /Builds/PC Retail/alpha/Alphav0.006/DATA/cinematics/lev1 cin2_cam.slb
101.07.23 15:52 B S:\Brent\Alphav0.006\DATA\cinematics\lev1\cin2_char.slb --> ftp.saffire.com /Builds/PC Retail/alpha/Alphav0.006/DATA/cinematics/lev1 cin2_char.slb
101.07.23 15:52 B S:\Brent\Alphav0.006\DATA\cinematics\lev1\cin2_obj.slb --> ftp.saffire.com /Builds/PC Retail/alpha/Alphav0.006/DATA/cinematics/lev1 cin2_obj.slb
101.07.23 15:52 B S:\Brent\Alphav0.006\DATA\cinematics\lev1\cin2_snd.slb --> ftp.saffire.com /Builds/PC Retail/alpha/Alphav0.006/DATA/cinematics/lev1 cin2_snd.slb
101.07.23 15:52 B S:\Brent\Alphav0.006\DATA\cinematics\lev1\cin2_text.slb --> ftp.saffire.com /Builds/PC Retail/alpha/Alphav0.006/DATA/cinematics/lev1 cin2_text.slb
101.07.23 15:52 B S:\Brent\Alphav0.006\DATA\cinematics\lev1\cin3_cam.slb --> ftp.saffire.com /Builds/PC Retail/alpha/Alphav0.006/DATA/cinematics/lev1 cin3_cam.slb
101.07.23 15:52 B S:\Brent\Alphav0.006\DATA\cinematics\lev1\cin3_char.slb --> ftp.saffire.com /Builds/PC Retail/alpha/Alphav0.006/DATA/cinematics/lev1 cin3_char.slb
101.07.23 15:52 B S:\Brent\Alphav0.006\DATA\cinematics\lev1\cin3_snd.slb --> ftp.saffire.com /Builds/PC Retail/alpha/Alphav0.006/DATA/cinematics/lev1 cin3_snd.slb
101.07.23 15:52 B S:\Brent\Alphav0.006\DATA\cinematics\lev1\cin3_text.slb --> ftp.saffire.com /Builds/PC Retail/alpha/Alphav0.006/DATA/cinematics/lev1 cin3_text.slb
101.07.23 15:52 B S:\Brent\Alphav0.006\DATA\cinematics\lev1\cin4_cam.slb --> ftp.saffire.com /Builds/PC Retail/alpha/Alphav0.006/DATA/cinematics/lev1 cin4_cam.slb
101.07.23 15:52 B S:\Brent\Alphav0.006\DATA\cinematics\lev1\cin4_char.slb --> ftp.saffire.com /Builds/PC Retail/alpha/Alphav0.006/DATA/cinematics/lev1 cin4_char.slb
101.07.23 15:52 B S:\Brent\Alphav0.006\DATA\cinematics\lev1\cin4_obj.slb --> ftp.saffire.com /Builds/PC Retail/alpha/Alphav0.006/DATA/cinematics/lev1 cin4_obj.slb
101.07.23 15:52 B S:\Brent\Alphav0.006\DATA\cinematics\lev1\cin4_snd.slb --> ftp.saffire.com /Builds/PC Retail/alpha/Alphav0.006/DATA/cinematics/lev1 cin4_snd.slb
101.07.23 15:52 B S:\Brent\Alphav0.006\DATA\cinematics\lev1\cin4_text.slb --> ftp.saffire.com /Builds/PC Retail/alpha/Alphav0.006/DATA/cinematics/lev1 cin4_text.slb
101.07.23 15:52 B S:\Brent\Alphav0.006\DATA\cinematics\lev1\cin5_cam.slb --> ftp.saffire.com /Builds/PC Retail/alpha/Alphav0.006/DATA/cinematics/lev1 cin5_cam.slb
101.07.23 15:52 B S:\Brent\Alphav0.006\DATA\cinematics\lev1\cin5_char.slb --> ftp.saffire.com /Builds/PC Retail/alpha/Alphav0.006/DATA/cinematics/lev1 cin5_char.slb
101.07.23 15:52 B S:\Brent\Alphav0.006\DATA\cinematics\lev1\cin5_obj.slb --> ftp.saffire.com /Builds/PC Retail/alpha/Alphav0.006/DATA/cinematics/lev1 cin5_obj.slb
101.07.23 15:52 B S:\Brent\Alphav0.006\DATA\cinematics\lev1\cin5_snd.slb --> ftp.saffire.com /Builds/PC Retail/alpha/Alphav0.006/DATA/cinematics/lev1 cin5_snd.slb
101.07.23 15:52 B S:\Brent\Alphav0.006\DATA\cinematics\lev1\cin5_text.slb --> ftp.saffire.com /Builds/PC Retail/alpha/Alphav0.006/DATA/cinematics/lev1 cin5_text.slb
101.07.23 15:52 B S:\Brent\Alphav0.006\DATA\cinematics\lev1\cin6_cam.slb --> ftp.saffire.com /Builds/PC Retail/alpha/Alphav0.006/DATA/cinematics/lev1 cin6_cam.slb
101.07.23 15:52 B S:\Brent\Alphav0.006\DATA\cinematics\lev1\cin6_char.slb --> ftp.saffire.com /Builds/PC Retail/alpha/Alphav0.006/DATA/cinematics/lev1 cin6_char.slb
101.07.23 15:52 B S:\Brent\Alphav0.006\DATA\cinematics\lev1\cin6_obj.slb --> ftp.saffire.com /Builds/PC Retail/alpha/Alphav0.006/DATA/cinematics/lev1 cin6_obj.slb
101.07.23 15:52 B S:\Brent\Alphav0.006\DATA\cinematics\lev1\cin6_snd.slb --> ftp.saffire.com /Builds/PC Retail/alpha/Alphav0.006/DATA/cinematics/lev1 cin6_snd.slb
101.07.23 15:52 B S:\Brent\Alphav0.006\DATA\cinematics\lev1\cin6_text.slb --> ftp.saffire.com /Builds/PC Retail/alpha/Alphav0.006/DATA/cinematics/lev1 cin6_text.slb
