101.07.23 15:58 B S:\Brent\Alphav0.006\DATA\LEVELS\LEV1\L1A1\XS\CLAW.X --> ftp.saffire.com /Builds/PC Retail/alpha/Alphav0.006/DATA/LEVELS/LEV1/L1A1/XS CLAW.X
101.07.23 15:59 B S:\Brent\Alphav0.006\DATA\LEVELS\LEV1\L1A1\XS\HOOK.X --> ftp.saffire.com /Builds/PC Retail/alpha/Alphav0.006/DATA/LEVELS/LEV1/L1A1/XS HOOK.X
101.07.23 15:59 B S:\Brent\Alphav0.006\DATA\LEVELS\LEV1\L1A1\XS\HOT0.X --> ftp.saffire.com /Builds/PC Retail/alpha/Alphav0.006/DATA/LEVELS/LEV1/L1A1/XS HOT0.X
101.07.23 15:59 B S:\Brent\Alphav0.006\DATA\LEVELS\LEV1\L1A1\XS\HOT02.X --> ftp.saffire.com /Builds/PC Retail/alpha/Alphav0.006/DATA/LEVELS/LEV1/L1A1/XS HOT02.X
101.07.23 15:59 B S:\Brent\Alphav0.006\DATA\LEVELS\LEV1\L1A1\XS\HOT1.X --> ftp.saffire.com /Builds/PC Retail/alpha/Alphav0.006/DATA/LEVELS/LEV1/L1A1/XS HOT1.X
101.07.23 15:59 B S:\Brent\Alphav0.006\DATA\LEVELS\LEV1\L1A1\XS\HOT2.X --> ftp.saffire.com /Builds/PC Retail/alpha/Alphav0.006/DATA/LEVELS/LEV1/L1A1/XS HOT2.X
101.07.23 15:59 B S:\Brent\Alphav0.006\DATA\LEVELS\LEV1\L1A1\XS\MAIN.X --> ftp.saffire.com /Builds/PC Retail/alpha/Alphav0.006/DATA/LEVELS/LEV1/L1A1/XS MAIN.X
101.07.23 15:59 B S:\Brent\Alphav0.006\DATA\LEVELS\LEV1\L1A1\XS\PI00.X --> ftp.saffire.com /Builds/PC Retail/alpha/Alphav0.006/DATA/LEVELS/LEV1/L1A1/XS PI00.X
101.07.23 15:59 B S:\Brent\Alphav0.006\DATA\LEVELS\LEV1\L1A1\XS\PIC1.X --> ftp.saffire.com /Builds/PC Retail/alpha/Alphav0.006/DATA/LEVELS/LEV1/L1A1/XS PIC1.X
101.07.23 15:59 B S:\Brent\Alphav0.006\DATA\LEVELS\LEV1\L1A1\XS\PL00.X --> ftp.saffire.com /Builds/PC Retail/alpha/Alphav0.006/DATA/LEVELS/LEV1/L1A1/XS PL00.X
101.07.23 15:59 B S:\Brent\Alphav0.006\DATA\LEVELS\LEV1\L1A1\XS\PL01.X --> ftp.saffire.com /Builds/PC Retail/alpha/Alphav0.006/DATA/LEVELS/LEV1/L1A1/XS PL01.X
101.07.23 15:59 B S:\Brent\Alphav0.006\DATA\LEVELS\LEV1\L1A1\XS\PL02.X --> ftp.saffire.com /Builds/PC Retail/alpha/Alphav0.006/DATA/LEVELS/LEV1/L1A1/XS PL02.X
101.07.23 15:59 B S:\Brent\Alphav0.006\DATA\LEVELS\LEV1\L1A1\XS\PL03.X --> ftp.saffire.com /Builds/PC Retail/alpha/Alphav0.006/DATA/LEVELS/LEV1/L1A1/XS PL03.X
101.07.23 15:59 B S:\Brent\Alphav0.006\DATA\LEVELS\LEV1\L1A1\XS\PL04.X --> ftp.saffire.com /Builds/PC Retail/alpha/Alphav0.006/DATA/LEVELS/LEV1/L1A1/XS PL04.X
101.07.23 15:59 B S:\Brent\Alphav0.006\DATA\LEVELS\LEV1\L1A1\XS\PL05.X --> ftp.saffire.com /Builds/PC Retail/alpha/Alphav0.006/DATA/LEVELS/LEV1/L1A1/XS PL05.X
101.07.23 15:59 B S:\Brent\Alphav0.006\DATA\LEVELS\LEV1\L1A1\XS\PL06.X --> ftp.saffire.com /Builds/PC Retail/alpha/Alphav0.006/DATA/LEVELS/LEV1/L1A1/XS PL06.X
101.07.23 15:59 B S:\Brent\Alphav0.006\DATA\LEVELS\LEV1\L1A1\XS\PL07.X --> ftp.saffire.com /Builds/PC Retail/alpha/Alphav0.006/DATA/LEVELS/LEV1/L1A1/XS PL07.X
101.07.23 15:59 B S:\Brent\Alphav0.006\DATA\LEVELS\LEV1\L1A1\XS\PL08.X --> ftp.saffire.com /Builds/PC Retail/alpha/Alphav0.006/DATA/LEVELS/LEV1/L1A1/XS PL08.X
101.07.23 15:59 B S:\Brent\Alphav0.006\DATA\LEVELS\LEV1\L1A1\XS\PL09.X --> ftp.saffire.com /Builds/PC Retail/alpha/Alphav0.006/DATA/LEVELS/LEV1/L1A1/XS PL09.X
101.07.23 15:59 B S:\Brent\Alphav0.006\DATA\LEVELS\LEV1\L1A1\XS\PL10.X --> ftp.saffire.com /Builds/PC Retail/alpha/Alphav0.006/DATA/LEVELS/LEV1/L1A1/XS PL10.X
101.07.23 15:59 B S:\Brent\Alphav0.006\DATA\LEVELS\LEV1\L1A1\XS\PL11.X --> ftp.saffire.com /Builds/PC Retail/alpha/Alphav0.006/DATA/LEVELS/LEV1/L1A1/XS PL11.X
101.07.23 15:59 B S:\Brent\Alphav0.006\DATA\LEVELS\LEV1\L1A1\XS\PL12.X --> ftp.saffire.com /Builds/PC Retail/alpha/Alphav0.006/DATA/LEVELS/LEV1/L1A1/XS PL12.X
101.07.23 15:59 B S:\Brent\Alphav0.006\DATA\LEVELS\LEV1\L1A1\XS\PL13.X --> ftp.saffire.com /Builds/PC Retail/alpha/Alphav0.006/DATA/LEVELS/LEV1/L1A1/XS PL13.X
101.07.23 15:59 B S:\Brent\Alphav0.006\DATA\LEVELS\LEV1\L1A1\XS\PL14.X --> ftp.saffire.com /Builds/PC Retail/alpha/Alphav0.006/DATA/LEVELS/LEV1/L1A1/XS PL14.X
101.07.23 15:59 B S:\Brent\Alphav0.006\DATA\LEVELS\LEV1\L1A1\XS\PL15.X --> ftp.saffire.com /Builds/PC Retail/alpha/Alphav0.006/DATA/LEVELS/LEV1/L1A1/XS PL15.X
101.07.23 15:59 B S:\Brent\Alphav0.006\DATA\LEVELS\LEV1\L1A1\XS\PL16.X --> ftp.saffire.com /Builds/PC Retail/alpha/Alphav0.006/DATA/LEVELS/LEV1/L1A1/XS PL16.X
101.07.23 15:59 B S:\Brent\Alphav0.006\DATA\LEVELS\LEV1\L1A1\XS\SIGN.X --> ftp.saffire.com /Builds/PC Retail/alpha/Alphav0.006/DATA/LEVELS/LEV1/L1A1/XS SIGN.X
