101.07.23 14:48 B S:\Brent\Alphav0.006\DATA\ART\FONTS\BionicleFont.col --> ftp.saffire.com /Builds/PC Retail/alpha/Alphav0.006/DATA/ART/FONTS BionicleFont.col
101.07.23 14:48 B S:\Brent\Alphav0.006\DATA\ART\FONTS\BionicleFont.col.db --> ftp.saffire.com /Builds/PC Retail/alpha/Alphav0.006/DATA/ART/FONTS BionicleFont.col.db
101.07.23 14:48 B S:\Brent\Alphav0.006\DATA\ART\FONTS\BionicleFont.col.t --> ftp.saffire.com /Builds/PC Retail/alpha/Alphav0.006/DATA/ART/FONTS BionicleFont.col.t
101.07.23 14:48 B S:\Brent\Alphav0.006\DATA\ART\FONTS\BionicleFont.info --> ftp.saffire.com /Builds/PC Retail/alpha/Alphav0.006/DATA/ART/FONTS BionicleFont.info
101.07.23 14:48 B S:\Brent\Alphav0.006\DATA\ART\FONTS\BionicleFontHi.col --> ftp.saffire.com /Builds/PC Retail/alpha/Alphav0.006/DATA/ART/FONTS BionicleFontHi.col
101.07.23 14:48 B S:\Brent\Alphav0.006\DATA\ART\FONTS\BionicleFontHi.col.db --> ftp.saffire.com /Builds/PC Retail/alpha/Alphav0.006/DATA/ART/FONTS BionicleFontHi.col.db
101.07.23 14:48 B S:\Brent\Alphav0.006\DATA\ART\FONTS\BionicleFontHi.col.t --> ftp.saffire.com /Builds/PC Retail/alpha/Alphav0.006/DATA/ART/FONTS BionicleFontHi.col.t
101.07.23 14:48 B S:\Brent\Alphav0.006\DATA\ART\FONTS\BionicleFontSh.col --> ftp.saffire.com /Builds/PC Retail/alpha/Alphav0.006/DATA/ART/FONTS BionicleFontSh.col
101.07.23 14:48 B S:\Brent\Alphav0.006\DATA\ART\FONTS\BionicleFontSh.col.db --> ftp.saffire.com /Builds/PC Retail/alpha/Alphav0.006/DATA/ART/FONTS BionicleFontSh.col.db
101.07.23 14:48 B S:\Brent\Alphav0.006\DATA\ART\FONTS\BionicleFontSh.col.t --> ftp.saffire.com /Builds/PC Retail/alpha/Alphav0.006/DATA/ART/FONTS BionicleFontSh.col.t
101.07.23 14:48 B S:\Brent\Alphav0.006\DATA\ART\FONTS\BionicleFontshad.col --> ftp.saffire.com /Builds/PC Retail/alpha/Alphav0.006/DATA/ART/FONTS BionicleFontshad.col
101.07.23 14:48 B S:\Brent\Alphav0.006\DATA\ART\FONTS\BionicleFontshad.col.db --> ftp.saffire.com /Builds/PC Retail/alpha/Alphav0.006/DATA/ART/FONTS BionicleFontshad.col.db
101.07.23 14:48 B S:\Brent\Alphav0.006\DATA\ART\FONTS\BionicleFontshad.col.t --> ftp.saffire.com /Builds/PC Retail/alpha/Alphav0.006/DATA/ART/FONTS BionicleFontshad.col.t
101.07.23 14:48 B S:\Brent\Alphav0.006\DATA\ART\FONTS\Tech_Demo_Font01.col --> ftp.saffire.com /Builds/PC Retail/alpha/Alphav0.006/DATA/ART/FONTS Tech_Demo_Font01.col
101.07.23 14:48 B S:\Brent\Alphav0.006\DATA\ART\FONTS\Tech_Demo_Font01.col.db --> ftp.saffire.com /Builds/PC Retail/alpha/Alphav0.006/DATA/ART/FONTS Tech_Demo_Font01.col.db
101.07.23 14:48 B S:\Brent\Alphav0.006\DATA\ART\FONTS\Tech_Demo_Font01.col.t --> ftp.saffire.com /Builds/PC Retail/alpha/Alphav0.006/DATA/ART/FONTS Tech_Demo_Font01.col.t
101.07.23 14:48 B S:\Brent\Alphav0.006\DATA\ART\FONTS\Tech_Demo_Font_Highlighted.col --> ftp.saffire.com /Builds/PC Retail/alpha/Alphav0.006/DATA/ART/FONTS Tech_Demo_Font_Highlighted.col
101.07.23 14:48 B S:\Brent\Alphav0.006\DATA\ART\FONTS\Tech_Demo_Font_Highlighted.col.db --> ftp.saffire.com /Builds/PC Retail/alpha/Alphav0.006/DATA/ART/FONTS Tech_Demo_Font_Highlighted.col.db
101.07.23 14:48 B S:\Brent\Alphav0.006\DATA\ART\FONTS\Tech_Demo_Font_Highlighted.col.t --> ftp.saffire.com /Builds/PC Retail/alpha/Alphav0.006/DATA/ART/FONTS Tech_Demo_Font_Highlighted.col.t
101.07.23 14:48 B S:\Brent\Alphav0.006\DATA\ART\FONTS\tech_font_01.col --> ftp.saffire.com /Builds/PC Retail/alpha/Alphav0.006/DATA/ART/FONTS tech_font_01.col
101.07.23 14:48 B S:\Brent\Alphav0.006\DATA\ART\FONTS\tech_font_01.col.db --> ftp.saffire.com /Builds/PC Retail/alpha/Alphav0.006/DATA/ART/FONTS tech_font_01.col.db
101.07.23 14:48 B S:\Brent\Alphav0.006\DATA\ART\FONTS\tech_font_01.col.t --> ftp.saffire.com /Builds/PC Retail/alpha/Alphav0.006/DATA/ART/FONTS tech_font_01.col.t
101.07.23 14:48 B S:\Brent\Alphav0.006\DATA\ART\FONTS\tech_font_01_hilight.col --> ftp.saffire.com /Builds/PC Retail/alpha/Alphav0.006/DATA/ART/FONTS tech_font_01_hilight.col
101.07.23 14:48 B S:\Brent\Alphav0.006\DATA\ART\FONTS\tech_font_01_hilight.col.db --> ftp.saffire.com /Builds/PC Retail/alpha/Alphav0.006/DATA/ART/FONTS tech_font_01_hilight.col.db
101.07.23 14:48 B S:\Brent\Alphav0.006\DATA\ART\FONTS\tech_font_01_hilight.col.t --> ftp.saffire.com /Builds/PC Retail/alpha/Alphav0.006/DATA/ART/FONTS tech_font_01_hilight.col.t
