101.07.23 16:00 B S:\Brent\Alphav0.006\DATA\LEVELS\LEV1\PTV1\XS\CY01.X --> ftp.saffire.com /Builds/PC Retail/alpha/Alphav0.006/DATA/LEVELS/LEV1/PTV1/XS CY01.X
101.07.23 16:00 B S:\Brent\Alphav0.006\DATA\LEVELS\LEV1\PTV1\XS\CY02.X --> ftp.saffire.com /Builds/PC Retail/alpha/Alphav0.006/DATA/LEVELS/LEV1/PTV1/XS CY02.X
101.07.23 16:00 B S:\Brent\Alphav0.006\DATA\LEVELS\LEV1\PTV1\XS\CY03.X --> ftp.saffire.com /Builds/PC Retail/alpha/Alphav0.006/DATA/LEVELS/LEV1/PTV1/XS CY03.X
101.07.23 16:00 B S:\Brent\Alphav0.006\DATA\LEVELS\LEV1\PTV1\XS\CY04.X --> ftp.saffire.com /Builds/PC Retail/alpha/Alphav0.006/DATA/LEVELS/LEV1/PTV1/XS CY04.X
101.07.23 16:00 B S:\Brent\Alphav0.006\DATA\LEVELS\LEV1\PTV1\XS\CY05.X --> ftp.saffire.com /Builds/PC Retail/alpha/Alphav0.006/DATA/LEVELS/LEV1/PTV1/XS CY05.X
101.07.23 16:00 B S:\Brent\Alphav0.006\DATA\LEVELS\LEV1\PTV1\XS\CY06.X --> ftp.saffire.com /Builds/PC Retail/alpha/Alphav0.006/DATA/LEVELS/LEV1/PTV1/XS CY06.X
101.07.23 16:00 B S:\Brent\Alphav0.006\DATA\LEVELS\LEV1\PTV1\XS\CY07.X --> ftp.saffire.com /Builds/PC Retail/alpha/Alphav0.006/DATA/LEVELS/LEV1/PTV1/XS CY07.X
101.07.23 16:00 B S:\Brent\Alphav0.006\DATA\LEVELS\LEV1\PTV1\XS\CY08.X --> ftp.saffire.com /Builds/PC Retail/alpha/Alphav0.006/DATA/LEVELS/LEV1/PTV1/XS CY08.X
101.07.23 16:00 B S:\Brent\Alphav0.006\DATA\LEVELS\LEV1\PTV1\XS\CY09.X --> ftp.saffire.com /Builds/PC Retail/alpha/Alphav0.006/DATA/LEVELS/LEV1/PTV1/XS CY09.X
101.07.23 16:00 B S:\Brent\Alphav0.006\DATA\LEVELS\LEV1\PTV1\XS\CY10.X --> ftp.saffire.com /Builds/PC Retail/alpha/Alphav0.006/DATA/LEVELS/LEV1/PTV1/XS CY10.X
101.07.23 16:00 B S:\Brent\Alphav0.006\DATA\LEVELS\LEV1\PTV1\XS\CY13.X --> ftp.saffire.com /Builds/PC Retail/alpha/Alphav0.006/DATA/LEVELS/LEV1/PTV1/XS CY13.X
101.07.23 16:00 B S:\Brent\Alphav0.006\DATA\LEVELS\LEV1\PTV1\XS\CY14.X --> ftp.saffire.com /Builds/PC Retail/alpha/Alphav0.006/DATA/LEVELS/LEV1/PTV1/XS CY14.X
101.07.23 16:00 B S:\Brent\Alphav0.006\DATA\LEVELS\LEV1\PTV1\XS\CY15.X --> ftp.saffire.com /Builds/PC Retail/alpha/Alphav0.006/DATA/LEVELS/LEV1/PTV1/XS CY15.X
101.07.23 16:00 B S:\Brent\Alphav0.006\DATA\LEVELS\LEV1\PTV1\XS\CY16.X --> ftp.saffire.com /Builds/PC Retail/alpha/Alphav0.006/DATA/LEVELS/LEV1/PTV1/XS CY16.X
101.07.23 16:00 B S:\Brent\Alphav0.006\DATA\LEVELS\LEV1\PTV1\XS\CY17.X --> ftp.saffire.com /Builds/PC Retail/alpha/Alphav0.006/DATA/LEVELS/LEV1/PTV1/XS CY17.X
101.07.23 16:00 B S:\Brent\Alphav0.006\DATA\LEVELS\LEV1\PTV1\XS\CY18.X --> ftp.saffire.com /Builds/PC Retail/alpha/Alphav0.006/DATA/LEVELS/LEV1/PTV1/XS CY18.X
101.07.23 16:00 B S:\Brent\Alphav0.006\DATA\LEVELS\LEV1\PTV1\XS\CY19.X --> ftp.saffire.com /Builds/PC Retail/alpha/Alphav0.006/DATA/LEVELS/LEV1/PTV1/XS CY19.X
101.07.23 16:00 B S:\Brent\Alphav0.006\DATA\LEVELS\LEV1\PTV1\XS\CY20.X --> ftp.saffire.com /Builds/PC Retail/alpha/Alphav0.006/DATA/LEVELS/LEV1/PTV1/XS CY20.X
101.07.23 16:00 B S:\Brent\Alphav0.006\DATA\LEVELS\LEV1\PTV1\XS\MAIN.X --> ftp.saffire.com /Builds/PC Retail/alpha/Alphav0.006/DATA/LEVELS/LEV1/PTV1/XS MAIN.X
101.07.23 16:00 B S:\Brent\Alphav0.006\DATA\LEVELS\LEV1\PTV1\XS\PLNT.X --> ftp.saffire.com /Builds/PC Retail/alpha/Alphav0.006/DATA/LEVELS/LEV1/PTV1/XS PLNT.X
101.07.23 16:00 B S:\Brent\Alphav0.006\DATA\LEVELS\LEV1\PTV1\XS\SKY1.X --> ftp.saffire.com /Builds/PC Retail/alpha/Alphav0.006/DATA/LEVELS/LEV1/PTV1/XS SKY1.X
101.07.23 16:00 B S:\Brent\Alphav0.006\DATA\LEVELS\LEV1\PTV1\XS\TRE1.X --> ftp.saffire.com /Builds/PC Retail/alpha/Alphav0.006/DATA/LEVELS/LEV1/PTV1/XS TRE1.X
