101.07.23 15:00 B S:\Brent\Alphav0.006\DATA\ART\shoefitter\anim_flag_select_background.Col --> ftp.saffire.com /Builds/PC Retail/alpha/Alphav0.006/DATA/ART/shoefitter anim_flag_select_background.Col
101.07.23 15:00 B S:\Brent\Alphav0.006\DATA\ART\shoefitter\anim_flag_select_background.Col.db --> ftp.saffire.com /Builds/PC Retail/alpha/Alphav0.006/DATA/ART/shoefitter anim_flag_select_background.Col.db
101.07.23 15:00 B S:\Brent\Alphav0.006\DATA\ART\shoefitter\anim_flag_select_background.Col.t --> ftp.saffire.com /Builds/PC Retail/alpha/Alphav0.006/DATA/ART/shoefitter anim_flag_select_background.Col.t
101.07.23 15:00 B S:\Brent\Alphav0.006\DATA\ART\shoefitter\anim_flag_select_background.tga --> ftp.saffire.com /Builds/PC Retail/alpha/Alphav0.006/DATA/ART/shoefitter anim_flag_select_background.tga
101.07.23 15:00 B S:\Brent\Alphav0.006\DATA\ART\shoefitter\anim_grid.Col --> ftp.saffire.com /Builds/PC Retail/alpha/Alphav0.006/DATA/ART/shoefitter anim_grid.Col
101.07.23 15:00 B S:\Brent\Alphav0.006\DATA\ART\shoefitter\anim_grid.Col.db --> ftp.saffire.com /Builds/PC Retail/alpha/Alphav0.006/DATA/ART/shoefitter anim_grid.Col.db
101.07.23 15:00 B S:\Brent\Alphav0.006\DATA\ART\shoefitter\anim_grid.Col.t --> ftp.saffire.com /Builds/PC Retail/alpha/Alphav0.006/DATA/ART/shoefitter anim_grid.Col.t
101.07.23 15:00 B S:\Brent\Alphav0.006\DATA\ART\shoefitter\anim_grid.tga --> ftp.saffire.com /Builds/PC Retail/alpha/Alphav0.006/DATA/ART/shoefitter anim_grid.tga
101.07.23 15:00 B S:\Brent\Alphav0.006\DATA\ART\shoefitter\ANIMBAR_BACKGROUND.Col --> ftp.saffire.com /Builds/PC Retail/alpha/Alphav0.006/DATA/ART/shoefitter ANIMBAR_BACKGROUND.Col
101.07.23 15:00 B S:\Brent\Alphav0.006\DATA\ART\shoefitter\ANIMBAR_BACKGROUND.Col.db --> ftp.saffire.com /Builds/PC Retail/alpha/Alphav0.006/DATA/ART/shoefitter ANIMBAR_BACKGROUND.Col.db
101.07.23 15:00 B S:\Brent\Alphav0.006\DATA\ART\shoefitter\ANIMBAR_BACKGROUND.Col.t --> ftp.saffire.com /Builds/PC Retail/alpha/Alphav0.006/DATA/ART/shoefitter ANIMBAR_BACKGROUND.Col.t
101.07.23 15:00 B S:\Brent\Alphav0.006\DATA\ART\shoefitter\ANIMBAR_BACKGROUND.tga --> ftp.saffire.com /Builds/PC Retail/alpha/Alphav0.006/DATA/ART/shoefitter ANIMBAR_BACKGROUND.tga
101.07.23 15:00 B S:\Brent\Alphav0.006\DATA\ART\shoefitter\animslide_background.Col --> ftp.saffire.com /Builds/PC Retail/alpha/Alphav0.006/DATA/ART/shoefitter animslide_background.Col
101.07.23 15:00 B S:\Brent\Alphav0.006\DATA\ART\shoefitter\animslide_background.Col.db --> ftp.saffire.com /Builds/PC Retail/alpha/Alphav0.006/DATA/ART/shoefitter animslide_background.Col.db
101.07.23 15:00 B S:\Brent\Alphav0.006\DATA\ART\shoefitter\animslide_background.Col.t --> ftp.saffire.com /Builds/PC Retail/alpha/Alphav0.006/DATA/ART/shoefitter animslide_background.Col.t
101.07.23 15:00 B S:\Brent\Alphav0.006\DATA\ART\shoefitter\animslide_background.tga --> ftp.saffire.com /Builds/PC Retail/alpha/Alphav0.006/DATA/ART/shoefitter animslide_background.tga
101.07.23 15:00 B S:\Brent\Alphav0.006\DATA\ART\shoefitter\animslider.Col --> ftp.saffire.com /Builds/PC Retail/alpha/Alphav0.006/DATA/ART/shoefitter animslider.Col
101.07.23 15:00 B S:\Brent\Alphav0.006\DATA\ART\shoefitter\animslider.Col.db --> ftp.saffire.com /Builds/PC Retail/alpha/Alphav0.006/DATA/ART/shoefitter animslider.Col.db
101.07.23 15:00 B S:\Brent\Alphav0.006\DATA\ART\shoefitter\animslider.Col.t --> ftp.saffire.com /Builds/PC Retail/alpha/Alphav0.006/DATA/ART/shoefitter animslider.Col.t
101.07.23 15:00 B S:\Brent\Alphav0.006\DATA\ART\shoefitter\animslider.tga --> ftp.saffire.com /Builds/PC Retail/alpha/Alphav0.006/DATA/ART/shoefitter animslider.tga
101.07.23 15:00 B S:\Brent\Alphav0.006\DATA\ART\shoefitter\flag1_pick_up.tga --> ftp.saffire.com /Builds/PC Retail/alpha/Alphav0.006/DATA/ART/shoefitter flag1_pick_up.tga
101.07.23 15:00 B S:\Brent\Alphav0.006\DATA\ART\shoefitter\flag2_activate_bone.tga --> ftp.saffire.com /Builds/PC Retail/alpha/Alphav0.006/DATA/ART/shoefitter flag2_activate_bone.tga
101.07.23 15:00 B S:\Brent\Alphav0.006\DATA\ART\shoefitter\flag3_deactivate_bone.tga --> ftp.saffire.com /Builds/PC Retail/alpha/Alphav0.006/DATA/ART/shoefitter flag3_deactivate_bone.tga
101.07.23 15:00 B S:\Brent\Alphav0.006\DATA\ART\shoefitter\flag4_particle.tga --> ftp.saffire.com /Builds/PC Retail/alpha/Alphav0.006/DATA/ART/shoefitter flag4_particle.tga
101.07.23 15:00 B S:\Brent\Alphav0.006\DATA\ART\shoefitter\flag4_particle_small.tga --> ftp.saffire.com /Builds/PC Retail/alpha/Alphav0.006/DATA/ART/shoefitter flag4_particle_small.tga
101.07.23 15:00 B S:\Brent\Alphav0.006\DATA\ART\shoefitter\flag5_custom.tga --> ftp.saffire.com /Builds/PC Retail/alpha/Alphav0.006/DATA/ART/shoefitter flag5_custom.tga
101.07.23 15:00 B S:\Brent\Alphav0.006\DATA\ART\shoefitter\flag_10.tga --> ftp.saffire.com /Builds/PC Retail/alpha/Alphav0.006/DATA/ART/shoefitter flag_10.tga
101.07.23 15:00 B S:\Brent\Alphav0.006\DATA\ART\shoefitter\flag_10_small.tga --> ftp.saffire.com /Builds/PC Retail/alpha/Alphav0.006/DATA/ART/shoefitter flag_10_small.tga
101.07.23 15:00 B S:\Brent\Alphav0.006\DATA\ART\shoefitter\flag_11.tga --> ftp.saffire.com /Builds/PC Retail/alpha/Alphav0.006/DATA/ART/shoefitter flag_11.tga
101.07.23 15:00 B S:\Brent\Alphav0.006\DATA\ART\shoefitter\flag_11_small.tga --> ftp.saffire.com /Builds/PC Retail/alpha/Alphav0.006/DATA/ART/shoefitter flag_11_small.tga
101.07.23 15:00 B S:\Brent\Alphav0.006\DATA\ART\shoefitter\flag_12.tga --> ftp.saffire.com /Builds/PC Retail/alpha/Alphav0.006/DATA/ART/shoefitter flag_12.tga
101.07.23 15:00 B S:\Brent\Alphav0.006\DATA\ART\shoefitter\flag_12_small.tga --> ftp.saffire.com /Builds/PC Retail/alpha/Alphav0.006/DATA/ART/shoefitter flag_12_small.tga
101.07.23 15:00 B S:\Brent\Alphav0.006\DATA\ART\shoefitter\flag_13.tga --> ftp.saffire.com /Builds/PC Retail/alpha/Alphav0.006/DATA/ART/shoefitter flag_13.tga
101.07.23 15:00 B S:\Brent\Alphav0.006\DATA\ART\shoefitter\flag_13_smal.tga --> ftp.saffire.com /Builds/PC Retail/alpha/Alphav0.006/DATA/ART/shoefitter flag_13_smal.tga
101.07.23 15:00 B S:\Brent\Alphav0.006\DATA\ART\shoefitter\flag_13_small.tga --> ftp.saffire.com /Builds/PC Retail/alpha/Alphav0.006/DATA/ART/shoefitter flag_13_small.tga
101.07.23 15:00 B S:\Brent\Alphav0.006\DATA\ART\shoefitter\flag_14.tga --> ftp.saffire.com /Builds/PC Retail/alpha/Alphav0.006/DATA/ART/shoefitter flag_14.tga
101.07.23 15:00 B S:\Brent\Alphav0.006\DATA\ART\shoefitter\flag_14_small.tga --> ftp.saffire.com /Builds/PC Retail/alpha/Alphav0.006/DATA/ART/shoefitter flag_14_small.tga
101.07.23 15:00 B S:\Brent\Alphav0.006\DATA\ART\shoefitter\flag_5_custom_small.tga --> ftp.saffire.com /Builds/PC Retail/alpha/Alphav0.006/DATA/ART/shoefitter flag_5_custom_small.tga
101.07.23 15:00 B S:\Brent\Alphav0.006\DATA\ART\shoefitter\flag_6_custom.tga --> ftp.saffire.com /Builds/PC Retail/alpha/Alphav0.006/DATA/ART/shoefitter flag_6_custom.tga
101.07.23 15:00 B S:\Brent\Alphav0.006\DATA\ART\shoefitter\flag_6_custom_small.tga --> ftp.saffire.com /Builds/PC Retail/alpha/Alphav0.006/DATA/ART/shoefitter flag_6_custom_small.tga
101.07.23 15:00 B S:\Brent\Alphav0.006\DATA\ART\shoefitter\flag_7_custom.tga --> ftp.saffire.com /Builds/PC Retail/alpha/Alphav0.006/DATA/ART/shoefitter flag_7_custom.tga
101.07.23 15:00 B S:\Brent\Alphav0.006\DATA\ART\shoefitter\flag_7_custom_small.tga --> ftp.saffire.com /Builds/PC Retail/alpha/Alphav0.006/DATA/ART/shoefitter flag_7_custom_small.tga
101.07.23 15:00 B S:\Brent\Alphav0.006\DATA\ART\shoefitter\flag_8.tga --> ftp.saffire.com /Builds/PC Retail/alpha/Alphav0.006/DATA/ART/shoefitter flag_8.tga
101.07.23 15:00 B S:\Brent\Alphav0.006\DATA\ART\shoefitter\flag_8_small.tga --> ftp.saffire.com /Builds/PC Retail/alpha/Alphav0.006/DATA/ART/shoefitter flag_8_small.tga
101.07.23 15:00 B S:\Brent\Alphav0.006\DATA\ART\shoefitter\flag_9.tga --> ftp.saffire.com /Builds/PC Retail/alpha/Alphav0.006/DATA/ART/shoefitter flag_9.tga
101.07.23 15:00 B S:\Brent\Alphav0.006\DATA\ART\shoefitter\flag_9_small.tga --> ftp.saffire.com /Builds/PC Retail/alpha/Alphav0.006/DATA/ART/shoefitter flag_9_small.tga
101.07.23 15:00 B S:\Brent\Alphav0.006\DATA\ART\shoefitter\flag_activate_bone_small.tga --> ftp.saffire.com /Builds/PC Retail/alpha/Alphav0.006/DATA/ART/shoefitter flag_activate_bone_small.tga
101.07.23 15:00 B S:\Brent\Alphav0.006\DATA\ART\shoefitter\flag_deactivate_bone_small.tga --> ftp.saffire.com /Builds/PC Retail/alpha/Alphav0.006/DATA/ART/shoefitter flag_deactivate_bone_small.tga
101.07.23 15:00 B S:\Brent\Alphav0.006\DATA\ART\shoefitter\flag_pickup_small.tga --> ftp.saffire.com /Builds/PC Retail/alpha/Alphav0.006/DATA/ART/shoefitter flag_pickup_small.tga
101.07.23 15:00 B S:\Brent\Alphav0.006\DATA\ART\shoefitter\horiz_slider_bar_background.Col --> ftp.saffire.com /Builds/PC Retail/alpha/Alphav0.006/DATA/ART/shoefitter horiz_slider_bar_background.Col
101.07.23 15:00 B S:\Brent\Alphav0.006\DATA\ART\shoefitter\horiz_slider_bar_background.Col.db --> ftp.saffire.com /Builds/PC Retail/alpha/Alphav0.006/DATA/ART/shoefitter horiz_slider_bar_background.Col.db
101.07.23 15:00 B S:\Brent\Alphav0.006\DATA\ART\shoefitter\horiz_slider_bar_background.Col.t --> ftp.saffire.com /Builds/PC Retail/alpha/Alphav0.006/DATA/ART/shoefitter horiz_slider_bar_background.Col.t
101.07.23 15:00 B S:\Brent\Alphav0.006\DATA\ART\shoefitter\horiz_slider_bar_background.tga --> ftp.saffire.com /Builds/PC Retail/alpha/Alphav0.006/DATA/ART/shoefitter horiz_slider_bar_background.tga
101.07.23 15:00 B S:\Brent\Alphav0.006\DATA\ART\shoefitter\horizantal_slider_bar.tga --> ftp.saffire.com /Builds/PC Retail/alpha/Alphav0.006/DATA/ART/shoefitter horizantal_slider_bar.tga
101.07.23 15:00 B S:\Brent\Alphav0.006\DATA\ART\shoefitter\options_background.Col --> ftp.saffire.com /Builds/PC Retail/alpha/Alphav0.006/DATA/ART/shoefitter options_background.Col
101.07.23 15:00 B S:\Brent\Alphav0.006\DATA\ART\shoefitter\options_background.Col.db --> ftp.saffire.com /Builds/PC Retail/alpha/Alphav0.006/DATA/ART/shoefitter options_background.Col.db
101.07.23 15:00 B S:\Brent\Alphav0.006\DATA\ART\shoefitter\options_background.Col.t --> ftp.saffire.com /Builds/PC Retail/alpha/Alphav0.006/DATA/ART/shoefitter options_background.Col.t
101.07.23 15:00 B S:\Brent\Alphav0.006\DATA\ART\shoefitter\options_background.tga --> ftp.saffire.com /Builds/PC Retail/alpha/Alphav0.006/DATA/ART/shoefitter options_background.tga
101.07.23 15:00 B S:\Brent\Alphav0.006\DATA\ART\shoefitter\scrn_shoefitter_background.Col --> ftp.saffire.com /Builds/PC Retail/alpha/Alphav0.006/DATA/ART/shoefitter scrn_shoefitter_background.Col
101.07.23 15:00 B S:\Brent\Alphav0.006\DATA\ART\shoefitter\scrn_shoefitter_background.Col.db --> ftp.saffire.com /Builds/PC Retail/alpha/Alphav0.006/DATA/ART/shoefitter scrn_shoefitter_background.Col.db
101.07.23 15:00 B S:\Brent\Alphav0.006\DATA\ART\shoefitter\scrn_shoefitter_background.Col.t --> ftp.saffire.com /Builds/PC Retail/alpha/Alphav0.006/DATA/ART/shoefitter scrn_shoefitter_background.Col.t
101.07.23 15:00 B S:\Brent\Alphav0.006\DATA\ART\shoefitter\scrn_shoefitter_background.tga --> ftp.saffire.com /Builds/PC Retail/alpha/Alphav0.006/DATA/ART/shoefitter scrn_shoefitter_background.tga
101.07.23 15:00 B S:\Brent\Alphav0.006\DATA\ART\shoefitter\time_slider_background.Col --> ftp.saffire.com /Builds/PC Retail/alpha/Alphav0.006/DATA/ART/shoefitter time_slider_background.Col
101.07.23 15:00 B S:\Brent\Alphav0.006\DATA\ART\shoefitter\time_slider_background.Col.db --> ftp.saffire.com /Builds/PC Retail/alpha/Alphav0.006/DATA/ART/shoefitter time_slider_background.Col.db
101.07.23 15:00 B S:\Brent\Alphav0.006\DATA\ART\shoefitter\time_slider_background.Col.t --> ftp.saffire.com /Builds/PC Retail/alpha/Alphav0.006/DATA/ART/shoefitter time_slider_background.Col.t
101.07.23 15:00 B S:\Brent\Alphav0.006\DATA\ART\shoefitter\time_slider_background.tga --> ftp.saffire.com /Builds/PC Retail/alpha/Alphav0.006/DATA/ART/shoefitter time_slider_background.tga
101.07.23 15:00 B S:\Brent\Alphav0.006\DATA\ART\shoefitter\vert_slider_bar_back_2.Col --> ftp.saffire.com /Builds/PC Retail/alpha/Alphav0.006/DATA/ART/shoefitter vert_slider_bar_back_2.Col
101.07.23 15:00 B S:\Brent\Alphav0.006\DATA\ART\shoefitter\vert_slider_bar_back_2.Col.db --> ftp.saffire.com /Builds/PC Retail/alpha/Alphav0.006/DATA/ART/shoefitter vert_slider_bar_back_2.Col.db
101.07.23 15:00 B S:\Brent\Alphav0.006\DATA\ART\shoefitter\vert_slider_bar_back_2.Col.t --> ftp.saffire.com /Builds/PC Retail/alpha/Alphav0.006/DATA/ART/shoefitter vert_slider_bar_back_2.Col.t
101.07.23 15:00 B S:\Brent\Alphav0.006\DATA\ART\shoefitter\vert_slider_bar_back_2.tga --> ftp.saffire.com /Builds/PC Retail/alpha/Alphav0.006/DATA/ART/shoefitter vert_slider_bar_back_2.tga
101.07.23 15:00 B S:\Brent\Alphav0.006\DATA\ART\shoefitter\vert_slider_bar_background.Col --> ftp.saffire.com /Builds/PC Retail/alpha/Alphav0.006/DATA/ART/shoefitter vert_slider_bar_background.Col
101.07.23 15:00 B S:\Brent\Alphav0.006\DATA\ART\shoefitter\vert_slider_bar_background.Col.db --> ftp.saffire.com /Builds/PC Retail/alpha/Alphav0.006/DATA/ART/shoefitter vert_slider_bar_background.Col.db
101.07.23 15:00 B S:\Brent\Alphav0.006\DATA\ART\shoefitter\vert_slider_bar_background.Col.t --> ftp.saffire.com /Builds/PC Retail/alpha/Alphav0.006/DATA/ART/shoefitter vert_slider_bar_background.Col.t
101.07.23 15:00 B S:\Brent\Alphav0.006\DATA\ART\shoefitter\vert_slider_bar_background.tga --> ftp.saffire.com /Builds/PC Retail/alpha/Alphav0.006/DATA/ART/shoefitter vert_slider_bar_background.tga
101.07.23 15:00 B S:\Brent\Alphav0.006\DATA\ART\shoefitter\vertical_slider_bar.tga --> ftp.saffire.com /Builds/PC Retail/alpha/Alphav0.006/DATA/ART/shoefitter vertical_slider_bar.tga
101.07.23 15:00 B S:\Brent\Alphav0.006\DATA\ART\shoefitter\vertical_slider_bar_2.tga --> ftp.saffire.com /Builds/PC Retail/alpha/Alphav0.006/DATA/ART/shoefitter vertical_slider_bar_2.tga
