101.07.23 15:52 B S:\Brent\Alphav0.006\DATA\cinematics\lev3\cin1.slb --> ftp.saffire.com /Builds/PC Retail/alpha/Alphav0.006/DATA/cinematics/lev3 cin1.slb
101.07.23 15:52 B S:\Brent\Alphav0.006\DATA\cinematics\lev3\cin1_CAM.slb --> ftp.saffire.com /Builds/PC Retail/alpha/Alphav0.006/DATA/cinematics/lev3 cin1_CAM.slb
101.07.23 15:52 B S:\Brent\Alphav0.006\DATA\cinematics\lev3\cin1_CHAR.slb --> ftp.saffire.com /Builds/PC Retail/alpha/Alphav0.006/DATA/cinematics/lev3 cin1_CHAR.slb
101.07.23 15:52 B S:\Brent\Alphav0.006\DATA\cinematics\lev3\cin1_OBJ.slb --> ftp.saffire.com /Builds/PC Retail/alpha/Alphav0.006/DATA/cinematics/lev3 cin1_OBJ.slb
101.07.23 15:52 B S:\Brent\Alphav0.006\DATA\cinematics\lev3\cin1_snd.slb --> ftp.saffire.com /Builds/PC Retail/alpha/Alphav0.006/DATA/cinematics/lev3 cin1_snd.slb
101.07.23 15:52 B S:\Brent\Alphav0.006\DATA\cinematics\lev3\cin1_text.slb --> ftp.saffire.com /Builds/PC Retail/alpha/Alphav0.006/DATA/cinematics/lev3 cin1_text.slb
101.07.23 15:52 B S:\Brent\Alphav0.006\DATA\cinematics\lev3\cin2_cam.slb --> ftp.saffire.com /Builds/PC Retail/alpha/Alphav0.006/DATA/cinematics/lev3 cin2_cam.slb
101.07.23 15:52 B S:\Brent\Alphav0.006\DATA\cinematics\lev3\cin2_char.slb --> ftp.saffire.com /Builds/PC Retail/alpha/Alphav0.006/DATA/cinematics/lev3 cin2_char.slb
101.07.23 15:52 B S:\Brent\Alphav0.006\DATA\cinematics\lev3\cin2_obj.slb --> ftp.saffire.com /Builds/PC Retail/alpha/Alphav0.006/DATA/cinematics/lev3 cin2_obj.slb
101.07.23 15:52 B S:\Brent\Alphav0.006\DATA\cinematics\lev3\cin2_snd.slb --> ftp.saffire.com /Builds/PC Retail/alpha/Alphav0.006/DATA/cinematics/lev3 cin2_snd.slb
101.07.23 15:52 B S:\Brent\Alphav0.006\DATA\cinematics\lev3\cin2_text.slb --> ftp.saffire.com /Builds/PC Retail/alpha/Alphav0.006/DATA/cinematics/lev3 cin2_text.slb
101.07.23 15:52 B S:\Brent\Alphav0.006\DATA\cinematics\lev3\cin3_cam.slb --> ftp.saffire.com /Builds/PC Retail/alpha/Alphav0.006/DATA/cinematics/lev3 cin3_cam.slb
101.07.23 15:52 B S:\Brent\Alphav0.006\DATA\cinematics\lev3\cin3_char.slb --> ftp.saffire.com /Builds/PC Retail/alpha/Alphav0.006/DATA/cinematics/lev3 cin3_char.slb
101.07.23 15:52 B S:\Brent\Alphav0.006\DATA\cinematics\lev3\cin3_obj.slb --> ftp.saffire.com /Builds/PC Retail/alpha/Alphav0.006/DATA/cinematics/lev3 cin3_obj.slb
101.07.23 15:52 B S:\Brent\Alphav0.006\DATA\cinematics\lev3\cin3_snd.slb --> ftp.saffire.com /Builds/PC Retail/alpha/Alphav0.006/DATA/cinematics/lev3 cin3_snd.slb
101.07.23 15:52 B S:\Brent\Alphav0.006\DATA\cinematics\lev3\cin3_text.slb --> ftp.saffire.com /Builds/PC Retail/alpha/Alphav0.006/DATA/cinematics/lev3 cin3_text.slb
101.07.23 15:52 B S:\Brent\Alphav0.006\DATA\cinematics\lev3\cin4_cam.slb --> ftp.saffire.com /Builds/PC Retail/alpha/Alphav0.006/DATA/cinematics/lev3 cin4_cam.slb
101.07.23 15:52 B S:\Brent\Alphav0.006\DATA\cinematics\lev3\cin4_char.slb --> ftp.saffire.com /Builds/PC Retail/alpha/Alphav0.006/DATA/cinematics/lev3 cin4_char.slb
101.07.23 15:52 B S:\Brent\Alphav0.006\DATA\cinematics\lev3\cin4_snd.slb --> ftp.saffire.com /Builds/PC Retail/alpha/Alphav0.006/DATA/cinematics/lev3 cin4_snd.slb
101.07.23 15:52 B S:\Brent\Alphav0.006\DATA\cinematics\lev3\cin4_text.slb --> ftp.saffire.com /Builds/PC Retail/alpha/Alphav0.006/DATA/cinematics/lev3 cin4_text.slb
101.07.23 15:52 B S:\Brent\Alphav0.006\DATA\cinematics\lev3\cin5_cam.slb --> ftp.saffire.com /Builds/PC Retail/alpha/Alphav0.006/DATA/cinematics/lev3 cin5_cam.slb
101.07.23 15:52 B S:\Brent\Alphav0.006\DATA\cinematics\lev3\cin5_char.slb --> ftp.saffire.com /Builds/PC Retail/alpha/Alphav0.006/DATA/cinematics/lev3 cin5_char.slb
101.07.23 15:52 B S:\Brent\Alphav0.006\DATA\cinematics\lev3\cin5_snd.slb --> ftp.saffire.com /Builds/PC Retail/alpha/Alphav0.006/DATA/cinematics/lev3 cin5_snd.slb
101.07.23 15:52 B S:\Brent\Alphav0.006\DATA\cinematics\lev3\cin5_text.slb --> ftp.saffire.com /Builds/PC Retail/alpha/Alphav0.006/DATA/cinematics/lev3 cin5_text.slb
101.07.23 15:52 B S:\Brent\Alphav0.006\DATA\cinematics\lev3\MATERIAL.SLB --> ftp.saffire.com /Builds/PC Retail/alpha/Alphav0.006/DATA/cinematics/lev3 MATERIAL.SLB
